[2020-07-03 17:22:29,349 INFO root] Taurus CLI Tool v1.14.2
[2020-07-03 17:22:29,349 DEBUG root] Command-line options: {'log': '/tmp/bzt_03rv8ey5.log', 'option': ['modules.jmeter.properties.HOST=192.168.0.103', 'modules.jmeter.properties.Duration=300', 'modules.jmeter.properties.Threads=250', 'modules.jmeter.properties.Ramp=0'], 'quiet': None, 'verbose': None, 'no_system_configs': None, 'aliases': []}
[2020-07-03 17:22:29,349 DEBUG root] Python: CPython 3.6.9
[2020-07-03 17:22:29,349 DEBUG root] OS: uname_result(system='Linux', node='farooq-HP-EliteBook-840-G5', release='5.3.0-28-generic', version='#30~18.04.1-Ubuntu SMP Fri Jan 17 06:14:09 UTC 2020', machine='x86_64', processor='x86_64')
[2020-07-03 17:22:29,350 DEBUG root] Adding JMX shorthand config for: ['../../assets/ipokemon-assets/iPokemon.jmx']
[2020-07-03 17:22:29,350 DEBUG root] Dumping JSON config into /tmp/jmx_uxn7g8jr.json
[2020-07-03 17:22:29,350 INFO root] Starting with configs: ['reporting.yaml', '/tmp/jmx_uxn7g8jr.json']
[2020-07-03 17:22:29,350 DEBUG root] Using personal config: /home/farooq/.bzt-rc
[2020-07-03 17:22:29,350 INFO Engine] Configuring...
[2020-07-03 17:22:29,359 DEBUG Engine] Base configs list: ['/usr/local/lib/python3.6/dist-packages/bzt/resources/10-base-config.yml']
[2020-07-03 17:22:29,360 DEBUG Engine.Configuration] Configs: ['/usr/local/lib/python3.6/dist-packages/bzt/resources/10-base-config.yml']
[2020-07-03 17:22:29,360 DEBUG Engine.Configuration] Reading /usr/local/lib/python3.6/dist-packages/bzt/resources/10-base-config.yml as YAML
[2020-07-03 17:22:29,381 DEBUG Engine] User configs list: ['/home/farooq/.bzt-rc', 'reporting.yaml', '/tmp/jmx_uxn7g8jr.json']
[2020-07-03 17:22:29,381 DEBUG Engine.Configuration] Configs: ['/home/farooq/.bzt-rc', 'reporting.yaml', '/tmp/jmx_uxn7g8jr.json']
[2020-07-03 17:22:29,381 DEBUG Engine.Configuration] Reading /home/farooq/.bzt-rc as YAML
[2020-07-03 17:22:29,384 DEBUG Engine.Configuration] Reading reporting.yaml as YAML
[2020-07-03 17:22:29,386 DEBUG Engine.Configuration] Reading /tmp/jmx_uxn7g8jr.json as YAML
[2020-07-03 17:22:29,387 DEBUG Engine.Configuration] Configs: ['/home/farooq/.bzt-rc', 'reporting.yaml', '/tmp/jmx_uxn7g8jr.json']
[2020-07-03 17:22:29,387 DEBUG Engine.Configuration] Reading /home/farooq/.bzt-rc as YAML
[2020-07-03 17:22:29,390 DEBUG Engine.Configuration] Reading reporting.yaml as YAML
[2020-07-03 17:22:29,391 DEBUG Engine.Configuration] Reading /tmp/jmx_uxn7g8jr.json as YAML
[2020-07-03 17:22:29,393 DEBUG Engine] Requesting updates info: https://gettaurus.org/updates/?version=1.14.2&installID=linux-94b86d91935d
[2020-07-03 17:22:29,393 DEBUG ConfigOverrider] Applying modules.jmeter.properties.HOST=192.168.0.103
[2020-07-03 17:22:29,394 DEBUG HTTPClient] Making HTTP request GET https://gettaurus.org/updates/?version=1.14.2&installID=linux-94b86d91935d
[2020-07-03 17:22:29,394 DEBUG ConfigOverrider] Applying: [HOST]=192.168.0.103
[2020-07-03 17:22:29,394 DEBUG ConfigOverrider] Parsed override value: '192.168.0.103' -> '192.168.0.103' (<class 'str'>)
[2020-07-03 17:22:29,394 DEBUG ConfigOverrider] Applying modules.jmeter.properties.Duration=300
[2020-07-03 17:22:29,394 DEBUG ConfigOverrider] Applying: [Duration]=300
[2020-07-03 17:22:29,395 DEBUG ConfigOverrider] Parsed override value: '300' -> 300 (<class 'int'>)
[2020-07-03 17:22:29,395 DEBUG ConfigOverrider] Applying modules.jmeter.properties.Threads=250
[2020-07-03 17:22:29,395 DEBUG ConfigOverrider] Applying: [Threads]=250
[2020-07-03 17:22:29,395 DEBUG ConfigOverrider] Parsed override value: '250' -> 250 (<class 'int'>)
[2020-07-03 17:22:29,395 DEBUG ConfigOverrider] Applying modules.jmeter.properties.Ramp=0
[2020-07-03 17:22:29,395 DEBUG ConfigOverrider] Applying: [Ramp]=0
[2020-07-03 17:22:29,395 DEBUG ConfigOverrider] Parsed override value: '0' -> 0 (<class 'int'>)
[2020-07-03 17:22:29,395 INFO Engine] Artifacts dir: /home/farooq/DeFog/Experiments/DeFog/jmeter/bin/2020-07-03_17-22-29.395760
[2020-07-03 17:22:29,397 DEBUG urllib3.connectionpool] Starting new HTTPS connection (1): gettaurus.org
[2020-07-03 17:22:29,397 DEBUG Engine] New artifact filename: /home/farooq/DeFog/Experiments/DeFog/jmeter/bin/2020-07-03_17-22-29.395760/effective
[2020-07-03 17:22:29,398 DEBUG Engine.Configuration] Dumping YAML config into /home/farooq/DeFog/Experiments/DeFog/jmeter/bin/2020-07-03_17-22-29.395760/effective.yml
[2020-07-03 17:22:29,413 DEBUG Engine.Configuration] Dumping JSON config into /home/farooq/DeFog/Experiments/DeFog/jmeter/bin/2020-07-03_17-22-29.395760/effective.json
[2020-07-03 17:22:29,413 DEBUG Engine] New artifact filename: /home/farooq/DeFog/Experiments/DeFog/jmeter/bin/2020-07-03_17-22-29.395760/merged.yml
[2020-07-03 17:22:29,413 DEBUG Engine.Configuration] Dumping YAML config into /home/farooq/DeFog/Experiments/DeFog/jmeter/bin/2020-07-03_17-22-29.395760/merged.yml
[2020-07-03 17:22:29,415 DEBUG Engine] New artifact filename: /home/farooq/DeFog/Experiments/DeFog/jmeter/bin/2020-07-03_17-22-29.395760/merged.json
[2020-07-03 17:22:29,415 DEBUG Engine.Configuration] Dumping JSON config into /home/farooq/DeFog/Experiments/DeFog/jmeter/bin/2020-07-03_17-22-29.395760/merged.json
[2020-07-03 17:22:29,415 DEBUG Engine] Add existing artifact (move=False): reporting.yaml
[2020-07-03 17:22:29,415 DEBUG Engine] Copying reporting.yaml to /home/farooq/DeFog/Experiments/DeFog/jmeter/bin/2020-07-03_17-22-29.395760/reporting.yaml
[2020-07-03 17:22:29,415 DEBUG Engine] Add existing artifact (move=False): /tmp/jmx_uxn7g8jr.json
[2020-07-03 17:22:29,415 DEBUG Engine] Copying /tmp/jmx_uxn7g8jr.json to /home/farooq/DeFog/Experiments/DeFog/jmeter/bin/2020-07-03_17-22-29.395760/jmx_uxn7g8jr.json
[2020-07-03 17:22:29,416 DEBUG root] Closing log handler: /tmp/bzt_03rv8ey5.log
[2020-07-03 17:22:29,417 DEBUG root] Switched writing logs to /home/farooq/DeFog/Experiments/DeFog/jmeter/bin/2020-07-03_17-22-29.395760/bzt.log
[2020-07-03 17:22:29,417 DEBUG root] Linting config
[2020-07-03 17:22:29,418 INFO Engine] Preparing...
[2020-07-03 17:22:29,419 DEBUG Engine] Module config: consolidator {'class': 'bzt.modules.aggregator.ConsolidatingAggregator'}
[2020-07-03 17:22:29,419 DEBUG root] Importing module: bzt.modules.aggregator
[2020-07-03 17:22:29,569 DEBUG root] Loading class: 'ConsolidatingAggregator' from <module 'bzt.modules.aggregator' from '/usr/local/lib/python3.6/dist-packages/bzt/modules/aggregator.py'>
[2020-07-03 17:22:29,570 DEBUG Engine.consolidator] Buffer scaling setup: percentile 95.0 from [0.0, 50.0, 90.0, 95.0, 99.0, 99.9, 100.0] selected
[2020-07-03 17:22:29,570 DEBUG Engine] Module config: monitoring {'class': 'bzt.modules.monitoring.Monitoring'}
[2020-07-03 17:22:29,570 DEBUG root] Importing module: bzt.modules.monitoring
[2020-07-03 17:22:29,572 DEBUG root] Loading class: 'Monitoring' from <module 'bzt.modules.monitoring' from '/usr/local/lib/python3.6/dist-packages/bzt/modules/monitoring.py'>
[2020-07-03 17:22:29,585 DEBUG Engine] Module config: local {'class': 'bzt.modules.provisioning.Local'}
[2020-07-03 17:22:29,585 DEBUG root] Importing module: bzt.modules.provisioning
[2020-07-03 17:22:29,585 DEBUG root] Loading class: 'Local' from <module 'bzt.modules.provisioning' from '/usr/local/lib/python3.6/dist-packages/bzt/modules/provisioning.py'>
[2020-07-03 17:22:29,586 DEBUG Engine] Module config: jmeter {'class': 'bzt.modules.jmeter.JMeterExecutor', 'protocol-handlers': {'http': 'bzt.jmx.http.HTTPProtocolHandler'}, 'plugins': ['jpgc-casutg', 'jpgc-dummy', 'jpgc-ffw', 'jpgc-fifo', 'jpgc-functions', 'jpgc-json', 'jpgc-perfmon', 'jpgc-prmctl', 'jpgc-tst'], 'properties': {'jmeter.save.saveservice.autoflush': 'true', 'jmeter.save.saveservice.connect_time': 'true', 'jmeterengine.force.system.exit': 'true', 'summariser.name': '', 'HOST': '192.168.0.103', 'Duration': 300, 'Threads': 250, 'Ramp': 0}}
[2020-07-03 17:22:29,586 DEBUG root] Importing module: bzt.modules.jmeter
[2020-07-03 17:22:29,595 DEBUG root] Loading class: 'JMeterExecutor' from <module 'bzt.modules.jmeter' from '/usr/local/lib/python3.6/dist-packages/bzt/modules/jmeter.py'>
[2020-07-03 17:22:29,595 DEBUG Engine.local] Preparing executor: jmeter/140357200037312
[2020-07-03 17:22:29,596 DEBUG Engine] New artifact filename: /home/farooq/DeFog/Experiments/DeFog/jmeter/bin/2020-07-03_17-22-29.395760/jmeter.log
[2020-07-03 17:22:29,596 DEBUG Engine.jmeter] Checking if port 4445 is free
[2020-07-03 17:22:29,596 DEBUG Engine.jmeter] Port 4445 is free
[2020-07-03 17:22:29,596 DEBUG Engine.jmeter] Using port 4445 for management
[2020-07-03 17:22:29,596 DEBUG Engine.jmeter] Extract {'script': '../../assets/ipokemon-assets/iPokemon.jmx'} into scenarios
[2020-07-03 17:22:29,596 DEBUG Engine.jmeter] Additional properties: {'jmeter.save.saveservice.autoflush': 'true', 'jmeter.save.saveservice.connect_time': 'true', 'jmeterengine.force.system.exit': 'true', 'summariser.name': '', 'HOST': '192.168.0.103', 'Duration': 300, 'Threads': 250, 'Ramp': 0, 'jmeterengine.nongui.port': 4445, 'jmeterengine.nongui.maxport': 4445, 'jmeter.save.saveservice.timestamp_format': 'ms', 'sampleresult.default.encoding': 'UTF-8', 'user.classpath': '/home/farooq/DeFog/Experiments/DeFog/jmeter/bin/2020-07-03_17-22-29.395760:/home/farooq/DeFog/Experiments/DeFog/assets/ipokemon-assets'}
[2020-07-03 17:22:29,596 DEBUG Engine] New artifact filename: /home/farooq/DeFog/Experiments/DeFog/jmeter/bin/2020-07-03_17-22-29.395760/jmeter-bzt.properties
[2020-07-03 17:22:29,597 DEBUG Engine.jmeter.JavaVM] Trying JavaVM: ['java', '-version']
[2020-07-03 17:22:29,597 DEBUG root] Executing shell: ['java', '-version'] at .
[2020-07-03 17:22:29,638 DEBUG Engine.jmeter.JavaVM] JavaVM output: openjdk version "11.0.7" 2020-04-14
OpenJDK Runtime Environment (build 11.0.7+10-post-Ubuntu-2ubuntu218.04)
OpenJDK 64-Bit Server VM (build 11.0.7+10-post-Ubuntu-2ubuntu218.04, mixed mode, sharing)

[2020-07-03 17:22:29,638 DEBUG Engine.jmeter.TclLibrary] We don't need to check tcl library on this platform
[2020-07-03 17:22:29,638 DEBUG Engine.jmeter.JMeter] Trying JMeter..
[2020-07-03 17:22:29,639 DEBUG root] Executing shell: ['/home/farooq/.bzt/jmeter-taurus/5.2.1/bin/jmeter.sh', '-j', '/tmp/jmetern6l5jceklog', '--version'] at .
[2020-07-03 17:22:30,524 DEBUG urllib3.connectionpool] https://gettaurus.org:443 "GET /updates/?version=1.14.2&installID=linux-94b86d91935d HTTP/1.1" 200 40
[2020-07-03 17:22:30,526 DEBUG Engine] Taurus updates info: {'latest': '1.14.2', 'needsUpgrade': False}
[2020-07-03 17:22:30,526 DEBUG Engine] Installation is up-to-date
[2020-07-03 17:22:30,633 DEBUG Engine.jmeter.JMeter] JMeter check:     _    ____   _    ____ _   _ _____       _ __  __ _____ _____ _____ ____
   / \  |  _ \ / \  / ___| | | | ____|     | |  \/  | ____|_   _| ____|  _ \
  / _ \ | |_) / _ \| |   | |_| |  _|    _  | | |\/| |  _|   | | |  _| | |_) |
 / ___ \|  __/ ___ \ |___|  _  | |___  | |_| | |  | | |___  | | | |___|  _ <
/_/   \_\_| /_/   \_\____|_| |_|_____|  \___/|_|  |_|_____| |_| |_____|_| \_\ 5.2.1

Copyright (c) 1999-2019 The Apache Software Foundation

 / 
[2020-07-03 17:22:30,637 DEBUG Engine] New artifact filename: /home/farooq/DeFog/Experiments/DeFog/jmeter/bin/2020-07-03_17-22-29.395760/kpi.jtl
[2020-07-03 17:22:30,637 DEBUG Engine] New artifact filename: /home/farooq/DeFog/Experiments/DeFog/jmeter/bin/2020-07-03_17-22-29.395760/error.jtl
[2020-07-03 17:22:30,639 DEBUG Engine.jmeter.LoadSettingsProcessor] Load: LoadSpec(concurrency=None, throughput=None, ramp_up=None, hold=0, iterations=1, duration=None, steps=None)
[2020-07-03 17:22:30,639 DEBUG Engine.jmeter.LoadSettingsProcessor] Thread group detection: duration not found, regular ThreadGroup will be used
[2020-07-03 17:22:30,640 DEBUG Engine.jmeter.LoadSettingsProcessor] No iterations/concurrency/duration found, thread group modification is skipped
[2020-07-03 17:22:30,640 DEBUG JMX] Saving JMX to: /home/farooq/DeFog/Experiments/DeFog/assets/ipokemon-assets/modified_iPokemon.jmx
[2020-07-03 17:22:30,643 DEBUG root] Executing shell: ['/home/farooq/.bzt/jmeter-taurus/5.2.1/bin/PluginsManagerCMD.sh', 'install-for-jmx', '/home/farooq/DeFog/Experiments/DeFog/assets/ipokemon-assets/modified_iPokemon.jmx'] at .
[2020-07-03 17:22:32,155 DEBUG Engine.jmeter.JMeter] Try to detect plugins for /home/farooq/DeFog/Experiments/DeFog/assets/ipokemon-assets/modified_iPokemon.jmx
2020-07-03 17:22:31,410 INFO o.j.r.PluginManagerCMD: Command is: install-for-jmx
2020-07-03 17:22:31,459 INFO o.j.r.JARSourceHTTP: Found cached repo
2020-07-03 17:22:31,653 INFO o.j.r.PluginManager: Plugins Status: [jpgc-functions=2.1, jpgc-casutg=2.9, jpgc-dummy=0.4, jpgc-ffw=2.0, jpgc-fifo=0.2, jpgc-json=2.7, jpgc-prmctl=0.4, jpgc-perfmon=2.1, jpgc-plugins-manager=1.3, jpgc-tst=2.5, jmeter-core=5.2.1, jmeter-ftp=5.2.1, jmeter-http=5.2.1, jmeter-jdbc=5.2.1, jmeter-jms=5.2.1, jmeter-junit=5.2.1, jmeter-java=5.2.1, jmeter-ldap=5.2.1, jmeter-mail=5.2.1, jmeter-mongodb=5.2.1, jmeter-native=5.2.1, jmeter-tcp=5.2.1, jmeter-components=5.2.1]
2020-07-03 17:22:31,655 INFO o.j.r.PluginManagerCMD: Params line is: /home/farooq/DeFog/Experiments/DeFog/assets/ipokemon-assets/modified_iPokemon.jmx
2020-07-03 17:22:31,968 INFO o.a.j.s.SaveService: Testplan (JMX) version: 2.2. Testlog (JTL) version: 2.2
2020-07-03 17:22:31,979 INFO o.a.j.s.SaveService: Using SaveService properties version 5.0
2020-07-03 17:22:31,983 INFO o.a.j.s.SaveService: Using SaveService properties file encoding UTF-8
2020-07-03 17:22:32,083 INFO o.a.j.p.h.s.HTTPSamplerBase: Parser for text/html is org.apache.jmeter.protocol.http.parser.LagartoBasedHtmlParser
2020-07-03 17:22:32,083 INFO o.a.j.p.h.s.HTTPSamplerBase: Parser for application/xhtml+xml is org.apache.jmeter.protocol.http.parser.LagartoBasedHtmlParser
2020-07-03 17:22:32,084 INFO o.a.j.p.h.s.HTTPSamplerBase: Parser for application/xml is org.apache.jmeter.protocol.http.parser.LagartoBasedHtmlParser
2020-07-03 17:22:32,084 INFO o.a.j.p.h.s.HTTPSamplerBase: Parser for text/xml is org.apache.jmeter.protocol.http.parser.LagartoBasedHtmlParser
2020-07-03 17:22:32,084 INFO o.a.j.p.h.s.HTTPSamplerBase: Parser for text/vnd.wap.wml is org.apache.jmeter.protocol.http.parser.RegexpHTMLParser
2020-07-03 17:22:32,084 INFO o.a.j.p.h.s.HTTPSamplerBase: Parser for text/css is org.apache.jmeter.protocol.http.parser.CssParser
2020-07-03 17:22:32,130 INFO o.j.r.PluginManager: Finishing without changes

WARNING: An illegal reflective access operation has occurred
WARNING: Illegal reflective access by com.thoughtworks.xstream.core.util.Fields (file:/home/farooq/.bzt/jmeter-taurus/5.2.1/lib/xstream-1.4.11.jar) to field java.util.TreeMap.comparator
WARNING: Please consider reporting this to the maintainers of com.thoughtworks.xstream.core.util.Fields
WARNING: Use --illegal-access=warn to enable warnings of further illegal reflective access operations
WARNING: All illegal access operations will be denied in a future release

[2020-07-03 17:22:32,155 DEBUG Engine] New artifact filename: /home/farooq/DeFog/Experiments/DeFog/jmeter/bin/2020-07-03_17-22-29.395760/jmeter.out
[2020-07-03 17:22:32,156 DEBUG Engine] New artifact filename: /home/farooq/DeFog/Experiments/DeFog/jmeter/bin/2020-07-03_17-22-29.395760/jmeter.err
[2020-07-03 17:22:32,157 DEBUG Engine] Module config: final-stats {'class': 'bzt.modules.reporting.FinalStatus'}
[2020-07-03 17:22:32,158 DEBUG root] Importing module: bzt.modules.reporting
[2020-07-03 17:22:32,164 DEBUG easyprocess] version=0.3
[2020-07-03 17:22:32,165 DEBUG pyvirtualdisplay] version=0.2.5
[2020-07-03 17:22:32,170 DEBUG root] Loading class: 'FinalStatus' from <module 'bzt.modules.reporting' from '/usr/local/lib/python3.6/dist-packages/bzt/modules/reporting.py'>
[2020-07-03 17:22:32,170 DEBUG Engine] Module config: console {'class': 'bzt.modules.console.ConsoleStatusReporter'}
[2020-07-03 17:22:32,170 DEBUG root] Importing module: bzt.modules.console
[2020-07-03 17:22:32,170 DEBUG root] Loading class: 'ConsoleStatusReporter' from <module 'bzt.modules.console' from '/usr/local/lib/python3.6/dist-packages/bzt/modules/console.py'>
[2020-07-03 17:22:32,176 DEBUG Engine.Configuration] Dumping YAML config into /home/farooq/DeFog/Experiments/DeFog/jmeter/bin/2020-07-03_17-22-29.395760/effective.yml
[2020-07-03 17:22:32,193 DEBUG Engine.Configuration] Dumping JSON config into /home/farooq/DeFog/Experiments/DeFog/jmeter/bin/2020-07-03_17-22-29.395760/effective.json
[2020-07-03 17:22:32,193 INFO Engine] Starting...
[2020-07-03 17:22:32,194 DEBUG Engine] Startup <bzt.modules.monitoring.Monitoring object at 0x7fa793289dd8>
[2020-07-03 17:22:32,194 DEBUG Engine] Startup <bzt.modules.aggregator.ConsolidatingAggregator object at 0x7fa7932897f0>
[2020-07-03 17:22:32,194 DEBUG Engine] Startup <bzt.modules.reporting.FinalStatus object at 0x7fa77506d828>
[2020-07-03 17:22:32,194 DEBUG Engine] Startup <bzt.modules.console.ConsoleStatusReporter object at 0x7fa77507d2b0>
[2020-07-03 17:22:32,195 INFO Engine.console] Waiting for results...
[2020-07-03 17:22:32,195 DEBUG Engine] Startup <bzt.modules.reporting.FinalStatus object at 0x7fa7916f6a90>
[2020-07-03 17:22:32,195 DEBUG Engine] Startup <bzt.modules.provisioning.Local object at 0x7fa7750d96a0>
[2020-07-03 17:22:32,195 DEBUG Engine.local] Delay setup for jmeter/iPokemon.jmx: 0(start-at) + 0(delay) = 0
[2020-07-03 17:22:32,196 DEBUG Engine.Configuration] Dumping YAML config into /home/farooq/DeFog/Experiments/DeFog/jmeter/bin/2020-07-03_17-22-29.395760/effective.yml
[2020-07-03 17:22:32,211 DEBUG Engine.Configuration] Dumping JSON config into /home/farooq/DeFog/Experiments/DeFog/jmeter/bin/2020-07-03_17-22-29.395760/effective.json
[2020-07-03 17:22:32,211 DEBUG root] Leveling down log file verbosity to INFO, use -v option to have DEBUG messages enabled
[2020-07-03 17:22:32,211 DEBUG root] Leveled up log file verbosity
[2020-07-03 17:22:32,212 DEBUG root] Executing shell: ['/home/farooq/.bzt/jmeter-taurus/5.2.1/bin/jmeter.sh', '-t', '/home/farooq/DeFog/Experiments/DeFog/assets/ipokemon-assets/modified_iPokemon.jmx', '-j', '/home/farooq/DeFog/Experiments/DeFog/jmeter/bin/2020-07-03_17-22-29.395760/jmeter.log', '-q', '/home/farooq/DeFog/Experiments/DeFog/jmeter/bin/2020-07-03_17-22-29.395760/jmeter-bzt.properties', '-n'] at /home/farooq/DeFog/Experiments/DeFog/jmeter/bin
[2020-07-03 17:22:32,216 DEBUG Engine.local] Starting execution: jmeter/iPokemon.jmx, rest of available slots: 9223372036854775806
[2020-07-03 17:22:32,216 DEBUG root] Leveling down log file verbosity to INFO, use -v option to have DEBUG messages enabled
[2020-07-03 17:22:32,431 INFO Engine.console] Waiting for finish...
[2020-07-03 17:22:36,248 INFO Engine.jmeter.JTLReader] Changed data analysis delay to 3s
[2020-07-03 17:22:38,253 INFO Engine.jmeter.JTLReader] Changed data analysis delay to 6s
[2020-07-03 17:22:43,266 INFO Engine.jmeter.JTLReader] Changed data analysis delay to 7s
[2020-07-03 17:22:48,338 INFO Engine.jmeter.JTLReader] Changed data analysis delay to 6s
[2020-07-03 17:22:48,421 INFO Engine.jmeter.JTLReader] Changed data analysis delay to 7s
[2020-07-03 17:22:51,303 INFO Engine.jmeter.JTLReader] Changed data analysis delay to 8s
[2020-07-03 17:22:52,276 INFO Engine.jmeter.JTLReader] Changed data analysis delay to 10s
[2020-07-03 17:22:57,291 INFO Engine.jmeter.JTLReader] Changed data analysis delay to 9s
[2020-07-03 17:22:57,332 INFO Engine.jmeter.JTLReader] Changed data analysis delay to 8s
[2020-07-03 17:22:59,316 INFO Engine.jmeter.JTLReader] Changed data analysis delay to 14s
[2020-07-03 17:23:05,332 INFO Engine.jmeter.JTLReader] Changed data analysis delay to 13s
[2020-07-03 17:23:05,377 INFO Engine.jmeter.JTLReader] Changed data analysis delay to 11s
[2020-07-03 17:23:07,327 INFO Engine.jmeter.JTLReader] Changed data analysis delay to 10s
[2020-07-03 17:23:07,368 INFO Engine.jmeter.JTLReader] Changed data analysis delay to 9s
[2020-07-03 17:23:07,419 INFO Engine.jmeter.JTLReader] Changed data analysis delay to 8s
[2020-07-03 17:23:12,299 INFO Engine.jmeter.JTLReader] Changed data analysis delay to 7s
[2020-07-03 17:23:19,309 INFO Engine.jmeter.JTLReader] Changed data analysis delay to 6s
[2020-07-03 17:24:38,388 INFO Engine.jmeter.JTLReader] Changed data analysis delay to 4s
[2020-07-03 17:24:47,400 INFO Engine.jmeter.JTLReader] Changed data analysis delay to 3s
[2020-07-03 17:24:47,560 INFO Engine.jmeter.JTLReader] Changed data analysis delay to 4s
[2020-07-03 17:24:47,599 INFO Engine.jmeter.JTLReader] Changed data analysis delay to 6s
[2020-07-03 17:25:11,420 INFO Engine.jmeter.JTLReader] Changed data analysis delay to 4s
[2020-07-03 17:25:15,424 INFO Engine.jmeter.JTLReader] Changed data analysis delay to 3s
[2020-07-03 17:25:29,451 INFO Engine.jmeter.JTLReader] Changed data analysis delay to 2s
[2020-07-03 17:27:35,544 WARNING Engine] Please wait for graceful shutdown...
[2020-07-03 17:27:35,554 DEBUG root] Leveled up log file verbosity
[2020-07-03 17:27:35,554 INFO Engine] Shutting down...
[2020-07-03 17:27:35,566 DEBUG Engine] Current stop reason: None
[2020-07-03 17:27:35,566 DEBUG Engine.local] Shutdown jmeter/iPokemon.jmx
[2020-07-03 17:27:35,566 DEBUG Engine.console] Restoring logging streams, [<StreamHandler (INFO)>]/{<StreamHandler (INFO)>: <_io.TextIOWrapper name='<stdout>' mode='w' encoding='UTF-8'>}
[2020-07-03 17:27:35,568 DEBUG Engine.Configuration] Dumping YAML config into /home/farooq/DeFog/Experiments/DeFog/jmeter/bin/2020-07-03_17-22-29.395760/effective.yml
[2020-07-03 17:27:35,584 DEBUG Engine.Configuration] Dumping JSON config into /home/farooq/DeFog/Experiments/DeFog/jmeter/bin/2020-07-03_17-22-29.395760/effective.json
[2020-07-03 17:27:35,585 INFO Engine] Post-processing...
[2020-07-03 17:27:35,585 DEBUG Engine.local] Post-process jmeter/iPokemon.jmx
[2020-07-03 17:27:35,585 DEBUG Engine] Add existing artifact (move=True): /home/farooq/DeFog/Experiments/DeFog/assets/ipokemon-assets/modified_iPokemon.jmx
[2020-07-03 17:27:35,586 DEBUG Engine] Moving /home/farooq/DeFog/Experiments/DeFog/assets/ipokemon-assets/modified_iPokemon.jmx to /home/farooq/DeFog/Experiments/DeFog/jmeter/bin/2020-07-03_17-22-29.395760/modified_iPokemon.jmx
[2020-07-03 17:27:35,586 DEBUG Engine.jmeter.JTLReader] Buffer len: 2; Known errors count: 1
[2020-07-03 17:27:35,586 DEBUG Engine.jmeter.JTLReader] Aggregating: 1593786453, 2 in buffer
[2020-07-03 17:27:35,603 DEBUG Engine.jmeter.JTLReader] Buffer len: 1; Known errors count: 1
[2020-07-03 17:27:35,650 DEBUG Engine.jmeter.JTLReader] Aggregating: 1593786454, 1 in buffer
[2020-07-03 17:27:35,653 DEBUG Engine.jmeter.JTLReader] Buffer len: 0; Known errors count: 1
[2020-07-03 17:27:35,653 DEBUG Engine.consolidator] Consolidator buffer[4]: dict_keys([1593786451, 1593786452, 1593786453, 1593786454])
[2020-07-03 17:27:35,653 DEBUG Engine.consolidator] Merging into 1593786451
[2020-07-03 17:27:35,653 DEBUG Engine.consolidator] Bypassing consolidation because of single result
[2020-07-03 17:27:35,699 DEBUG Engine.consolidator] Processed datapoint: 1593786451/ConsolidatingAggregator@140357705177072
[2020-07-03 17:27:35,699 DEBUG Engine.consolidator] Merging into 1593786452
[2020-07-03 17:27:35,700 DEBUG Engine.consolidator] Bypassing consolidation because of single result
[2020-07-03 17:27:35,747 DEBUG Engine.consolidator] Processed datapoint: 1593786452/ConsolidatingAggregator@140357705177072
[2020-07-03 17:27:35,747 DEBUG Engine.consolidator] Merging into 1593786453
[2020-07-03 17:27:35,747 DEBUG Engine.consolidator] Bypassing consolidation because of single result
[2020-07-03 17:27:35,793 DEBUG Engine.consolidator] Processed datapoint: 1593786453/ConsolidatingAggregator@140357705177072
[2020-07-03 17:27:35,793 DEBUG Engine.consolidator] Merging into 1593786454
[2020-07-03 17:27:35,793 DEBUG Engine.consolidator] Bypassing consolidation because of single result
[2020-07-03 17:27:35,837 DEBUG Engine.consolidator] Processed datapoint: 1593786454/ConsolidatingAggregator@140357705177072
[2020-07-03 17:27:35,837 INFO Engine.final-stats] Test duration: 0:05:03
[2020-07-03 17:27:35,838 INFO Engine.final-stats] Samples count: 6868, 1.00% failures
[2020-07-03 17:27:35,838 INFO Engine.final-stats] Average times: total 0.211, latency 0.204, connect 0.161
[2020-07-03 17:27:35,838 INFO Engine.final-stats] Percentiles:
(0lqqqqqqqqqqqqqqqwqqqqqqqqqqqqqqqk(B
(0x(B Percentile, % (0x(B Resp. Time, s (0x(B
(0tqqqqqqqqqqqqqqqnqqqqqqqqqqqqqqqu(B
(0x(B           0.0 (0x(B         0.006 (0x(B
(0x(B          50.0 (0x(B         0.021 (0x(B
(0x(B          90.0 (0x(B         0.057 (0x(B
(0x(B          95.0 (0x(B         1.018 (0x(B
(0x(B          99.0 (0x(B         5.364 (0x(B
(0x(B          99.9 (0x(B        15.456 (0x(B
(0x(B         100.0 (0x(B        15.504 (0x(B
(0mqqqqqqqqqqqqqqqvqqqqqqqqqqqqqqqj(B
[2020-07-03 17:27:35,840 INFO Engine.final-stats] Request label stats:
(0lqqqqqqqqwqqqqqqqqwqqqqqqqqqwqqqqqqqqwqqqqqqqqqqqqqqqqqqqqqqqqqqqqqqqqqqqqqqqqqqqqqk(B
(0x(B label  (0x(B status (0x(B    succ (0x(B avg_rt (0x(B error                                       (0x(B
(0tqqqqqqqqnqqqqqqqqnqqqqqqqqqnqqqqqqqqnqqqqqqqqqqqqqqqqqqqqqqqqqqqqqqqqqqqqqqqqqqqqqu(B
(0x(B cc     (0x(B   OK   (0x(B 100.00% (0x(B  0.167 (0x(B                                             (0x(B
(0x(B cu     (0x(B  FAIL  (0x(B  98.88% (0x(B  0.109 (0x(B Non HTTP response message: Connection reset (0x(B
(0x(B id     (0x(B   OK   (0x(B 100.00% (0x(B  0.382 (0x(B                                             (0x(B
(0x(B mas/CN (0x(B   OK   (0x(B 100.00% (0x(B  0.130 (0x(B                                             (0x(B
(0x(B pd     (0x(B   OK   (0x(B 100.00% (0x(B  0.288 (0x(B                                             (0x(B
(0x(B pma/1  (0x(B   OK   (0x(B 100.00% (0x(B  0.178 (0x(B                                             (0x(B
(0x(B pma/23 (0x(B   OK   (0x(B 100.00% (0x(B  0.210 (0x(B                                             (0x(B
(0x(B pma/4  (0x(B   OK   (0x(B 100.00% (0x(B  0.085 (0x(B                                             (0x(B
(0x(B pma/7  (0x(B   OK   (0x(B 100.00% (0x(B  0.201 (0x(B                                             (0x(B
(0x(B r/XX   (0x(B   OK   (0x(B 100.00% (0x(B  0.083 (0x(B                                             (0x(B
(0x(B u      (0x(B   OK   (0x(B 100.00% (0x(B  0.237 (0x(B                                             (0x(B
(0x(B upm    (0x(B  FAIL  (0x(B  98.61% (0x(B  0.219 (0x(B Non HTTP response message: Connection reset (0x(B
(0x(B ur     (0x(B  FAIL  (0x(B  99.39% (0x(B  0.179 (0x(B Non HTTP response message: Connection reset (0x(B
(0x(B uu     (0x(B  FAIL  (0x(B  98.38% (0x(B  0.233 (0x(B Non HTTP response message: Connection reset (0x(B
(0x(B wpm    (0x(B   OK   (0x(B 100.00% (0x(B  0.157 (0x(B                                             (0x(B
(0mqqqqqqqqvqqqqqqqqvqqqqqqqqqvqqqqqqqqvqqqqqqqqqqqqqqqqqqqqqqqqqqqqqqqqqqqqqqqqqqqqqj(B
[2020-07-03 17:27:35,841 DEBUG Engine.console] No logger_handler or orig_stream was detected
[2020-07-03 17:27:35,841 INFO Engine.final-stats] Test duration: 0:05:03
[2020-07-03 17:27:35,841 INFO Engine.final-stats] Samples count: 6868, 1.00% failures
[2020-07-03 17:27:35,841 INFO Engine.final-stats] Average times: total 0.211, latency 0.204, connect 0.161
[2020-07-03 17:27:35,842 INFO Engine.final-stats] Percentiles:
(0lqqqqqqqqqqqqqqqwqqqqqqqqqqqqqqqk(B
(0x(B Percentile, % (0x(B Resp. Time, s (0x(B
(0tqqqqqqqqqqqqqqqnqqqqqqqqqqqqqqqu(B
(0x(B           0.0 (0x(B         0.006 (0x(B
(0x(B          50.0 (0x(B         0.021 (0x(B
(0x(B          90.0 (0x(B         0.057 (0x(B
(0x(B          95.0 (0x(B         1.018 (0x(B
(0x(B          99.0 (0x(B         5.364 (0x(B
(0x(B          99.9 (0x(B        15.456 (0x(B
(0x(B         100.0 (0x(B        15.504 (0x(B
(0mqqqqqqqqqqqqqqqvqqqqqqqqqqqqqqqj(B
[2020-07-03 17:27:35,843 INFO Engine.final-stats] Request label stats:
(0lqqqqqqqqwqqqqqqqqwqqqqqqqqqwqqqqqqqqwqqqqqqqqqqqqqqqqqqqqqqqqqqqqqqqqqqqqqqqqqqqqqk(B
(0x(B label  (0x(B status (0x(B    succ (0x(B avg_rt (0x(B error                                       (0x(B
(0tqqqqqqqqnqqqqqqqqnqqqqqqqqqnqqqqqqqqnqqqqqqqqqqqqqqqqqqqqqqqqqqqqqqqqqqqqqqqqqqqqqu(B
(0x(B cc     (0x(B   OK   (0x(B 100.00% (0x(B  0.167 (0x(B                                             (0x(B
(0x(B cu     (0x(B  FAIL  (0x(B  98.88% (0x(B  0.109 (0x(B Non HTTP response message: Connection reset (0x(B
(0x(B id     (0x(B   OK   (0x(B 100.00% (0x(B  0.382 (0x(B                                             (0x(B
(0x(B mas/CN (0x(B   OK   (0x(B 100.00% (0x(B  0.130 (0x(B                                             (0x(B
(0x(B pd     (0x(B   OK   (0x(B 100.00% (0x(B  0.288 (0x(B                                             (0x(B
(0x(B pma/1  (0x(B   OK   (0x(B 100.00% (0x(B  0.178 (0x(B                                             (0x(B
(0x(B pma/23 (0x(B   OK   (0x(B 100.00% (0x(B  0.210 (0x(B                                             (0x(B
(0x(B pma/4  (0x(B   OK   (0x(B 100.00% (0x(B  0.085 (0x(B                                             (0x(B
(0x(B pma/7  (0x(B   OK   (0x(B 100.00% (0x(B  0.201 (0x(B                                             (0x(B
(0x(B r/XX   (0x(B   OK   (0x(B 100.00% (0x(B  0.083 (0x(B                                             (0x(B
(0x(B u      (0x(B   OK   (0x(B 100.00% (0x(B  0.237 (0x(B                                             (0x(B
(0x(B upm    (0x(B  FAIL  (0x(B  98.61% (0x(B  0.219 (0x(B Non HTTP response message: Connection reset (0x(B
(0x(B ur     (0x(B  FAIL  (0x(B  99.39% (0x(B  0.179 (0x(B Non HTTP response message: Connection reset (0x(B
(0x(B uu     (0x(B  FAIL  (0x(B  98.38% (0x(B  0.233 (0x(B Non HTTP response message: Connection reset (0x(B
(0x(B wpm    (0x(B   OK   (0x(B 100.00% (0x(B  0.157 (0x(B                                             (0x(B
(0mqqqqqqqqvqqqqqqqqvqqqqqqqqqvqqqqqqqqvqqqqqqqqqqqqqqqqqqqqqqqqqqqqqqqqqqqqqqqqqqqqqj(B
[2020-07-03 17:27:35,843 INFO Engine.final-stats] 2 failed samples: cu
[2020-07-03 17:27:35,843 INFO Engine.final-stats] 21 failed samples: upm
[2020-07-03 17:27:35,844 INFO Engine.final-stats] 1 failed samples: ur
[2020-07-03 17:27:35,844 INFO Engine.final-stats] 45 failed samples: uu
[2020-07-03 17:27:35,844 INFO Engine.final-stats] Dumping final status as XML: taurusreport.xml
[2020-07-03 17:27:36,267 INFO Engine.final-stats] Dumping final status as CSV: taurusreport.csv
[2020-07-03 17:27:36,273 DEBUG Engine.Configuration] Dumping YAML config into /home/farooq/DeFog/Experiments/DeFog/jmeter/bin/2020-07-03_17-22-29.395760/effective.yml
[2020-07-03 17:27:36,289 DEBUG Engine.Configuration] Dumping JSON config into /home/farooq/DeFog/Experiments/DeFog/jmeter/bin/2020-07-03_17-22-29.395760/effective.json
[2020-07-03 17:27:36,289 INFO root] Artifacts dir: /home/farooq/DeFog/Experiments/DeFog/jmeter/bin/2020-07-03_17-22-29.395760
[2020-07-03 17:27:36,290 INFO root] Done performing with code: 0
[2020-07-03 17:27:36,290 DEBUG root] Closing log handler: /home/farooq/DeFog/Experiments/DeFog/jmeter/bin/2020-07-03_17-22-29.395760/bzt.log
