2020-07-03 17:22:33,074 INFO o.a.j.u.JMeterUtils: Setting Locale to en_US
2020-07-03 17:22:33,098 INFO o.a.j.JMeter: Loading user properties from: user.properties
2020-07-03 17:22:33,098 INFO o.a.j.JMeter: Loading system properties from: system.properties
2020-07-03 17:22:33,099 INFO o.a.j.JMeter: Loading additional properties from: /home/farooq/DeFog/Experiments/DeFog/jmeter/bin/2020-07-03_17-22-29.395760/jmeter-bzt.properties
2020-07-03 17:22:33,100 INFO o.a.j.JMeter: Copyright (c) 1998-2019 The Apache Software Foundation
2020-07-03 17:22:33,100 INFO o.a.j.JMeter: Version 5.2.1
2020-07-03 17:22:33,100 INFO o.a.j.JMeter: java.version=11.0.7
2020-07-03 17:22:33,100 INFO o.a.j.JMeter: java.vm.name=OpenJDK 64-Bit Server VM
2020-07-03 17:22:33,100 INFO o.a.j.JMeter: os.name=Linux
2020-07-03 17:22:33,100 INFO o.a.j.JMeter: os.arch=amd64
2020-07-03 17:22:33,100 INFO o.a.j.JMeter: os.version=5.3.0-28-generic
2020-07-03 17:22:33,101 INFO o.a.j.JMeter: file.encoding=UTF-8
2020-07-03 17:22:33,101 INFO o.a.j.JMeter: java.awt.headless=true
2020-07-03 17:22:33,101 INFO o.a.j.JMeter: Max memory     =4158652416
2020-07-03 17:22:33,101 INFO o.a.j.JMeter: Available Processors =8
2020-07-03 17:22:33,107 INFO o.a.j.JMeter: Default Locale=English (United States)
2020-07-03 17:22:33,107 INFO o.a.j.JMeter: JMeter  Locale=English (United States)
2020-07-03 17:22:33,107 INFO o.a.j.JMeter: JMeterHome=/home/farooq/.bzt/jmeter-taurus/5.2.1
2020-07-03 17:22:33,107 INFO o.a.j.JMeter: user.dir  =/home/farooq/DeFog/Experiments/DeFog/jmeter/bin
2020-07-03 17:22:33,107 INFO o.a.j.JMeter: PWD       =/home/farooq/DeFog/Experiments/DeFog/jmeter/bin
2020-07-03 17:22:33,108 INFO o.a.j.JMeter: IP: 127.0.1.1 Name: farooq-HP-EliteBook-840-G5 FullName: farooq-HP-EliteBook-840-G5
2020-07-03 17:22:33,108 INFO o.a.j.JMeter: user.classpath=/home/farooq/DeFog/Experiments/DeFog/jmeter/bin/2020-07-03_17-22-29.395760:/home/farooq/DeFog/Experiments/DeFog/assets/ipokemon-assets
2020-07-03 17:22:33,108 INFO o.a.j.JMeter: Adding to classpath and loader: /home/farooq/DeFog/Experiments/DeFog/jmeter/bin/2020-07-03_17-22-29.395760
2020-07-03 17:22:33,109 INFO o.a.j.JMeter: Adding to classpath and loader: /home/farooq/DeFog/Experiments/DeFog/assets/ipokemon-assets
2020-07-03 17:22:33,115 INFO o.a.j.s.FileServer: Default base='/home/farooq/DeFog/Experiments/DeFog/jmeter/bin'
2020-07-03 17:22:33,118 INFO o.a.j.s.FileServer: Set new base='/home/farooq/DeFog/Experiments/DeFog/assets/ipokemon-assets'
2020-07-03 17:22:33,246 INFO o.a.j.s.SaveService: Testplan (JMX) version: 2.2. Testlog (JTL) version: 2.2
2020-07-03 17:22:33,260 INFO o.a.j.s.SaveService: Using SaveService properties version 5.0
2020-07-03 17:22:33,265 INFO o.a.j.s.SaveService: Using SaveService properties file encoding UTF-8
2020-07-03 17:22:33,270 INFO o.a.j.s.SaveService: Loading file: /home/farooq/DeFog/Experiments/DeFog/assets/ipokemon-assets/modified_iPokemon.jmx
2020-07-03 17:22:33,323 INFO o.a.j.p.h.s.HTTPSamplerBase: Parser for text/html is org.apache.jmeter.protocol.http.parser.LagartoBasedHtmlParser
2020-07-03 17:22:33,323 INFO o.a.j.p.h.s.HTTPSamplerBase: Parser for application/xhtml+xml is org.apache.jmeter.protocol.http.parser.LagartoBasedHtmlParser
2020-07-03 17:22:33,323 INFO o.a.j.p.h.s.HTTPSamplerBase: Parser for application/xml is org.apache.jmeter.protocol.http.parser.LagartoBasedHtmlParser
2020-07-03 17:22:33,323 INFO o.a.j.p.h.s.HTTPSamplerBase: Parser for text/xml is org.apache.jmeter.protocol.http.parser.LagartoBasedHtmlParser
2020-07-03 17:22:33,323 INFO o.a.j.p.h.s.HTTPSamplerBase: Parser for text/vnd.wap.wml is org.apache.jmeter.protocol.http.parser.RegexpHTMLParser
2020-07-03 17:22:33,323 INFO o.a.j.p.h.s.HTTPSamplerBase: Parser for text/css is org.apache.jmeter.protocol.http.parser.CssParser
2020-07-03 17:22:33,417 INFO o.a.j.e.StandardJMeterEngine: Running the test!
2020-07-03 17:22:33,420 INFO o.a.j.s.SampleEvent: List of sample_variables: []
2020-07-03 17:22:33,420 INFO o.a.j.s.SampleEvent: List of sample_variables: []
2020-07-03 17:22:33,428 INFO o.a.j.e.u.CompoundVariable: Note: Function class names must contain the string: '.functions.'
2020-07-03 17:22:33,428 INFO o.a.j.e.u.CompoundVariable: Note: Function class names must not contain the string: '.gui.'
2020-07-03 17:22:33,744 INFO o.a.j.JMeter: Running test (1593786153744)
2020-07-03 17:22:33,765 INFO o.a.j.e.StandardJMeterEngine: Starting ThreadGroup: 1 : ipokemon
2020-07-03 17:22:33,765 INFO o.a.j.e.StandardJMeterEngine: Starting 250 threads for group ipokemon.
2020-07-03 17:22:33,765 INFO o.a.j.e.StandardJMeterEngine: Thread will continue on error
2020-07-03 17:22:33,766 INFO o.a.j.t.ThreadGroup: Starting thread group... number=1 threads=250 ramp-up=0 delayedStart=false
2020-07-03 17:22:33,782 INFO o.a.j.t.JMeterThread: Thread started: ipokemon 1-1
2020-07-03 17:22:33,785 INFO o.a.j.t.JMeterThread: Thread started: ipokemon 1-2
2020-07-03 17:22:33,792 INFO o.a.j.t.JMeterThread: Thread started: ipokemon 1-3
2020-07-03 17:22:33,795 INFO o.a.j.t.JMeterThread: Thread started: ipokemon 1-4
2020-07-03 17:22:33,803 INFO o.a.j.t.JMeterThread: Thread started: ipokemon 1-5
2020-07-03 17:22:33,807 INFO o.a.j.t.JMeterThread: Thread started: ipokemon 1-6
2020-07-03 17:22:33,819 INFO o.a.j.t.JMeterThread: Thread started: ipokemon 1-7
2020-07-03 17:22:33,821 INFO o.a.j.t.JMeterThread: Thread started: ipokemon 1-8
2020-07-03 17:22:33,824 INFO o.a.j.t.JMeterThread: Thread started: ipokemon 1-9
2020-07-03 17:22:33,828 INFO o.a.j.p.h.s.HTTPHCAbstractImpl: Local host = farooq-HP-EliteBook-840-G5
2020-07-03 17:22:33,829 INFO o.a.j.t.JMeterThread: Thread started: ipokemon 1-11
2020-07-03 17:22:33,830 INFO o.a.j.t.JMeterThread: Thread started: ipokemon 1-10
2020-07-03 17:22:33,832 INFO o.a.j.t.JMeterThread: Thread started: ipokemon 1-12
2020-07-03 17:22:33,836 INFO o.a.j.t.JMeterThread: Thread started: ipokemon 1-13
2020-07-03 17:22:33,837 INFO o.a.j.t.JMeterThread: Thread started: ipokemon 1-14
2020-07-03 17:22:33,839 INFO o.a.j.p.h.s.HTTPHC4Impl: HTTP request retry count = 0
2020-07-03 17:22:33,841 INFO o.a.j.t.JMeterThread: Thread started: ipokemon 1-15
2020-07-03 17:22:33,842 INFO o.a.j.s.SampleResult: Note: Sample TimeStamps are START times
2020-07-03 17:22:33,842 INFO o.a.j.s.SampleResult: sampleresult.default.encoding is set to UTF-8
2020-07-03 17:22:33,842 INFO o.a.j.t.JMeterThread: Thread started: ipokemon 1-16
2020-07-03 17:22:33,842 INFO o.a.j.s.SampleResult: sampleresult.useNanoTime=true
2020-07-03 17:22:33,842 INFO o.a.j.s.SampleResult: sampleresult.nanoThreadSleep=5000
2020-07-03 17:22:33,845 INFO o.a.j.t.JMeterThread: Thread started: ipokemon 1-17
2020-07-03 17:22:33,850 INFO o.a.j.t.JMeterThread: Thread started: ipokemon 1-18
2020-07-03 17:22:33,852 INFO o.a.j.t.JMeterThread: Thread started: ipokemon 1-19
2020-07-03 17:22:33,856 INFO o.a.j.t.JMeterThread: Thread started: ipokemon 1-20
2020-07-03 17:22:33,873 INFO o.a.j.t.JMeterThread: Thread started: ipokemon 1-21
2020-07-03 17:22:33,882 INFO o.a.j.t.JMeterThread: Thread started: ipokemon 1-22
2020-07-03 17:22:33,885 INFO o.a.j.t.JMeterThread: Thread started: ipokemon 1-23
2020-07-03 17:22:33,887 INFO o.a.j.t.JMeterThread: Thread started: ipokemon 1-24
2020-07-03 17:22:33,891 INFO o.a.j.t.JMeterThread: Thread started: ipokemon 1-26
2020-07-03 17:22:33,893 INFO o.a.j.t.JMeterThread: Thread started: ipokemon 1-25
2020-07-03 17:22:33,895 INFO o.a.j.t.JMeterThread: Thread started: ipokemon 1-27
2020-07-03 17:22:33,905 INFO o.a.j.t.JMeterThread: Thread started: ipokemon 1-28
2020-07-03 17:22:33,915 INFO o.a.j.t.JMeterThread: Thread started: ipokemon 1-29
2020-07-03 17:22:33,924 INFO o.a.j.t.JMeterThread: Thread started: ipokemon 1-30
2020-07-03 17:22:33,928 INFO o.a.j.t.JMeterThread: Thread started: ipokemon 1-31
2020-07-03 17:22:33,929 INFO o.a.j.t.JMeterThread: Thread started: ipokemon 1-32
2020-07-03 17:22:33,931 INFO o.a.j.t.JMeterThread: Thread started: ipokemon 1-33
2020-07-03 17:22:33,934 INFO o.a.j.t.JMeterThread: Thread started: ipokemon 1-34
2020-07-03 17:22:33,934 INFO o.a.j.t.JMeterThread: Thread started: ipokemon 1-35
2020-07-03 17:22:33,938 INFO o.a.j.t.JMeterThread: Thread started: ipokemon 1-36
2020-07-03 17:22:33,950 INFO o.a.j.t.JMeterThread: Thread started: ipokemon 1-37
2020-07-03 17:22:33,957 INFO o.a.j.t.JMeterThread: Thread started: ipokemon 1-39
2020-07-03 17:22:33,961 INFO o.a.j.t.JMeterThread: Thread started: ipokemon 1-40
2020-07-03 17:22:33,968 INFO o.a.j.t.JMeterThread: Thread started: ipokemon 1-38
2020-07-03 17:22:33,970 INFO o.a.j.t.JMeterThread: Thread started: ipokemon 1-42
2020-07-03 17:22:33,976 INFO o.a.j.t.JMeterThread: Thread started: ipokemon 1-41
2020-07-03 17:22:33,977 INFO o.a.j.t.JMeterThread: Thread started: ipokemon 1-43
2020-07-03 17:22:33,988 INFO o.a.j.t.JMeterThread: Thread started: ipokemon 1-44
2020-07-03 17:22:33,990 INFO o.a.j.t.JMeterThread: Thread started: ipokemon 1-45
2020-07-03 17:22:34,012 INFO o.a.j.t.JMeterThread: Thread started: ipokemon 1-46
2020-07-03 17:22:34,023 INFO o.a.j.t.JMeterThread: Thread started: ipokemon 1-48
2020-07-03 17:22:34,025 INFO o.a.j.t.JMeterThread: Thread started: ipokemon 1-47
2020-07-03 17:22:34,029 INFO o.a.j.t.JMeterThread: Thread started: ipokemon 1-49
2020-07-03 17:22:34,036 INFO o.a.j.t.JMeterThread: Thread started: ipokemon 1-51
2020-07-03 17:22:34,043 INFO o.a.j.t.JMeterThread: Thread started: ipokemon 1-50
2020-07-03 17:22:34,049 INFO o.a.j.t.JMeterThread: Thread started: ipokemon 1-52
2020-07-03 17:22:34,053 INFO o.a.j.t.JMeterThread: Thread started: ipokemon 1-53
2020-07-03 17:22:34,081 INFO o.a.j.t.JMeterThread: Thread started: ipokemon 1-56
2020-07-03 17:22:34,085 INFO o.a.j.t.JMeterThread: Thread started: ipokemon 1-57
2020-07-03 17:22:34,085 INFO o.a.j.t.JMeterThread: Thread started: ipokemon 1-54
2020-07-03 17:22:34,086 INFO o.a.j.t.JMeterThread: Thread started: ipokemon 1-55
2020-07-03 17:22:34,099 INFO o.a.j.t.JMeterThread: Thread started: ipokemon 1-58
2020-07-03 17:22:34,104 INFO o.a.j.t.JMeterThread: Thread started: ipokemon 1-60
2020-07-03 17:22:34,118 INFO o.a.j.t.JMeterThread: Thread started: ipokemon 1-59
2020-07-03 17:22:34,120 INFO o.a.j.t.JMeterThread: Thread started: ipokemon 1-62
2020-07-03 17:22:34,121 INFO o.a.j.t.JMeterThread: Thread started: ipokemon 1-61
2020-07-03 17:22:34,123 INFO o.a.j.t.JMeterThread: Thread started: ipokemon 1-63
2020-07-03 17:22:34,129 INFO o.a.j.t.JMeterThread: Thread started: ipokemon 1-64
2020-07-03 17:22:34,130 INFO o.a.j.t.JMeterThread: Thread started: ipokemon 1-65
2020-07-03 17:22:34,132 INFO o.a.j.t.JMeterThread: Thread started: ipokemon 1-66
2020-07-03 17:22:34,134 INFO o.a.j.t.JMeterThread: Thread started: ipokemon 1-67
2020-07-03 17:22:34,135 INFO o.a.j.t.JMeterThread: Thread started: ipokemon 1-68
2020-07-03 17:22:34,137 INFO o.a.j.t.JMeterThread: Thread started: ipokemon 1-69
2020-07-03 17:22:34,138 INFO o.a.j.t.JMeterThread: Thread started: ipokemon 1-70
2020-07-03 17:22:34,139 INFO o.a.j.t.JMeterThread: Thread started: ipokemon 1-71
2020-07-03 17:22:34,140 INFO o.a.j.t.JMeterThread: Thread started: ipokemon 1-72
2020-07-03 17:22:34,142 INFO o.a.j.t.JMeterThread: Thread started: ipokemon 1-73
2020-07-03 17:22:34,142 INFO o.a.j.t.JMeterThread: Thread started: ipokemon 1-74
2020-07-03 17:22:34,144 INFO o.a.j.t.JMeterThread: Thread started: ipokemon 1-75
2020-07-03 17:22:34,146 INFO o.a.j.t.JMeterThread: Thread started: ipokemon 1-76
2020-07-03 17:22:34,148 INFO o.a.j.t.JMeterThread: Thread started: ipokemon 1-77
2020-07-03 17:22:34,148 INFO o.a.j.t.JMeterThread: Thread started: ipokemon 1-78
2020-07-03 17:22:34,150 INFO o.a.j.t.JMeterThread: Thread started: ipokemon 1-79
2020-07-03 17:22:34,151 INFO o.a.j.t.JMeterThread: Thread started: ipokemon 1-80
2020-07-03 17:22:34,152 INFO o.a.j.t.JMeterThread: Thread started: ipokemon 1-81
2020-07-03 17:22:34,156 INFO o.a.j.t.JMeterThread: Thread started: ipokemon 1-83
2020-07-03 17:22:34,159 INFO o.a.j.t.JMeterThread: Thread started: ipokemon 1-84
2020-07-03 17:22:34,156 INFO o.a.j.t.JMeterThread: Thread started: ipokemon 1-82
2020-07-03 17:22:34,164 INFO o.a.j.t.JMeterThread: Thread started: ipokemon 1-85
2020-07-03 17:22:34,167 INFO o.a.j.t.JMeterThread: Thread started: ipokemon 1-86
2020-07-03 17:22:34,172 INFO o.a.j.t.JMeterThread: Thread started: ipokemon 1-87
2020-07-03 17:22:34,173 INFO o.a.j.t.JMeterThread: Thread started: ipokemon 1-88
2020-07-03 17:22:34,174 INFO o.a.j.t.JMeterThread: Thread started: ipokemon 1-89
2020-07-03 17:22:34,178 INFO o.a.j.t.JMeterThread: Thread started: ipokemon 1-90
2020-07-03 17:22:34,178 INFO o.a.j.t.JMeterThread: Thread started: ipokemon 1-91
2020-07-03 17:22:34,181 INFO o.a.j.t.JMeterThread: Thread started: ipokemon 1-92
2020-07-03 17:22:34,183 INFO o.a.j.t.JMeterThread: Thread started: ipokemon 1-93
2020-07-03 17:22:34,186 INFO o.a.j.t.JMeterThread: Thread started: ipokemon 1-94
2020-07-03 17:22:34,188 INFO o.a.j.t.JMeterThread: Thread started: ipokemon 1-95
2020-07-03 17:22:34,194 INFO o.a.j.t.JMeterThread: Thread started: ipokemon 1-96
2020-07-03 17:22:34,204 INFO o.a.j.t.JMeterThread: Thread started: ipokemon 1-97
2020-07-03 17:22:34,206 INFO o.a.j.t.JMeterThread: Thread started: ipokemon 1-98
2020-07-03 17:22:34,208 INFO o.a.j.t.JMeterThread: Thread started: ipokemon 1-99
2020-07-03 17:22:34,213 INFO o.a.j.t.JMeterThread: Thread started: ipokemon 1-100
2020-07-03 17:22:34,220 INFO o.a.j.t.JMeterThread: Thread started: ipokemon 1-101
2020-07-03 17:22:34,221 INFO o.a.j.t.JMeterThread: Thread started: ipokemon 1-102
2020-07-03 17:22:34,224 INFO o.a.j.t.JMeterThread: Thread started: ipokemon 1-103
2020-07-03 17:22:34,229 INFO o.a.j.t.JMeterThread: Thread started: ipokemon 1-104
2020-07-03 17:22:34,239 INFO o.a.j.t.JMeterThread: Thread started: ipokemon 1-105
2020-07-03 17:22:34,256 INFO o.a.j.t.JMeterThread: Thread started: ipokemon 1-106
2020-07-03 17:22:34,258 INFO o.a.j.t.JMeterThread: Thread started: ipokemon 1-107
2020-07-03 17:22:34,260 INFO o.a.j.t.JMeterThread: Thread started: ipokemon 1-108
2020-07-03 17:22:34,263 INFO o.a.j.t.JMeterThread: Thread started: ipokemon 1-109
2020-07-03 17:22:34,269 INFO o.a.j.t.JMeterThread: Thread started: ipokemon 1-111
2020-07-03 17:22:34,269 INFO o.a.j.t.JMeterThread: Thread started: ipokemon 1-112
2020-07-03 17:22:34,271 INFO o.a.j.t.JMeterThread: Thread started: ipokemon 1-110
2020-07-03 17:22:34,277 INFO o.a.j.t.JMeterThread: Thread started: ipokemon 1-113
2020-07-03 17:22:34,280 INFO o.a.j.t.JMeterThread: Thread started: ipokemon 1-114
2020-07-03 17:22:34,282 INFO o.a.j.t.JMeterThread: Thread started: ipokemon 1-115
2020-07-03 17:22:34,283 INFO o.a.j.t.JMeterThread: Thread started: ipokemon 1-116
2020-07-03 17:22:34,284 INFO o.a.j.t.JMeterThread: Thread started: ipokemon 1-117
2020-07-03 17:22:34,287 INFO o.a.j.t.JMeterThread: Thread started: ipokemon 1-118
2020-07-03 17:22:34,288 INFO o.a.j.t.JMeterThread: Thread started: ipokemon 1-119
2020-07-03 17:22:34,295 INFO o.a.j.t.JMeterThread: Thread started: ipokemon 1-121
2020-07-03 17:22:34,301 INFO o.a.j.t.JMeterThread: Thread started: ipokemon 1-120
2020-07-03 17:22:34,302 INFO o.a.j.t.JMeterThread: Thread started: ipokemon 1-122
2020-07-03 17:22:34,304 INFO o.a.j.t.JMeterThread: Thread started: ipokemon 1-124
2020-07-03 17:22:34,304 INFO o.a.j.t.JMeterThread: Thread started: ipokemon 1-123
2020-07-03 17:22:34,307 INFO o.a.j.t.JMeterThread: Thread started: ipokemon 1-125
2020-07-03 17:22:34,309 INFO o.a.j.t.JMeterThread: Thread started: ipokemon 1-126
2020-07-03 17:22:34,312 INFO o.a.j.t.JMeterThread: Thread started: ipokemon 1-127
2020-07-03 17:22:34,314 INFO o.a.j.t.JMeterThread: Thread started: ipokemon 1-128
2020-07-03 17:22:34,317 INFO o.a.j.t.JMeterThread: Thread started: ipokemon 1-129
2020-07-03 17:22:34,319 INFO o.a.j.t.JMeterThread: Thread started: ipokemon 1-130
2020-07-03 17:22:34,321 INFO o.a.j.t.JMeterThread: Thread started: ipokemon 1-131
2020-07-03 17:22:34,322 INFO o.a.j.t.JMeterThread: Thread started: ipokemon 1-132
2020-07-03 17:22:34,325 INFO o.a.j.t.JMeterThread: Thread started: ipokemon 1-133
2020-07-03 17:22:34,327 INFO o.a.j.t.JMeterThread: Thread started: ipokemon 1-134
2020-07-03 17:22:34,329 INFO o.a.j.t.JMeterThread: Thread started: ipokemon 1-135
2020-07-03 17:22:34,332 INFO o.a.j.t.JMeterThread: Thread started: ipokemon 1-136
2020-07-03 17:22:34,333 INFO o.a.j.t.JMeterThread: Thread started: ipokemon 1-137
2020-07-03 17:22:34,337 INFO o.a.j.t.JMeterThread: Thread started: ipokemon 1-138
2020-07-03 17:22:34,338 INFO o.a.j.t.JMeterThread: Thread started: ipokemon 1-139
2020-07-03 17:22:34,340 INFO o.a.j.t.JMeterThread: Thread started: ipokemon 1-141
2020-07-03 17:22:34,340 INFO o.a.j.t.JMeterThread: Thread started: ipokemon 1-140
2020-07-03 17:22:34,343 INFO o.a.j.t.JMeterThread: Thread started: ipokemon 1-142
2020-07-03 17:22:34,346 INFO o.a.j.t.JMeterThread: Thread started: ipokemon 1-143
2020-07-03 17:22:34,346 INFO o.a.j.t.JMeterThread: Thread started: ipokemon 1-145
2020-07-03 17:22:34,349 INFO o.a.j.t.JMeterThread: Thread started: ipokemon 1-147
2020-07-03 17:22:34,349 INFO o.a.j.t.JMeterThread: Thread started: ipokemon 1-144
2020-07-03 17:22:34,351 INFO o.a.j.t.JMeterThread: Thread started: ipokemon 1-148
2020-07-03 17:22:34,351 INFO o.a.j.t.JMeterThread: Thread started: ipokemon 1-146
2020-07-03 17:22:34,353 INFO o.a.j.t.JMeterThread: Thread started: ipokemon 1-149
2020-07-03 17:22:34,356 INFO o.a.j.t.JMeterThread: Thread started: ipokemon 1-150
2020-07-03 17:22:34,356 INFO o.a.j.t.JMeterThread: Thread started: ipokemon 1-151
2020-07-03 17:22:34,360 INFO o.a.j.t.JMeterThread: Thread started: ipokemon 1-153
2020-07-03 17:22:34,362 INFO o.a.j.t.JMeterThread: Thread started: ipokemon 1-152
2020-07-03 17:22:34,362 INFO o.a.j.t.JMeterThread: Thread started: ipokemon 1-154
2020-07-03 17:22:34,364 INFO o.a.j.t.JMeterThread: Thread started: ipokemon 1-156
2020-07-03 17:22:34,366 INFO o.a.j.t.JMeterThread: Thread started: ipokemon 1-157
2020-07-03 17:22:34,368 INFO o.a.j.t.JMeterThread: Thread started: ipokemon 1-155
2020-07-03 17:22:34,370 INFO o.a.j.t.JMeterThread: Thread started: ipokemon 1-159
2020-07-03 17:22:34,388 INFO o.a.j.t.JMeterThread: Thread started: ipokemon 1-158
2020-07-03 17:22:34,389 INFO o.a.j.t.JMeterThread: Thread started: ipokemon 1-160
2020-07-03 17:22:34,392 INFO o.a.j.t.JMeterThread: Thread started: ipokemon 1-161
2020-07-03 17:22:34,397 INFO o.a.j.t.JMeterThread: Thread started: ipokemon 1-162
2020-07-03 17:22:34,397 INFO o.a.j.t.JMeterThread: Thread started: ipokemon 1-163
2020-07-03 17:22:34,399 INFO o.a.j.t.JMeterThread: Thread started: ipokemon 1-164
2020-07-03 17:22:34,400 INFO o.a.j.t.JMeterThread: Thread started: ipokemon 1-165
2020-07-03 17:22:34,402 INFO o.a.j.t.JMeterThread: Thread started: ipokemon 1-166
2020-07-03 17:22:34,404 INFO o.a.j.t.JMeterThread: Thread started: ipokemon 1-167
2020-07-03 17:22:34,407 INFO o.a.j.t.JMeterThread: Thread started: ipokemon 1-168
2020-07-03 17:22:34,409 INFO o.a.j.t.JMeterThread: Thread started: ipokemon 1-169
2020-07-03 17:22:34,411 INFO o.a.j.t.JMeterThread: Thread started: ipokemon 1-170
2020-07-03 17:22:34,413 INFO o.a.j.t.JMeterThread: Thread started: ipokemon 1-171
2020-07-03 17:22:34,414 INFO o.a.j.t.JMeterThread: Thread started: ipokemon 1-172
2020-07-03 17:22:34,416 INFO o.a.j.t.JMeterThread: Thread started: ipokemon 1-174
2020-07-03 17:22:34,417 INFO o.a.j.t.JMeterThread: Thread started: ipokemon 1-173
2020-07-03 17:22:34,421 INFO o.a.j.t.JMeterThread: Thread started: ipokemon 1-175
2020-07-03 17:22:34,421 INFO o.a.j.t.JMeterThread: Thread started: ipokemon 1-176
2020-07-03 17:22:34,424 INFO o.a.j.t.JMeterThread: Thread started: ipokemon 1-177
2020-07-03 17:22:34,426 INFO o.a.j.t.JMeterThread: Thread started: ipokemon 1-178
2020-07-03 17:22:34,429 INFO o.a.j.t.JMeterThread: Thread started: ipokemon 1-179
2020-07-03 17:22:34,429 INFO o.a.j.t.JMeterThread: Thread started: ipokemon 1-180
2020-07-03 17:22:34,431 INFO o.a.j.t.JMeterThread: Thread started: ipokemon 1-181
2020-07-03 17:22:34,433 INFO o.a.j.t.JMeterThread: Thread started: ipokemon 1-182
2020-07-03 17:22:34,435 INFO o.a.j.t.JMeterThread: Thread started: ipokemon 1-184
2020-07-03 17:22:34,436 INFO o.a.j.t.JMeterThread: Thread started: ipokemon 1-185
2020-07-03 17:22:34,437 INFO o.a.j.t.JMeterThread: Thread started: ipokemon 1-183
2020-07-03 17:22:34,440 INFO o.a.j.t.JMeterThread: Thread started: ipokemon 1-186
2020-07-03 17:22:34,441 INFO o.a.j.t.JMeterThread: Thread started: ipokemon 1-187
2020-07-03 17:22:34,445 INFO o.a.j.t.JMeterThread: Thread started: ipokemon 1-188
2020-07-03 17:22:34,447 INFO o.a.j.t.JMeterThread: Thread started: ipokemon 1-189
2020-07-03 17:22:34,447 INFO o.a.j.t.JMeterThread: Thread started: ipokemon 1-190
2020-07-03 17:22:34,451 INFO o.a.j.t.JMeterThread: Thread started: ipokemon 1-191
2020-07-03 17:22:34,452 INFO o.a.j.t.JMeterThread: Thread started: ipokemon 1-192
2020-07-03 17:22:34,455 INFO o.a.j.t.JMeterThread: Thread started: ipokemon 1-193
2020-07-03 17:22:34,459 INFO o.a.j.t.JMeterThread: Thread started: ipokemon 1-194
2020-07-03 17:22:34,461 INFO o.a.j.t.JMeterThread: Thread started: ipokemon 1-195
2020-07-03 17:22:34,462 INFO o.a.j.t.JMeterThread: Thread started: ipokemon 1-196
2020-07-03 17:22:34,462 INFO o.a.j.t.JMeterThread: Thread started: ipokemon 1-197
2020-07-03 17:22:34,466 INFO o.a.j.t.JMeterThread: Thread started: ipokemon 1-198
2020-07-03 17:22:34,467 INFO o.a.j.t.JMeterThread: Thread started: ipokemon 1-199
2020-07-03 17:22:34,468 INFO o.a.j.t.JMeterThread: Thread started: ipokemon 1-200
2020-07-03 17:22:34,471 INFO o.a.j.t.JMeterThread: Thread started: ipokemon 1-201
2020-07-03 17:22:34,473 INFO o.a.j.t.JMeterThread: Thread started: ipokemon 1-202
2020-07-03 17:22:34,475 INFO o.a.j.t.JMeterThread: Thread started: ipokemon 1-203
2020-07-03 17:22:34,477 INFO o.a.j.t.JMeterThread: Thread started: ipokemon 1-204
2020-07-03 17:22:34,501 INFO o.a.j.t.JMeterThread: Thread started: ipokemon 1-205
2020-07-03 17:22:34,504 INFO o.a.j.t.JMeterThread: Thread started: ipokemon 1-206
2020-07-03 17:22:34,506 INFO o.a.j.t.JMeterThread: Thread started: ipokemon 1-207
2020-07-03 17:22:34,507 INFO o.a.j.t.JMeterThread: Thread started: ipokemon 1-208
2020-07-03 17:22:34,509 INFO o.a.j.t.JMeterThread: Thread started: ipokemon 1-209
2020-07-03 17:22:34,511 INFO o.a.j.t.JMeterThread: Thread started: ipokemon 1-211
2020-07-03 17:22:34,512 INFO o.a.j.t.JMeterThread: Thread started: ipokemon 1-210
2020-07-03 17:22:34,513 INFO o.a.j.t.JMeterThread: Thread started: ipokemon 1-212
2020-07-03 17:22:34,513 INFO o.a.j.t.JMeterThread: Thread started: ipokemon 1-213
2020-07-03 17:22:34,517 INFO o.a.j.t.JMeterThread: Thread started: ipokemon 1-214
2020-07-03 17:22:34,518 INFO o.a.j.t.JMeterThread: Thread started: ipokemon 1-215
2020-07-03 17:22:34,520 INFO o.a.j.t.JMeterThread: Thread started: ipokemon 1-216
2020-07-03 17:22:34,524 INFO o.a.j.t.JMeterThread: Thread started: ipokemon 1-217
2020-07-03 17:22:34,526 INFO o.a.j.t.JMeterThread: Thread started: ipokemon 1-218
2020-07-03 17:22:34,528 INFO o.a.j.t.JMeterThread: Thread started: ipokemon 1-219
2020-07-03 17:22:34,529 INFO o.a.j.t.JMeterThread: Thread started: ipokemon 1-220
2020-07-03 17:22:34,531 INFO o.a.j.t.JMeterThread: Thread started: ipokemon 1-222
2020-07-03 17:22:34,532 INFO o.a.j.t.JMeterThread: Thread started: ipokemon 1-223
2020-07-03 17:22:34,532 INFO o.a.j.t.JMeterThread: Thread started: ipokemon 1-221
2020-07-03 17:22:34,535 INFO o.a.j.t.JMeterThread: Thread started: ipokemon 1-224
2020-07-03 17:22:34,537 INFO o.a.j.t.JMeterThread: Thread started: ipokemon 1-226
2020-07-03 17:22:34,537 INFO o.a.j.t.JMeterThread: Thread started: ipokemon 1-225
2020-07-03 17:22:34,539 INFO o.a.j.t.JMeterThread: Thread started: ipokemon 1-227
2020-07-03 17:22:34,545 INFO o.a.j.t.JMeterThread: Thread started: ipokemon 1-228
2020-07-03 17:22:34,546 INFO o.a.j.t.JMeterThread: Thread started: ipokemon 1-229
2020-07-03 17:22:34,547 INFO o.a.j.t.JMeterThread: Thread started: ipokemon 1-230
2020-07-03 17:22:34,547 INFO o.a.j.t.JMeterThread: Thread started: ipokemon 1-231
2020-07-03 17:22:34,549 INFO o.a.j.t.JMeterThread: Thread started: ipokemon 1-232
2020-07-03 17:22:34,551 INFO o.a.j.t.JMeterThread: Thread started: ipokemon 1-233
2020-07-03 17:22:34,552 INFO o.a.j.t.JMeterThread: Thread started: ipokemon 1-234
2020-07-03 17:22:34,553 INFO o.a.j.t.JMeterThread: Thread started: ipokemon 1-235
2020-07-03 17:22:34,555 INFO o.a.j.t.JMeterThread: Thread started: ipokemon 1-236
2020-07-03 17:22:34,558 INFO o.a.j.t.JMeterThread: Thread started: ipokemon 1-238
2020-07-03 17:22:34,558 INFO o.a.j.t.JMeterThread: Thread started: ipokemon 1-237
2020-07-03 17:22:34,558 INFO o.a.j.t.JMeterThread: Thread started: ipokemon 1-239
2020-07-03 17:22:34,562 INFO o.a.j.t.JMeterThread: Thread started: ipokemon 1-241
2020-07-03 17:22:34,562 INFO o.a.j.t.JMeterThread: Thread started: ipokemon 1-240
2020-07-03 17:22:34,562 INFO o.a.j.t.JMeterThread: Thread started: ipokemon 1-242
2020-07-03 17:22:34,564 INFO o.a.j.t.JMeterThread: Thread started: ipokemon 1-243
2020-07-03 17:22:34,568 INFO o.a.j.t.JMeterThread: Thread started: ipokemon 1-244
2020-07-03 17:22:34,587 INFO o.a.j.t.JMeterThread: Thread started: ipokemon 1-245
2020-07-03 17:22:34,589 INFO o.a.j.t.JMeterThread: Thread started: ipokemon 1-246
2020-07-03 17:22:34,593 INFO o.a.j.t.JMeterThread: Thread started: ipokemon 1-248
2020-07-03 17:22:34,596 INFO o.a.j.t.JMeterThread: Thread started: ipokemon 1-247
2020-07-03 17:22:34,597 INFO o.a.j.t.JMeterThread: Thread started: ipokemon 1-249
2020-07-03 17:22:34,597 INFO o.a.j.t.ThreadGroup: Started thread group number 1
2020-07-03 17:22:34,597 INFO o.a.j.e.StandardJMeterEngine: All thread groups have been started
2020-07-03 17:22:34,601 INFO o.a.j.t.JMeterThread: Thread started: ipokemon 1-250
2020-07-03 17:27:33,766 INFO o.a.j.t.JMeterThread: Stopping because end time detected by thread: ipokemon 1-1
2020-07-03 17:27:33,767 INFO o.a.j.t.JMeterThread: Thread finished: ipokemon 1-1
2020-07-03 17:27:33,773 INFO o.a.j.t.JMeterThread: Stopping because end time detected by thread: ipokemon 1-2
2020-07-03 17:27:33,773 INFO o.a.j.t.JMeterThread: Thread finished: ipokemon 1-2
2020-07-03 17:27:33,778 INFO o.a.j.t.JMeterThread: Stopping because end time detected by thread: ipokemon 1-3
2020-07-03 17:27:33,779 INFO o.a.j.t.JMeterThread: Thread finished: ipokemon 1-3
2020-07-03 17:27:33,782 INFO o.a.j.t.JMeterThread: Stopping because end time detected by thread: ipokemon 1-4
2020-07-03 17:27:33,782 INFO o.a.j.t.JMeterThread: Thread finished: ipokemon 1-4
2020-07-03 17:27:33,786 INFO o.a.j.t.JMeterThread: Stopping because end time detected by thread: ipokemon 1-5
2020-07-03 17:27:33,786 INFO o.a.j.t.JMeterThread: Thread finished: ipokemon 1-5
2020-07-03 17:27:33,798 INFO o.a.j.t.JMeterThread: Stopping because end time detected by thread: ipokemon 1-6
2020-07-03 17:27:33,798 INFO o.a.j.t.JMeterThread: Thread finished: ipokemon 1-6
2020-07-03 17:27:33,803 INFO o.a.j.t.JMeterThread: Stopping because end time detected by thread: ipokemon 1-7
2020-07-03 17:27:33,803 INFO o.a.j.t.JMeterThread: Thread finished: ipokemon 1-7
2020-07-03 17:27:33,806 INFO o.a.j.t.JMeterThread: Stopping because end time detected by thread: ipokemon 1-8
2020-07-03 17:27:33,806 INFO o.a.j.t.JMeterThread: Thread finished: ipokemon 1-8
2020-07-03 17:27:33,815 INFO o.a.j.t.JMeterThread: Stopping because end time detected by thread: ipokemon 1-9
2020-07-03 17:27:33,815 INFO o.a.j.t.JMeterThread: Thread finished: ipokemon 1-9
2020-07-03 17:27:33,819 INFO o.a.j.t.JMeterThread: Stopping because end time detected by thread: ipokemon 1-10
2020-07-03 17:27:33,819 INFO o.a.j.t.JMeterThread: Thread finished: ipokemon 1-10
2020-07-03 17:27:33,823 INFO o.a.j.t.JMeterThread: Stopping because end time detected by thread: ipokemon 1-11
2020-07-03 17:27:33,823 INFO o.a.j.t.JMeterThread: Thread finished: ipokemon 1-11
2020-07-03 17:27:33,825 INFO o.a.j.t.JMeterThread: Stopping because end time detected by thread: ipokemon 1-12
2020-07-03 17:27:33,825 INFO o.a.j.t.JMeterThread: Thread finished: ipokemon 1-12
2020-07-03 17:27:33,828 INFO o.a.j.t.JMeterThread: Stopping because end time detected by thread: ipokemon 1-13
2020-07-03 17:27:33,828 INFO o.a.j.t.JMeterThread: Thread finished: ipokemon 1-13
2020-07-03 17:27:33,831 INFO o.a.j.t.JMeterThread: Stopping because end time detected by thread: ipokemon 1-14
2020-07-03 17:27:33,831 INFO o.a.j.t.JMeterThread: Thread finished: ipokemon 1-14
2020-07-03 17:27:33,833 INFO o.a.j.t.JMeterThread: Stopping because end time detected by thread: ipokemon 1-15
2020-07-03 17:27:33,833 INFO o.a.j.t.JMeterThread: Thread finished: ipokemon 1-15
2020-07-03 17:27:33,837 INFO o.a.j.t.JMeterThread: Stopping because end time detected by thread: ipokemon 1-16
2020-07-03 17:27:33,838 INFO o.a.j.t.JMeterThread: Thread finished: ipokemon 1-16
2020-07-03 17:27:33,839 INFO o.a.j.t.JMeterThread: Stopping because end time detected by thread: ipokemon 1-17
2020-07-03 17:27:33,839 INFO o.a.j.t.JMeterThread: Thread finished: ipokemon 1-17
2020-07-03 17:27:33,843 INFO o.a.j.t.JMeterThread: Stopping because end time detected by thread: ipokemon 1-18
2020-07-03 17:27:33,843 INFO o.a.j.t.JMeterThread: Thread finished: ipokemon 1-18
2020-07-03 17:27:33,858 INFO o.a.j.t.JMeterThread: Stopping because end time detected by thread: ipokemon 1-21
2020-07-03 17:27:33,859 INFO o.a.j.t.JMeterThread: Stopping because end time detected by thread: ipokemon 1-20
2020-07-03 17:27:33,859 INFO o.a.j.t.JMeterThread: Stopping because end time detected by thread: ipokemon 1-19
2020-07-03 17:27:33,859 INFO o.a.j.t.JMeterThread: Thread finished: ipokemon 1-21
2020-07-03 17:27:33,859 INFO o.a.j.t.JMeterThread: Thread finished: ipokemon 1-20
2020-07-03 17:27:33,859 INFO o.a.j.t.JMeterThread: Stopping because end time detected by thread: ipokemon 1-22
2020-07-03 17:27:33,859 INFO o.a.j.t.JMeterThread: Thread finished: ipokemon 1-19
2020-07-03 17:27:33,859 INFO o.a.j.t.JMeterThread: Thread finished: ipokemon 1-22
2020-07-03 17:27:33,879 INFO o.a.j.t.JMeterThread: Stopping because end time detected by thread: ipokemon 1-23
2020-07-03 17:27:33,880 INFO o.a.j.t.JMeterThread: Thread finished: ipokemon 1-23
2020-07-03 17:27:33,882 INFO o.a.j.t.JMeterThread: Stopping because end time detected by thread: ipokemon 1-24
2020-07-03 17:27:33,882 INFO o.a.j.t.JMeterThread: Thread finished: ipokemon 1-24
2020-07-03 17:27:33,885 INFO o.a.j.t.JMeterThread: Stopping because end time detected by thread: ipokemon 1-25
2020-07-03 17:27:33,885 INFO o.a.j.t.JMeterThread: Thread finished: ipokemon 1-25
2020-07-03 17:27:33,885 INFO o.a.j.t.JMeterThread: Stopping because end time detected by thread: ipokemon 1-26
2020-07-03 17:27:33,886 INFO o.a.j.t.JMeterThread: Thread finished: ipokemon 1-26
2020-07-03 17:27:33,887 INFO o.a.j.t.JMeterThread: Stopping because end time detected by thread: ipokemon 1-27
2020-07-03 17:27:33,888 INFO o.a.j.t.JMeterThread: Thread finished: ipokemon 1-27
2020-07-03 17:27:33,890 INFO o.a.j.t.JMeterThread: Stopping because end time detected by thread: ipokemon 1-28
2020-07-03 17:27:33,891 INFO o.a.j.t.JMeterThread: Thread finished: ipokemon 1-28
2020-07-03 17:27:33,902 INFO o.a.j.t.JMeterThread: Stopping because end time detected by thread: ipokemon 1-29
2020-07-03 17:27:33,902 INFO o.a.j.t.JMeterThread: Thread finished: ipokemon 1-29
2020-07-03 17:27:33,910 INFO o.a.j.t.JMeterThread: Stopping because end time detected by thread: ipokemon 1-30
2020-07-03 17:27:33,910 INFO o.a.j.t.JMeterThread: Thread finished: ipokemon 1-30
2020-07-03 17:27:33,922 INFO o.a.j.t.JMeterThread: Stopping because end time detected by thread: ipokemon 1-31
2020-07-03 17:27:33,922 INFO o.a.j.t.JMeterThread: Thread finished: ipokemon 1-31
2020-07-03 17:27:33,925 INFO o.a.j.t.JMeterThread: Stopping because end time detected by thread: ipokemon 1-32
2020-07-03 17:27:33,926 INFO o.a.j.t.JMeterThread: Thread finished: ipokemon 1-32
2020-07-03 17:27:33,927 INFO o.a.j.t.JMeterThread: Stopping because end time detected by thread: ipokemon 1-33
2020-07-03 17:27:33,927 INFO o.a.j.t.JMeterThread: Thread finished: ipokemon 1-33
2020-07-03 17:27:33,928 INFO o.a.j.t.JMeterThread: Stopping because end time detected by thread: ipokemon 1-34
2020-07-03 17:27:33,929 INFO o.a.j.t.JMeterThread: Thread finished: ipokemon 1-34
2020-07-03 17:27:33,930 INFO o.a.j.t.JMeterThread: Stopping because end time detected by thread: ipokemon 1-35
2020-07-03 17:27:33,930 INFO o.a.j.t.JMeterThread: Thread finished: ipokemon 1-35
2020-07-03 17:27:33,932 INFO o.a.j.t.JMeterThread: Stopping because end time detected by thread: ipokemon 1-36
2020-07-03 17:27:33,933 INFO o.a.j.t.JMeterThread: Thread finished: ipokemon 1-36
2020-07-03 17:27:33,934 INFO o.a.j.t.JMeterThread: Stopping because end time detected by thread: ipokemon 1-37
2020-07-03 17:27:33,934 INFO o.a.j.t.JMeterThread: Thread finished: ipokemon 1-37
2020-07-03 17:27:33,938 INFO o.a.j.t.JMeterThread: Stopping because end time detected by thread: ipokemon 1-38
2020-07-03 17:27:33,939 INFO o.a.j.t.JMeterThread: Thread finished: ipokemon 1-38
2020-07-03 17:27:33,950 INFO o.a.j.t.JMeterThread: Stopping because end time detected by thread: ipokemon 1-39
2020-07-03 17:27:33,950 INFO o.a.j.t.JMeterThread: Thread finished: ipokemon 1-39
2020-07-03 17:27:33,955 INFO o.a.j.t.JMeterThread: Stopping because end time detected by thread: ipokemon 1-40
2020-07-03 17:27:33,955 INFO o.a.j.t.JMeterThread: Thread finished: ipokemon 1-40
2020-07-03 17:27:33,958 INFO o.a.j.t.JMeterThread: Stopping because end time detected by thread: ipokemon 1-41
2020-07-03 17:27:33,959 INFO o.a.j.t.JMeterThread: Thread finished: ipokemon 1-41
2020-07-03 17:27:33,963 INFO o.a.j.t.JMeterThread: Stopping because end time detected by thread: ipokemon 1-42
2020-07-03 17:27:33,963 INFO o.a.j.t.JMeterThread: Thread finished: ipokemon 1-42
2020-07-03 17:27:33,968 INFO o.a.j.t.JMeterThread: Stopping because end time detected by thread: ipokemon 1-43
2020-07-03 17:27:33,968 INFO o.a.j.t.JMeterThread: Thread finished: ipokemon 1-43
2020-07-03 17:27:33,973 INFO o.a.j.t.JMeterThread: Stopping because end time detected by thread: ipokemon 1-44
2020-07-03 17:27:33,973 INFO o.a.j.t.JMeterThread: Thread finished: ipokemon 1-44
2020-07-03 17:27:33,978 INFO o.a.j.t.JMeterThread: Stopping because end time detected by thread: ipokemon 1-45
2020-07-03 17:27:33,979 INFO o.a.j.t.JMeterThread: Thread finished: ipokemon 1-45
2020-07-03 17:27:33,986 INFO o.a.j.t.JMeterThread: Stopping because end time detected by thread: ipokemon 1-46
2020-07-03 17:27:33,987 INFO o.a.j.t.JMeterThread: Thread finished: ipokemon 1-46
2020-07-03 17:27:33,999 INFO o.a.j.t.JMeterThread: Stopping because end time detected by thread: ipokemon 1-47
2020-07-03 17:27:33,999 INFO o.a.j.t.JMeterThread: Thread finished: ipokemon 1-47
2020-07-03 17:27:34,018 INFO o.a.j.t.JMeterThread: Stopping because end time detected by thread: ipokemon 1-48
2020-07-03 17:27:34,018 INFO o.a.j.t.JMeterThread: Thread finished: ipokemon 1-48
2020-07-03 17:27:34,020 INFO o.a.j.t.JMeterThread: Stopping because end time detected by thread: ipokemon 1-49
2020-07-03 17:27:34,021 INFO o.a.j.t.JMeterThread: Thread finished: ipokemon 1-49
2020-07-03 17:27:34,026 INFO o.a.j.t.JMeterThread: Stopping because end time detected by thread: ipokemon 1-50
2020-07-03 17:27:34,026 INFO o.a.j.t.JMeterThread: Thread finished: ipokemon 1-50
2020-07-03 17:27:34,030 INFO o.a.j.t.JMeterThread: Stopping because end time detected by thread: ipokemon 1-51
2020-07-03 17:27:34,030 INFO o.a.j.t.JMeterThread: Thread finished: ipokemon 1-51
2020-07-03 17:27:34,032 INFO o.a.j.t.JMeterThread: Stopping because end time detected by thread: ipokemon 1-52
2020-07-03 17:27:34,032 INFO o.a.j.t.JMeterThread: Thread finished: ipokemon 1-52
2020-07-03 17:27:34,046 INFO o.a.j.t.JMeterThread: Stopping because end time detected by thread: ipokemon 1-53
2020-07-03 17:27:34,046 INFO o.a.j.t.JMeterThread: Thread finished: ipokemon 1-53
2020-07-03 17:27:34,051 INFO o.a.j.t.JMeterThread: Stopping because end time detected by thread: ipokemon 1-54
2020-07-03 17:27:34,051 INFO o.a.j.t.JMeterThread: Thread finished: ipokemon 1-54
2020-07-03 17:27:34,057 INFO o.a.j.t.JMeterThread: Stopping because end time detected by thread: ipokemon 1-55
2020-07-03 17:27:34,057 INFO o.a.j.t.JMeterThread: Thread finished: ipokemon 1-55
2020-07-03 17:27:34,060 INFO o.a.j.t.JMeterThread: Stopping because end time detected by thread: ipokemon 1-56
2020-07-03 17:27:34,060 INFO o.a.j.t.JMeterThread: Thread finished: ipokemon 1-56
2020-07-03 17:27:34,079 INFO o.a.j.t.JMeterThread: Stopping because end time detected by thread: ipokemon 1-57
2020-07-03 17:27:34,080 INFO o.a.j.t.JMeterThread: Thread finished: ipokemon 1-57
2020-07-03 17:27:34,082 INFO o.a.j.t.JMeterThread: Stopping because end time detected by thread: ipokemon 1-58
2020-07-03 17:27:34,082 INFO o.a.j.t.JMeterThread: Thread finished: ipokemon 1-58
2020-07-03 17:27:34,087 INFO o.a.j.t.JMeterThread: Stopping because end time detected by thread: ipokemon 1-59
2020-07-03 17:27:34,087 INFO o.a.j.t.JMeterThread: Thread finished: ipokemon 1-59
2020-07-03 17:27:34,090 INFO o.a.j.t.JMeterThread: Stopping because end time detected by thread: ipokemon 1-60
2020-07-03 17:27:34,091 INFO o.a.j.t.JMeterThread: Thread finished: ipokemon 1-60
2020-07-03 17:27:34,101 INFO o.a.j.t.JMeterThread: Stopping because end time detected by thread: ipokemon 1-61
2020-07-03 17:27:34,101 INFO o.a.j.t.JMeterThread: Thread finished: ipokemon 1-61
2020-07-03 17:27:34,114 INFO o.a.j.t.JMeterThread: Stopping because end time detected by thread: ipokemon 1-62
2020-07-03 17:27:34,114 INFO o.a.j.t.JMeterThread: Thread finished: ipokemon 1-62
2020-07-03 17:27:34,117 INFO o.a.j.t.JMeterThread: Stopping because end time detected by thread: ipokemon 1-63
2020-07-03 17:27:34,117 INFO o.a.j.t.JMeterThread: Thread finished: ipokemon 1-63
2020-07-03 17:27:34,121 INFO o.a.j.t.JMeterThread: Stopping because end time detected by thread: ipokemon 1-64
2020-07-03 17:27:34,121 INFO o.a.j.t.JMeterThread: Thread finished: ipokemon 1-64
2020-07-03 17:27:34,126 INFO o.a.j.t.JMeterThread: Stopping because end time detected by thread: ipokemon 1-65
2020-07-03 17:27:34,126 INFO o.a.j.t.JMeterThread: Thread finished: ipokemon 1-65
2020-07-03 17:27:34,128 INFO o.a.j.t.JMeterThread: Stopping because end time detected by thread: ipokemon 1-66
2020-07-03 17:27:34,128 INFO o.a.j.t.JMeterThread: Thread finished: ipokemon 1-66
2020-07-03 17:27:34,130 INFO o.a.j.t.JMeterThread: Stopping because end time detected by thread: ipokemon 1-67
2020-07-03 17:27:34,130 INFO o.a.j.t.JMeterThread: Thread finished: ipokemon 1-67
2020-07-03 17:27:34,131 INFO o.a.j.t.JMeterThread: Stopping because end time detected by thread: ipokemon 1-68
2020-07-03 17:27:34,131 INFO o.a.j.t.JMeterThread: Thread finished: ipokemon 1-68
2020-07-03 17:27:34,133 INFO o.a.j.t.JMeterThread: Stopping because end time detected by thread: ipokemon 1-69
2020-07-03 17:27:34,133 INFO o.a.j.t.JMeterThread: Thread finished: ipokemon 1-69
2020-07-03 17:27:34,135 INFO o.a.j.t.JMeterThread: Stopping because end time detected by thread: ipokemon 1-70
2020-07-03 17:27:34,135 INFO o.a.j.t.JMeterThread: Thread finished: ipokemon 1-70
2020-07-03 17:27:34,135 INFO o.a.j.t.JMeterThread: Stopping because end time detected by thread: ipokemon 1-71
2020-07-03 17:27:34,136 INFO o.a.j.t.JMeterThread: Thread finished: ipokemon 1-71
2020-07-03 17:27:34,137 INFO o.a.j.t.JMeterThread: Stopping because end time detected by thread: ipokemon 1-72
2020-07-03 17:27:34,137 INFO o.a.j.t.JMeterThread: Thread finished: ipokemon 1-72
2020-07-03 17:27:34,137 INFO o.a.j.t.JMeterThread: Stopping because end time detected by thread: ipokemon 1-73
2020-07-03 17:27:34,137 INFO o.a.j.t.JMeterThread: Thread finished: ipokemon 1-73
2020-07-03 17:27:34,139 INFO o.a.j.t.JMeterThread: Stopping because end time detected by thread: ipokemon 1-74
2020-07-03 17:27:34,139 INFO o.a.j.t.JMeterThread: Thread finished: ipokemon 1-74
2020-07-03 17:27:34,140 INFO o.a.j.t.JMeterThread: Stopping because end time detected by thread: ipokemon 1-75
2020-07-03 17:27:34,141 INFO o.a.j.t.JMeterThread: Thread finished: ipokemon 1-75
2020-07-03 17:27:34,141 INFO o.a.j.t.JMeterThread: Stopping because end time detected by thread: ipokemon 1-76
2020-07-03 17:27:34,141 INFO o.a.j.t.JMeterThread: Thread finished: ipokemon 1-76
2020-07-03 17:27:34,145 INFO o.a.j.t.JMeterThread: Stopping because end time detected by thread: ipokemon 1-77
2020-07-03 17:27:34,145 INFO o.a.j.t.JMeterThread: Thread finished: ipokemon 1-77
2020-07-03 17:27:34,145 INFO o.a.j.t.JMeterThread: Stopping because end time detected by thread: ipokemon 1-78
2020-07-03 17:27:34,145 INFO o.a.j.t.JMeterThread: Thread finished: ipokemon 1-78
2020-07-03 17:27:34,146 INFO o.a.j.t.JMeterThread: Stopping because end time detected by thread: ipokemon 1-79
2020-07-03 17:27:34,147 INFO o.a.j.t.JMeterThread: Thread finished: ipokemon 1-79
2020-07-03 17:27:34,147 INFO o.a.j.t.JMeterThread: Stopping because end time detected by thread: ipokemon 1-80
2020-07-03 17:27:34,147 INFO o.a.j.t.JMeterThread: Thread finished: ipokemon 1-80
2020-07-03 17:27:34,148 INFO o.a.j.t.JMeterThread: Stopping because end time detected by thread: ipokemon 1-81
2020-07-03 17:27:34,149 INFO o.a.j.t.JMeterThread: Thread finished: ipokemon 1-81
2020-07-03 17:27:34,151 INFO o.a.j.t.JMeterThread: Stopping because end time detected by thread: ipokemon 1-82
2020-07-03 17:27:34,151 INFO o.a.j.t.JMeterThread: Thread finished: ipokemon 1-82
2020-07-03 17:27:34,151 INFO o.a.j.t.JMeterThread: Stopping because end time detected by thread: ipokemon 1-83
2020-07-03 17:27:34,151 INFO o.a.j.t.JMeterThread: Thread finished: ipokemon 1-83
2020-07-03 17:27:34,152 INFO o.a.j.t.JMeterThread: Stopping because end time detected by thread: ipokemon 1-84
2020-07-03 17:27:34,152 INFO o.a.j.t.JMeterThread: Thread finished: ipokemon 1-84
2020-07-03 17:27:34,154 INFO o.a.j.t.JMeterThread: Stopping because end time detected by thread: ipokemon 1-85
2020-07-03 17:27:34,154 INFO o.a.j.t.JMeterThread: Thread finished: ipokemon 1-85
2020-07-03 17:27:34,156 INFO o.a.j.t.JMeterThread: Stopping because end time detected by thread: ipokemon 1-86
2020-07-03 17:27:34,156 INFO o.a.j.t.JMeterThread: Thread finished: ipokemon 1-86
2020-07-03 17:27:34,162 INFO o.a.j.t.JMeterThread: Stopping because end time detected by thread: ipokemon 1-87
2020-07-03 17:27:34,162 INFO o.a.j.t.JMeterThread: Thread finished: ipokemon 1-87
2020-07-03 17:27:34,164 INFO o.a.j.t.JMeterThread: Stopping because end time detected by thread: ipokemon 1-88
2020-07-03 17:27:34,164 INFO o.a.j.t.JMeterThread: Thread finished: ipokemon 1-88
2020-07-03 17:27:34,169 INFO o.a.j.t.JMeterThread: Stopping because end time detected by thread: ipokemon 1-89
2020-07-03 17:27:34,169 INFO o.a.j.t.JMeterThread: Thread finished: ipokemon 1-89
2020-07-03 17:27:34,171 INFO o.a.j.t.JMeterThread: Stopping because end time detected by thread: ipokemon 1-90
2020-07-03 17:27:34,171 INFO o.a.j.t.JMeterThread: Thread finished: ipokemon 1-90
2020-07-03 17:27:34,174 INFO o.a.j.t.JMeterThread: Stopping because end time detected by thread: ipokemon 1-91
2020-07-03 17:27:34,175 INFO o.a.j.t.JMeterThread: Thread finished: ipokemon 1-91
2020-07-03 17:27:34,175 INFO o.a.j.t.JMeterThread: Stopping because end time detected by thread: ipokemon 1-92
2020-07-03 17:27:34,175 INFO o.a.j.t.JMeterThread: Thread finished: ipokemon 1-92
2020-07-03 17:27:34,178 INFO o.a.j.t.JMeterThread: Stopping because end time detected by thread: ipokemon 1-93
2020-07-03 17:27:34,178 INFO o.a.j.t.JMeterThread: Thread finished: ipokemon 1-93
2020-07-03 17:27:34,180 INFO o.a.j.t.JMeterThread: Stopping because end time detected by thread: ipokemon 1-94
2020-07-03 17:27:34,180 INFO o.a.j.t.JMeterThread: Thread finished: ipokemon 1-94
2020-07-03 17:27:34,183 INFO o.a.j.t.JMeterThread: Stopping because end time detected by thread: ipokemon 1-95
2020-07-03 17:27:34,183 INFO o.a.j.t.JMeterThread: Thread finished: ipokemon 1-95
2020-07-03 17:27:34,183 INFO o.a.j.t.JMeterThread: Stopping because end time detected by thread: ipokemon 1-96
2020-07-03 17:27:34,183 INFO o.a.j.t.JMeterThread: Thread finished: ipokemon 1-96
2020-07-03 17:27:34,188 INFO o.a.j.t.JMeterThread: Stopping because end time detected by thread: ipokemon 1-97
2020-07-03 17:27:34,188 INFO o.a.j.t.JMeterThread: Thread finished: ipokemon 1-97
2020-07-03 17:27:34,192 INFO o.a.j.t.JMeterThread: Stopping because end time detected by thread: ipokemon 1-98
2020-07-03 17:27:34,193 INFO o.a.j.t.JMeterThread: Thread finished: ipokemon 1-98
2020-07-03 17:27:34,196 INFO o.a.j.t.JMeterThread: Stopping because end time detected by thread: ipokemon 1-99
2020-07-03 17:27:34,197 INFO o.a.j.t.JMeterThread: Thread finished: ipokemon 1-99
2020-07-03 17:27:34,206 INFO o.a.j.t.JMeterThread: Stopping because end time detected by thread: ipokemon 1-100
2020-07-03 17:27:34,206 INFO o.a.j.t.JMeterThread: Thread finished: ipokemon 1-100
2020-07-03 17:27:34,210 INFO o.a.j.t.JMeterThread: Stopping because end time detected by thread: ipokemon 1-101
2020-07-03 17:27:34,210 INFO o.a.j.t.JMeterThread: Thread finished: ipokemon 1-101
2020-07-03 17:27:34,214 INFO o.a.j.t.JMeterThread: Stopping because end time detected by thread: ipokemon 1-102
2020-07-03 17:27:34,214 INFO o.a.j.t.JMeterThread: Thread finished: ipokemon 1-102
2020-07-03 17:27:34,218 INFO o.a.j.t.JMeterThread: Stopping because end time detected by thread: ipokemon 1-103
2020-07-03 17:27:34,218 INFO o.a.j.t.JMeterThread: Thread finished: ipokemon 1-103
2020-07-03 17:27:34,220 INFO o.a.j.t.JMeterThread: Stopping because end time detected by thread: ipokemon 1-104
2020-07-03 17:27:34,221 INFO o.a.j.t.JMeterThread: Thread finished: ipokemon 1-104
2020-07-03 17:27:34,226 INFO o.a.j.t.JMeterThread: Stopping because end time detected by thread: ipokemon 1-105
2020-07-03 17:27:34,226 INFO o.a.j.t.JMeterThread: Thread finished: ipokemon 1-105
2020-07-03 17:27:34,235 INFO o.a.j.t.JMeterThread: Stopping because end time detected by thread: ipokemon 1-106
2020-07-03 17:27:34,235 INFO o.a.j.t.JMeterThread: Thread finished: ipokemon 1-106
2020-07-03 17:27:34,237 INFO o.a.j.t.JMeterThread: Stopping because end time detected by thread: ipokemon 1-107
2020-07-03 17:27:34,237 INFO o.a.j.t.JMeterThread: Thread finished: ipokemon 1-107
2020-07-03 17:27:34,255 INFO o.a.j.t.JMeterThread: Stopping because end time detected by thread: ipokemon 1-108
2020-07-03 17:27:34,255 INFO o.a.j.t.JMeterThread: Thread finished: ipokemon 1-108
2020-07-03 17:27:34,259 INFO o.a.j.t.JMeterThread: Stopping because end time detected by thread: ipokemon 1-109
2020-07-03 17:27:34,259 INFO o.a.j.t.JMeterThread: Thread finished: ipokemon 1-109
2020-07-03 17:27:34,260 INFO o.a.j.t.JMeterThread: Stopping because end time detected by thread: ipokemon 1-110
2020-07-03 17:27:34,260 INFO o.a.j.t.JMeterThread: Thread finished: ipokemon 1-110
2020-07-03 17:27:34,262 INFO o.a.j.t.JMeterThread: Stopping because end time detected by thread: ipokemon 1-111
2020-07-03 17:27:34,262 INFO o.a.j.t.JMeterThread: Thread finished: ipokemon 1-111
2020-07-03 17:27:34,265 INFO o.a.j.t.JMeterThread: Stopping because end time detected by thread: ipokemon 1-112
2020-07-03 17:27:34,265 INFO o.a.j.t.JMeterThread: Thread finished: ipokemon 1-112
2020-07-03 17:27:34,266 INFO o.a.j.t.JMeterThread: Stopping because end time detected by thread: ipokemon 1-113
2020-07-03 17:27:34,266 INFO o.a.j.t.JMeterThread: Thread finished: ipokemon 1-113
2020-07-03 17:27:34,274 INFO o.a.j.t.JMeterThread: Stopping because end time detected by thread: ipokemon 1-114
2020-07-03 17:27:34,274 INFO o.a.j.t.JMeterThread: Thread finished: ipokemon 1-114
2020-07-03 17:27:34,276 INFO o.a.j.t.JMeterThread: Stopping because end time detected by thread: ipokemon 1-115
2020-07-03 17:27:34,276 INFO o.a.j.t.JMeterThread: Thread finished: ipokemon 1-115
2020-07-03 17:27:34,279 INFO o.a.j.t.JMeterThread: Stopping because end time detected by thread: ipokemon 1-116
2020-07-03 17:27:34,279 INFO o.a.j.t.JMeterThread: Thread finished: ipokemon 1-116
2020-07-03 17:27:34,281 INFO o.a.j.t.JMeterThread: Stopping because end time detected by thread: ipokemon 1-117
2020-07-03 17:27:34,281 INFO o.a.j.t.JMeterThread: Thread finished: ipokemon 1-117
2020-07-03 17:27:34,282 INFO o.a.j.t.JMeterThread: Stopping because end time detected by thread: ipokemon 1-118
2020-07-03 17:27:34,282 INFO o.a.j.t.JMeterThread: Thread finished: ipokemon 1-118
2020-07-03 17:27:34,283 INFO o.a.j.t.JMeterThread: Stopping because end time detected by thread: ipokemon 1-119
2020-07-03 17:27:34,283 INFO o.a.j.t.JMeterThread: Thread finished: ipokemon 1-119
2020-07-03 17:27:34,285 INFO o.a.j.t.JMeterThread: Stopping because end time detected by thread: ipokemon 1-120
2020-07-03 17:27:34,285 INFO o.a.j.t.JMeterThread: Thread finished: ipokemon 1-120
2020-07-03 17:27:34,289 INFO o.a.j.t.JMeterThread: Stopping because end time detected by thread: ipokemon 1-121
2020-07-03 17:27:34,289 INFO o.a.j.t.JMeterThread: Thread finished: ipokemon 1-121
2020-07-03 17:27:34,291 INFO o.a.j.t.JMeterThread: Stopping because end time detected by thread: ipokemon 1-122
2020-07-03 17:27:34,291 INFO o.a.j.t.JMeterThread: Thread finished: ipokemon 1-122
2020-07-03 17:27:34,295 INFO o.a.j.t.JMeterThread: Stopping because end time detected by thread: ipokemon 1-123
2020-07-03 17:27:34,295 INFO o.a.j.t.JMeterThread: Thread finished: ipokemon 1-123
2020-07-03 17:27:34,298 INFO o.a.j.t.JMeterThread: Stopping because end time detected by thread: ipokemon 1-124
2020-07-03 17:27:34,298 INFO o.a.j.t.JMeterThread: Thread finished: ipokemon 1-124
2020-07-03 17:27:34,302 INFO o.a.j.t.JMeterThread: Stopping because end time detected by thread: ipokemon 1-125
2020-07-03 17:27:34,302 INFO o.a.j.t.JMeterThread: Thread finished: ipokemon 1-125
2020-07-03 17:27:34,305 INFO o.a.j.t.JMeterThread: Stopping because end time detected by thread: ipokemon 1-126
2020-07-03 17:27:34,305 INFO o.a.j.t.JMeterThread: Thread finished: ipokemon 1-126
2020-07-03 17:27:34,306 INFO o.a.j.t.JMeterThread: Stopping because end time detected by thread: ipokemon 1-127
2020-07-03 17:27:34,306 INFO o.a.j.t.JMeterThread: Thread finished: ipokemon 1-127
2020-07-03 17:27:34,308 INFO o.a.j.t.JMeterThread: Stopping because end time detected by thread: ipokemon 1-128
2020-07-03 17:27:34,309 INFO o.a.j.t.JMeterThread: Thread finished: ipokemon 1-128
2020-07-03 17:27:34,310 INFO o.a.j.t.JMeterThread: Stopping because end time detected by thread: ipokemon 1-129
2020-07-03 17:27:34,311 INFO o.a.j.t.JMeterThread: Thread finished: ipokemon 1-129
2020-07-03 17:27:34,314 INFO o.a.j.t.JMeterThread: Stopping because end time detected by thread: ipokemon 1-130
2020-07-03 17:27:34,314 INFO o.a.j.t.JMeterThread: Thread finished: ipokemon 1-130
2020-07-03 17:27:34,317 INFO o.a.j.t.JMeterThread: Stopping because end time detected by thread: ipokemon 1-131
2020-07-03 17:27:34,317 INFO o.a.j.t.JMeterThread: Thread finished: ipokemon 1-131
2020-07-03 17:27:34,319 INFO o.a.j.t.JMeterThread: Stopping because end time detected by thread: ipokemon 1-132
2020-07-03 17:27:34,319 INFO o.a.j.t.JMeterThread: Thread finished: ipokemon 1-132
2020-07-03 17:27:34,320 INFO o.a.j.t.JMeterThread: Stopping because end time detected by thread: ipokemon 1-133
2020-07-03 17:27:34,320 INFO o.a.j.t.JMeterThread: Thread finished: ipokemon 1-133
2020-07-03 17:27:34,322 INFO o.a.j.t.JMeterThread: Stopping because end time detected by thread: ipokemon 1-134
2020-07-03 17:27:34,322 INFO o.a.j.t.JMeterThread: Thread finished: ipokemon 1-134
2020-07-03 17:27:34,324 INFO o.a.j.t.JMeterThread: Stopping because end time detected by thread: ipokemon 1-135
2020-07-03 17:27:34,324 INFO o.a.j.t.JMeterThread: Thread finished: ipokemon 1-135
2020-07-03 17:27:34,326 INFO o.a.j.t.JMeterThread: Stopping because end time detected by thread: ipokemon 1-136
2020-07-03 17:27:34,327 INFO o.a.j.t.JMeterThread: Thread finished: ipokemon 1-136
2020-07-03 17:27:34,329 INFO o.a.j.t.JMeterThread: Stopping because end time detected by thread: ipokemon 1-137
2020-07-03 17:27:34,329 INFO o.a.j.t.JMeterThread: Thread finished: ipokemon 1-137
2020-07-03 17:27:34,330 INFO o.a.j.t.JMeterThread: Stopping because end time detected by thread: ipokemon 1-138
2020-07-03 17:27:34,330 INFO o.a.j.t.JMeterThread: Thread finished: ipokemon 1-138
2020-07-03 17:27:34,335 INFO o.a.j.t.JMeterThread: Stopping because end time detected by thread: ipokemon 1-139
2020-07-03 17:27:34,335 INFO o.a.j.t.JMeterThread: Thread finished: ipokemon 1-139
2020-07-03 17:27:34,335 INFO o.a.j.t.JMeterThread: Stopping because end time detected by thread: ipokemon 1-140
2020-07-03 17:27:34,335 INFO o.a.j.t.JMeterThread: Thread finished: ipokemon 1-140
2020-07-03 17:27:34,336 INFO o.a.j.t.JMeterThread: Stopping because end time detected by thread: ipokemon 1-141
2020-07-03 17:27:34,336 INFO o.a.j.t.JMeterThread: Thread finished: ipokemon 1-141
2020-07-03 17:27:34,338 INFO o.a.j.t.JMeterThread: Stopping because end time detected by thread: ipokemon 1-142
2020-07-03 17:27:34,338 INFO o.a.j.t.JMeterThread: Thread finished: ipokemon 1-142
2020-07-03 17:27:34,340 INFO o.a.j.t.JMeterThread: Stopping because end time detected by thread: ipokemon 1-143
2020-07-03 17:27:34,340 INFO o.a.j.t.JMeterThread: Thread finished: ipokemon 1-143
2020-07-03 17:27:34,340 INFO o.a.j.t.JMeterThread: Stopping because end time detected by thread: ipokemon 1-144
2020-07-03 17:27:34,340 INFO o.a.j.t.JMeterThread: Thread finished: ipokemon 1-144
2020-07-03 17:27:34,341 INFO o.a.j.t.JMeterThread: Stopping because end time detected by thread: ipokemon 1-145
2020-07-03 17:27:34,341 INFO o.a.j.t.JMeterThread: Thread finished: ipokemon 1-145
2020-07-03 17:27:34,343 INFO o.a.j.t.JMeterThread: Stopping because end time detected by thread: ipokemon 1-146
2020-07-03 17:27:34,343 INFO o.a.j.t.JMeterThread: Thread finished: ipokemon 1-146
2020-07-03 17:27:34,345 INFO o.a.j.t.JMeterThread: Stopping because end time detected by thread: ipokemon 1-147
2020-07-03 17:27:34,345 INFO o.a.j.t.JMeterThread: Thread finished: ipokemon 1-147
2020-07-03 17:27:34,346 INFO o.a.j.t.JMeterThread: Stopping because end time detected by thread: ipokemon 1-148
2020-07-03 17:27:34,346 INFO o.a.j.t.JMeterThread: Thread finished: ipokemon 1-148
2020-07-03 17:27:34,347 INFO o.a.j.t.JMeterThread: Stopping because end time detected by thread: ipokemon 1-149
2020-07-03 17:27:34,348 INFO o.a.j.t.JMeterThread: Thread finished: ipokemon 1-149
2020-07-03 17:27:34,351 INFO o.a.j.t.JMeterThread: Stopping because end time detected by thread: ipokemon 1-150
2020-07-03 17:27:34,351 INFO o.a.j.t.JMeterThread: Thread finished: ipokemon 1-150
2020-07-03 17:27:34,352 INFO o.a.j.t.JMeterThread: Stopping because end time detected by thread: ipokemon 1-151
2020-07-03 17:27:34,352 INFO o.a.j.t.JMeterThread: Thread finished: ipokemon 1-151
2020-07-03 17:27:34,354 INFO o.a.j.t.JMeterThread: Stopping because end time detected by thread: ipokemon 1-152
2020-07-03 17:27:34,354 INFO o.a.j.t.JMeterThread: Thread finished: ipokemon 1-152
2020-07-03 17:27:34,355 INFO o.a.j.t.JMeterThread: Stopping because end time detected by thread: ipokemon 1-153
2020-07-03 17:27:34,355 INFO o.a.j.t.JMeterThread: Thread finished: ipokemon 1-153
2020-07-03 17:27:34,358 INFO o.a.j.t.JMeterThread: Stopping because end time detected by thread: ipokemon 1-154
2020-07-03 17:27:34,358 INFO o.a.j.t.JMeterThread: Thread finished: ipokemon 1-154
2020-07-03 17:27:34,358 INFO o.a.j.t.JMeterThread: Stopping because end time detected by thread: ipokemon 1-155
2020-07-03 17:27:34,358 INFO o.a.j.t.JMeterThread: Thread finished: ipokemon 1-155
2020-07-03 17:27:34,360 INFO o.a.j.t.JMeterThread: Stopping because end time detected by thread: ipokemon 1-156
2020-07-03 17:27:34,360 INFO o.a.j.t.JMeterThread: Thread finished: ipokemon 1-156
2020-07-03 17:27:34,361 INFO o.a.j.t.JMeterThread: Stopping because end time detected by thread: ipokemon 1-157
2020-07-03 17:27:34,361 INFO o.a.j.t.JMeterThread: Thread finished: ipokemon 1-157
2020-07-03 17:27:34,364 INFO o.a.j.t.JMeterThread: Stopping because end time detected by thread: ipokemon 1-158
2020-07-03 17:27:34,364 INFO o.a.j.t.JMeterThread: Thread finished: ipokemon 1-158
2020-07-03 17:27:34,365 INFO o.a.j.t.JMeterThread: Stopping because end time detected by thread: ipokemon 1-159
2020-07-03 17:27:34,365 INFO o.a.j.t.JMeterThread: Thread finished: ipokemon 1-159
2020-07-03 17:27:34,367 INFO o.a.j.t.JMeterThread: Stopping because end time detected by thread: ipokemon 1-160
2020-07-03 17:27:34,367 INFO o.a.j.t.JMeterThread: Thread finished: ipokemon 1-160
2020-07-03 17:27:34,369 INFO o.a.j.t.JMeterThread: Stopping because end time detected by thread: ipokemon 1-161
2020-07-03 17:27:34,369 INFO o.a.j.t.JMeterThread: Thread finished: ipokemon 1-161
2020-07-03 17:27:34,370 INFO o.a.j.t.JMeterThread: Stopping because end time detected by thread: ipokemon 1-162
2020-07-03 17:27:34,371 INFO o.a.j.t.JMeterThread: Thread finished: ipokemon 1-162
2020-07-03 17:27:34,394 INFO o.a.j.t.JMeterThread: Stopping because end time detected by thread: ipokemon 1-164
2020-07-03 17:27:34,394 INFO o.a.j.t.JMeterThread: Thread finished: ipokemon 1-164
2020-07-03 17:27:34,395 INFO o.a.j.t.JMeterThread: Stopping because end time detected by thread: ipokemon 1-163
2020-07-03 17:27:34,395 INFO o.a.j.t.JMeterThread: Thread finished: ipokemon 1-163
2020-07-03 17:27:34,396 INFO o.a.j.t.JMeterThread: Stopping because end time detected by thread: ipokemon 1-165
2020-07-03 17:27:34,396 INFO o.a.j.t.JMeterThread: Thread finished: ipokemon 1-165
2020-07-03 17:27:34,397 INFO o.a.j.t.JMeterThread: Stopping because end time detected by thread: ipokemon 1-166
2020-07-03 17:27:34,398 INFO o.a.j.t.JMeterThread: Thread finished: ipokemon 1-166
2020-07-03 17:27:34,400 INFO o.a.j.t.JMeterThread: Stopping because end time detected by thread: ipokemon 1-167
2020-07-03 17:27:34,401 INFO o.a.j.t.JMeterThread: Thread finished: ipokemon 1-167
2020-07-03 17:27:34,403 INFO o.a.j.t.JMeterThread: Stopping because end time detected by thread: ipokemon 1-168
2020-07-03 17:27:34,403 INFO o.a.j.t.JMeterThread: Thread finished: ipokemon 1-168
2020-07-03 17:27:34,405 INFO o.a.j.t.JMeterThread: Stopping because end time detected by thread: ipokemon 1-169
2020-07-03 17:27:34,405 INFO o.a.j.t.JMeterThread: Thread finished: ipokemon 1-169
2020-07-03 17:27:34,407 INFO o.a.j.t.JMeterThread: Stopping because end time detected by thread: ipokemon 1-170
2020-07-03 17:27:34,407 INFO o.a.j.t.JMeterThread: Thread finished: ipokemon 1-170
2020-07-03 17:27:34,408 INFO o.a.j.t.JMeterThread: Stopping because end time detected by thread: ipokemon 1-171
2020-07-03 17:27:34,408 INFO o.a.j.t.JMeterThread: Thread finished: ipokemon 1-171
2020-07-03 17:27:34,410 INFO o.a.j.t.JMeterThread: Stopping because end time detected by thread: ipokemon 1-172
2020-07-03 17:27:34,410 INFO o.a.j.t.JMeterThread: Thread finished: ipokemon 1-172
2020-07-03 17:27:34,411 INFO o.a.j.t.JMeterThread: Stopping because end time detected by thread: ipokemon 1-173
2020-07-03 17:27:34,411 INFO o.a.j.t.JMeterThread: Thread finished: ipokemon 1-173
2020-07-03 17:27:34,412 INFO o.a.j.t.JMeterThread: Stopping because end time detected by thread: ipokemon 1-174
2020-07-03 17:27:34,412 INFO o.a.j.t.JMeterThread: Thread finished: ipokemon 1-174
2020-07-03 17:27:34,413 INFO o.a.j.t.JMeterThread: Stopping because end time detected by thread: ipokemon 1-175
2020-07-03 17:27:34,413 INFO o.a.j.t.JMeterThread: Thread finished: ipokemon 1-175
2020-07-03 17:27:34,418 INFO o.a.j.t.JMeterThread: Stopping because end time detected by thread: ipokemon 1-176
2020-07-03 17:27:34,419 INFO o.a.j.t.JMeterThread: Thread finished: ipokemon 1-176
2020-07-03 17:27:34,420 INFO o.a.j.t.JMeterThread: Stopping because end time detected by thread: ipokemon 1-177
2020-07-03 17:27:34,420 INFO o.a.j.t.JMeterThread: Thread finished: ipokemon 1-177
2020-07-03 17:27:34,422 INFO o.a.j.t.JMeterThread: Stopping because end time detected by thread: ipokemon 1-178
2020-07-03 17:27:34,422 INFO o.a.j.t.JMeterThread: Thread finished: ipokemon 1-178
2020-07-03 17:27:34,424 INFO o.a.j.t.JMeterThread: Stopping because end time detected by thread: ipokemon 1-179
2020-07-03 17:27:34,424 INFO o.a.j.t.JMeterThread: Thread finished: ipokemon 1-179
2020-07-03 17:27:34,426 INFO o.a.j.t.JMeterThread: Stopping because end time detected by thread: ipokemon 1-180
2020-07-03 17:27:34,426 INFO o.a.j.t.JMeterThread: Thread finished: ipokemon 1-180
2020-07-03 17:27:34,427 INFO o.a.j.t.JMeterThread: Stopping because end time detected by thread: ipokemon 1-181
2020-07-03 17:27:34,427 INFO o.a.j.t.JMeterThread: Thread finished: ipokemon 1-181
2020-07-03 17:27:34,428 INFO o.a.j.t.JMeterThread: Stopping because end time detected by thread: ipokemon 1-182
2020-07-03 17:27:34,429 INFO o.a.j.t.JMeterThread: Thread finished: ipokemon 1-182
2020-07-03 17:27:34,430 INFO o.a.j.t.JMeterThread: Stopping because end time detected by thread: ipokemon 1-183
2020-07-03 17:27:34,430 INFO o.a.j.t.JMeterThread: Thread finished: ipokemon 1-183
2020-07-03 17:27:34,431 INFO o.a.j.t.JMeterThread: Stopping because end time detected by thread: ipokemon 1-184
2020-07-03 17:27:34,431 INFO o.a.j.t.JMeterThread: Thread finished: ipokemon 1-184
2020-07-03 17:27:34,432 INFO o.a.j.t.JMeterThread: Stopping because end time detected by thread: ipokemon 1-185
2020-07-03 17:27:34,432 INFO o.a.j.t.JMeterThread: Thread finished: ipokemon 1-185
2020-07-03 17:27:34,434 INFO o.a.j.t.JMeterThread: Stopping because end time detected by thread: ipokemon 1-186
2020-07-03 17:27:34,434 INFO o.a.j.t.JMeterThread: Thread finished: ipokemon 1-186
2020-07-03 17:27:34,438 INFO o.a.j.t.JMeterThread: Stopping because end time detected by thread: ipokemon 1-187
2020-07-03 17:27:34,438 INFO o.a.j.t.JMeterThread: Thread finished: ipokemon 1-187
2020-07-03 17:27:34,440 INFO o.a.j.t.JMeterThread: Stopping because end time detected by thread: ipokemon 1-188
2020-07-03 17:27:34,440 INFO o.a.j.t.JMeterThread: Thread finished: ipokemon 1-188
2020-07-03 17:27:34,442 INFO o.a.j.t.JMeterThread: Stopping because end time detected by thread: ipokemon 1-189
2020-07-03 17:27:34,442 INFO o.a.j.t.JMeterThread: Thread finished: ipokemon 1-189
2020-07-03 17:27:34,444 INFO o.a.j.t.JMeterThread: Stopping because end time detected by thread: ipokemon 1-190
2020-07-03 17:27:34,444 INFO o.a.j.t.JMeterThread: Thread finished: ipokemon 1-190
2020-07-03 17:27:34,444 INFO o.a.j.t.JMeterThread: Stopping because end time detected by thread: ipokemon 1-191
2020-07-03 17:27:34,445 INFO o.a.j.t.JMeterThread: Thread finished: ipokemon 1-191
2020-07-03 17:27:34,449 INFO o.a.j.t.JMeterThread: Stopping because end time detected by thread: ipokemon 1-192
2020-07-03 17:27:34,449 INFO o.a.j.t.JMeterThread: Thread finished: ipokemon 1-192
2020-07-03 17:27:34,449 INFO o.a.j.t.JMeterThread: Stopping because end time detected by thread: ipokemon 1-193
2020-07-03 17:27:34,449 INFO o.a.j.t.JMeterThread: Thread finished: ipokemon 1-193
2020-07-03 17:27:34,453 INFO o.a.j.t.JMeterThread: Stopping because end time detected by thread: ipokemon 1-194
2020-07-03 17:27:34,453 INFO o.a.j.t.JMeterThread: Thread finished: ipokemon 1-194
2020-07-03 17:27:34,456 INFO o.a.j.t.JMeterThread: Stopping because end time detected by thread: ipokemon 1-195
2020-07-03 17:27:34,456 INFO o.a.j.t.JMeterThread: Thread finished: ipokemon 1-195
2020-07-03 17:27:34,457 INFO o.a.j.t.JMeterThread: Stopping because end time detected by thread: ipokemon 1-196
2020-07-03 17:27:34,457 INFO o.a.j.t.JMeterThread: Thread finished: ipokemon 1-196
2020-07-03 17:27:34,458 INFO o.a.j.t.JMeterThread: Stopping because end time detected by thread: ipokemon 1-197
2020-07-03 17:27:34,458 INFO o.a.j.t.JMeterThread: Thread finished: ipokemon 1-197
2020-07-03 17:27:34,460 INFO o.a.j.t.JMeterThread: Stopping because end time detected by thread: ipokemon 1-198
2020-07-03 17:27:34,460 INFO o.a.j.t.JMeterThread: Thread finished: ipokemon 1-198
2020-07-03 17:27:34,462 INFO o.a.j.t.JMeterThread: Stopping because end time detected by thread: ipokemon 1-199
2020-07-03 17:27:34,463 INFO o.a.j.t.JMeterThread: Thread finished: ipokemon 1-199
2020-07-03 17:27:34,464 INFO o.a.j.t.JMeterThread: Stopping because end time detected by thread: ipokemon 1-200
2020-07-03 17:27:34,464 INFO o.a.j.t.JMeterThread: Thread finished: ipokemon 1-200
2020-07-03 17:27:34,465 INFO o.a.j.t.JMeterThread: Stopping because end time detected by thread: ipokemon 1-201
2020-07-03 17:27:34,465 INFO o.a.j.t.JMeterThread: Thread finished: ipokemon 1-201
2020-07-03 17:27:34,467 INFO o.a.j.t.JMeterThread: Stopping because end time detected by thread: ipokemon 1-202
2020-07-03 17:27:34,467 INFO o.a.j.t.JMeterThread: Thread finished: ipokemon 1-202
2020-07-03 17:27:34,470 INFO o.a.j.t.JMeterThread: Stopping because end time detected by thread: ipokemon 1-203
2020-07-03 17:27:34,471 INFO o.a.j.t.JMeterThread: Thread finished: ipokemon 1-203
2020-07-03 17:27:34,473 INFO o.a.j.t.JMeterThread: Stopping because end time detected by thread: ipokemon 1-204
2020-07-03 17:27:34,473 INFO o.a.j.t.JMeterThread: Thread finished: ipokemon 1-204
2020-07-03 17:27:34,474 INFO o.a.j.t.JMeterThread: Stopping because end time detected by thread: ipokemon 1-205
2020-07-03 17:27:34,474 INFO o.a.j.t.JMeterThread: Thread finished: ipokemon 1-205
2020-07-03 17:27:34,477 INFO o.a.j.t.JMeterThread: Stopping because end time detected by thread: ipokemon 1-206
2020-07-03 17:27:34,478 INFO o.a.j.t.JMeterThread: Thread finished: ipokemon 1-206
2020-07-03 17:27:34,502 INFO o.a.j.t.JMeterThread: Stopping because end time detected by thread: ipokemon 1-207
2020-07-03 17:27:34,502 INFO o.a.j.t.JMeterThread: Thread finished: ipokemon 1-207
2020-07-03 17:27:34,504 INFO o.a.j.t.JMeterThread: Stopping because end time detected by thread: ipokemon 1-208
2020-07-03 17:27:34,504 INFO o.a.j.t.JMeterThread: Thread finished: ipokemon 1-208
2020-07-03 17:27:34,504 INFO o.a.j.t.JMeterThread: Stopping because end time detected by thread: ipokemon 1-209
2020-07-03 17:27:34,504 INFO o.a.j.t.JMeterThread: Thread finished: ipokemon 1-209
2020-07-03 17:27:34,506 INFO o.a.j.t.JMeterThread: Stopping because end time detected by thread: ipokemon 1-210
2020-07-03 17:27:34,506 INFO o.a.j.t.JMeterThread: Thread finished: ipokemon 1-210
2020-07-03 17:27:34,506 INFO o.a.j.t.JMeterThread: Stopping because end time detected by thread: ipokemon 1-211
2020-07-03 17:27:34,506 INFO o.a.j.t.JMeterThread: Thread finished: ipokemon 1-211
2020-07-03 17:27:34,508 INFO o.a.j.t.JMeterThread: Stopping because end time detected by thread: ipokemon 1-212
2020-07-03 17:27:34,508 INFO o.a.j.t.JMeterThread: Thread finished: ipokemon 1-212
2020-07-03 17:27:34,508 INFO o.a.j.t.JMeterThread: Stopping because end time detected by thread: ipokemon 1-213
2020-07-03 17:27:34,508 INFO o.a.j.t.JMeterThread: Thread finished: ipokemon 1-213
2020-07-03 17:27:34,510 INFO o.a.j.t.JMeterThread: Stopping because end time detected by thread: ipokemon 1-214
2020-07-03 17:27:34,510 INFO o.a.j.t.JMeterThread: Thread finished: ipokemon 1-214
2020-07-03 17:27:34,514 INFO o.a.j.t.JMeterThread: Stopping because end time detected by thread: ipokemon 1-215
2020-07-03 17:27:34,514 INFO o.a.j.t.JMeterThread: Thread finished: ipokemon 1-215
2020-07-03 17:27:34,515 INFO o.a.j.t.JMeterThread: Stopping because end time detected by thread: ipokemon 1-216
2020-07-03 17:27:34,515 INFO o.a.j.t.JMeterThread: Thread finished: ipokemon 1-216
2020-07-03 17:27:34,518 INFO o.a.j.t.JMeterThread: Stopping because end time detected by thread: ipokemon 1-217
2020-07-03 17:27:34,519 INFO o.a.j.t.JMeterThread: Thread finished: ipokemon 1-217
2020-07-03 17:27:34,521 INFO o.a.j.t.JMeterThread: Stopping because end time detected by thread: ipokemon 1-218
2020-07-03 17:27:34,521 INFO o.a.j.t.JMeterThread: Thread finished: ipokemon 1-218
2020-07-03 17:27:34,524 INFO o.a.j.t.JMeterThread: Stopping because end time detected by thread: ipokemon 1-219
2020-07-03 17:27:34,524 INFO o.a.j.t.JMeterThread: Thread finished: ipokemon 1-219
2020-07-03 17:27:34,526 INFO o.a.j.t.JMeterThread: Stopping because end time detected by thread: ipokemon 1-220
2020-07-03 17:27:34,526 INFO o.a.j.t.JMeterThread: Thread finished: ipokemon 1-220
2020-07-03 17:27:34,526 INFO o.a.j.t.JMeterThread: Stopping because end time detected by thread: ipokemon 1-221
2020-07-03 17:27:34,526 INFO o.a.j.t.JMeterThread: Thread finished: ipokemon 1-221
2020-07-03 17:27:34,528 INFO o.a.j.t.JMeterThread: Stopping because end time detected by thread: ipokemon 1-222
2020-07-03 17:27:34,528 INFO o.a.j.t.JMeterThread: Thread finished: ipokemon 1-222
2020-07-03 17:27:34,528 INFO o.a.j.t.JMeterThread: Stopping because end time detected by thread: ipokemon 1-223
2020-07-03 17:27:34,528 INFO o.a.j.t.JMeterThread: Thread finished: ipokemon 1-223
2020-07-03 17:27:34,530 INFO o.a.j.t.JMeterThread: Stopping because end time detected by thread: ipokemon 1-224
2020-07-03 17:27:34,530 INFO o.a.j.t.JMeterThread: Thread finished: ipokemon 1-224
2020-07-03 17:27:34,532 INFO o.a.j.t.JMeterThread: Stopping because end time detected by thread: ipokemon 1-225
2020-07-03 17:27:34,532 INFO o.a.j.t.JMeterThread: Thread finished: ipokemon 1-225
2020-07-03 17:27:34,532 INFO o.a.j.t.JMeterThread: Stopping because end time detected by thread: ipokemon 1-226
2020-07-03 17:27:34,532 INFO o.a.j.t.JMeterThread: Thread finished: ipokemon 1-226
2020-07-03 17:27:34,535 INFO o.a.j.t.JMeterThread: Stopping because end time detected by thread: ipokemon 1-227
2020-07-03 17:27:34,535 INFO o.a.j.t.JMeterThread: Thread finished: ipokemon 1-227
2020-07-03 17:27:34,538 INFO o.a.j.t.JMeterThread: Stopping because end time detected by thread: ipokemon 1-228
2020-07-03 17:27:34,538 INFO o.a.j.t.JMeterThread: Thread finished: ipokemon 1-228
2020-07-03 17:27:34,543 INFO o.a.j.t.JMeterThread: Stopping because end time detected by thread: ipokemon 1-229
2020-07-03 17:27:34,543 INFO o.a.j.t.JMeterThread: Thread finished: ipokemon 1-229
2020-07-03 17:27:34,543 INFO o.a.j.t.JMeterThread: Stopping because end time detected by thread: ipokemon 1-230
2020-07-03 17:27:34,543 INFO o.a.j.t.JMeterThread: Thread finished: ipokemon 1-230
2020-07-03 17:27:34,545 INFO o.a.j.t.JMeterThread: Stopping because end time detected by thread: ipokemon 1-231
2020-07-03 17:27:34,545 INFO o.a.j.t.JMeterThread: Thread finished: ipokemon 1-231
2020-07-03 17:27:34,545 INFO o.a.j.t.JMeterThread: Stopping because end time detected by thread: ipokemon 1-232
2020-07-03 17:27:34,545 INFO o.a.j.t.JMeterThread: Thread finished: ipokemon 1-232
2020-07-03 17:27:34,547 INFO o.a.j.t.JMeterThread: Stopping because end time detected by thread: ipokemon 1-233
2020-07-03 17:27:34,547 INFO o.a.j.t.JMeterThread: Thread finished: ipokemon 1-233
2020-07-03 17:27:34,548 INFO o.a.j.t.JMeterThread: Stopping because end time detected by thread: ipokemon 1-234
2020-07-03 17:27:34,548 INFO o.a.j.t.JMeterThread: Thread finished: ipokemon 1-234
2020-07-03 17:27:34,549 INFO o.a.j.t.JMeterThread: Stopping because end time detected by thread: ipokemon 1-235
2020-07-03 17:27:34,550 INFO o.a.j.t.JMeterThread: Thread finished: ipokemon 1-235
2020-07-03 17:27:34,550 INFO o.a.j.t.JMeterThread: Stopping because end time detected by thread: ipokemon 1-236
2020-07-03 17:27:34,550 INFO o.a.j.t.JMeterThread: Thread finished: ipokemon 1-236
2020-07-03 17:27:34,551 INFO o.a.j.t.JMeterThread: Stopping because end time detected by thread: ipokemon 1-237
2020-07-03 17:27:34,551 INFO o.a.j.t.JMeterThread: Thread finished: ipokemon 1-237
2020-07-03 17:27:34,553 INFO o.a.j.t.JMeterThread: Stopping because end time detected by thread: ipokemon 1-238
2020-07-03 17:27:34,553 INFO o.a.j.t.JMeterThread: Thread finished: ipokemon 1-238
2020-07-03 17:27:34,554 INFO o.a.j.t.JMeterThread: Stopping because end time detected by thread: ipokemon 1-239
2020-07-03 17:27:34,554 INFO o.a.j.t.JMeterThread: Thread finished: ipokemon 1-239
2020-07-03 17:27:34,556 INFO o.a.j.t.JMeterThread: Stopping because end time detected by thread: ipokemon 1-240
2020-07-03 17:27:34,556 INFO o.a.j.t.JMeterThread: Thread finished: ipokemon 1-240
2020-07-03 17:27:34,556 INFO o.a.j.t.JMeterThread: Stopping because end time detected by thread: ipokemon 1-241
2020-07-03 17:27:34,556 INFO o.a.j.t.JMeterThread: Thread finished: ipokemon 1-241
2020-07-03 17:27:34,558 INFO o.a.j.t.JMeterThread: Stopping because end time detected by thread: ipokemon 1-242
2020-07-03 17:27:34,558 INFO o.a.j.t.JMeterThread: Thread finished: ipokemon 1-242
2020-07-03 17:27:34,560 INFO o.a.j.t.JMeterThread: Stopping because end time detected by thread: ipokemon 1-243
2020-07-03 17:27:34,560 INFO o.a.j.t.JMeterThread: Thread finished: ipokemon 1-243
2020-07-03 17:27:34,562 INFO o.a.j.t.JMeterThread: Stopping because end time detected by thread: ipokemon 1-244
2020-07-03 17:27:34,562 INFO o.a.j.t.JMeterThread: Thread finished: ipokemon 1-244
2020-07-03 17:27:34,566 INFO o.a.j.t.JMeterThread: Stopping because end time detected by thread: ipokemon 1-245
2020-07-03 17:27:34,566 INFO o.a.j.t.JMeterThread: Thread finished: ipokemon 1-245
2020-07-03 17:27:34,570 INFO o.a.j.t.JMeterThread: Stopping because end time detected by thread: ipokemon 1-246
2020-07-03 17:27:34,570 INFO o.a.j.t.JMeterThread: Thread finished: ipokemon 1-246
2020-07-03 17:27:34,571 INFO o.a.j.t.JMeterThread: Stopping because end time detected by thread: ipokemon 1-247
2020-07-03 17:27:34,571 INFO o.a.j.t.JMeterThread: Thread finished: ipokemon 1-247
2020-07-03 17:27:34,588 INFO o.a.j.t.JMeterThread: Stopping because end time detected by thread: ipokemon 1-248
2020-07-03 17:27:34,588 INFO o.a.j.t.JMeterThread: Thread finished: ipokemon 1-248
2020-07-03 17:27:34,590 INFO o.a.j.t.JMeterThread: Stopping because end time detected by thread: ipokemon 1-249
2020-07-03 17:27:34,590 INFO o.a.j.t.JMeterThread: Thread finished: ipokemon 1-249
2020-07-03 17:27:34,594 INFO o.a.j.t.JMeterThread: Stopping because end time detected by thread: ipokemon 1-250
2020-07-03 17:27:34,594 INFO o.a.j.t.JMeterThread: Thread finished: ipokemon 1-250
2020-07-03 17:27:34,595 INFO o.a.j.e.StandardJMeterEngine: Notifying test listeners of end of test
2020-07-03 17:27:34,597 INFO o.a.j.e.StandardJMeterEngine: Forced JVM shutdown requested at end of test
