2020-07-03 15:26:31,065 INFO o.a.j.u.JMeterUtils: Setting Locale to en_US
2020-07-03 15:26:31,096 INFO o.a.j.JMeter: Loading user properties from: user.properties
2020-07-03 15:26:31,097 INFO o.a.j.JMeter: Loading system properties from: system.properties
2020-07-03 15:26:31,097 INFO o.a.j.JMeter: Loading additional properties from: /home/farooq/DeFog/Experiments/DeFog/jmeter/bin/2020-07-03_15-26-26.259006/jmeter-bzt.properties
2020-07-03 15:26:31,099 INFO o.a.j.JMeter: Copyright (c) 1998-2019 The Apache Software Foundation
2020-07-03 15:26:31,099 INFO o.a.j.JMeter: Version 5.2.1
2020-07-03 15:26:31,099 INFO o.a.j.JMeter: java.version=11.0.7
2020-07-03 15:26:31,100 INFO o.a.j.JMeter: java.vm.name=OpenJDK 64-Bit Server VM
2020-07-03 15:26:31,100 INFO o.a.j.JMeter: os.name=Linux
2020-07-03 15:26:31,100 INFO o.a.j.JMeter: os.arch=amd64
2020-07-03 15:26:31,100 INFO o.a.j.JMeter: os.version=5.3.0-28-generic
2020-07-03 15:26:31,100 INFO o.a.j.JMeter: file.encoding=UTF-8
2020-07-03 15:26:31,100 INFO o.a.j.JMeter: java.awt.headless=true
2020-07-03 15:26:31,100 INFO o.a.j.JMeter: Max memory     =4158652416
2020-07-03 15:26:31,101 INFO o.a.j.JMeter: Available Processors =8
2020-07-03 15:26:31,110 INFO o.a.j.JMeter: Default Locale=English (United States)
2020-07-03 15:26:31,110 INFO o.a.j.JMeter: JMeter  Locale=English (United States)
2020-07-03 15:26:31,110 INFO o.a.j.JMeter: JMeterHome=/home/farooq/.bzt/jmeter-taurus/5.2.1
2020-07-03 15:26:31,111 INFO o.a.j.JMeter: user.dir  =/home/farooq/DeFog/Experiments/DeFog/jmeter/bin
2020-07-03 15:26:31,111 INFO o.a.j.JMeter: PWD       =/home/farooq/DeFog/Experiments/DeFog/jmeter/bin
2020-07-03 15:26:31,111 INFO o.a.j.JMeter: IP: 127.0.1.1 Name: farooq-HP-EliteBook-840-G5 FullName: farooq-HP-EliteBook-840-G5
2020-07-03 15:26:31,111 INFO o.a.j.JMeter: user.classpath=/home/farooq/DeFog/Experiments/DeFog/jmeter/bin/2020-07-03_15-26-26.259006:/home/farooq/DeFog/Experiments/DeFog/assets/ipokemon-assets
2020-07-03 15:26:31,112 INFO o.a.j.JMeter: Adding to classpath and loader: /home/farooq/DeFog/Experiments/DeFog/jmeter/bin/2020-07-03_15-26-26.259006
2020-07-03 15:26:31,113 INFO o.a.j.JMeter: Adding to classpath and loader: /home/farooq/DeFog/Experiments/DeFog/assets/ipokemon-assets
2020-07-03 15:26:31,120 INFO o.a.j.s.FileServer: Default base='/home/farooq/DeFog/Experiments/DeFog/jmeter/bin'
2020-07-03 15:26:31,123 INFO o.a.j.s.FileServer: Set new base='/home/farooq/DeFog/Experiments/DeFog/assets/ipokemon-assets'
2020-07-03 15:26:31,286 INFO o.a.j.s.SaveService: Testplan (JMX) version: 2.2. Testlog (JTL) version: 2.2
2020-07-03 15:26:31,305 INFO o.a.j.s.SaveService: Using SaveService properties version 5.0
2020-07-03 15:26:31,311 INFO o.a.j.s.SaveService: Using SaveService properties file encoding UTF-8
2020-07-03 15:26:31,317 INFO o.a.j.s.SaveService: Loading file: /home/farooq/DeFog/Experiments/DeFog/assets/ipokemon-assets/modified_iPokemon.jmx
2020-07-03 15:26:31,387 INFO o.a.j.p.h.s.HTTPSamplerBase: Parser for text/html is org.apache.jmeter.protocol.http.parser.LagartoBasedHtmlParser
2020-07-03 15:26:31,387 INFO o.a.j.p.h.s.HTTPSamplerBase: Parser for application/xhtml+xml is org.apache.jmeter.protocol.http.parser.LagartoBasedHtmlParser
2020-07-03 15:26:31,387 INFO o.a.j.p.h.s.HTTPSamplerBase: Parser for application/xml is org.apache.jmeter.protocol.http.parser.LagartoBasedHtmlParser
2020-07-03 15:26:31,388 INFO o.a.j.p.h.s.HTTPSamplerBase: Parser for text/xml is org.apache.jmeter.protocol.http.parser.LagartoBasedHtmlParser
2020-07-03 15:26:31,388 INFO o.a.j.p.h.s.HTTPSamplerBase: Parser for text/vnd.wap.wml is org.apache.jmeter.protocol.http.parser.RegexpHTMLParser
2020-07-03 15:26:31,388 INFO o.a.j.p.h.s.HTTPSamplerBase: Parser for text/css is org.apache.jmeter.protocol.http.parser.CssParser
2020-07-03 15:26:31,526 INFO o.a.j.e.StandardJMeterEngine: Running the test!
2020-07-03 15:26:31,532 INFO o.a.j.s.SampleEvent: List of sample_variables: []
2020-07-03 15:26:31,532 INFO o.a.j.s.SampleEvent: List of sample_variables: []
2020-07-03 15:26:31,543 INFO o.a.j.e.u.CompoundVariable: Note: Function class names must contain the string: '.functions.'
2020-07-03 15:26:31,543 INFO o.a.j.e.u.CompoundVariable: Note: Function class names must not contain the string: '.gui.'
2020-07-03 15:26:31,956 INFO o.a.j.JMeter: Running test (1593779191956)
2020-07-03 15:26:31,986 INFO o.a.j.e.StandardJMeterEngine: Starting ThreadGroup: 1 : ipokemon
2020-07-03 15:26:31,987 INFO o.a.j.e.StandardJMeterEngine: Starting 5 threads for group ipokemon.
2020-07-03 15:26:31,987 INFO o.a.j.e.StandardJMeterEngine: Thread will continue on error
2020-07-03 15:26:31,987 INFO o.a.j.t.ThreadGroup: Starting thread group... number=1 threads=5 ramp-up=0 delayedStart=false
2020-07-03 15:26:32,010 INFO o.a.j.t.JMeterThread: Thread started: ipokemon 1-1
2020-07-03 15:26:32,024 INFO o.a.j.t.JMeterThread: Thread started: ipokemon 1-2
2020-07-03 15:26:32,030 INFO o.a.j.t.JMeterThread: Thread started: ipokemon 1-3
2020-07-03 15:26:32,034 INFO o.a.j.t.ThreadGroup: Started thread group number 1
2020-07-03 15:26:32,034 INFO o.a.j.e.StandardJMeterEngine: All thread groups have been started
2020-07-03 15:26:32,036 INFO o.a.j.t.JMeterThread: Thread started: ipokemon 1-4
2020-07-03 15:26:32,040 INFO o.a.j.t.JMeterThread: Thread started: ipokemon 1-5
2020-07-03 15:26:32,052 INFO o.a.j.p.h.s.HTTPHCAbstractImpl: Local host = farooq-HP-EliteBook-840-G5
2020-07-03 15:26:32,062 INFO o.a.j.p.h.s.HTTPHC4Impl: HTTP request retry count = 0
2020-07-03 15:26:32,065 INFO o.a.j.s.SampleResult: Note: Sample TimeStamps are START times
2020-07-03 15:26:32,065 INFO o.a.j.s.SampleResult: sampleresult.default.encoding is set to UTF-8
2020-07-03 15:26:32,065 INFO o.a.j.s.SampleResult: sampleresult.useNanoTime=true
2020-07-03 15:26:32,065 INFO o.a.j.s.SampleResult: sampleresult.nanoThreadSleep=5000
2020-07-03 15:31:31,987 INFO o.a.j.t.JMeterThread: Stopping because end time detected by thread: ipokemon 1-1
2020-07-03 15:31:31,988 INFO o.a.j.t.JMeterThread: Thread finished: ipokemon 1-1
2020-07-03 15:31:31,997 INFO o.a.j.t.JMeterThread: Stopping because end time detected by thread: ipokemon 1-2
2020-07-03 15:31:31,998 INFO o.a.j.t.JMeterThread: Thread finished: ipokemon 1-2
2020-07-03 15:31:32,013 INFO o.a.j.t.JMeterThread: Stopping because end time detected by thread: ipokemon 1-3
2020-07-03 15:31:32,014 INFO o.a.j.t.JMeterThread: Thread finished: ipokemon 1-3
2020-07-03 15:31:32,019 INFO o.a.j.t.JMeterThread: Stopping because end time detected by thread: ipokemon 1-4
2020-07-03 15:31:32,019 INFO o.a.j.t.JMeterThread: Thread finished: ipokemon 1-4
2020-07-03 15:31:32,027 INFO o.a.j.t.JMeterThread: Stopping because end time detected by thread: ipokemon 1-5
2020-07-03 15:31:32,028 INFO o.a.j.t.JMeterThread: Thread finished: ipokemon 1-5
2020-07-03 15:31:32,028 INFO o.a.j.e.StandardJMeterEngine: Notifying test listeners of end of test
2020-07-03 15:31:32,031 INFO o.a.j.e.StandardJMeterEngine: Forced JVM shutdown requested at end of test
