2020-07-03 16:53:57,442 INFO o.a.j.u.JMeterUtils: Setting Locale to en_US
2020-07-03 16:53:57,463 INFO o.a.j.JMeter: Loading user properties from: user.properties
2020-07-03 16:53:57,463 INFO o.a.j.JMeter: Loading system properties from: system.properties
2020-07-03 16:53:57,464 INFO o.a.j.JMeter: Loading additional properties from: /home/farooq/DeFog/Experiments/DeFog/jmeter/bin/2020-07-03_16-53-52.054591/jmeter-bzt.properties
2020-07-03 16:53:57,465 INFO o.a.j.JMeter: Copyright (c) 1998-2019 The Apache Software Foundation
2020-07-03 16:53:57,465 INFO o.a.j.JMeter: Version 5.2.1
2020-07-03 16:53:57,465 INFO o.a.j.JMeter: java.version=11.0.7
2020-07-03 16:53:57,465 INFO o.a.j.JMeter: java.vm.name=OpenJDK 64-Bit Server VM
2020-07-03 16:53:57,465 INFO o.a.j.JMeter: os.name=Linux
2020-07-03 16:53:57,465 INFO o.a.j.JMeter: os.arch=amd64
2020-07-03 16:53:57,465 INFO o.a.j.JMeter: os.version=5.3.0-28-generic
2020-07-03 16:53:57,466 INFO o.a.j.JMeter: file.encoding=UTF-8
2020-07-03 16:53:57,466 INFO o.a.j.JMeter: java.awt.headless=true
2020-07-03 16:53:57,466 INFO o.a.j.JMeter: Max memory     =4158652416
2020-07-03 16:53:57,466 INFO o.a.j.JMeter: Available Processors =8
2020-07-03 16:53:57,472 INFO o.a.j.JMeter: Default Locale=English (United States)
2020-07-03 16:53:57,472 INFO o.a.j.JMeter: JMeter  Locale=English (United States)
2020-07-03 16:53:57,472 INFO o.a.j.JMeter: JMeterHome=/home/farooq/.bzt/jmeter-taurus/5.2.1
2020-07-03 16:53:57,472 INFO o.a.j.JMeter: user.dir  =/home/farooq/DeFog/Experiments/DeFog/jmeter/bin
2020-07-03 16:53:57,472 INFO o.a.j.JMeter: PWD       =/home/farooq/DeFog/Experiments/DeFog/jmeter/bin
2020-07-03 16:53:57,473 INFO o.a.j.JMeter: IP: 127.0.1.1 Name: farooq-HP-EliteBook-840-G5 FullName: farooq-HP-EliteBook-840-G5
2020-07-03 16:53:57,473 INFO o.a.j.JMeter: user.classpath=/home/farooq/DeFog/Experiments/DeFog/jmeter/bin/2020-07-03_16-53-52.054591:/home/farooq/DeFog/Experiments/DeFog/assets/ipokemon-assets
2020-07-03 16:53:57,473 INFO o.a.j.JMeter: Adding to classpath and loader: /home/farooq/DeFog/Experiments/DeFog/jmeter/bin/2020-07-03_16-53-52.054591
2020-07-03 16:53:57,473 INFO o.a.j.JMeter: Adding to classpath and loader: /home/farooq/DeFog/Experiments/DeFog/assets/ipokemon-assets
2020-07-03 16:53:57,480 INFO o.a.j.s.FileServer: Default base='/home/farooq/DeFog/Experiments/DeFog/jmeter/bin'
2020-07-03 16:53:57,481 INFO o.a.j.s.FileServer: Set new base='/home/farooq/DeFog/Experiments/DeFog/assets/ipokemon-assets'
2020-07-03 16:53:57,592 INFO o.a.j.s.SaveService: Testplan (JMX) version: 2.2. Testlog (JTL) version: 2.2
2020-07-03 16:53:57,604 INFO o.a.j.s.SaveService: Using SaveService properties version 5.0
2020-07-03 16:53:57,608 INFO o.a.j.s.SaveService: Using SaveService properties file encoding UTF-8
2020-07-03 16:53:57,613 INFO o.a.j.s.SaveService: Loading file: /home/farooq/DeFog/Experiments/DeFog/assets/ipokemon-assets/modified_iPokemon.jmx
2020-07-03 16:53:57,662 INFO o.a.j.p.h.s.HTTPSamplerBase: Parser for text/html is org.apache.jmeter.protocol.http.parser.LagartoBasedHtmlParser
2020-07-03 16:53:57,662 INFO o.a.j.p.h.s.HTTPSamplerBase: Parser for application/xhtml+xml is org.apache.jmeter.protocol.http.parser.LagartoBasedHtmlParser
2020-07-03 16:53:57,662 INFO o.a.j.p.h.s.HTTPSamplerBase: Parser for application/xml is org.apache.jmeter.protocol.http.parser.LagartoBasedHtmlParser
2020-07-03 16:53:57,662 INFO o.a.j.p.h.s.HTTPSamplerBase: Parser for text/xml is org.apache.jmeter.protocol.http.parser.LagartoBasedHtmlParser
2020-07-03 16:53:57,662 INFO o.a.j.p.h.s.HTTPSamplerBase: Parser for text/vnd.wap.wml is org.apache.jmeter.protocol.http.parser.RegexpHTMLParser
2020-07-03 16:53:57,662 INFO o.a.j.p.h.s.HTTPSamplerBase: Parser for text/css is org.apache.jmeter.protocol.http.parser.CssParser
2020-07-03 16:53:57,745 INFO o.a.j.e.StandardJMeterEngine: Running the test!
2020-07-03 16:53:57,748 INFO o.a.j.s.SampleEvent: List of sample_variables: []
2020-07-03 16:53:57,748 INFO o.a.j.s.SampleEvent: List of sample_variables: []
2020-07-03 16:53:57,756 INFO o.a.j.e.u.CompoundVariable: Note: Function class names must contain the string: '.functions.'
2020-07-03 16:53:57,756 INFO o.a.j.e.u.CompoundVariable: Note: Function class names must not contain the string: '.gui.'
2020-07-03 16:53:58,058 INFO o.a.j.JMeter: Running test (1593784438058)
2020-07-03 16:53:58,079 INFO o.a.j.e.StandardJMeterEngine: Starting ThreadGroup: 1 : ipokemon
2020-07-03 16:53:58,080 INFO o.a.j.e.StandardJMeterEngine: Starting 50 threads for group ipokemon.
2020-07-03 16:53:58,080 INFO o.a.j.e.StandardJMeterEngine: Thread will continue on error
2020-07-03 16:53:58,080 INFO o.a.j.t.ThreadGroup: Starting thread group... number=1 threads=50 ramp-up=0 delayedStart=false
2020-07-03 16:53:58,095 INFO o.a.j.t.JMeterThread: Thread started: ipokemon 1-1
2020-07-03 16:53:58,099 INFO o.a.j.t.JMeterThread: Thread started: ipokemon 1-2
2020-07-03 16:53:58,102 INFO o.a.j.t.JMeterThread: Thread started: ipokemon 1-3
2020-07-03 16:53:58,113 INFO o.a.j.t.JMeterThread: Thread started: ipokemon 1-5
2020-07-03 16:53:58,113 INFO o.a.j.t.JMeterThread: Thread started: ipokemon 1-4
2020-07-03 16:53:58,121 INFO o.a.j.t.JMeterThread: Thread started: ipokemon 1-6
2020-07-03 16:53:58,126 INFO o.a.j.t.JMeterThread: Thread started: ipokemon 1-7
2020-07-03 16:53:58,128 INFO o.a.j.t.JMeterThread: Thread started: ipokemon 1-8
2020-07-03 16:53:58,133 INFO o.a.j.t.JMeterThread: Thread started: ipokemon 1-9
2020-07-03 16:53:58,136 INFO o.a.j.p.h.s.HTTPHCAbstractImpl: Local host = farooq-HP-EliteBook-840-G5
2020-07-03 16:53:58,136 INFO o.a.j.t.JMeterThread: Thread started: ipokemon 1-10
2020-07-03 16:53:58,140 INFO o.a.j.t.JMeterThread: Thread started: ipokemon 1-11
2020-07-03 16:53:58,145 INFO o.a.j.t.JMeterThread: Thread started: ipokemon 1-12
2020-07-03 16:53:58,146 INFO o.a.j.p.h.s.HTTPHC4Impl: HTTP request retry count = 0
2020-07-03 16:53:58,147 INFO o.a.j.t.JMeterThread: Thread started: ipokemon 1-13
2020-07-03 16:53:58,149 INFO o.a.j.s.SampleResult: Note: Sample TimeStamps are START times
2020-07-03 16:53:58,149 INFO o.a.j.s.SampleResult: sampleresult.default.encoding is set to UTF-8
2020-07-03 16:53:58,149 INFO o.a.j.s.SampleResult: sampleresult.useNanoTime=true
2020-07-03 16:53:58,149 INFO o.a.j.s.SampleResult: sampleresult.nanoThreadSleep=5000
2020-07-03 16:53:58,154 INFO o.a.j.t.JMeterThread: Thread started: ipokemon 1-14
2020-07-03 16:53:58,157 INFO o.a.j.t.JMeterThread: Thread started: ipokemon 1-15
2020-07-03 16:53:58,161 INFO o.a.j.t.JMeterThread: Thread started: ipokemon 1-16
2020-07-03 16:53:58,163 INFO o.a.j.t.JMeterThread: Thread started: ipokemon 1-17
2020-07-03 16:53:58,165 INFO o.a.j.t.JMeterThread: Thread started: ipokemon 1-18
2020-07-03 16:53:58,169 INFO o.a.j.t.JMeterThread: Thread started: ipokemon 1-19
2020-07-03 16:53:58,190 INFO o.a.j.t.JMeterThread: Thread started: ipokemon 1-21
2020-07-03 16:53:58,190 INFO o.a.j.t.JMeterThread: Thread started: ipokemon 1-20
2020-07-03 16:53:58,206 INFO o.a.j.t.JMeterThread: Thread started: ipokemon 1-22
2020-07-03 16:53:58,206 INFO o.a.j.t.JMeterThread: Thread started: ipokemon 1-23
2020-07-03 16:53:58,211 INFO o.a.j.t.JMeterThread: Thread started: ipokemon 1-24
2020-07-03 16:53:58,212 INFO o.a.j.t.JMeterThread: Thread started: ipokemon 1-25
2020-07-03 16:53:58,222 INFO o.a.j.t.JMeterThread: Thread started: ipokemon 1-26
2020-07-03 16:53:58,225 INFO o.a.j.t.JMeterThread: Thread started: ipokemon 1-27
2020-07-03 16:53:58,227 INFO o.a.j.t.JMeterThread: Thread started: ipokemon 1-28
2020-07-03 16:53:58,228 INFO o.a.j.t.JMeterThread: Thread started: ipokemon 1-29
2020-07-03 16:53:58,235 INFO o.a.j.t.JMeterThread: Thread started: ipokemon 1-30
2020-07-03 16:53:58,237 INFO o.a.j.t.JMeterThread: Thread started: ipokemon 1-31
2020-07-03 16:53:58,245 INFO o.a.j.t.JMeterThread: Thread started: ipokemon 1-32
2020-07-03 16:53:58,245 INFO o.a.j.t.JMeterThread: Thread started: ipokemon 1-33
2020-07-03 16:53:58,250 INFO o.a.j.t.JMeterThread: Thread started: ipokemon 1-34
2020-07-03 16:53:58,252 INFO o.a.j.t.JMeterThread: Thread started: ipokemon 1-35
2020-07-03 16:53:58,262 INFO o.a.j.t.JMeterThread: Thread started: ipokemon 1-36
2020-07-03 16:53:58,263 INFO o.a.j.t.JMeterThread: Thread started: ipokemon 1-37
2020-07-03 16:53:58,270 INFO o.a.j.t.JMeterThread: Thread started: ipokemon 1-38
2020-07-03 16:53:58,271 INFO o.a.j.t.JMeterThread: Thread started: ipokemon 1-39
2020-07-03 16:53:58,274 INFO o.a.j.t.JMeterThread: Thread started: ipokemon 1-40
2020-07-03 16:53:58,280 INFO o.a.j.t.JMeterThread: Thread started: ipokemon 1-42
2020-07-03 16:53:58,292 INFO o.a.j.t.JMeterThread: Thread started: ipokemon 1-41
2020-07-03 16:53:58,292 INFO o.a.j.t.JMeterThread: Thread started: ipokemon 1-43
2020-07-03 16:53:58,299 INFO o.a.j.t.JMeterThread: Thread started: ipokemon 1-44
2020-07-03 16:53:58,302 INFO o.a.j.t.JMeterThread: Thread started: ipokemon 1-45
2020-07-03 16:53:58,309 INFO o.a.j.t.JMeterThread: Thread started: ipokemon 1-46
2020-07-03 16:53:58,311 INFO o.a.j.t.JMeterThread: Thread started: ipokemon 1-47
2020-07-03 16:53:58,326 INFO o.a.j.t.JMeterThread: Thread started: ipokemon 1-49
2020-07-03 16:53:58,330 INFO o.a.j.t.ThreadGroup: Started thread group number 1
2020-07-03 16:53:58,330 INFO o.a.j.e.StandardJMeterEngine: All thread groups have been started
2020-07-03 16:53:58,332 INFO o.a.j.t.JMeterThread: Thread started: ipokemon 1-48
2020-07-03 16:53:58,339 INFO o.a.j.t.JMeterThread: Thread started: ipokemon 1-50
2020-07-03 16:54:19,075 INFO o.a.j.JMeter: Command: Shutdown received from /127.0.0.1
2020-07-03 16:54:19,077 INFO o.a.j.t.JMeterThread: Stopping: ipokemon 1-8
2020-07-03 16:54:19,078 INFO o.a.j.t.JMeterThread: Stopping: ipokemon 1-26
2020-07-03 16:54:19,078 INFO o.a.j.t.JMeterThread: Stopping: ipokemon 1-36
2020-07-03 16:54:19,078 INFO o.a.j.t.JMeterThread: Stopping: ipokemon 1-11
2020-07-03 16:54:19,078 INFO o.a.j.t.JMeterThread: Stopping: ipokemon 1-24
2020-07-03 16:54:19,078 INFO o.a.j.t.JMeterThread: Stopping: ipokemon 1-29
2020-07-03 16:54:19,078 INFO o.a.j.t.JMeterThread: Stopping: ipokemon 1-22
2020-07-03 16:54:19,078 INFO o.a.j.t.JMeterThread: Stopping: ipokemon 1-49
2020-07-03 16:54:19,078 INFO o.a.j.t.JMeterThread: Stopping: ipokemon 1-12
2020-07-03 16:54:19,078 INFO o.a.j.t.JMeterThread: Stopping: ipokemon 1-31
2020-07-03 16:54:19,078 INFO o.a.j.t.JMeterThread: Stopping: ipokemon 1-42
2020-07-03 16:54:19,078 INFO o.a.j.t.JMeterThread: Stopping: ipokemon 1-17
2020-07-03 16:54:19,079 INFO o.a.j.t.JMeterThread: Stopping: ipokemon 1-30
2020-07-03 16:54:19,079 INFO o.a.j.t.JMeterThread: Stopping: ipokemon 1-16
2020-07-03 16:54:19,079 INFO o.a.j.t.JMeterThread: Stopping: ipokemon 1-3
2020-07-03 16:54:19,079 INFO o.a.j.t.JMeterThread: Stopping: ipokemon 1-50
2020-07-03 16:54:19,079 INFO o.a.j.t.JMeterThread: Stopping: ipokemon 1-25
2020-07-03 16:54:19,079 INFO o.a.j.t.JMeterThread: Stopping: ipokemon 1-44
2020-07-03 16:54:19,079 INFO o.a.j.t.JMeterThread: Stopping: ipokemon 1-35
2020-07-03 16:54:19,079 INFO o.a.j.t.JMeterThread: Stopping: ipokemon 1-46
2020-07-03 16:54:19,079 INFO o.a.j.t.JMeterThread: Stopping: ipokemon 1-48
2020-07-03 16:54:19,079 INFO o.a.j.t.JMeterThread: Stopping: ipokemon 1-14
2020-07-03 16:54:19,079 INFO o.a.j.t.JMeterThread: Stopping: ipokemon 1-1
2020-07-03 16:54:19,080 INFO o.a.j.t.JMeterThread: Stopping: ipokemon 1-2
2020-07-03 16:54:19,080 INFO o.a.j.t.JMeterThread: Stopping: ipokemon 1-27
2020-07-03 16:54:19,080 INFO o.a.j.t.JMeterThread: Stopping: ipokemon 1-37
2020-07-03 16:54:19,080 INFO o.a.j.t.JMeterThread: Stopping: ipokemon 1-21
2020-07-03 16:54:19,080 INFO o.a.j.t.JMeterThread: Stopping: ipokemon 1-10
2020-07-03 16:54:19,080 INFO o.a.j.t.JMeterThread: Stopping: ipokemon 1-7
2020-07-03 16:54:19,080 INFO o.a.j.t.JMeterThread: Stopping: ipokemon 1-6
2020-07-03 16:54:19,080 INFO o.a.j.t.JMeterThread: Stopping: ipokemon 1-32
2020-07-03 16:54:19,080 INFO o.a.j.t.JMeterThread: Stopping: ipokemon 1-33
2020-07-03 16:54:19,080 INFO o.a.j.t.JMeterThread: Stopping: ipokemon 1-23
2020-07-03 16:54:19,080 INFO o.a.j.t.JMeterThread: Stopping: ipokemon 1-39
2020-07-03 16:54:19,081 INFO o.a.j.t.JMeterThread: Stopping: ipokemon 1-5
2020-07-03 16:54:19,081 INFO o.a.j.t.JMeterThread: Stopping: ipokemon 1-19
2020-07-03 16:54:19,081 INFO o.a.j.t.JMeterThread: Stopping: ipokemon 1-47
2020-07-03 16:54:19,081 INFO o.a.j.t.JMeterThread: Stopping: ipokemon 1-40
2020-07-03 16:54:19,081 INFO o.a.j.t.JMeterThread: Stopping: ipokemon 1-41
2020-07-03 16:54:19,081 INFO o.a.j.t.JMeterThread: Stopping: ipokemon 1-15
2020-07-03 16:54:19,081 INFO o.a.j.t.JMeterThread: Stopping: ipokemon 1-43
2020-07-03 16:54:19,081 INFO o.a.j.t.JMeterThread: Stopping: ipokemon 1-34
2020-07-03 16:54:19,081 INFO o.a.j.t.JMeterThread: Stopping: ipokemon 1-18
2020-07-03 16:54:19,081 INFO o.a.j.t.JMeterThread: Stopping: ipokemon 1-38
2020-07-03 16:54:19,081 INFO o.a.j.t.JMeterThread: Stopping: ipokemon 1-13
2020-07-03 16:54:19,081 INFO o.a.j.t.JMeterThread: Stopping: ipokemon 1-45
2020-07-03 16:54:19,082 INFO o.a.j.t.JMeterThread: Stopping: ipokemon 1-4
2020-07-03 16:54:19,082 INFO o.a.j.t.JMeterThread: Stopping: ipokemon 1-9
2020-07-03 16:54:19,082 INFO o.a.j.t.JMeterThread: Stopping: ipokemon 1-20
2020-07-03 16:54:19,082 INFO o.a.j.t.JMeterThread: Stopping: ipokemon 1-28
2020-07-03 16:54:19,132 INFO o.a.j.t.JMeterThread: Thread finished: ipokemon 1-11
2020-07-03 16:54:19,221 INFO o.a.j.t.JMeterThread: Thread finished: ipokemon 1-8
2020-07-03 16:54:19,563 INFO o.a.j.t.JMeterThread: Thread finished: ipokemon 1-36
2020-07-03 16:54:19,755 INFO o.a.j.t.JMeterThread: Thread finished: ipokemon 1-24
2020-07-03 16:54:20,652 INFO o.a.j.t.JMeterThread: Thread finished: ipokemon 1-45
2020-07-03 16:54:20,675 INFO o.a.j.t.JMeterThread: Thread finished: ipokemon 1-4
2020-07-03 16:54:20,751 INFO o.a.j.t.JMeterThread: Thread finished: ipokemon 1-18
2020-07-03 16:54:20,930 INFO o.a.j.t.JMeterThread: Thread finished: ipokemon 1-39
2020-07-03 16:54:21,736 INFO o.a.j.t.JMeterThread: Thread finished: ipokemon 1-42
2020-07-03 16:54:21,899 INFO o.a.j.t.JMeterThread: Thread finished: ipokemon 1-49
2020-07-03 16:54:21,944 INFO o.a.j.t.JMeterThread: Thread finished: ipokemon 1-10
2020-07-03 16:54:22,649 INFO o.a.j.t.JMeterThread: Thread finished: ipokemon 1-44
2020-07-03 16:54:22,783 INFO o.a.j.t.JMeterThread: Thread finished: ipokemon 1-31
2020-07-03 16:54:23,455 INFO o.a.j.t.JMeterThread: Thread finished: ipokemon 1-27
2020-07-03 16:54:23,512 INFO o.a.j.t.JMeterThread: Thread finished: ipokemon 1-41
2020-07-03 16:54:23,807 INFO o.a.j.t.JMeterThread: Thread finished: ipokemon 1-33
2020-07-03 16:54:24,103 INFO o.a.j.JMeter: Command: StopTestNow received from /127.0.0.1
2020-07-03 16:54:24,106 INFO o.a.j.t.JMeterThread: Stopping: ipokemon 1-26
2020-07-03 16:54:24,107 WARN o.a.j.t.JMeterThread: Interrupting: ipokemon 1-26 sampler: ThinkTime
2020-07-03 16:54:24,107 INFO o.a.j.t.JMeterThread: Stopping: ipokemon 1-29
2020-07-03 16:54:24,108 WARN o.a.j.t.JMeterThread: Interrupting: ipokemon 1-29 sampler: ThinkTime
2020-07-03 16:54:24,108 INFO o.a.j.t.JMeterThread: Stopping: ipokemon 1-22
2020-07-03 16:54:24,108 INFO o.a.j.t.JMeterThread: Thread finished: ipokemon 1-26
2020-07-03 16:54:24,108 WARN o.a.j.t.JMeterThread: Interrupting: ipokemon 1-22 sampler: ThinkTime
2020-07-03 16:54:24,108 INFO o.a.j.t.JMeterThread: Stopping: ipokemon 1-12
2020-07-03 16:54:24,108 INFO o.a.j.t.JMeterThread: Thread finished: ipokemon 1-29
2020-07-03 16:54:24,109 INFO o.a.j.t.JMeterThread: Thread finished: ipokemon 1-22
2020-07-03 16:54:24,108 WARN o.a.j.t.JMeterThread: Interrupting: ipokemon 1-12 sampler: ThinkTime
2020-07-03 16:54:24,110 INFO o.a.j.t.JMeterThread: Stopping: ipokemon 1-17
2020-07-03 16:54:24,110 INFO o.a.j.t.JMeterThread: Thread finished: ipokemon 1-12
2020-07-03 16:54:24,110 WARN o.a.j.t.JMeterThread: Interrupting: ipokemon 1-17 sampler: ThinkTime
2020-07-03 16:54:24,110 INFO o.a.j.t.JMeterThread: Stopping: ipokemon 1-30
2020-07-03 16:54:24,110 WARN o.a.j.t.JMeterThread: Interrupting: ipokemon 1-30 sampler: ThinkTime
2020-07-03 16:54:24,110 INFO o.a.j.t.JMeterThread: Thread finished: ipokemon 1-17
2020-07-03 16:54:24,110 INFO o.a.j.t.JMeterThread: Stopping: ipokemon 1-16
2020-07-03 16:54:24,110 WARN o.a.j.t.JMeterThread: Interrupting: ipokemon 1-16 sampler: ThinkTime
2020-07-03 16:54:24,110 INFO o.a.j.t.JMeterThread: Thread finished: ipokemon 1-30
2020-07-03 16:54:24,110 INFO o.a.j.t.JMeterThread: Stopping: ipokemon 1-3
2020-07-03 16:54:24,110 WARN o.a.j.t.JMeterThread: Interrupting: ipokemon 1-3 sampler: ThinkTime
2020-07-03 16:54:24,110 INFO o.a.j.t.JMeterThread: Thread finished: ipokemon 1-16
2020-07-03 16:54:24,110 INFO o.a.j.t.JMeterThread: Stopping: ipokemon 1-50
2020-07-03 16:54:24,110 WARN o.a.j.t.JMeterThread: Interrupting: ipokemon 1-50 sampler: ThinkTime
2020-07-03 16:54:24,111 INFO o.a.j.t.JMeterThread: Stopping: ipokemon 1-25
2020-07-03 16:54:24,110 INFO o.a.j.t.JMeterThread: Thread finished: ipokemon 1-3
2020-07-03 16:54:24,111 WARN o.a.j.t.JMeterThread: Interrupting: ipokemon 1-25 sampler: ThinkTime
2020-07-03 16:54:24,111 INFO o.a.j.t.JMeterThread: Thread finished: ipokemon 1-50
2020-07-03 16:54:24,111 INFO o.a.j.t.JMeterThread: Stopping: ipokemon 1-35
2020-07-03 16:54:24,111 INFO o.a.j.t.JMeterThread: Thread finished: ipokemon 1-25
2020-07-03 16:54:24,111 WARN o.a.j.t.JMeterThread: Interrupting: ipokemon 1-35 sampler: ThinkTime
2020-07-03 16:54:24,111 INFO o.a.j.t.JMeterThread: Stopping: ipokemon 1-46
2020-07-03 16:54:24,111 INFO o.a.j.t.JMeterThread: Thread finished: ipokemon 1-35
2020-07-03 16:54:24,111 WARN o.a.j.t.JMeterThread: Interrupting: ipokemon 1-46 sampler: ThinkTime
2020-07-03 16:54:24,111 INFO o.a.j.t.JMeterThread: Stopping: ipokemon 1-48
2020-07-03 16:54:24,111 WARN o.a.j.t.JMeterThread: Interrupting: ipokemon 1-48 sampler: ThinkTime
2020-07-03 16:54:24,111 INFO o.a.j.t.JMeterThread: Thread finished: ipokemon 1-46
2020-07-03 16:54:24,111 INFO o.a.j.t.JMeterThread: Stopping: ipokemon 1-14
2020-07-03 16:54:24,111 WARN o.a.j.t.JMeterThread: Interrupting: ipokemon 1-14 sampler: ThinkTime
2020-07-03 16:54:24,111 INFO o.a.j.t.JMeterThread: Thread finished: ipokemon 1-48
2020-07-03 16:54:24,111 INFO o.a.j.t.JMeterThread: Stopping: ipokemon 1-1
2020-07-03 16:54:24,111 WARN o.a.j.t.JMeterThread: Interrupting: ipokemon 1-1 sampler: ThinkTime
2020-07-03 16:54:24,112 INFO o.a.j.t.JMeterThread: Thread finished: ipokemon 1-14
2020-07-03 16:54:24,112 INFO o.a.j.t.JMeterThread: Stopping: ipokemon 1-2
2020-07-03 16:54:24,112 WARN o.a.j.t.JMeterThread: Interrupting: ipokemon 1-2 sampler: ThinkTime
2020-07-03 16:54:24,112 INFO o.a.j.t.JMeterThread: Thread finished: ipokemon 1-1
2020-07-03 16:54:24,112 INFO o.a.j.t.JMeterThread: Stopping: ipokemon 1-37
2020-07-03 16:54:24,112 WARN o.a.j.t.JMeterThread: Interrupting: ipokemon 1-37 sampler: ThinkTime
2020-07-03 16:54:24,112 INFO o.a.j.t.JMeterThread: Thread finished: ipokemon 1-2
2020-07-03 16:54:24,112 INFO o.a.j.t.JMeterThread: Stopping: ipokemon 1-21
2020-07-03 16:54:24,112 INFO o.a.j.t.JMeterThread: Thread finished: ipokemon 1-37
2020-07-03 16:54:24,112 WARN o.a.j.t.JMeterThread: Interrupting: ipokemon 1-21 sampler: ThinkTime
2020-07-03 16:54:24,112 INFO o.a.j.t.JMeterThread: Stopping: ipokemon 1-7
2020-07-03 16:54:24,112 WARN o.a.j.t.JMeterThread: Interrupting: ipokemon 1-7 sampler: ThinkTime
2020-07-03 16:54:24,112 INFO o.a.j.t.JMeterThread: Thread finished: ipokemon 1-21
2020-07-03 16:54:24,112 INFO o.a.j.t.JMeterThread: Stopping: ipokemon 1-6
2020-07-03 16:54:24,112 WARN o.a.j.t.JMeterThread: Interrupting: ipokemon 1-6 sampler: ThinkTime
2020-07-03 16:54:24,112 INFO o.a.j.t.JMeterThread: Thread finished: ipokemon 1-7
2020-07-03 16:54:24,112 INFO o.a.j.t.JMeterThread: Stopping: ipokemon 1-32
2020-07-03 16:54:24,112 WARN o.a.j.t.JMeterThread: Interrupting: ipokemon 1-32 sampler: ThinkTime
2020-07-03 16:54:24,112 INFO o.a.j.t.JMeterThread: Thread finished: ipokemon 1-6
2020-07-03 16:54:24,113 INFO o.a.j.t.JMeterThread: Stopping: ipokemon 1-23
2020-07-03 16:54:24,113 WARN o.a.j.t.JMeterThread: Interrupting: ipokemon 1-23 sampler: ThinkTime
2020-07-03 16:54:24,113 INFO o.a.j.t.JMeterThread: Thread finished: ipokemon 1-32
2020-07-03 16:54:24,113 INFO o.a.j.t.JMeterThread: Stopping: ipokemon 1-5
2020-07-03 16:54:24,113 INFO o.a.j.t.JMeterThread: Thread finished: ipokemon 1-23
2020-07-03 16:54:24,113 WARN o.a.j.t.JMeterThread: Interrupting: ipokemon 1-5 sampler: ThinkTime
2020-07-03 16:54:24,113 INFO o.a.j.t.JMeterThread: Stopping: ipokemon 1-19
2020-07-03 16:54:24,113 WARN o.a.j.t.JMeterThread: Interrupting: ipokemon 1-19 sampler: ThinkTime
2020-07-03 16:54:24,113 INFO o.a.j.t.JMeterThread: Thread finished: ipokemon 1-5
2020-07-03 16:54:24,113 INFO o.a.j.t.JMeterThread: Stopping: ipokemon 1-47
2020-07-03 16:54:24,113 INFO o.a.j.t.JMeterThread: Thread finished: ipokemon 1-19
2020-07-03 16:54:24,113 WARN o.a.j.t.JMeterThread: Interrupting: ipokemon 1-47 sampler: ThinkTime
2020-07-03 16:54:24,113 INFO o.a.j.t.JMeterThread: Stopping: ipokemon 1-40
2020-07-03 16:54:24,113 INFO o.a.j.t.JMeterThread: Thread finished: ipokemon 1-47
2020-07-03 16:54:24,113 WARN o.a.j.t.JMeterThread: Interrupting: ipokemon 1-40 sampler: ThinkTime
2020-07-03 16:54:24,114 INFO o.a.j.t.JMeterThread: Stopping: ipokemon 1-15
2020-07-03 16:54:24,114 INFO o.a.j.t.JMeterThread: Thread finished: ipokemon 1-40
2020-07-03 16:54:24,114 WARN o.a.j.t.JMeterThread: Interrupting: ipokemon 1-15 sampler: ThinkTime
2020-07-03 16:54:24,114 INFO o.a.j.t.JMeterThread: Stopping: ipokemon 1-43
2020-07-03 16:54:24,114 WARN o.a.j.t.JMeterThread: Interrupting: ipokemon 1-43 sampler: ThinkTime
2020-07-03 16:54:24,114 INFO o.a.j.t.JMeterThread: Thread finished: ipokemon 1-15
2020-07-03 16:54:24,114 INFO o.a.j.t.JMeterThread: Stopping: ipokemon 1-34
2020-07-03 16:54:24,114 WARN o.a.j.t.JMeterThread: Interrupting: ipokemon 1-34 sampler: ThinkTime
2020-07-03 16:54:24,114 INFO o.a.j.t.JMeterThread: Thread finished: ipokemon 1-43
2020-07-03 16:54:24,114 INFO o.a.j.t.JMeterThread: Stopping: ipokemon 1-38
2020-07-03 16:54:24,114 WARN o.a.j.t.JMeterThread: Interrupting: ipokemon 1-38 sampler: ThinkTime
2020-07-03 16:54:24,114 INFO o.a.j.t.JMeterThread: Thread finished: ipokemon 1-34
2020-07-03 16:54:24,114 INFO o.a.j.t.JMeterThread: Stopping: ipokemon 1-13
2020-07-03 16:54:24,114 WARN o.a.j.t.JMeterThread: Interrupting: ipokemon 1-13 sampler: ThinkTime
2020-07-03 16:54:24,114 INFO o.a.j.t.JMeterThread: Thread finished: ipokemon 1-38
2020-07-03 16:54:24,114 INFO o.a.j.t.JMeterThread: Stopping: ipokemon 1-9
2020-07-03 16:54:24,114 WARN o.a.j.t.JMeterThread: Interrupting: ipokemon 1-9 sampler: ThinkTime
2020-07-03 16:54:24,114 INFO o.a.j.t.JMeterThread: Thread finished: ipokemon 1-13
2020-07-03 16:54:24,114 INFO o.a.j.t.JMeterThread: Stopping: ipokemon 1-20
2020-07-03 16:54:24,114 WARN o.a.j.t.JMeterThread: Interrupting: ipokemon 1-20 sampler: ThinkTime
2020-07-03 16:54:24,115 INFO o.a.j.t.JMeterThread: Stopping: ipokemon 1-28
2020-07-03 16:54:24,115 INFO o.a.j.t.JMeterThread: Thread finished: ipokemon 1-9
2020-07-03 16:54:24,115 WARN o.a.j.t.JMeterThread: Interrupting: ipokemon 1-28 sampler: ThinkTime
2020-07-03 16:54:24,115 INFO o.a.j.t.JMeterThread: Thread finished: ipokemon 1-20
2020-07-03 16:54:24,115 INFO o.a.j.t.JMeterThread: Thread finished: ipokemon 1-28
2020-07-03 16:54:24,115 INFO o.a.j.e.StandardJMeterEngine: Notifying test listeners of end of test
2020-07-03 16:54:24,116 INFO o.a.j.e.StandardJMeterEngine: Forced JVM shutdown requested at end of test
