2020-07-03 16:24:25,019 INFO o.a.j.u.JMeterUtils: Setting Locale to en_US
2020-07-03 16:24:25,048 INFO o.a.j.JMeter: Loading user properties from: user.properties
2020-07-03 16:24:25,048 INFO o.a.j.JMeter: Loading system properties from: system.properties
2020-07-03 16:24:25,048 INFO o.a.j.JMeter: Loading additional properties from: /home/farooq/DeFog/Experiments/DeFog/jmeter/bin/2020-07-03_16-24-20.235266/jmeter-bzt.properties
2020-07-03 16:24:25,050 INFO o.a.j.JMeter: Copyright (c) 1998-2019 The Apache Software Foundation
2020-07-03 16:24:25,050 INFO o.a.j.JMeter: Version 5.2.1
2020-07-03 16:24:25,050 INFO o.a.j.JMeter: java.version=11.0.7
2020-07-03 16:24:25,050 INFO o.a.j.JMeter: java.vm.name=OpenJDK 64-Bit Server VM
2020-07-03 16:24:25,051 INFO o.a.j.JMeter: os.name=Linux
2020-07-03 16:24:25,051 INFO o.a.j.JMeter: os.arch=amd64
2020-07-03 16:24:25,051 INFO o.a.j.JMeter: os.version=5.3.0-28-generic
2020-07-03 16:24:25,051 INFO o.a.j.JMeter: file.encoding=UTF-8
2020-07-03 16:24:25,051 INFO o.a.j.JMeter: java.awt.headless=true
2020-07-03 16:24:25,051 INFO o.a.j.JMeter: Max memory     =4158652416
2020-07-03 16:24:25,051 INFO o.a.j.JMeter: Available Processors =8
2020-07-03 16:24:25,060 INFO o.a.j.JMeter: Default Locale=English (United States)
2020-07-03 16:24:25,060 INFO o.a.j.JMeter: JMeter  Locale=English (United States)
2020-07-03 16:24:25,060 INFO o.a.j.JMeter: JMeterHome=/home/farooq/.bzt/jmeter-taurus/5.2.1
2020-07-03 16:24:25,061 INFO o.a.j.JMeter: user.dir  =/home/farooq/DeFog/Experiments/DeFog/jmeter/bin
2020-07-03 16:24:25,061 INFO o.a.j.JMeter: PWD       =/home/farooq/DeFog/Experiments/DeFog/jmeter/bin
2020-07-03 16:24:25,061 INFO o.a.j.JMeter: IP: 127.0.1.1 Name: farooq-HP-EliteBook-840-G5 FullName: farooq-HP-EliteBook-840-G5
2020-07-03 16:24:25,061 INFO o.a.j.JMeter: user.classpath=/home/farooq/DeFog/Experiments/DeFog/jmeter/bin/2020-07-03_16-24-20.235266:/home/farooq/DeFog/Experiments/DeFog/assets/ipokemon-assets
2020-07-03 16:24:25,062 INFO o.a.j.JMeter: Adding to classpath and loader: /home/farooq/DeFog/Experiments/DeFog/jmeter/bin/2020-07-03_16-24-20.235266
2020-07-03 16:24:25,063 INFO o.a.j.JMeter: Adding to classpath and loader: /home/farooq/DeFog/Experiments/DeFog/assets/ipokemon-assets
2020-07-03 16:24:25,070 INFO o.a.j.s.FileServer: Default base='/home/farooq/DeFog/Experiments/DeFog/jmeter/bin'
2020-07-03 16:24:25,073 INFO o.a.j.s.FileServer: Set new base='/home/farooq/DeFog/Experiments/DeFog/assets/ipokemon-assets'
2020-07-03 16:24:25,239 INFO o.a.j.s.SaveService: Testplan (JMX) version: 2.2. Testlog (JTL) version: 2.2
2020-07-03 16:24:25,258 INFO o.a.j.s.SaveService: Using SaveService properties version 5.0
2020-07-03 16:24:25,263 INFO o.a.j.s.SaveService: Using SaveService properties file encoding UTF-8
2020-07-03 16:24:25,269 INFO o.a.j.s.SaveService: Loading file: /home/farooq/DeFog/Experiments/DeFog/assets/ipokemon-assets/modified_iPokemon.jmx
2020-07-03 16:24:25,336 INFO o.a.j.p.h.s.HTTPSamplerBase: Parser for text/html is org.apache.jmeter.protocol.http.parser.LagartoBasedHtmlParser
2020-07-03 16:24:25,337 INFO o.a.j.p.h.s.HTTPSamplerBase: Parser for application/xhtml+xml is org.apache.jmeter.protocol.http.parser.LagartoBasedHtmlParser
2020-07-03 16:24:25,337 INFO o.a.j.p.h.s.HTTPSamplerBase: Parser for application/xml is org.apache.jmeter.protocol.http.parser.LagartoBasedHtmlParser
2020-07-03 16:24:25,337 INFO o.a.j.p.h.s.HTTPSamplerBase: Parser for text/xml is org.apache.jmeter.protocol.http.parser.LagartoBasedHtmlParser
2020-07-03 16:24:25,337 INFO o.a.j.p.h.s.HTTPSamplerBase: Parser for text/vnd.wap.wml is org.apache.jmeter.protocol.http.parser.RegexpHTMLParser
2020-07-03 16:24:25,337 INFO o.a.j.p.h.s.HTTPSamplerBase: Parser for text/css is org.apache.jmeter.protocol.http.parser.CssParser
2020-07-03 16:24:25,477 INFO o.a.j.e.StandardJMeterEngine: Running the test!
2020-07-03 16:24:25,482 INFO o.a.j.s.SampleEvent: List of sample_variables: []
2020-07-03 16:24:25,482 INFO o.a.j.s.SampleEvent: List of sample_variables: []
2020-07-03 16:24:25,497 INFO o.a.j.e.u.CompoundVariable: Note: Function class names must contain the string: '.functions.'
2020-07-03 16:24:25,497 INFO o.a.j.e.u.CompoundVariable: Note: Function class names must not contain the string: '.gui.'
2020-07-03 16:24:25,926 INFO o.a.j.JMeter: Running test (1593782665926)
2020-07-03 16:24:25,957 INFO o.a.j.e.StandardJMeterEngine: Starting ThreadGroup: 1 : ipokemon
2020-07-03 16:24:25,958 INFO o.a.j.e.StandardJMeterEngine: Starting 10 threads for group ipokemon.
2020-07-03 16:24:25,958 INFO o.a.j.e.StandardJMeterEngine: Thread will continue on error
2020-07-03 16:24:25,958 INFO o.a.j.t.ThreadGroup: Starting thread group... number=1 threads=10 ramp-up=0 delayedStart=false
2020-07-03 16:24:25,987 INFO o.a.j.t.JMeterThread: Thread started: ipokemon 1-1
2020-07-03 16:24:25,989 INFO o.a.j.t.JMeterThread: Thread started: ipokemon 1-2
2020-07-03 16:24:25,994 INFO o.a.j.t.JMeterThread: Thread started: ipokemon 1-3
2020-07-03 16:24:26,003 INFO o.a.j.t.JMeterThread: Thread started: ipokemon 1-4
2020-07-03 16:24:26,005 INFO o.a.j.t.JMeterThread: Thread started: ipokemon 1-5
2020-07-03 16:24:26,023 INFO o.a.j.t.JMeterThread: Thread started: ipokemon 1-6
2020-07-03 16:24:26,031 INFO o.a.j.t.JMeterThread: Thread started: ipokemon 1-7
2020-07-03 16:24:26,036 INFO o.a.j.t.JMeterThread: Thread started: ipokemon 1-8
2020-07-03 16:24:26,042 INFO o.a.j.t.ThreadGroup: Started thread group number 1
2020-07-03 16:24:26,042 INFO o.a.j.e.StandardJMeterEngine: All thread groups have been started
2020-07-03 16:24:26,043 INFO o.a.j.t.JMeterThread: Thread started: ipokemon 1-9
2020-07-03 16:24:26,047 INFO o.a.j.t.JMeterThread: Thread started: ipokemon 1-10
2020-07-03 16:24:26,048 INFO o.a.j.p.h.s.HTTPHCAbstractImpl: Local host = farooq-HP-EliteBook-840-G5
2020-07-03 16:24:26,058 INFO o.a.j.p.h.s.HTTPHC4Impl: HTTP request retry count = 0
2020-07-03 16:24:26,061 INFO o.a.j.s.SampleResult: Note: Sample TimeStamps are START times
2020-07-03 16:24:26,061 INFO o.a.j.s.SampleResult: sampleresult.default.encoding is set to UTF-8
2020-07-03 16:24:26,061 INFO o.a.j.s.SampleResult: sampleresult.useNanoTime=true
2020-07-03 16:24:26,061 INFO o.a.j.s.SampleResult: sampleresult.nanoThreadSleep=5000
2020-07-03 16:25:02,857 INFO o.a.j.JMeter: Command: Shutdown received from /127.0.0.1
2020-07-03 16:25:02,859 INFO o.a.j.t.JMeterThread: Stopping: ipokemon 1-7
2020-07-03 16:25:02,860 INFO o.a.j.t.JMeterThread: Stopping: ipokemon 1-5
2020-07-03 16:25:02,860 INFO o.a.j.t.JMeterThread: Stopping: ipokemon 1-6
2020-07-03 16:25:02,860 INFO o.a.j.t.JMeterThread: Stopping: ipokemon 1-8
2020-07-03 16:25:02,860 INFO o.a.j.t.JMeterThread: Stopping: ipokemon 1-4
2020-07-03 16:25:02,860 INFO o.a.j.t.JMeterThread: Stopping: ipokemon 1-10
2020-07-03 16:25:02,860 INFO o.a.j.t.JMeterThread: Stopping: ipokemon 1-3
2020-07-03 16:25:02,860 INFO o.a.j.t.JMeterThread: Stopping: ipokemon 1-9
2020-07-03 16:25:02,860 INFO o.a.j.t.JMeterThread: Stopping: ipokemon 1-2
2020-07-03 16:25:02,861 INFO o.a.j.t.JMeterThread: Stopping: ipokemon 1-1
2020-07-03 16:25:03,284 INFO o.a.j.t.JMeterThread: Thread finished: ipokemon 1-5
2020-07-03 16:25:04,580 INFO o.a.j.t.JMeterThread: Thread finished: ipokemon 1-3
2020-07-03 16:25:04,806 INFO o.a.j.t.JMeterThread: Thread finished: ipokemon 1-1
2020-07-03 16:25:05,512 INFO o.a.j.t.JMeterThread: Thread finished: ipokemon 1-6
2020-07-03 16:25:07,467 INFO o.a.j.t.JMeterThread: Thread finished: ipokemon 1-4
2020-07-03 16:25:07,874 INFO o.a.j.JMeter: Command: StopTestNow received from /127.0.0.1
2020-07-03 16:25:07,876 INFO o.a.j.t.JMeterThread: Stopping: ipokemon 1-7
2020-07-03 16:25:07,876 WARN o.a.j.t.JMeterThread: Interrupting: ipokemon 1-7 sampler: ThinkTime
2020-07-03 16:25:07,876 INFO o.a.j.t.JMeterThread: Stopping: ipokemon 1-8
2020-07-03 16:25:07,876 WARN o.a.j.t.JMeterThread: Interrupting: ipokemon 1-8 sampler: ThinkTime
2020-07-03 16:25:07,876 INFO o.a.j.t.JMeterThread: Stopping: ipokemon 1-10
2020-07-03 16:25:07,876 INFO o.a.j.t.JMeterThread: Thread finished: ipokemon 1-7
2020-07-03 16:25:07,877 WARN o.a.j.t.JMeterThread: Interrupting: ipokemon 1-10 sampler: ThinkTime
2020-07-03 16:25:07,877 INFO o.a.j.t.JMeterThread: Thread finished: ipokemon 1-8
2020-07-03 16:25:07,877 INFO o.a.j.t.JMeterThread: Stopping: ipokemon 1-9
2020-07-03 16:25:07,877 WARN o.a.j.t.JMeterThread: Interrupting: ipokemon 1-9 sampler: ThinkTime
2020-07-03 16:25:07,877 INFO o.a.j.t.JMeterThread: Thread finished: ipokemon 1-10
2020-07-03 16:25:07,877 INFO o.a.j.t.JMeterThread: Stopping: ipokemon 1-2
2020-07-03 16:25:07,877 WARN o.a.j.t.JMeterThread: Interrupting: ipokemon 1-2 sampler: ThinkTime
2020-07-03 16:25:07,877 INFO o.a.j.t.JMeterThread: Thread finished: ipokemon 1-9
2020-07-03 16:25:07,877 INFO o.a.j.t.JMeterThread: Thread finished: ipokemon 1-2
2020-07-03 16:25:07,877 INFO o.a.j.e.StandardJMeterEngine: Notifying test listeners of end of test
2020-07-03 16:25:07,878 INFO o.a.j.e.StandardJMeterEngine: Forced JVM shutdown requested at end of test
