[2020-07-02 12:12:20,288 INFO root] Taurus CLI Tool v1.14.2
[2020-07-02 12:12:20,289 DEBUG root] Command-line options: {'log': '/tmp/bzt_3az1f21b.log', 'option': ['modules.jmeter.properties.HOST=192.168.0.103', 'modules.jmeter.properties.Duration=300', 'modules.jmeter.properties.Threads=5', 'modules.jmeter.properties.Ramp=0'], 'quiet': None, 'verbose': None, 'no_system_configs': None, 'aliases': []}
[2020-07-02 12:12:20,289 DEBUG root] Python: CPython 3.6.9
[2020-07-02 12:12:20,289 DEBUG root] OS: uname_result(system='Linux', node='farooq-HP-EliteBook-840-G5', release='5.3.0-28-generic', version='#30~18.04.1-Ubuntu SMP Fri Jan 17 06:14:09 UTC 2020', machine='x86_64', processor='x86_64')
[2020-07-02 12:12:20,289 DEBUG root] Adding JMX shorthand config for: ['../../assets/ipokemon-assets/iPokemon.jmx']
[2020-07-02 12:12:20,290 DEBUG root] Dumping JSON config into /tmp/jmx_egkx4v4k.json
[2020-07-02 12:12:20,290 INFO root] Starting with configs: ['reporting.yaml', '/tmp/jmx_egkx4v4k.json']
[2020-07-02 12:12:20,290 DEBUG root] Using personal config: /home/farooq/.bzt-rc
[2020-07-02 12:12:20,291 INFO Engine] Configuring...
[2020-07-02 12:12:20,314 DEBUG Engine] Base configs list: ['/usr/local/lib/python3.6/dist-packages/bzt/resources/10-base-config.yml']
[2020-07-02 12:12:20,315 DEBUG Engine.Configuration] Configs: ['/usr/local/lib/python3.6/dist-packages/bzt/resources/10-base-config.yml']
[2020-07-02 12:12:20,315 DEBUG Engine.Configuration] Reading /usr/local/lib/python3.6/dist-packages/bzt/resources/10-base-config.yml as YAML
[2020-07-02 12:12:20,341 DEBUG Engine] User configs list: ['/home/farooq/.bzt-rc', 'reporting.yaml', '/tmp/jmx_egkx4v4k.json']
[2020-07-02 12:12:20,341 DEBUG Engine.Configuration] Configs: ['/home/farooq/.bzt-rc', 'reporting.yaml', '/tmp/jmx_egkx4v4k.json']
[2020-07-02 12:12:20,342 DEBUG Engine.Configuration] Reading /home/farooq/.bzt-rc as YAML
[2020-07-02 12:12:20,345 DEBUG Engine.Configuration] Reading reporting.yaml as YAML
[2020-07-02 12:12:20,347 DEBUG Engine.Configuration] Reading /tmp/jmx_egkx4v4k.json as YAML
[2020-07-02 12:12:20,348 DEBUG Engine.Configuration] Configs: ['/home/farooq/.bzt-rc', 'reporting.yaml', '/tmp/jmx_egkx4v4k.json']
[2020-07-02 12:12:20,348 DEBUG Engine.Configuration] Reading /home/farooq/.bzt-rc as YAML
[2020-07-02 12:12:20,351 DEBUG Engine.Configuration] Reading reporting.yaml as YAML
[2020-07-02 12:12:20,353 DEBUG Engine.Configuration] Reading /tmp/jmx_egkx4v4k.json as YAML
[2020-07-02 12:12:20,361 DEBUG Engine] Requesting updates info: https://gettaurus.org/updates/?version=1.14.2&installID=linux-94b86d91935d
[2020-07-02 12:12:20,361 DEBUG HTTPClient] Making HTTP request GET https://gettaurus.org/updates/?version=1.14.2&installID=linux-94b86d91935d
[2020-07-02 12:12:20,362 DEBUG ConfigOverrider] Applying modules.jmeter.properties.HOST=192.168.0.103
[2020-07-02 12:12:20,362 DEBUG ConfigOverrider] Applying: [HOST]=192.168.0.103
[2020-07-02 12:12:20,362 DEBUG ConfigOverrider] Parsed override value: '192.168.0.103' -> '192.168.0.103' (<class 'str'>)
[2020-07-02 12:12:20,362 DEBUG ConfigOverrider] Applying modules.jmeter.properties.Duration=300
[2020-07-02 12:12:20,362 DEBUG ConfigOverrider] Applying: [Duration]=300
[2020-07-02 12:12:20,363 DEBUG ConfigOverrider] Parsed override value: '300' -> 300 (<class 'int'>)
[2020-07-02 12:12:20,363 DEBUG ConfigOverrider] Applying modules.jmeter.properties.Threads=5
[2020-07-02 12:12:20,363 DEBUG ConfigOverrider] Applying: [Threads]=5
[2020-07-02 12:12:20,363 DEBUG ConfigOverrider] Parsed override value: '5' -> 5 (<class 'int'>)
[2020-07-02 12:12:20,363 DEBUG ConfigOverrider] Applying modules.jmeter.properties.Ramp=0
[2020-07-02 12:12:20,363 DEBUG ConfigOverrider] Applying: [Ramp]=0
[2020-07-02 12:12:20,364 DEBUG ConfigOverrider] Parsed override value: '0' -> 0 (<class 'int'>)
[2020-07-02 12:12:20,364 INFO Engine] Artifacts dir: /home/farooq/DeFog/Experiments/DeFog/jmeter/bin/2020-07-02_12-12-20.364264
[2020-07-02 12:12:20,364 DEBUG Engine] New artifact filename: /home/farooq/DeFog/Experiments/DeFog/jmeter/bin/2020-07-02_12-12-20.364264/effective
[2020-07-02 12:12:20,367 DEBUG urllib3.connectionpool] Starting new HTTPS connection (1): gettaurus.org
[2020-07-02 12:12:20,368 DEBUG Engine.Configuration] Dumping YAML config into /home/farooq/DeFog/Experiments/DeFog/jmeter/bin/2020-07-02_12-12-20.364264/effective.yml
[2020-07-02 12:12:20,384 DEBUG Engine.Configuration] Dumping JSON config into /home/farooq/DeFog/Experiments/DeFog/jmeter/bin/2020-07-02_12-12-20.364264/effective.json
[2020-07-02 12:12:20,384 DEBUG Engine] New artifact filename: /home/farooq/DeFog/Experiments/DeFog/jmeter/bin/2020-07-02_12-12-20.364264/merged.yml
[2020-07-02 12:12:20,384 DEBUG Engine.Configuration] Dumping YAML config into /home/farooq/DeFog/Experiments/DeFog/jmeter/bin/2020-07-02_12-12-20.364264/merged.yml
[2020-07-02 12:12:20,386 DEBUG Engine] New artifact filename: /home/farooq/DeFog/Experiments/DeFog/jmeter/bin/2020-07-02_12-12-20.364264/merged.json
[2020-07-02 12:12:20,386 DEBUG Engine.Configuration] Dumping JSON config into /home/farooq/DeFog/Experiments/DeFog/jmeter/bin/2020-07-02_12-12-20.364264/merged.json
[2020-07-02 12:12:20,386 DEBUG Engine] Add existing artifact (move=False): reporting.yaml
[2020-07-02 12:12:20,386 DEBUG Engine] Copying reporting.yaml to /home/farooq/DeFog/Experiments/DeFog/jmeter/bin/2020-07-02_12-12-20.364264/reporting.yaml
[2020-07-02 12:12:20,386 DEBUG Engine] Add existing artifact (move=False): /tmp/jmx_egkx4v4k.json
[2020-07-02 12:12:20,386 DEBUG Engine] Copying /tmp/jmx_egkx4v4k.json to /home/farooq/DeFog/Experiments/DeFog/jmeter/bin/2020-07-02_12-12-20.364264/jmx_egkx4v4k.json
[2020-07-02 12:12:20,387 DEBUG root] Closing log handler: /tmp/bzt_3az1f21b.log
[2020-07-02 12:12:20,387 DEBUG root] Switched writing logs to /home/farooq/DeFog/Experiments/DeFog/jmeter/bin/2020-07-02_12-12-20.364264/bzt.log
[2020-07-02 12:12:20,387 DEBUG root] Linting config
[2020-07-02 12:12:20,390 INFO Engine] Preparing...
[2020-07-02 12:12:20,391 DEBUG Engine] Module config: consolidator {'class': 'bzt.modules.aggregator.ConsolidatingAggregator'}
[2020-07-02 12:12:20,391 DEBUG root] Importing module: bzt.modules.aggregator
[2020-07-02 12:12:20,628 DEBUG root] Loading class: 'ConsolidatingAggregator' from <module 'bzt.modules.aggregator' from '/usr/local/lib/python3.6/dist-packages/bzt/modules/aggregator.py'>
[2020-07-02 12:12:20,628 DEBUG Engine.consolidator] Buffer scaling setup: percentile 95.0 from [0.0, 50.0, 90.0, 95.0, 99.0, 99.9, 100.0] selected
[2020-07-02 12:12:20,628 DEBUG Engine] Module config: monitoring {'class': 'bzt.modules.monitoring.Monitoring'}
[2020-07-02 12:12:20,628 DEBUG root] Importing module: bzt.modules.monitoring
[2020-07-02 12:12:20,630 DEBUG root] Loading class: 'Monitoring' from <module 'bzt.modules.monitoring' from '/usr/local/lib/python3.6/dist-packages/bzt/modules/monitoring.py'>
[2020-07-02 12:12:20,640 DEBUG Engine] Module config: local {'class': 'bzt.modules.provisioning.Local'}
[2020-07-02 12:12:20,640 DEBUG root] Importing module: bzt.modules.provisioning
[2020-07-02 12:12:20,640 DEBUG root] Loading class: 'Local' from <module 'bzt.modules.provisioning' from '/usr/local/lib/python3.6/dist-packages/bzt/modules/provisioning.py'>
[2020-07-02 12:12:20,641 DEBUG Engine] Module config: jmeter {'class': 'bzt.modules.jmeter.JMeterExecutor', 'protocol-handlers': {'http': 'bzt.jmx.http.HTTPProtocolHandler'}, 'plugins': ['jpgc-casutg', 'jpgc-dummy', 'jpgc-ffw', 'jpgc-fifo', 'jpgc-functions', 'jpgc-json', 'jpgc-perfmon', 'jpgc-prmctl', 'jpgc-tst'], 'properties': {'jmeter.save.saveservice.autoflush': 'true', 'jmeter.save.saveservice.connect_time': 'true', 'jmeterengine.force.system.exit': 'true', 'summariser.name': '', 'HOST': '192.168.0.103', 'Duration': 300, 'Threads': 5, 'Ramp': 0}}
[2020-07-02 12:12:20,641 DEBUG root] Importing module: bzt.modules.jmeter
[2020-07-02 12:12:20,652 DEBUG root] Loading class: 'JMeterExecutor' from <module 'bzt.modules.jmeter' from '/usr/local/lib/python3.6/dist-packages/bzt/modules/jmeter.py'>
[2020-07-02 12:12:20,652 DEBUG Engine.local] Preparing executor: jmeter/140494377301328
[2020-07-02 12:12:20,652 DEBUG Engine] New artifact filename: /home/farooq/DeFog/Experiments/DeFog/jmeter/bin/2020-07-02_12-12-20.364264/jmeter.log
[2020-07-02 12:12:20,652 DEBUG Engine.jmeter] Checking if port 4445 is free
[2020-07-02 12:12:20,652 DEBUG Engine.jmeter] Port 4445 is free
[2020-07-02 12:12:20,653 DEBUG Engine.jmeter] Using port 4445 for management
[2020-07-02 12:12:20,653 DEBUG Engine.jmeter] Extract {'script': '../../assets/ipokemon-assets/iPokemon.jmx'} into scenarios
[2020-07-02 12:12:20,653 DEBUG Engine.jmeter] Additional properties: {'jmeter.save.saveservice.autoflush': 'true', 'jmeter.save.saveservice.connect_time': 'true', 'jmeterengine.force.system.exit': 'true', 'summariser.name': '', 'HOST': '192.168.0.103', 'Duration': 300, 'Threads': 5, 'Ramp': 0, 'jmeterengine.nongui.port': 4445, 'jmeterengine.nongui.maxport': 4445, 'jmeter.save.saveservice.timestamp_format': 'ms', 'sampleresult.default.encoding': 'UTF-8', 'user.classpath': '/home/farooq/DeFog/Experiments/DeFog/jmeter/bin/2020-07-02_12-12-20.364264:/home/farooq/DeFog/Experiments/DeFog/assets/ipokemon-assets'}
[2020-07-02 12:12:20,653 DEBUG Engine] New artifact filename: /home/farooq/DeFog/Experiments/DeFog/jmeter/bin/2020-07-02_12-12-20.364264/jmeter-bzt.properties
[2020-07-02 12:12:20,654 DEBUG Engine.jmeter.JavaVM] Trying JavaVM: ['java', '-version']
[2020-07-02 12:12:20,654 DEBUG root] Executing shell: ['java', '-version'] at .
[2020-07-02 12:12:20,779 DEBUG Engine.jmeter.JavaVM] JavaVM output: openjdk version "11.0.7" 2020-04-14
OpenJDK Runtime Environment (build 11.0.7+10-post-Ubuntu-2ubuntu218.04)
OpenJDK 64-Bit Server VM (build 11.0.7+10-post-Ubuntu-2ubuntu218.04, mixed mode, sharing)

[2020-07-02 12:12:20,780 DEBUG Engine.jmeter.TclLibrary] We don't need to check tcl library on this platform
[2020-07-02 12:12:20,780 DEBUG Engine.jmeter.JMeter] Trying JMeter..
[2020-07-02 12:12:20,781 DEBUG root] Executing shell: ['/home/farooq/.bzt/jmeter-taurus/5.2.1/bin/jmeter.sh', '-j', '/tmp/jmeter8fr4hy39log', '--version'] at .
[2020-07-02 12:12:21,584 DEBUG urllib3.connectionpool] https://gettaurus.org:443 "GET /updates/?version=1.14.2&installID=linux-94b86d91935d HTTP/1.1" 200 40
[2020-07-02 12:12:21,587 DEBUG Engine] Taurus updates info: {'latest': '1.14.2', 'needsUpgrade': False}
[2020-07-02 12:12:21,587 DEBUG Engine] Installation is up-to-date
[2020-07-02 12:12:21,949 WARNING root] Keyboard interrupt
[2020-07-02 12:12:21,954 DEBUG root] KeyboardInterrupt: 
  File "/usr/local/lib/python3.6/dist-packages/bzt/cli.py", line 258, in perform
    self.engine.prepare()
  File "/usr/local/lib/python3.6/dist-packages/bzt/engine/engine.py", line 195, in prepare
    self.__prepare_provisioning()
  File "/usr/local/lib/python3.6/dist-packages/bzt/engine/engine.py", line 591, in __prepare_provisioning
    self.provisioning.prepare()
  File "/usr/local/lib/python3.6/dist-packages/bzt/modules/provisioning.py", line 73, in prepare
    executor.prepare()
  File "/usr/local/lib/python3.6/dist-packages/bzt/modules/jmeter.py", line 232, in prepare
    self.install_required_tools()
  File "/usr/local/lib/python3.6/dist-packages/bzt/modules/jmeter.py", line 784, in install_required_tools
    if not tool.check_if_installed():
  File "/usr/local/lib/python3.6/dist-packages/bzt/modules/jmeter.py", line 1404, in check_if_installed
    return self.run_and_check()
  File "/usr/local/lib/python3.6/dist-packages/bzt/modules/jmeter.py", line 1418, in run_and_check
    out, err = self.call(cmd_line)
  File "/usr/local/lib/python3.6/dist-packages/bzt/utils.py", line 1257, in call
    return exec_and_communicate(*args, **kwargs)
  File "/usr/local/lib/python3.6/dist-packages/bzt/utils.py", line 448, in exec_and_communicate
    out, err = communicate(process)
  File "/usr/local/lib/python3.6/dist-packages/bzt/six/__init__.py", line 46, in communicate
    out, err = proc.communicate()
  File "/usr/lib/python3.6/subprocess.py", line 863, in communicate
    stdout, stderr = self._communicate(input, endtime, timeout)
  File "/usr/lib/python3.6/subprocess.py", line 1534, in _communicate
    ready = selector.select(timeout)
  File "/usr/lib/python3.6/selectors.py", line 376, in select
    fd_event_list = self._poll.poll(timeout)
[2020-07-02 12:12:21,955 INFO Engine] Post-processing...
[2020-07-02 12:12:21,955 DEBUG Engine.local] Post-process jmeter/iPokemon.jmx
[2020-07-02 12:12:21,955 DEBUG Engine] Add existing artifact (move=True): None
[2020-07-02 12:12:21,956 DEBUG Engine.local] Exception in post_process of JMeterExecutor: expected str, bytes or os.PathLike object, not NoneType Traceback (most recent call last):
  File "/usr/local/lib/python3.6/dist-packages/bzt/modules/provisioning.py", line 160, in post_process
    executor.post_process()
  File "/usr/local/lib/python3.6/dist-packages/bzt/modules/jmeter.py", line 387, in post_process
    self.engine.existing_artifact(self.modified_jmx, True)
  File "/usr/local/lib/python3.6/dist-packages/bzt/engine/engine.py", line 367, in existing_artifact
    new_filename = os.path.basename(filename) if target_filename is None else target_filename
  File "/usr/lib/python3.6/posixpath.py", line 146, in basename
    p = os.fspath(p)
TypeError: expected str, bytes or os.PathLike object, not NoneType

[2020-07-02 12:12:21,956 DEBUG Engine] post_process: expected str, bytes or os.PathLike object, not NoneType
Traceback (most recent call last):
  File "/usr/local/lib/python3.6/dist-packages/bzt/engine/engine.py", line 319, in post_process
    module.post_process()
  File "/usr/local/lib/python3.6/dist-packages/bzt/modules/provisioning.py", line 177, in post_process
    reraise(exc_info, exc_value)
  File "/usr/local/lib/python3.6/dist-packages/bzt/six/py3.py", line 86, in reraise
    raise exc
  File "/usr/local/lib/python3.6/dist-packages/bzt/modules/provisioning.py", line 160, in post_process
    executor.post_process()
  File "/usr/local/lib/python3.6/dist-packages/bzt/modules/jmeter.py", line 387, in post_process
    self.engine.existing_artifact(self.modified_jmx, True)
  File "/usr/local/lib/python3.6/dist-packages/bzt/engine/engine.py", line 367, in existing_artifact
    new_filename = os.path.basename(filename) if target_filename is None else target_filename
  File "/usr/lib/python3.6/posixpath.py", line 146, in basename
    p = os.fspath(p)
TypeError: expected str, bytes or os.PathLike object, not NoneType

[2020-07-02 12:12:21,957 DEBUG Engine.consolidator] Consolidator buffer[0]: dict_keys([])
[2020-07-02 12:12:21,960 DEBUG Engine.Configuration] Dumping YAML config into /home/farooq/DeFog/Experiments/DeFog/jmeter/bin/2020-07-02_12-12-20.364264/effective.yml
[2020-07-02 12:12:22,006 DEBUG Engine.Configuration] Dumping JSON config into /home/farooq/DeFog/Experiments/DeFog/jmeter/bin/2020-07-02_12-12-20.364264/effective.json
[2020-07-02 12:12:22,008 DEBUG root] TypeError: expected str, bytes or os.PathLike object, not NoneType
  File "/usr/local/lib/python3.6/dist-packages/bzt/cli.py", line 266, in perform
    self.engine.post_process()
  File "/usr/local/lib/python3.6/dist-packages/bzt/engine/engine.py", line 333, in post_process
    reraise(exc_info, exc_value)
  File "/usr/local/lib/python3.6/dist-packages/bzt/six/py3.py", line 86, in reraise
    raise exc
  File "/usr/local/lib/python3.6/dist-packages/bzt/engine/engine.py", line 319, in post_process
    module.post_process()
  File "/usr/local/lib/python3.6/dist-packages/bzt/modules/provisioning.py", line 177, in post_process
    reraise(exc_info, exc_value)
  File "/usr/local/lib/python3.6/dist-packages/bzt/six/py3.py", line 86, in reraise
    raise exc
  File "/usr/local/lib/python3.6/dist-packages/bzt/modules/provisioning.py", line 160, in post_process
    executor.post_process()
  File "/usr/local/lib/python3.6/dist-packages/bzt/modules/jmeter.py", line 387, in post_process
    self.engine.existing_artifact(self.modified_jmx, True)
  File "/usr/local/lib/python3.6/dist-packages/bzt/engine/engine.py", line 367, in existing_artifact
    new_filename = os.path.basename(filename) if target_filename is None else target_filename
  File "/usr/lib/python3.6/posixpath.py", line 146, in basename
    p = os.fspath(p)
[2020-07-02 12:12:22,008 INFO root] Artifacts dir: /home/farooq/DeFog/Experiments/DeFog/jmeter/bin/2020-07-02_12-12-20.364264
[2020-07-02 12:12:22,008 WARNING root] Done performing with code: 1
[2020-07-02 12:12:22,009 DEBUG root] Closing log handler: /home/farooq/DeFog/Experiments/DeFog/jmeter/bin/2020-07-02_12-12-20.364264/bzt.log
