2020-07-03 17:08:04,396 INFO o.a.j.u.JMeterUtils: Setting Locale to en_US
2020-07-03 17:08:04,417 INFO o.a.j.JMeter: Loading user properties from: user.properties
2020-07-03 17:08:04,417 INFO o.a.j.JMeter: Loading system properties from: system.properties
2020-07-03 17:08:04,418 INFO o.a.j.JMeter: Loading additional properties from: /home/farooq/DeFog/Experiments/DeFog/jmeter/bin/2020-07-03_17-08-01.195445/jmeter-bzt.properties
2020-07-03 17:08:04,419 INFO o.a.j.JMeter: Copyright (c) 1998-2019 The Apache Software Foundation
2020-07-03 17:08:04,419 INFO o.a.j.JMeter: Version 5.2.1
2020-07-03 17:08:04,419 INFO o.a.j.JMeter: java.version=11.0.7
2020-07-03 17:08:04,419 INFO o.a.j.JMeter: java.vm.name=OpenJDK 64-Bit Server VM
2020-07-03 17:08:04,419 INFO o.a.j.JMeter: os.name=Linux
2020-07-03 17:08:04,419 INFO o.a.j.JMeter: os.arch=amd64
2020-07-03 17:08:04,419 INFO o.a.j.JMeter: os.version=5.3.0-28-generic
2020-07-03 17:08:04,420 INFO o.a.j.JMeter: file.encoding=UTF-8
2020-07-03 17:08:04,420 INFO o.a.j.JMeter: java.awt.headless=true
2020-07-03 17:08:04,420 INFO o.a.j.JMeter: Max memory     =4158652416
2020-07-03 17:08:04,420 INFO o.a.j.JMeter: Available Processors =8
2020-07-03 17:08:04,426 INFO o.a.j.JMeter: Default Locale=English (United States)
2020-07-03 17:08:04,426 INFO o.a.j.JMeter: JMeter  Locale=English (United States)
2020-07-03 17:08:04,426 INFO o.a.j.JMeter: JMeterHome=/home/farooq/.bzt/jmeter-taurus/5.2.1
2020-07-03 17:08:04,426 INFO o.a.j.JMeter: user.dir  =/home/farooq/DeFog/Experiments/DeFog/jmeter/bin
2020-07-03 17:08:04,426 INFO o.a.j.JMeter: PWD       =/home/farooq/DeFog/Experiments/DeFog/jmeter/bin
2020-07-03 17:08:04,427 INFO o.a.j.JMeter: IP: 127.0.1.1 Name: farooq-HP-EliteBook-840-G5 FullName: farooq-HP-EliteBook-840-G5
2020-07-03 17:08:04,427 INFO o.a.j.JMeter: user.classpath=/home/farooq/DeFog/Experiments/DeFog/jmeter/bin/2020-07-03_17-08-01.195445:/home/farooq/DeFog/Experiments/DeFog/assets/ipokemon-assets
2020-07-03 17:08:04,427 INFO o.a.j.JMeter: Adding to classpath and loader: /home/farooq/DeFog/Experiments/DeFog/jmeter/bin/2020-07-03_17-08-01.195445
2020-07-03 17:08:04,427 INFO o.a.j.JMeter: Adding to classpath and loader: /home/farooq/DeFog/Experiments/DeFog/assets/ipokemon-assets
2020-07-03 17:08:04,433 INFO o.a.j.s.FileServer: Default base='/home/farooq/DeFog/Experiments/DeFog/jmeter/bin'
2020-07-03 17:08:04,434 INFO o.a.j.s.FileServer: Set new base='/home/farooq/DeFog/Experiments/DeFog/assets/ipokemon-assets'
2020-07-03 17:08:04,548 INFO o.a.j.s.SaveService: Testplan (JMX) version: 2.2. Testlog (JTL) version: 2.2
2020-07-03 17:08:04,564 INFO o.a.j.s.SaveService: Using SaveService properties version 5.0
2020-07-03 17:08:04,568 INFO o.a.j.s.SaveService: Using SaveService properties file encoding UTF-8
2020-07-03 17:08:04,575 INFO o.a.j.s.SaveService: Loading file: /home/farooq/DeFog/Experiments/DeFog/assets/ipokemon-assets/modified_iPokemon.jmx
2020-07-03 17:08:04,630 INFO o.a.j.p.h.s.HTTPSamplerBase: Parser for text/html is org.apache.jmeter.protocol.http.parser.LagartoBasedHtmlParser
2020-07-03 17:08:04,630 INFO o.a.j.p.h.s.HTTPSamplerBase: Parser for application/xhtml+xml is org.apache.jmeter.protocol.http.parser.LagartoBasedHtmlParser
2020-07-03 17:08:04,630 INFO o.a.j.p.h.s.HTTPSamplerBase: Parser for application/xml is org.apache.jmeter.protocol.http.parser.LagartoBasedHtmlParser
2020-07-03 17:08:04,630 INFO o.a.j.p.h.s.HTTPSamplerBase: Parser for text/xml is org.apache.jmeter.protocol.http.parser.LagartoBasedHtmlParser
2020-07-03 17:08:04,630 INFO o.a.j.p.h.s.HTTPSamplerBase: Parser for text/vnd.wap.wml is org.apache.jmeter.protocol.http.parser.RegexpHTMLParser
2020-07-03 17:08:04,630 INFO o.a.j.p.h.s.HTTPSamplerBase: Parser for text/css is org.apache.jmeter.protocol.http.parser.CssParser
2020-07-03 17:08:04,710 INFO o.a.j.e.StandardJMeterEngine: Running the test!
2020-07-03 17:08:04,713 INFO o.a.j.s.SampleEvent: List of sample_variables: []
2020-07-03 17:08:04,713 INFO o.a.j.s.SampleEvent: List of sample_variables: []
2020-07-03 17:08:04,722 INFO o.a.j.e.u.CompoundVariable: Note: Function class names must contain the string: '.functions.'
2020-07-03 17:08:04,723 INFO o.a.j.e.u.CompoundVariable: Note: Function class names must not contain the string: '.gui.'
2020-07-03 17:08:05,020 INFO o.a.j.JMeter: Running test (1593785285020)
2020-07-03 17:08:05,041 INFO o.a.j.e.StandardJMeterEngine: Starting ThreadGroup: 1 : ipokemon
2020-07-03 17:08:05,041 INFO o.a.j.e.StandardJMeterEngine: Starting 50 threads for group ipokemon.
2020-07-03 17:08:05,042 INFO o.a.j.e.StandardJMeterEngine: Thread will continue on error
2020-07-03 17:08:05,042 INFO o.a.j.t.ThreadGroup: Starting thread group... number=1 threads=50 ramp-up=0 delayedStart=false
2020-07-03 17:08:05,059 INFO o.a.j.t.JMeterThread: Thread started: ipokemon 1-2
2020-07-03 17:08:05,059 INFO o.a.j.t.JMeterThread: Thread started: ipokemon 1-1
2020-07-03 17:08:05,067 INFO o.a.j.t.JMeterThread: Thread started: ipokemon 1-3
2020-07-03 17:08:05,074 INFO o.a.j.t.JMeterThread: Thread started: ipokemon 1-4
2020-07-03 17:08:05,079 INFO o.a.j.t.JMeterThread: Thread started: ipokemon 1-5
2020-07-03 17:08:05,085 INFO o.a.j.t.JMeterThread: Thread started: ipokemon 1-6
2020-07-03 17:08:05,090 INFO o.a.j.t.JMeterThread: Thread started: ipokemon 1-7
2020-07-03 17:08:05,090 INFO o.a.j.p.h.s.HTTPHCAbstractImpl: Local host = farooq-HP-EliteBook-840-G5
2020-07-03 17:08:05,092 INFO o.a.j.t.JMeterThread: Thread started: ipokemon 1-8
2020-07-03 17:08:05,096 INFO o.a.j.t.JMeterThread: Thread started: ipokemon 1-9
2020-07-03 17:08:05,098 INFO o.a.j.t.JMeterThread: Thread started: ipokemon 1-10
2020-07-03 17:08:05,100 INFO o.a.j.p.h.s.HTTPHC4Impl: HTTP request retry count = 0
2020-07-03 17:08:05,103 INFO o.a.j.s.SampleResult: Note: Sample TimeStamps are START times
2020-07-03 17:08:05,103 INFO o.a.j.s.SampleResult: sampleresult.default.encoding is set to UTF-8
2020-07-03 17:08:05,103 INFO o.a.j.s.SampleResult: sampleresult.useNanoTime=true
2020-07-03 17:08:05,103 INFO o.a.j.s.SampleResult: sampleresult.nanoThreadSleep=5000
2020-07-03 17:08:05,103 INFO o.a.j.t.JMeterThread: Thread started: ipokemon 1-11
2020-07-03 17:08:05,105 INFO o.a.j.t.JMeterThread: Thread started: ipokemon 1-12
2020-07-03 17:08:05,109 INFO o.a.j.t.JMeterThread: Thread started: ipokemon 1-13
2020-07-03 17:08:05,116 INFO o.a.j.t.JMeterThread: Thread started: ipokemon 1-14
2020-07-03 17:08:05,123 INFO o.a.j.t.JMeterThread: Thread started: ipokemon 1-15
2020-07-03 17:08:05,133 INFO o.a.j.t.JMeterThread: Thread started: ipokemon 1-16
2020-07-03 17:08:05,135 INFO o.a.j.t.JMeterThread: Thread started: ipokemon 1-17
2020-07-03 17:08:05,139 INFO o.a.j.t.JMeterThread: Thread started: ipokemon 1-18
2020-07-03 17:08:05,141 INFO o.a.j.t.JMeterThread: Thread started: ipokemon 1-19
2020-07-03 17:08:05,146 INFO o.a.j.t.JMeterThread: Thread started: ipokemon 1-20
2020-07-03 17:08:05,165 INFO o.a.j.t.JMeterThread: Thread started: ipokemon 1-21
2020-07-03 17:08:05,167 INFO o.a.j.t.JMeterThread: Thread started: ipokemon 1-22
2020-07-03 17:08:05,169 INFO o.a.j.t.JMeterThread: Thread started: ipokemon 1-23
2020-07-03 17:08:05,171 INFO o.a.j.t.JMeterThread: Thread started: ipokemon 1-24
2020-07-03 17:08:05,176 INFO o.a.j.t.JMeterThread: Thread started: ipokemon 1-25
2020-07-03 17:08:05,180 INFO o.a.j.t.JMeterThread: Thread started: ipokemon 1-26
2020-07-03 17:08:05,185 INFO o.a.j.t.JMeterThread: Thread started: ipokemon 1-27
2020-07-03 17:08:05,190 INFO o.a.j.t.JMeterThread: Thread started: ipokemon 1-28
2020-07-03 17:08:05,192 INFO o.a.j.t.JMeterThread: Thread started: ipokemon 1-29
2020-07-03 17:08:05,197 INFO o.a.j.t.JMeterThread: Thread started: ipokemon 1-30
2020-07-03 17:08:05,199 INFO o.a.j.t.JMeterThread: Thread started: ipokemon 1-31
2020-07-03 17:08:05,200 INFO o.a.j.t.JMeterThread: Thread started: ipokemon 1-32
2020-07-03 17:08:05,209 INFO o.a.j.t.JMeterThread: Thread started: ipokemon 1-33
2020-07-03 17:08:05,211 INFO o.a.j.t.JMeterThread: Thread started: ipokemon 1-34
2020-07-03 17:08:05,216 INFO o.a.j.t.JMeterThread: Thread started: ipokemon 1-35
2020-07-03 17:08:05,224 INFO o.a.j.t.JMeterThread: Thread started: ipokemon 1-36
2020-07-03 17:08:05,225 INFO o.a.j.t.JMeterThread: Thread started: ipokemon 1-37
2020-07-03 17:08:05,234 INFO o.a.j.t.JMeterThread: Thread started: ipokemon 1-38
2020-07-03 17:08:05,247 INFO o.a.j.t.JMeterThread: Thread started: ipokemon 1-39
2020-07-03 17:08:05,249 INFO o.a.j.t.JMeterThread: Thread started: ipokemon 1-40
2020-07-03 17:08:05,257 INFO o.a.j.t.JMeterThread: Thread started: ipokemon 1-41
2020-07-03 17:08:05,265 INFO o.a.j.t.JMeterThread: Thread started: ipokemon 1-42
2020-07-03 17:08:05,267 INFO o.a.j.t.JMeterThread: Thread started: ipokemon 1-43
2020-07-03 17:08:05,273 INFO o.a.j.t.JMeterThread: Thread started: ipokemon 1-44
2020-07-03 17:08:05,281 INFO o.a.j.t.JMeterThread: Thread started: ipokemon 1-45
2020-07-03 17:08:05,284 INFO o.a.j.t.JMeterThread: Thread started: ipokemon 1-46
2020-07-03 17:08:05,288 INFO o.a.j.t.JMeterThread: Thread started: ipokemon 1-47
2020-07-03 17:08:05,297 INFO o.a.j.t.JMeterThread: Thread started: ipokemon 1-48
2020-07-03 17:08:05,317 INFO o.a.j.t.ThreadGroup: Started thread group number 1
2020-07-03 17:08:05,317 INFO o.a.j.e.StandardJMeterEngine: All thread groups have been started
2020-07-03 17:08:05,318 INFO o.a.j.t.JMeterThread: Thread started: ipokemon 1-49
2020-07-03 17:08:05,320 INFO o.a.j.t.JMeterThread: Thread started: ipokemon 1-50
2020-07-03 17:08:21,835 INFO o.a.j.JMeter: Command: Shutdown received from /127.0.0.1
2020-07-03 17:08:21,837 INFO o.a.j.t.JMeterThread: Stopping: ipokemon 1-7
2020-07-03 17:08:21,837 INFO o.a.j.t.JMeterThread: Stopping: ipokemon 1-8
2020-07-03 17:08:21,837 INFO o.a.j.t.JMeterThread: Stopping: ipokemon 1-34
2020-07-03 17:08:21,837 INFO o.a.j.t.JMeterThread: Stopping: ipokemon 1-30
2020-07-03 17:08:21,837 INFO o.a.j.t.JMeterThread: Stopping: ipokemon 1-38
2020-07-03 17:08:21,837 INFO o.a.j.t.JMeterThread: Stopping: ipokemon 1-13
2020-07-03 17:08:21,837 INFO o.a.j.t.JMeterThread: Stopping: ipokemon 1-9
2020-07-03 17:08:21,837 INFO o.a.j.t.JMeterThread: Stopping: ipokemon 1-17
2020-07-03 17:08:21,837 INFO o.a.j.t.JMeterThread: Stopping: ipokemon 1-22
2020-07-03 17:08:21,838 INFO o.a.j.t.JMeterThread: Stopping: ipokemon 1-16
2020-07-03 17:08:21,838 INFO o.a.j.t.JMeterThread: Stopping: ipokemon 1-47
2020-07-03 17:08:21,838 INFO o.a.j.t.JMeterThread: Stopping: ipokemon 1-27
2020-07-03 17:08:21,838 INFO o.a.j.t.JMeterThread: Stopping: ipokemon 1-23
2020-07-03 17:08:21,838 INFO o.a.j.t.JMeterThread: Stopping: ipokemon 1-31
2020-07-03 17:08:21,838 INFO o.a.j.t.JMeterThread: Stopping: ipokemon 1-18
2020-07-03 17:08:21,838 INFO o.a.j.t.JMeterThread: Stopping: ipokemon 1-33
2020-07-03 17:08:21,838 INFO o.a.j.t.JMeterThread: Stopping: ipokemon 1-2
2020-07-03 17:08:21,838 INFO o.a.j.t.JMeterThread: Stopping: ipokemon 1-14
2020-07-03 17:08:21,838 INFO o.a.j.t.JMeterThread: Stopping: ipokemon 1-46
2020-07-03 17:08:21,838 INFO o.a.j.t.JMeterThread: Stopping: ipokemon 1-36
2020-07-03 17:08:21,838 INFO o.a.j.t.JMeterThread: Stopping: ipokemon 1-39
2020-07-03 17:08:21,838 INFO o.a.j.t.JMeterThread: Stopping: ipokemon 1-5
2020-07-03 17:08:21,838 INFO o.a.j.t.JMeterThread: Stopping: ipokemon 1-49
2020-07-03 17:08:21,838 INFO o.a.j.t.JMeterThread: Stopping: ipokemon 1-32
2020-07-03 17:08:21,838 INFO o.a.j.t.JMeterThread: Stopping: ipokemon 1-42
2020-07-03 17:08:21,838 INFO o.a.j.t.JMeterThread: Stopping: ipokemon 1-26
2020-07-03 17:08:21,838 INFO o.a.j.t.JMeterThread: Stopping: ipokemon 1-11
2020-07-03 17:08:21,839 INFO o.a.j.t.JMeterThread: Stopping: ipokemon 1-1
2020-07-03 17:08:21,839 INFO o.a.j.t.JMeterThread: Stopping: ipokemon 1-19
2020-07-03 17:08:21,839 INFO o.a.j.t.JMeterThread: Stopping: ipokemon 1-12
2020-07-03 17:08:21,839 INFO o.a.j.t.JMeterThread: Stopping: ipokemon 1-20
2020-07-03 17:08:21,839 INFO o.a.j.t.JMeterThread: Stopping: ipokemon 1-37
2020-07-03 17:08:21,839 INFO o.a.j.t.JMeterThread: Stopping: ipokemon 1-44
2020-07-03 17:08:21,839 INFO o.a.j.t.JMeterThread: Stopping: ipokemon 1-3
2020-07-03 17:08:21,839 INFO o.a.j.t.JMeterThread: Stopping: ipokemon 1-40
2020-07-03 17:08:21,839 INFO o.a.j.t.JMeterThread: Stopping: ipokemon 1-28
2020-07-03 17:08:21,839 INFO o.a.j.t.JMeterThread: Stopping: ipokemon 1-25
2020-07-03 17:08:21,839 INFO o.a.j.t.JMeterThread: Stopping: ipokemon 1-48
2020-07-03 17:08:21,839 INFO o.a.j.t.JMeterThread: Stopping: ipokemon 1-6
2020-07-03 17:08:21,839 INFO o.a.j.t.JMeterThread: Stopping: ipokemon 1-43
2020-07-03 17:08:21,839 INFO o.a.j.t.JMeterThread: Stopping: ipokemon 1-41
2020-07-03 17:08:21,839 INFO o.a.j.t.JMeterThread: Stopping: ipokemon 1-50
2020-07-03 17:08:21,839 INFO o.a.j.t.JMeterThread: Stopping: ipokemon 1-24
2020-07-03 17:08:21,839 INFO o.a.j.t.JMeterThread: Stopping: ipokemon 1-15
2020-07-03 17:08:21,839 INFO o.a.j.t.JMeterThread: Stopping: ipokemon 1-35
2020-07-03 17:08:21,839 INFO o.a.j.t.JMeterThread: Stopping: ipokemon 1-10
2020-07-03 17:08:21,840 INFO o.a.j.t.JMeterThread: Stopping: ipokemon 1-45
2020-07-03 17:08:21,840 INFO o.a.j.t.JMeterThread: Stopping: ipokemon 1-29
2020-07-03 17:08:21,840 INFO o.a.j.t.JMeterThread: Stopping: ipokemon 1-21
2020-07-03 17:08:21,840 INFO o.a.j.t.JMeterThread: Stopping: ipokemon 1-4
2020-07-03 17:08:21,841 INFO o.a.j.t.JMeterThread: Thread finished: ipokemon 1-22
2020-07-03 17:08:21,969 INFO o.a.j.t.JMeterThread: Thread finished: ipokemon 1-23
2020-07-03 17:08:22,058 INFO o.a.j.t.JMeterThread: Thread finished: ipokemon 1-44
2020-07-03 17:08:22,081 INFO o.a.j.t.JMeterThread: Thread finished: ipokemon 1-50
2020-07-03 17:08:22,208 INFO o.a.j.t.JMeterThread: Thread finished: ipokemon 1-16
2020-07-03 17:08:22,369 INFO o.a.j.t.JMeterThread: Thread finished: ipokemon 1-19
2020-07-03 17:08:22,375 INFO o.a.j.t.JMeterThread: Thread finished: ipokemon 1-49
2020-07-03 17:08:22,400 INFO o.a.j.t.JMeterThread: Thread finished: ipokemon 1-42
2020-07-03 17:08:22,687 INFO o.a.j.t.JMeterThread: Thread finished: ipokemon 1-27
2020-07-03 17:08:23,191 INFO o.a.j.t.JMeterThread: Thread finished: ipokemon 1-46
2020-07-03 17:08:23,321 INFO o.a.j.t.JMeterThread: Thread finished: ipokemon 1-25
2020-07-03 17:08:23,362 INFO o.a.j.t.JMeterThread: Thread finished: ipokemon 1-1
2020-07-03 17:08:23,624 INFO o.a.j.t.JMeterThread: Thread finished: ipokemon 1-41
2020-07-03 17:08:23,791 INFO o.a.j.t.JMeterThread: Thread finished: ipokemon 1-4
2020-07-03 17:08:25,770 INFO o.a.j.t.JMeterThread: Thread finished: ipokemon 1-13
2020-07-03 17:08:26,083 INFO o.a.j.t.JMeterThread: Thread finished: ipokemon 1-8
2020-07-03 17:08:26,152 INFO o.a.j.t.JMeterThread: Thread finished: ipokemon 1-33
2020-07-03 17:08:26,557 INFO o.a.j.t.JMeterThread: Thread finished: ipokemon 1-12
2020-07-03 17:08:26,852 INFO o.a.j.JMeter: Command: StopTestNow received from /127.0.0.1
2020-07-03 17:08:26,854 INFO o.a.j.t.JMeterThread: Stopping: ipokemon 1-7
2020-07-03 17:08:26,854 WARN o.a.j.t.JMeterThread: Interrupting: ipokemon 1-7 sampler: ThinkTime
2020-07-03 17:08:26,854 INFO o.a.j.t.JMeterThread: Stopping: ipokemon 1-34
2020-07-03 17:08:26,854 WARN o.a.j.t.JMeterThread: Interrupting: ipokemon 1-34 sampler: ThinkTime
2020-07-03 17:08:26,854 INFO o.a.j.t.JMeterThread: Thread finished: ipokemon 1-7
2020-07-03 17:08:26,855 INFO o.a.j.t.JMeterThread: Stopping: ipokemon 1-30
2020-07-03 17:08:26,855 WARN o.a.j.t.JMeterThread: Interrupting: ipokemon 1-30 sampler: ThinkTime
2020-07-03 17:08:26,855 INFO o.a.j.t.JMeterThread: Thread finished: ipokemon 1-34
2020-07-03 17:08:26,855 INFO o.a.j.t.JMeterThread: Stopping: ipokemon 1-38
2020-07-03 17:08:26,855 WARN o.a.j.t.JMeterThread: Interrupting: ipokemon 1-38 sampler: ThinkTime
2020-07-03 17:08:26,855 INFO o.a.j.t.JMeterThread: Stopping: ipokemon 1-9
2020-07-03 17:08:26,855 INFO o.a.j.t.JMeterThread: Thread finished: ipokemon 1-30
2020-07-03 17:08:26,855 WARN o.a.j.t.JMeterThread: Interrupting: ipokemon 1-9 sampler: ThinkTime
2020-07-03 17:08:26,855 INFO o.a.j.t.JMeterThread: Thread finished: ipokemon 1-38
2020-07-03 17:08:26,855 INFO o.a.j.t.JMeterThread: Stopping: ipokemon 1-17
2020-07-03 17:08:26,855 WARN o.a.j.t.JMeterThread: Interrupting: ipokemon 1-17 sampler: ThinkTime
2020-07-03 17:08:26,855 INFO o.a.j.t.JMeterThread: Thread finished: ipokemon 1-9
2020-07-03 17:08:26,855 INFO o.a.j.t.JMeterThread: Stopping: ipokemon 1-47
2020-07-03 17:08:26,855 INFO o.a.j.t.JMeterThread: Thread finished: ipokemon 1-17
2020-07-03 17:08:26,855 WARN o.a.j.t.JMeterThread: Interrupting: ipokemon 1-47 sampler: ThinkTime
2020-07-03 17:08:26,855 INFO o.a.j.t.JMeterThread: Stopping: ipokemon 1-31
2020-07-03 17:08:26,855 WARN o.a.j.t.JMeterThread: Interrupting: ipokemon 1-31 sampler: ThinkTime
2020-07-03 17:08:26,856 INFO o.a.j.t.JMeterThread: Thread finished: ipokemon 1-47
2020-07-03 17:08:26,856 INFO o.a.j.t.JMeterThread: Stopping: ipokemon 1-18
2020-07-03 17:08:26,856 WARN o.a.j.t.JMeterThread: Interrupting: ipokemon 1-18 sampler: ThinkTime
2020-07-03 17:08:26,856 INFO o.a.j.t.JMeterThread: Thread finished: ipokemon 1-31
2020-07-03 17:08:26,856 INFO o.a.j.t.JMeterThread: Stopping: ipokemon 1-2
2020-07-03 17:08:26,856 WARN o.a.j.t.JMeterThread: Interrupting: ipokemon 1-2 sampler: ThinkTime
2020-07-03 17:08:26,856 INFO o.a.j.t.JMeterThread: Thread finished: ipokemon 1-18
2020-07-03 17:08:26,856 INFO o.a.j.t.JMeterThread: Stopping: ipokemon 1-14
2020-07-03 17:08:26,856 WARN o.a.j.t.JMeterThread: Interrupting: ipokemon 1-14 sampler: ThinkTime
2020-07-03 17:08:26,856 INFO o.a.j.t.JMeterThread: Thread finished: ipokemon 1-2
2020-07-03 17:08:26,856 INFO o.a.j.t.JMeterThread: Stopping: ipokemon 1-36
2020-07-03 17:08:26,856 WARN o.a.j.t.JMeterThread: Interrupting: ipokemon 1-36 sampler: ThinkTime
2020-07-03 17:08:26,856 INFO o.a.j.t.JMeterThread: Thread finished: ipokemon 1-14
2020-07-03 17:08:26,856 INFO o.a.j.t.JMeterThread: Stopping: ipokemon 1-39
2020-07-03 17:08:26,856 WARN o.a.j.t.JMeterThread: Interrupting: ipokemon 1-39 sampler: ThinkTime
2020-07-03 17:08:26,856 INFO o.a.j.t.JMeterThread: Stopping: ipokemon 1-5
2020-07-03 17:08:26,856 INFO o.a.j.t.JMeterThread: Thread finished: ipokemon 1-36
2020-07-03 17:08:26,857 WARN o.a.j.t.JMeterThread: Interrupting: ipokemon 1-5 sampler: ThinkTime
2020-07-03 17:08:26,857 INFO o.a.j.t.JMeterThread: Thread finished: ipokemon 1-39
2020-07-03 17:08:26,857 INFO o.a.j.t.JMeterThread: Stopping: ipokemon 1-32
2020-07-03 17:08:26,857 INFO o.a.j.t.JMeterThread: Thread finished: ipokemon 1-5
2020-07-03 17:08:26,857 WARN o.a.j.t.JMeterThread: Interrupting: ipokemon 1-32 sampler: ThinkTime
2020-07-03 17:08:26,857 INFO o.a.j.t.JMeterThread: Stopping: ipokemon 1-26
2020-07-03 17:08:26,857 WARN o.a.j.t.JMeterThread: Interrupting: ipokemon 1-26 sampler: ThinkTime
2020-07-03 17:08:26,857 INFO o.a.j.t.JMeterThread: Thread finished: ipokemon 1-32
2020-07-03 17:08:26,857 INFO o.a.j.t.JMeterThread: Stopping: ipokemon 1-11
2020-07-03 17:08:26,857 WARN o.a.j.t.JMeterThread: Interrupting: ipokemon 1-11 sampler: ThinkTime
2020-07-03 17:08:26,857 INFO o.a.j.t.JMeterThread: Thread finished: ipokemon 1-26
2020-07-03 17:08:26,857 INFO o.a.j.t.JMeterThread: Stopping: ipokemon 1-20
2020-07-03 17:08:26,857 WARN o.a.j.t.JMeterThread: Interrupting: ipokemon 1-20 sampler: ThinkTime
2020-07-03 17:08:26,857 INFO o.a.j.t.JMeterThread: Thread finished: ipokemon 1-11
2020-07-03 17:08:26,857 INFO o.a.j.t.JMeterThread: Stopping: ipokemon 1-37
2020-07-03 17:08:26,857 WARN o.a.j.t.JMeterThread: Interrupting: ipokemon 1-37 sampler: ThinkTime
2020-07-03 17:08:26,857 INFO o.a.j.t.JMeterThread: Thread finished: ipokemon 1-20
2020-07-03 17:08:26,858 INFO o.a.j.t.JMeterThread: Stopping: ipokemon 1-3
2020-07-03 17:08:26,858 WARN o.a.j.t.JMeterThread: Interrupting: ipokemon 1-3 sampler: ThinkTime
2020-07-03 17:08:26,858 INFO o.a.j.t.JMeterThread: Stopping: ipokemon 1-40
2020-07-03 17:08:26,858 INFO o.a.j.t.JMeterThread: Thread finished: ipokemon 1-37
2020-07-03 17:08:26,858 WARN o.a.j.t.JMeterThread: Interrupting: ipokemon 1-40 sampler: ThinkTime
2020-07-03 17:08:26,858 INFO o.a.j.t.JMeterThread: Thread finished: ipokemon 1-3
2020-07-03 17:08:26,858 INFO o.a.j.t.JMeterThread: Stopping: ipokemon 1-28
2020-07-03 17:08:26,858 WARN o.a.j.t.JMeterThread: Interrupting: ipokemon 1-28 sampler: ThinkTime
2020-07-03 17:08:26,858 INFO o.a.j.t.JMeterThread: Thread finished: ipokemon 1-40
2020-07-03 17:08:26,858 INFO o.a.j.t.JMeterThread: Stopping: ipokemon 1-48
2020-07-03 17:08:26,858 WARN o.a.j.t.JMeterThread: Interrupting: ipokemon 1-48 sampler: ThinkTime
2020-07-03 17:08:26,858 INFO o.a.j.t.JMeterThread: Thread finished: ipokemon 1-28
2020-07-03 17:08:26,859 INFO o.a.j.t.JMeterThread: Stopping: ipokemon 1-6
2020-07-03 17:08:26,859 WARN o.a.j.t.JMeterThread: Interrupting: ipokemon 1-6 sampler: ThinkTime
2020-07-03 17:08:26,859 INFO o.a.j.t.JMeterThread: Thread finished: ipokemon 1-48
2020-07-03 17:08:26,859 INFO o.a.j.t.JMeterThread: Stopping: ipokemon 1-43
2020-07-03 17:08:26,859 WARN o.a.j.t.JMeterThread: Interrupting: ipokemon 1-43 sampler: ThinkTime
2020-07-03 17:08:26,859 INFO o.a.j.t.JMeterThread: Thread finished: ipokemon 1-6
2020-07-03 17:08:26,859 INFO o.a.j.t.JMeterThread: Stopping: ipokemon 1-24
2020-07-03 17:08:26,859 WARN o.a.j.t.JMeterThread: Interrupting: ipokemon 1-24 sampler: ThinkTime
2020-07-03 17:08:26,866 INFO o.a.j.t.JMeterThread: Thread finished: ipokemon 1-43
2020-07-03 17:08:26,866 INFO o.a.j.t.JMeterThread: Stopping: ipokemon 1-15
2020-07-03 17:08:26,866 WARN o.a.j.t.JMeterThread: Interrupting: ipokemon 1-15 sampler: ThinkTime
2020-07-03 17:08:26,866 INFO o.a.j.t.JMeterThread: Thread finished: ipokemon 1-24
2020-07-03 17:08:26,867 INFO o.a.j.t.JMeterThread: Stopping: ipokemon 1-35
2020-07-03 17:08:26,867 WARN o.a.j.t.JMeterThread: Interrupting: ipokemon 1-35 sampler: ThinkTime
2020-07-03 17:08:26,867 INFO o.a.j.t.JMeterThread: Thread finished: ipokemon 1-15
2020-07-03 17:08:26,867 INFO o.a.j.t.JMeterThread: Stopping: ipokemon 1-10
2020-07-03 17:08:26,867 WARN o.a.j.t.JMeterThread: Interrupting: ipokemon 1-10 sampler: ThinkTime
2020-07-03 17:08:26,867 INFO o.a.j.t.JMeterThread: Thread finished: ipokemon 1-35
2020-07-03 17:08:26,867 INFO o.a.j.t.JMeterThread: Stopping: ipokemon 1-45
2020-07-03 17:08:26,867 WARN o.a.j.t.JMeterThread: Interrupting: ipokemon 1-45 sampler: ThinkTime
2020-07-03 17:08:26,867 INFO o.a.j.t.JMeterThread: Thread finished: ipokemon 1-10
2020-07-03 17:08:26,867 INFO o.a.j.t.JMeterThread: Stopping: ipokemon 1-29
2020-07-03 17:08:26,867 WARN o.a.j.t.JMeterThread: Interrupting: ipokemon 1-29 sampler: ThinkTime
2020-07-03 17:08:26,867 INFO o.a.j.t.JMeterThread: Thread finished: ipokemon 1-45
2020-07-03 17:08:26,867 INFO o.a.j.t.JMeterThread: Stopping: ipokemon 1-21
2020-07-03 17:08:26,867 WARN o.a.j.t.JMeterThread: Interrupting: ipokemon 1-21 sampler: ThinkTime
2020-07-03 17:08:26,867 INFO o.a.j.t.JMeterThread: Thread finished: ipokemon 1-29
2020-07-03 17:08:26,867 INFO o.a.j.t.JMeterThread: Thread finished: ipokemon 1-21
2020-07-03 17:08:26,868 INFO o.a.j.e.StandardJMeterEngine: Notifying test listeners of end of test
2020-07-03 17:08:26,868 INFO o.a.j.e.StandardJMeterEngine: Forced JVM shutdown requested at end of test
