2020-07-13 12:23:21,208 INFO o.a.j.u.JMeterUtils: Setting Locale to en_US
2020-07-13 12:23:21,247 INFO o.a.j.JMeter: Loading user properties from: user.properties
2020-07-13 12:23:21,247 INFO o.a.j.JMeter: Loading system properties from: system.properties
2020-07-13 12:23:21,248 INFO o.a.j.JMeter: Loading additional properties from: /home/farooq/DeFog/Experiments/DeFog/jmeter/bin/2020-07-13_12-23-13.330434/jmeter-bzt.properties
2020-07-13 12:23:21,250 INFO o.a.j.JMeter: Copyright (c) 1998-2019 The Apache Software Foundation
2020-07-13 12:23:21,250 INFO o.a.j.JMeter: Version 5.2.1
2020-07-13 12:23:21,250 INFO o.a.j.JMeter: java.version=11.0.7
2020-07-13 12:23:21,250 INFO o.a.j.JMeter: java.vm.name=OpenJDK 64-Bit Server VM
2020-07-13 12:23:21,250 INFO o.a.j.JMeter: os.name=Linux
2020-07-13 12:23:21,251 INFO o.a.j.JMeter: os.arch=amd64
2020-07-13 12:23:21,251 INFO o.a.j.JMeter: os.version=5.3.0-28-generic
2020-07-13 12:23:21,251 INFO o.a.j.JMeter: file.encoding=UTF-8
2020-07-13 12:23:21,251 INFO o.a.j.JMeter: java.awt.headless=true
2020-07-13 12:23:21,251 INFO o.a.j.JMeter: Max memory     =4158652416
2020-07-13 12:23:21,252 INFO o.a.j.JMeter: Available Processors =8
2020-07-13 12:23:21,262 INFO o.a.j.JMeter: Default Locale=English (United States)
2020-07-13 12:23:21,263 INFO o.a.j.JMeter: JMeter  Locale=English (United States)
2020-07-13 12:23:21,263 INFO o.a.j.JMeter: JMeterHome=/home/farooq/.bzt/jmeter-taurus/5.2.1
2020-07-13 12:23:21,263 INFO o.a.j.JMeter: user.dir  =/home/farooq/DeFog/Experiments/DeFog/jmeter/bin
2020-07-13 12:23:21,263 INFO o.a.j.JMeter: PWD       =/home/farooq/DeFog/Experiments/DeFog/jmeter/bin
2020-07-13 12:23:21,264 INFO o.a.j.JMeter: IP: 127.0.1.1 Name: farooq-HP-EliteBook-840-G5 FullName: farooq-HP-EliteBook-840-G5
2020-07-13 12:23:21,264 INFO o.a.j.JMeter: user.classpath=/home/farooq/DeFog/Experiments/DeFog/jmeter/bin/2020-07-13_12-23-13.330434:/home/farooq/DeFog/Experiments/DeFog/assets/ipokemon-assets
2020-07-13 12:23:21,264 INFO o.a.j.JMeter: Adding to classpath and loader: /home/farooq/DeFog/Experiments/DeFog/jmeter/bin/2020-07-13_12-23-13.330434
2020-07-13 12:23:21,265 INFO o.a.j.JMeter: Adding to classpath and loader: /home/farooq/DeFog/Experiments/DeFog/assets/ipokemon-assets
2020-07-13 12:23:21,283 INFO o.a.j.s.FileServer: Default base='/home/farooq/DeFog/Experiments/DeFog/jmeter/bin'
2020-07-13 12:23:21,286 INFO o.a.j.s.FileServer: Set new base='/home/farooq/DeFog/Experiments/DeFog/assets/ipokemon-assets'
2020-07-13 12:23:21,471 INFO o.a.j.s.SaveService: Testplan (JMX) version: 2.2. Testlog (JTL) version: 2.2
2020-07-13 12:23:21,493 INFO o.a.j.s.SaveService: Using SaveService properties version 5.0
2020-07-13 12:23:21,499 INFO o.a.j.s.SaveService: Using SaveService properties file encoding UTF-8
2020-07-13 12:23:21,505 INFO o.a.j.s.SaveService: Loading file: /home/farooq/DeFog/Experiments/DeFog/assets/ipokemon-assets/modified_iPokemon.jmx
2020-07-13 12:23:21,584 INFO o.a.j.p.h.s.HTTPSamplerBase: Parser for text/html is org.apache.jmeter.protocol.http.parser.LagartoBasedHtmlParser
2020-07-13 12:23:21,584 INFO o.a.j.p.h.s.HTTPSamplerBase: Parser for application/xhtml+xml is org.apache.jmeter.protocol.http.parser.LagartoBasedHtmlParser
2020-07-13 12:23:21,584 INFO o.a.j.p.h.s.HTTPSamplerBase: Parser for application/xml is org.apache.jmeter.protocol.http.parser.LagartoBasedHtmlParser
2020-07-13 12:23:21,584 INFO o.a.j.p.h.s.HTTPSamplerBase: Parser for text/xml is org.apache.jmeter.protocol.http.parser.LagartoBasedHtmlParser
2020-07-13 12:23:21,584 INFO o.a.j.p.h.s.HTTPSamplerBase: Parser for text/vnd.wap.wml is org.apache.jmeter.protocol.http.parser.RegexpHTMLParser
2020-07-13 12:23:21,585 INFO o.a.j.p.h.s.HTTPSamplerBase: Parser for text/css is org.apache.jmeter.protocol.http.parser.CssParser
2020-07-13 12:23:21,746 INFO o.a.j.e.StandardJMeterEngine: Running the test!
2020-07-13 12:23:21,751 INFO o.a.j.s.SampleEvent: List of sample_variables: []
2020-07-13 12:23:21,751 INFO o.a.j.s.SampleEvent: List of sample_variables: []
2020-07-13 12:23:21,767 INFO o.a.j.e.u.CompoundVariable: Note: Function class names must contain the string: '.functions.'
2020-07-13 12:23:21,767 INFO o.a.j.e.u.CompoundVariable: Note: Function class names must not contain the string: '.gui.'
2020-07-13 12:23:22,285 INFO o.a.j.JMeter: Running test (1594632202285)
2020-07-13 12:23:22,320 INFO o.a.j.e.StandardJMeterEngine: Starting ThreadGroup: 1 : ipokemon
2020-07-13 12:23:22,320 INFO o.a.j.e.StandardJMeterEngine: Starting 100 threads for group ipokemon.
2020-07-13 12:23:22,321 INFO o.a.j.e.StandardJMeterEngine: Thread will continue on error
2020-07-13 12:23:22,321 INFO o.a.j.t.ThreadGroup: Starting thread group... number=1 threads=100 ramp-up=0 delayedStart=false
2020-07-13 12:23:22,352 INFO o.a.j.t.JMeterThread: Thread started: ipokemon 1-1
2020-07-13 12:23:22,356 INFO o.a.j.t.JMeterThread: Thread started: ipokemon 1-2
2020-07-13 12:23:22,361 INFO o.a.j.t.JMeterThread: Thread started: ipokemon 1-3
2020-07-13 12:23:22,371 INFO o.a.j.t.JMeterThread: Thread started: ipokemon 1-4
2020-07-13 12:23:22,384 INFO o.a.j.t.JMeterThread: Thread started: ipokemon 1-6
2020-07-13 12:23:22,392 INFO o.a.j.t.JMeterThread: Thread started: ipokemon 1-5
2020-07-13 12:23:22,405 INFO o.a.j.t.JMeterThread: Thread started: ipokemon 1-7
2020-07-13 12:23:22,413 INFO o.a.j.t.JMeterThread: Thread started: ipokemon 1-8
2020-07-13 12:23:22,414 INFO o.a.j.p.h.s.HTTPHCAbstractImpl: Local host = farooq-HP-EliteBook-840-G5
2020-07-13 12:23:22,416 INFO o.a.j.t.JMeterThread: Thread started: ipokemon 1-9
2020-07-13 12:23:22,421 INFO o.a.j.t.JMeterThread: Thread started: ipokemon 1-10
2020-07-13 12:23:22,428 INFO o.a.j.t.JMeterThread: Thread started: ipokemon 1-11
2020-07-13 12:23:22,431 INFO o.a.j.t.JMeterThread: Thread started: ipokemon 1-12
2020-07-13 12:23:22,432 INFO o.a.j.p.h.s.HTTPHC4Impl: HTTP request retry count = 0
2020-07-13 12:23:22,435 INFO o.a.j.t.JMeterThread: Thread started: ipokemon 1-13
2020-07-13 12:23:22,436 INFO o.a.j.s.SampleResult: Note: Sample TimeStamps are START times
2020-07-13 12:23:22,436 INFO o.a.j.s.SampleResult: sampleresult.default.encoding is set to UTF-8
2020-07-13 12:23:22,437 INFO o.a.j.s.SampleResult: sampleresult.useNanoTime=true
2020-07-13 12:23:22,437 INFO o.a.j.s.SampleResult: sampleresult.nanoThreadSleep=5000
2020-07-13 12:23:22,445 INFO o.a.j.t.JMeterThread: Thread started: ipokemon 1-14
2020-07-13 12:23:22,450 INFO o.a.j.t.JMeterThread: Thread started: ipokemon 1-15
2020-07-13 12:23:22,471 INFO o.a.j.t.JMeterThread: Thread started: ipokemon 1-18
2020-07-13 12:23:22,467 INFO o.a.j.t.JMeterThread: Thread started: ipokemon 1-16
2020-07-13 12:23:22,482 INFO o.a.j.t.JMeterThread: Thread started: ipokemon 1-17
2020-07-13 12:23:22,490 INFO o.a.j.t.JMeterThread: Thread started: ipokemon 1-20
2020-07-13 12:23:22,492 INFO o.a.j.t.JMeterThread: Thread started: ipokemon 1-19
2020-07-13 12:23:22,518 INFO o.a.j.t.JMeterThread: Thread started: ipokemon 1-21
2020-07-13 12:23:22,521 INFO o.a.j.t.JMeterThread: Thread started: ipokemon 1-22
2020-07-13 12:23:22,526 INFO o.a.j.t.JMeterThread: Thread started: ipokemon 1-23
2020-07-13 12:23:22,530 INFO o.a.j.t.JMeterThread: Thread started: ipokemon 1-24
2020-07-13 12:23:22,539 INFO o.a.j.t.JMeterThread: Thread started: ipokemon 1-25
2020-07-13 12:23:22,543 INFO o.a.j.t.JMeterThread: Thread started: ipokemon 1-26
2020-07-13 12:23:22,548 INFO o.a.j.t.JMeterThread: Thread started: ipokemon 1-27
2020-07-13 12:23:22,548 INFO o.a.j.t.JMeterThread: Thread started: ipokemon 1-28
2020-07-13 12:23:22,554 INFO o.a.j.t.JMeterThread: Thread started: ipokemon 1-29
2020-07-13 12:23:22,557 INFO o.a.j.t.JMeterThread: Thread started: ipokemon 1-30
2020-07-13 12:23:22,563 INFO o.a.j.t.JMeterThread: Thread started: ipokemon 1-31
2020-07-13 12:23:22,566 INFO o.a.j.t.JMeterThread: Thread started: ipokemon 1-32
2020-07-13 12:23:22,570 INFO o.a.j.t.JMeterThread: Thread started: ipokemon 1-33
2020-07-13 12:23:22,579 INFO o.a.j.t.JMeterThread: Thread started: ipokemon 1-34
2020-07-13 12:23:22,590 INFO o.a.j.t.JMeterThread: Thread started: ipokemon 1-35
2020-07-13 12:23:22,596 INFO o.a.j.t.JMeterThread: Thread started: ipokemon 1-36
2020-07-13 12:23:22,597 INFO o.a.j.t.JMeterThread: Thread started: ipokemon 1-37
2020-07-13 12:23:22,617 INFO o.a.j.t.JMeterThread: Thread started: ipokemon 1-38
2020-07-13 12:23:22,617 INFO o.a.j.t.JMeterThread: Thread started: ipokemon 1-39
2020-07-13 12:23:22,625 INFO o.a.j.t.JMeterThread: Thread started: ipokemon 1-40
2020-07-13 12:23:22,626 INFO o.a.j.t.JMeterThread: Thread started: ipokemon 1-41
2020-07-13 12:23:22,630 INFO o.a.j.t.JMeterThread: Thread started: ipokemon 1-42
2020-07-13 12:23:22,635 INFO o.a.j.t.JMeterThread: Thread started: ipokemon 1-43
2020-07-13 12:23:22,651 INFO o.a.j.t.JMeterThread: Thread started: ipokemon 1-45
2020-07-13 12:23:22,652 INFO o.a.j.t.JMeterThread: Thread started: ipokemon 1-46
2020-07-13 12:23:22,658 INFO o.a.j.t.JMeterThread: Thread started: ipokemon 1-47
2020-07-13 12:23:22,664 INFO o.a.j.t.JMeterThread: Thread started: ipokemon 1-49
2020-07-13 12:23:22,665 INFO o.a.j.t.JMeterThread: Thread started: ipokemon 1-44
2020-07-13 12:23:22,671 INFO o.a.j.t.JMeterThread: Thread started: ipokemon 1-48
2020-07-13 12:23:22,671 INFO o.a.j.t.JMeterThread: Thread started: ipokemon 1-50
2020-07-13 12:23:22,689 INFO o.a.j.t.JMeterThread: Thread started: ipokemon 1-51
2020-07-13 12:23:22,707 INFO o.a.j.t.JMeterThread: Thread started: ipokemon 1-52
2020-07-13 12:23:22,712 INFO o.a.j.t.JMeterThread: Thread started: ipokemon 1-53
2020-07-13 12:23:22,726 INFO o.a.j.t.JMeterThread: Thread started: ipokemon 1-54
2020-07-13 12:23:22,743 INFO o.a.j.t.JMeterThread: Thread started: ipokemon 1-55
2020-07-13 12:23:22,744 INFO o.a.j.t.JMeterThread: Thread started: ipokemon 1-56
2020-07-13 12:23:22,761 INFO o.a.j.t.JMeterThread: Thread started: ipokemon 1-57
2020-07-13 12:23:22,775 INFO o.a.j.t.JMeterThread: Thread started: ipokemon 1-58
2020-07-13 12:23:22,778 INFO o.a.j.t.JMeterThread: Thread started: ipokemon 1-59
2020-07-13 12:23:22,782 INFO o.a.j.t.JMeterThread: Thread started: ipokemon 1-60
2020-07-13 12:23:22,800 INFO o.a.j.t.JMeterThread: Thread started: ipokemon 1-61
2020-07-13 12:23:22,820 INFO o.a.j.t.JMeterThread: Thread started: ipokemon 1-62
2020-07-13 12:23:22,829 INFO o.a.j.t.JMeterThread: Thread started: ipokemon 1-64
2020-07-13 12:23:22,835 INFO o.a.j.t.JMeterThread: Thread started: ipokemon 1-63
2020-07-13 12:23:22,845 INFO o.a.j.t.JMeterThread: Thread started: ipokemon 1-65
2020-07-13 12:23:22,858 INFO o.a.j.t.JMeterThread: Thread started: ipokemon 1-66
2020-07-13 12:23:22,863 INFO o.a.j.t.JMeterThread: Thread started: ipokemon 1-67
2020-07-13 12:23:22,874 INFO o.a.j.t.JMeterThread: Thread started: ipokemon 1-68
2020-07-13 12:23:22,875 INFO o.a.j.t.JMeterThread: Thread started: ipokemon 1-69
2020-07-13 12:23:22,886 INFO o.a.j.t.JMeterThread: Thread started: ipokemon 1-70
2020-07-13 12:23:22,901 INFO o.a.j.t.JMeterThread: Thread started: ipokemon 1-71
2020-07-13 12:23:22,905 INFO o.a.j.t.JMeterThread: Thread started: ipokemon 1-72
2020-07-13 12:23:22,910 INFO o.a.j.t.JMeterThread: Thread started: ipokemon 1-73
2020-07-13 12:23:22,912 INFO o.a.j.t.JMeterThread: Thread started: ipokemon 1-74
2020-07-13 12:23:22,913 INFO o.a.j.t.JMeterThread: Thread started: ipokemon 1-75
2020-07-13 12:23:22,918 INFO o.a.j.t.JMeterThread: Thread started: ipokemon 1-76
2020-07-13 12:23:22,922 INFO o.a.j.t.JMeterThread: Thread started: ipokemon 1-77
2020-07-13 12:23:22,929 INFO o.a.j.t.JMeterThread: Thread started: ipokemon 1-79
2020-07-13 12:23:22,934 INFO o.a.j.t.JMeterThread: Thread started: ipokemon 1-80
2020-07-13 12:23:22,944 INFO o.a.j.t.JMeterThread: Thread started: ipokemon 1-78
2020-07-13 12:23:22,945 INFO o.a.j.t.JMeterThread: Thread started: ipokemon 1-81
2020-07-13 12:23:22,952 INFO o.a.j.t.JMeterThread: Thread started: ipokemon 1-82
2020-07-13 12:23:22,956 INFO o.a.j.t.JMeterThread: Thread started: ipokemon 1-84
2020-07-13 12:23:22,955 INFO o.a.j.t.JMeterThread: Thread started: ipokemon 1-83
2020-07-13 12:23:22,976 INFO o.a.j.t.JMeterThread: Thread started: ipokemon 1-86
2020-07-13 12:23:22,978 INFO o.a.j.t.JMeterThread: Thread started: ipokemon 1-85
2020-07-13 12:23:22,983 INFO o.a.j.t.JMeterThread: Thread started: ipokemon 1-87
2020-07-13 12:23:22,991 INFO o.a.j.t.JMeterThread: Thread started: ipokemon 1-88
2020-07-13 12:23:23,000 INFO o.a.j.t.JMeterThread: Thread started: ipokemon 1-89
2020-07-13 12:23:23,003 INFO o.a.j.t.JMeterThread: Thread started: ipokemon 1-90
2020-07-13 12:23:23,010 INFO o.a.j.t.JMeterThread: Thread started: ipokemon 1-91
2020-07-13 12:23:23,022 INFO o.a.j.t.JMeterThread: Thread started: ipokemon 1-92
2020-07-13 12:23:23,023 INFO o.a.j.t.JMeterThread: Thread started: ipokemon 1-93
2020-07-13 12:23:23,026 INFO o.a.j.t.JMeterThread: Thread started: ipokemon 1-94
2020-07-13 12:23:23,036 INFO o.a.j.t.JMeterThread: Thread started: ipokemon 1-96
2020-07-13 12:23:23,039 INFO o.a.j.t.JMeterThread: Thread started: ipokemon 1-95
2020-07-13 12:23:23,048 INFO o.a.j.t.JMeterThread: Thread started: ipokemon 1-97
2020-07-13 12:23:23,050 INFO o.a.j.t.JMeterThread: Thread started: ipokemon 1-98
2020-07-13 12:23:23,057 INFO o.a.j.t.JMeterThread: Thread started: ipokemon 1-99
2020-07-13 12:23:23,065 INFO o.a.j.t.ThreadGroup: Started thread group number 1
2020-07-13 12:23:23,065 INFO o.a.j.e.StandardJMeterEngine: All thread groups have been started
2020-07-13 12:23:23,070 INFO o.a.j.t.JMeterThread: Thread started: ipokemon 1-100
2020-07-13 12:24:22,321 INFO o.a.j.t.JMeterThread: Stopping because end time detected by thread: ipokemon 1-1
2020-07-13 12:24:22,322 INFO o.a.j.t.JMeterThread: Thread finished: ipokemon 1-1
2020-07-13 12:24:22,332 INFO o.a.j.t.JMeterThread: Stopping because end time detected by thread: ipokemon 1-2
2020-07-13 12:24:22,333 INFO o.a.j.t.JMeterThread: Thread finished: ipokemon 1-2
2020-07-13 12:24:22,344 INFO o.a.j.t.JMeterThread: Stopping because end time detected by thread: ipokemon 1-3
2020-07-13 12:24:22,344 INFO o.a.j.t.JMeterThread: Thread finished: ipokemon 1-3
2020-07-13 12:24:22,350 INFO o.a.j.t.JMeterThread: Stopping because end time detected by thread: ipokemon 1-4
2020-07-13 12:24:22,351 INFO o.a.j.t.JMeterThread: Thread finished: ipokemon 1-4
2020-07-13 12:24:22,362 INFO o.a.j.t.JMeterThread: Stopping because end time detected by thread: ipokemon 1-5
2020-07-13 12:24:22,362 INFO o.a.j.t.JMeterThread: Thread finished: ipokemon 1-5
2020-07-13 12:24:22,368 INFO o.a.j.t.JMeterThread: Stopping because end time detected by thread: ipokemon 1-6
2020-07-13 12:24:22,369 INFO o.a.j.t.JMeterThread: Thread finished: ipokemon 1-6
2020-07-13 12:24:22,377 INFO o.a.j.t.JMeterThread: Stopping because end time detected by thread: ipokemon 1-7
2020-07-13 12:24:22,378 INFO o.a.j.t.JMeterThread: Thread finished: ipokemon 1-7
2020-07-13 12:24:22,398 INFO o.a.j.t.JMeterThread: Stopping because end time detected by thread: ipokemon 1-8
2020-07-13 12:24:22,399 INFO o.a.j.t.JMeterThread: Thread finished: ipokemon 1-8
2020-07-13 12:24:22,406 INFO o.a.j.t.JMeterThread: Stopping because end time detected by thread: ipokemon 1-9
2020-07-13 12:24:22,406 INFO o.a.j.t.JMeterThread: Thread finished: ipokemon 1-9
2020-07-13 12:24:22,411 INFO o.a.j.t.JMeterThread: Stopping because end time detected by thread: ipokemon 1-10
2020-07-13 12:24:22,411 INFO o.a.j.t.JMeterThread: Thread finished: ipokemon 1-10
2020-07-13 12:24:22,415 INFO o.a.j.t.JMeterThread: Stopping because end time detected by thread: ipokemon 1-11
2020-07-13 12:24:22,416 INFO o.a.j.t.JMeterThread: Thread finished: ipokemon 1-11
2020-07-13 12:24:22,421 INFO o.a.j.t.JMeterThread: Stopping because end time detected by thread: ipokemon 1-12
2020-07-13 12:24:22,421 INFO o.a.j.t.JMeterThread: Thread finished: ipokemon 1-12
2020-07-13 12:24:22,426 INFO o.a.j.t.JMeterThread: Stopping because end time detected by thread: ipokemon 1-13
2020-07-13 12:24:22,426 INFO o.a.j.t.JMeterThread: Thread finished: ipokemon 1-13
2020-07-13 12:24:22,431 INFO o.a.j.t.JMeterThread: Stopping because end time detected by thread: ipokemon 1-14
2020-07-13 12:24:22,431 INFO o.a.j.t.JMeterThread: Thread finished: ipokemon 1-14
2020-07-13 12:24:22,439 INFO o.a.j.t.JMeterThread: Stopping because end time detected by thread: ipokemon 1-15
2020-07-13 12:24:22,439 INFO o.a.j.t.JMeterThread: Thread finished: ipokemon 1-15
2020-07-13 12:24:22,444 INFO o.a.j.t.JMeterThread: Stopping because end time detected by thread: ipokemon 1-16
2020-07-13 12:24:22,445 INFO o.a.j.t.JMeterThread: Thread finished: ipokemon 1-16
2020-07-13 12:24:22,457 INFO o.a.j.t.JMeterThread: Stopping because end time detected by thread: ipokemon 1-17
2020-07-13 12:24:22,457 INFO o.a.j.t.JMeterThread: Thread finished: ipokemon 1-17
2020-07-13 12:24:22,461 INFO o.a.j.t.JMeterThread: Stopping because end time detected by thread: ipokemon 1-18
2020-07-13 12:24:22,461 INFO o.a.j.t.JMeterThread: Thread finished: ipokemon 1-18
2020-07-13 12:24:22,465 INFO o.a.j.t.JMeterThread: Stopping because end time detected by thread: ipokemon 1-19
2020-07-13 12:24:22,465 INFO o.a.j.t.JMeterThread: Thread finished: ipokemon 1-19
2020-07-13 12:24:22,474 INFO o.a.j.t.JMeterThread: Stopping because end time detected by thread: ipokemon 1-20
2020-07-13 12:24:22,474 INFO o.a.j.t.JMeterThread: Thread finished: ipokemon 1-20
2020-07-13 12:24:22,486 INFO o.a.j.t.JMeterThread: Stopping because end time detected by thread: ipokemon 1-21
2020-07-13 12:24:22,486 INFO o.a.j.t.JMeterThread: Thread finished: ipokemon 1-21
2020-07-13 12:24:22,514 INFO o.a.j.t.JMeterThread: Stopping because end time detected by thread: ipokemon 1-22
2020-07-13 12:24:22,514 INFO o.a.j.t.JMeterThread: Thread finished: ipokemon 1-22
2020-07-13 12:24:22,516 INFO o.a.j.t.JMeterThread: Stopping because end time detected by thread: ipokemon 1-23
2020-07-13 12:24:22,517 INFO o.a.j.t.JMeterThread: Thread finished: ipokemon 1-23
2020-07-13 12:24:22,519 INFO o.a.j.t.JMeterThread: Stopping because end time detected by thread: ipokemon 1-24
2020-07-13 12:24:22,519 INFO o.a.j.t.JMeterThread: Thread finished: ipokemon 1-24
2020-07-13 12:24:22,527 INFO o.a.j.t.JMeterThread: Stopping because end time detected by thread: ipokemon 1-25
2020-07-13 12:24:22,527 INFO o.a.j.t.JMeterThread: Thread finished: ipokemon 1-25
2020-07-13 12:24:22,533 INFO o.a.j.t.JMeterThread: Stopping because end time detected by thread: ipokemon 1-26
2020-07-13 12:24:22,534 INFO o.a.j.t.JMeterThread: Thread finished: ipokemon 1-26
2020-07-13 12:24:22,536 INFO o.a.j.t.JMeterThread: Stopping because end time detected by thread: ipokemon 1-27
2020-07-13 12:24:22,536 INFO o.a.j.t.JMeterThread: Thread finished: ipokemon 1-27
2020-07-13 12:24:22,540 INFO o.a.j.t.JMeterThread: Stopping because end time detected by thread: ipokemon 1-28
2020-07-13 12:24:22,540 INFO o.a.j.t.JMeterThread: Thread finished: ipokemon 1-28
2020-07-13 12:24:22,543 INFO o.a.j.t.JMeterThread: Stopping because end time detected by thread: ipokemon 1-29
2020-07-13 12:24:22,544 INFO o.a.j.t.JMeterThread: Thread finished: ipokemon 1-29
2020-07-13 12:24:22,549 INFO o.a.j.t.JMeterThread: Stopping because end time detected by thread: ipokemon 1-30
2020-07-13 12:24:22,549 INFO o.a.j.t.JMeterThread: Thread finished: ipokemon 1-30
2020-07-13 12:24:22,552 INFO o.a.j.t.JMeterThread: Stopping because end time detected by thread: ipokemon 1-31
2020-07-13 12:24:22,552 INFO o.a.j.t.JMeterThread: Thread finished: ipokemon 1-31
2020-07-13 12:24:22,557 INFO o.a.j.t.JMeterThread: Stopping because end time detected by thread: ipokemon 1-32
2020-07-13 12:24:22,558 INFO o.a.j.t.JMeterThread: Thread finished: ipokemon 1-32
2020-07-13 12:24:22,562 INFO o.a.j.t.JMeterThread: Stopping because end time detected by thread: ipokemon 1-33
2020-07-13 12:24:22,562 INFO o.a.j.t.JMeterThread: Thread finished: ipokemon 1-33
2020-07-13 12:24:22,565 INFO o.a.j.t.JMeterThread: Stopping because end time detected by thread: ipokemon 1-34
2020-07-13 12:24:22,566 INFO o.a.j.t.JMeterThread: Thread finished: ipokemon 1-34
2020-07-13 12:24:22,574 INFO o.a.j.t.JMeterThread: Stopping because end time detected by thread: ipokemon 1-35
2020-07-13 12:24:22,574 INFO o.a.j.t.JMeterThread: Thread finished: ipokemon 1-35
2020-07-13 12:24:22,585 INFO o.a.j.t.JMeterThread: Stopping because end time detected by thread: ipokemon 1-36
2020-07-13 12:24:22,586 INFO o.a.j.t.JMeterThread: Thread finished: ipokemon 1-36
2020-07-13 12:24:22,590 INFO o.a.j.t.JMeterThread: Stopping because end time detected by thread: ipokemon 1-37
2020-07-13 12:24:22,591 INFO o.a.j.t.JMeterThread: Thread finished: ipokemon 1-37
2020-07-13 12:24:22,594 INFO o.a.j.t.JMeterThread: Stopping because end time detected by thread: ipokemon 1-38
2020-07-13 12:24:22,595 INFO o.a.j.t.JMeterThread: Thread finished: ipokemon 1-38
2020-07-13 12:24:22,597 INFO o.a.j.t.JMeterThread: Stopping because end time detected by thread: ipokemon 1-39
2020-07-13 12:24:22,597 INFO o.a.j.t.JMeterThread: Thread finished: ipokemon 1-39
2020-07-13 12:24:22,599 INFO o.a.j.t.JMeterThread: Stopping because end time detected by thread: ipokemon 1-40
2020-07-13 12:24:22,599 INFO o.a.j.t.JMeterThread: Thread finished: ipokemon 1-40
2020-07-13 12:24:22,618 INFO o.a.j.t.JMeterThread: Stopping because end time detected by thread: ipokemon 1-41
2020-07-13 12:24:22,619 INFO o.a.j.t.JMeterThread: Thread finished: ipokemon 1-41
2020-07-13 12:24:22,621 INFO o.a.j.t.JMeterThread: Stopping because end time detected by thread: ipokemon 1-42
2020-07-13 12:24:22,622 INFO o.a.j.t.JMeterThread: Thread finished: ipokemon 1-42
2020-07-13 12:24:22,623 INFO o.a.j.t.JMeterThread: Stopping because end time detected by thread: ipokemon 1-43
2020-07-13 12:24:22,623 INFO o.a.j.t.JMeterThread: Thread finished: ipokemon 1-43
2020-07-13 12:24:22,630 INFO o.a.j.t.JMeterThread: Stopping because end time detected by thread: ipokemon 1-44
2020-07-13 12:24:22,630 INFO o.a.j.t.JMeterThread: Thread finished: ipokemon 1-44
2020-07-13 12:24:22,636 INFO o.a.j.t.JMeterThread: Stopping because end time detected by thread: ipokemon 1-45
2020-07-13 12:24:22,636 INFO o.a.j.t.JMeterThread: Thread finished: ipokemon 1-45
2020-07-13 12:24:22,639 INFO o.a.j.t.JMeterThread: Stopping because end time detected by thread: ipokemon 1-46
2020-07-13 12:24:22,640 INFO o.a.j.t.JMeterThread: Thread finished: ipokemon 1-46
2020-07-13 12:24:22,647 INFO o.a.j.t.JMeterThread: Stopping because end time detected by thread: ipokemon 1-47
2020-07-13 12:24:22,647 INFO o.a.j.t.JMeterThread: Thread finished: ipokemon 1-47
2020-07-13 12:24:22,649 INFO o.a.j.t.JMeterThread: Stopping because end time detected by thread: ipokemon 1-48
2020-07-13 12:24:22,649 INFO o.a.j.t.JMeterThread: Thread finished: ipokemon 1-48
2020-07-13 12:24:22,654 INFO o.a.j.t.JMeterThread: Stopping because end time detected by thread: ipokemon 1-49
2020-07-13 12:24:22,654 INFO o.a.j.t.JMeterThread: Thread finished: ipokemon 1-49
2020-07-13 12:24:22,660 INFO o.a.j.t.JMeterThread: Stopping because end time detected by thread: ipokemon 1-50
2020-07-13 12:24:22,661 INFO o.a.j.t.JMeterThread: Thread finished: ipokemon 1-50
2020-07-13 12:24:22,665 INFO o.a.j.t.JMeterThread: Stopping because end time detected by thread: ipokemon 1-51
2020-07-13 12:24:22,665 INFO o.a.j.t.JMeterThread: Thread finished: ipokemon 1-51
2020-07-13 12:24:22,677 INFO o.a.j.t.JMeterThread: Stopping because end time detected by thread: ipokemon 1-52
2020-07-13 12:24:22,678 INFO o.a.j.t.JMeterThread: Thread finished: ipokemon 1-52
2020-07-13 12:24:22,687 INFO o.a.j.t.JMeterThread: Stopping because end time detected by thread: ipokemon 1-53
2020-07-13 12:24:22,688 INFO o.a.j.t.JMeterThread: Thread finished: ipokemon 1-53
2020-07-13 12:24:22,707 INFO o.a.j.t.JMeterThread: Stopping because end time detected by thread: ipokemon 1-54
2020-07-13 12:24:22,707 INFO o.a.j.t.JMeterThread: Thread finished: ipokemon 1-54
2020-07-13 12:24:22,722 INFO o.a.j.t.JMeterThread: Stopping because end time detected by thread: ipokemon 1-55
2020-07-13 12:24:22,722 INFO o.a.j.t.JMeterThread: Thread finished: ipokemon 1-55
2020-07-13 12:24:22,729 INFO o.a.j.t.JMeterThread: Stopping because end time detected by thread: ipokemon 1-56
2020-07-13 12:24:22,729 INFO o.a.j.t.JMeterThread: Thread finished: ipokemon 1-56
2020-07-13 12:24:22,737 INFO o.a.j.t.JMeterThread: Stopping because end time detected by thread: ipokemon 1-57
2020-07-13 12:24:22,737 INFO o.a.j.t.JMeterThread: Thread finished: ipokemon 1-57
2020-07-13 12:24:22,749 INFO o.a.j.t.JMeterThread: Stopping because end time detected by thread: ipokemon 1-58
2020-07-13 12:24:22,749 INFO o.a.j.t.JMeterThread: Thread finished: ipokemon 1-58
2020-07-13 12:24:22,757 INFO o.a.j.t.JMeterThread: Stopping because end time detected by thread: ipokemon 1-59
2020-07-13 12:24:22,757 INFO o.a.j.t.JMeterThread: Thread finished: ipokemon 1-59
2020-07-13 12:24:22,764 INFO o.a.j.t.JMeterThread: Stopping because end time detected by thread: ipokemon 1-60
2020-07-13 12:24:22,764 INFO o.a.j.t.JMeterThread: Thread finished: ipokemon 1-60
2020-07-13 12:24:22,771 INFO o.a.j.t.JMeterThread: Stopping because end time detected by thread: ipokemon 1-61
2020-07-13 12:24:22,772 INFO o.a.j.t.JMeterThread: Thread finished: ipokemon 1-61
2020-07-13 12:24:22,785 INFO o.a.j.t.JMeterThread: Stopping because end time detected by thread: ipokemon 1-62
2020-07-13 12:24:22,786 INFO o.a.j.t.JMeterThread: Thread finished: ipokemon 1-62
2020-07-13 12:24:22,789 INFO o.a.j.t.JMeterThread: Stopping because end time detected by thread: ipokemon 1-63
2020-07-13 12:24:22,789 INFO o.a.j.t.JMeterThread: Thread finished: ipokemon 1-63
2020-07-13 12:24:22,803 INFO o.a.j.t.JMeterThread: Stopping because end time detected by thread: ipokemon 1-64
2020-07-13 12:24:22,804 INFO o.a.j.t.JMeterThread: Thread finished: ipokemon 1-64
2020-07-13 12:24:22,816 INFO o.a.j.t.JMeterThread: Stopping because end time detected by thread: ipokemon 1-65
2020-07-13 12:24:22,816 INFO o.a.j.t.JMeterThread: Thread finished: ipokemon 1-65
2020-07-13 12:24:22,834 INFO o.a.j.t.JMeterThread: Stopping because end time detected by thread: ipokemon 1-66
2020-07-13 12:24:22,835 INFO o.a.j.t.JMeterThread: Thread finished: ipokemon 1-66
2020-07-13 12:24:22,838 INFO o.a.j.t.JMeterThread: Stopping because end time detected by thread: ipokemon 1-67
2020-07-13 12:24:22,839 INFO o.a.j.t.JMeterThread: Thread finished: ipokemon 1-67
2020-07-13 12:24:22,852 INFO o.a.j.t.JMeterThread: Stopping because end time detected by thread: ipokemon 1-68
2020-07-13 12:24:22,852 INFO o.a.j.t.JMeterThread: Thread finished: ipokemon 1-68
2020-07-13 12:24:22,864 INFO o.a.j.t.JMeterThread: Stopping because end time detected by thread: ipokemon 1-69
2020-07-13 12:24:22,864 INFO o.a.j.t.JMeterThread: Thread finished: ipokemon 1-69
2020-07-13 12:24:22,869 INFO o.a.j.t.JMeterThread: Stopping because end time detected by thread: ipokemon 1-70
2020-07-13 12:24:22,870 INFO o.a.j.t.JMeterThread: Thread finished: ipokemon 1-70
2020-07-13 12:24:22,879 INFO o.a.j.t.JMeterThread: Stopping because end time detected by thread: ipokemon 1-71
2020-07-13 12:24:22,879 INFO o.a.j.t.JMeterThread: Thread finished: ipokemon 1-71
2020-07-13 12:24:22,893 INFO o.a.j.t.JMeterThread: Stopping because end time detected by thread: ipokemon 1-72
2020-07-13 12:24:22,894 INFO o.a.j.t.JMeterThread: Thread finished: ipokemon 1-72
2020-07-13 12:24:22,897 INFO o.a.j.t.JMeterThread: Stopping because end time detected by thread: ipokemon 1-73
2020-07-13 12:24:22,897 INFO o.a.j.t.JMeterThread: Thread finished: ipokemon 1-73
2020-07-13 12:24:22,905 INFO o.a.j.t.JMeterThread: Stopping because end time detected by thread: ipokemon 1-74
2020-07-13 12:24:22,906 INFO o.a.j.t.JMeterThread: Thread finished: ipokemon 1-74
2020-07-13 12:24:22,907 INFO o.a.j.t.JMeterThread: Stopping because end time detected by thread: ipokemon 1-75
2020-07-13 12:24:22,907 INFO o.a.j.t.JMeterThread: Thread finished: ipokemon 1-75
2020-07-13 12:24:22,910 INFO o.a.j.t.JMeterThread: Stopping because end time detected by thread: ipokemon 1-76
2020-07-13 12:24:22,910 INFO o.a.j.t.JMeterThread: Thread finished: ipokemon 1-76
2020-07-13 12:24:22,913 INFO o.a.j.t.JMeterThread: Stopping because end time detected by thread: ipokemon 1-77
2020-07-13 12:24:22,914 INFO o.a.j.t.JMeterThread: Thread finished: ipokemon 1-77
2020-07-13 12:24:22,918 INFO o.a.j.t.JMeterThread: Stopping because end time detected by thread: ipokemon 1-78
2020-07-13 12:24:22,918 INFO o.a.j.t.JMeterThread: Thread finished: ipokemon 1-78
2020-07-13 12:24:22,921 INFO o.a.j.t.JMeterThread: Stopping because end time detected by thread: ipokemon 1-79
2020-07-13 12:24:22,922 INFO o.a.j.t.JMeterThread: Thread finished: ipokemon 1-79
2020-07-13 12:24:22,923 INFO o.a.j.t.JMeterThread: Stopping because end time detected by thread: ipokemon 1-80
2020-07-13 12:24:22,923 INFO o.a.j.t.JMeterThread: Thread finished: ipokemon 1-80
2020-07-13 12:24:22,929 INFO o.a.j.t.JMeterThread: Stopping because end time detected by thread: ipokemon 1-81
2020-07-13 12:24:22,929 INFO o.a.j.t.JMeterThread: Thread finished: ipokemon 1-81
2020-07-13 12:24:22,938 INFO o.a.j.t.JMeterThread: Stopping because end time detected by thread: ipokemon 1-82
2020-07-13 12:24:22,939 INFO o.a.j.t.JMeterThread: Thread finished: ipokemon 1-82
2020-07-13 12:24:22,947 INFO o.a.j.t.JMeterThread: Stopping because end time detected by thread: ipokemon 1-83
2020-07-13 12:24:22,947 INFO o.a.j.t.JMeterThread: Thread finished: ipokemon 1-83
2020-07-13 12:24:22,949 INFO o.a.j.t.JMeterThread: Stopping because end time detected by thread: ipokemon 1-84
2020-07-13 12:24:22,949 INFO o.a.j.t.JMeterThread: Thread finished: ipokemon 1-84
2020-07-13 12:24:22,951 INFO o.a.j.t.JMeterThread: Stopping because end time detected by thread: ipokemon 1-85
2020-07-13 12:24:22,951 INFO o.a.j.t.JMeterThread: Thread finished: ipokemon 1-85
2020-07-13 12:24:22,954 INFO o.a.j.t.JMeterThread: Stopping because end time detected by thread: ipokemon 1-86
2020-07-13 12:24:22,954 INFO o.a.j.t.JMeterThread: Thread finished: ipokemon 1-86
2020-07-13 12:24:22,971 INFO o.a.j.t.JMeterThread: Stopping because end time detected by thread: ipokemon 1-87
2020-07-13 12:24:22,971 INFO o.a.j.t.JMeterThread: Thread finished: ipokemon 1-87
2020-07-13 12:24:22,978 INFO o.a.j.t.JMeterThread: Stopping because end time detected by thread: ipokemon 1-88
2020-07-13 12:24:22,978 INFO o.a.j.t.JMeterThread: Thread finished: ipokemon 1-88
2020-07-13 12:24:22,985 INFO o.a.j.t.JMeterThread: Stopping because end time detected by thread: ipokemon 1-89
2020-07-13 12:24:22,986 INFO o.a.j.t.JMeterThread: Thread finished: ipokemon 1-89
2020-07-13 12:24:22,989 INFO o.a.j.t.JMeterThread: Stopping because end time detected by thread: ipokemon 1-90
2020-07-13 12:24:22,989 INFO o.a.j.t.JMeterThread: Thread finished: ipokemon 1-90
2020-07-13 12:24:22,996 INFO o.a.j.t.JMeterThread: Stopping because end time detected by thread: ipokemon 1-91
2020-07-13 12:24:22,996 INFO o.a.j.t.JMeterThread: Thread finished: ipokemon 1-91
2020-07-13 12:24:23,001 INFO o.a.j.t.JMeterThread: Stopping because end time detected by thread: ipokemon 1-92
2020-07-13 12:24:23,001 INFO o.a.j.t.JMeterThread: Thread finished: ipokemon 1-92
2020-07-13 12:24:23,005 INFO o.a.j.t.JMeterThread: Stopping because end time detected by thread: ipokemon 1-93
2020-07-13 12:24:23,005 INFO o.a.j.t.JMeterThread: Thread finished: ipokemon 1-93
2020-07-13 12:24:23,014 INFO o.a.j.t.JMeterThread: Stopping because end time detected by thread: ipokemon 1-94
2020-07-13 12:24:23,014 INFO o.a.j.t.JMeterThread: Thread finished: ipokemon 1-94
2020-07-13 12:24:23,017 INFO o.a.j.t.JMeterThread: Stopping because end time detected by thread: ipokemon 1-95
2020-07-13 12:24:23,017 INFO o.a.j.t.JMeterThread: Thread finished: ipokemon 1-95
2020-07-13 12:24:23,023 INFO o.a.j.t.JMeterThread: Stopping because end time detected by thread: ipokemon 1-96
2020-07-13 12:24:23,024 INFO o.a.j.t.JMeterThread: Thread finished: ipokemon 1-96
2020-07-13 12:24:23,033 INFO o.a.j.t.JMeterThread: Stopping because end time detected by thread: ipokemon 1-97
2020-07-13 12:24:23,033 INFO o.a.j.t.JMeterThread: Thread finished: ipokemon 1-97
2020-07-13 12:24:23,041 INFO o.a.j.t.JMeterThread: Stopping because end time detected by thread: ipokemon 1-98
2020-07-13 12:24:23,041 INFO o.a.j.t.JMeterThread: Thread finished: ipokemon 1-98
2020-07-13 12:24:23,045 INFO o.a.j.t.JMeterThread: Stopping because end time detected by thread: ipokemon 1-99
2020-07-13 12:24:23,045 INFO o.a.j.t.JMeterThread: Thread finished: ipokemon 1-99
2020-07-13 12:24:23,053 INFO o.a.j.t.JMeterThread: Stopping because end time detected by thread: ipokemon 1-100
2020-07-13 12:24:23,054 INFO o.a.j.t.JMeterThread: Thread finished: ipokemon 1-100
2020-07-13 12:24:23,054 INFO o.a.j.e.StandardJMeterEngine: Notifying test listeners of end of test
2020-07-13 12:24:23,055 INFO o.a.j.e.StandardJMeterEngine: Forced JVM shutdown requested at end of test
