2020-07-03 16:17:15,912 INFO o.a.j.u.JMeterUtils: Setting Locale to en_US
2020-07-03 16:17:15,946 INFO o.a.j.JMeter: Loading user properties from: user.properties
2020-07-03 16:17:15,947 INFO o.a.j.JMeter: Loading system properties from: system.properties
2020-07-03 16:17:15,947 INFO o.a.j.JMeter: Loading additional properties from: /home/farooq/DeFog/Experiments/DeFog/jmeter/bin/2020-07-03_16-17-11.172012/jmeter-bzt.properties
2020-07-03 16:17:15,949 INFO o.a.j.JMeter: Copyright (c) 1998-2019 The Apache Software Foundation
2020-07-03 16:17:15,949 INFO o.a.j.JMeter: Version 5.2.1
2020-07-03 16:17:15,949 INFO o.a.j.JMeter: java.version=11.0.7
2020-07-03 16:17:15,949 INFO o.a.j.JMeter: java.vm.name=OpenJDK 64-Bit Server VM
2020-07-03 16:17:15,950 INFO o.a.j.JMeter: os.name=Linux
2020-07-03 16:17:15,950 INFO o.a.j.JMeter: os.arch=amd64
2020-07-03 16:17:15,950 INFO o.a.j.JMeter: os.version=5.3.0-28-generic
2020-07-03 16:17:15,950 INFO o.a.j.JMeter: file.encoding=UTF-8
2020-07-03 16:17:15,950 INFO o.a.j.JMeter: java.awt.headless=true
2020-07-03 16:17:15,950 INFO o.a.j.JMeter: Max memory     =4158652416
2020-07-03 16:17:15,951 INFO o.a.j.JMeter: Available Processors =8
2020-07-03 16:17:15,959 INFO o.a.j.JMeter: Default Locale=English (United States)
2020-07-03 16:17:15,959 INFO o.a.j.JMeter: JMeter  Locale=English (United States)
2020-07-03 16:17:15,960 INFO o.a.j.JMeter: JMeterHome=/home/farooq/.bzt/jmeter-taurus/5.2.1
2020-07-03 16:17:15,960 INFO o.a.j.JMeter: user.dir  =/home/farooq/DeFog/Experiments/DeFog/jmeter/bin
2020-07-03 16:17:15,960 INFO o.a.j.JMeter: PWD       =/home/farooq/DeFog/Experiments/DeFog/jmeter/bin
2020-07-03 16:17:15,960 INFO o.a.j.JMeter: IP: 127.0.1.1 Name: farooq-HP-EliteBook-840-G5 FullName: farooq-HP-EliteBook-840-G5
2020-07-03 16:17:15,960 INFO o.a.j.JMeter: user.classpath=/home/farooq/DeFog/Experiments/DeFog/jmeter/bin/2020-07-03_16-17-11.172012:/home/farooq/DeFog/Experiments/DeFog/assets/ipokemon-assets
2020-07-03 16:17:15,961 INFO o.a.j.JMeter: Adding to classpath and loader: /home/farooq/DeFog/Experiments/DeFog/jmeter/bin/2020-07-03_16-17-11.172012
2020-07-03 16:17:15,962 INFO o.a.j.JMeter: Adding to classpath and loader: /home/farooq/DeFog/Experiments/DeFog/assets/ipokemon-assets
2020-07-03 16:17:15,970 INFO o.a.j.s.FileServer: Default base='/home/farooq/DeFog/Experiments/DeFog/jmeter/bin'
2020-07-03 16:17:15,972 INFO o.a.j.s.FileServer: Set new base='/home/farooq/DeFog/Experiments/DeFog/assets/ipokemon-assets'
2020-07-03 16:17:16,141 INFO o.a.j.s.SaveService: Testplan (JMX) version: 2.2. Testlog (JTL) version: 2.2
2020-07-03 16:17:16,160 INFO o.a.j.s.SaveService: Using SaveService properties version 5.0
2020-07-03 16:17:16,167 INFO o.a.j.s.SaveService: Using SaveService properties file encoding UTF-8
2020-07-03 16:17:16,174 INFO o.a.j.s.SaveService: Loading file: /home/farooq/DeFog/Experiments/DeFog/assets/ipokemon-assets/modified_iPokemon.jmx
2020-07-03 16:17:16,240 INFO o.a.j.p.h.s.HTTPSamplerBase: Parser for text/html is org.apache.jmeter.protocol.http.parser.LagartoBasedHtmlParser
2020-07-03 16:17:16,241 INFO o.a.j.p.h.s.HTTPSamplerBase: Parser for application/xhtml+xml is org.apache.jmeter.protocol.http.parser.LagartoBasedHtmlParser
2020-07-03 16:17:16,241 INFO o.a.j.p.h.s.HTTPSamplerBase: Parser for application/xml is org.apache.jmeter.protocol.http.parser.LagartoBasedHtmlParser
2020-07-03 16:17:16,241 INFO o.a.j.p.h.s.HTTPSamplerBase: Parser for text/xml is org.apache.jmeter.protocol.http.parser.LagartoBasedHtmlParser
2020-07-03 16:17:16,241 INFO o.a.j.p.h.s.HTTPSamplerBase: Parser for text/vnd.wap.wml is org.apache.jmeter.protocol.http.parser.RegexpHTMLParser
2020-07-03 16:17:16,241 INFO o.a.j.p.h.s.HTTPSamplerBase: Parser for text/css is org.apache.jmeter.protocol.http.parser.CssParser
2020-07-03 16:17:16,371 INFO o.a.j.e.StandardJMeterEngine: Running the test!
2020-07-03 16:17:16,375 INFO o.a.j.s.SampleEvent: List of sample_variables: []
2020-07-03 16:17:16,376 INFO o.a.j.s.SampleEvent: List of sample_variables: []
2020-07-03 16:17:16,388 INFO o.a.j.e.u.CompoundVariable: Note: Function class names must contain the string: '.functions.'
2020-07-03 16:17:16,388 INFO o.a.j.e.u.CompoundVariable: Note: Function class names must not contain the string: '.gui.'
2020-07-03 16:17:16,828 INFO o.a.j.JMeter: Running test (1593782236828)
2020-07-03 16:17:16,859 INFO o.a.j.e.StandardJMeterEngine: Starting ThreadGroup: 1 : ipokemon
2020-07-03 16:17:16,859 INFO o.a.j.e.StandardJMeterEngine: Starting 5 threads for group ipokemon.
2020-07-03 16:17:16,859 INFO o.a.j.e.StandardJMeterEngine: Thread will continue on error
2020-07-03 16:17:16,859 INFO o.a.j.t.ThreadGroup: Starting thread group... number=1 threads=5 ramp-up=0 delayedStart=false
2020-07-03 16:17:16,883 INFO o.a.j.t.JMeterThread: Thread started: ipokemon 1-1
2020-07-03 16:17:16,891 INFO o.a.j.t.JMeterThread: Thread started: ipokemon 1-2
2020-07-03 16:17:16,896 INFO o.a.j.t.JMeterThread: Thread started: ipokemon 1-3
2020-07-03 16:17:16,905 INFO o.a.j.t.ThreadGroup: Started thread group number 1
2020-07-03 16:17:16,906 INFO o.a.j.e.StandardJMeterEngine: All thread groups have been started
2020-07-03 16:17:16,911 INFO o.a.j.t.JMeterThread: Thread started: ipokemon 1-4
2020-07-03 16:17:16,914 INFO o.a.j.t.JMeterThread: Thread started: ipokemon 1-5
2020-07-03 16:17:16,929 INFO o.a.j.p.h.s.HTTPHCAbstractImpl: Local host = farooq-HP-EliteBook-840-G5
2020-07-03 16:17:16,939 INFO o.a.j.p.h.s.HTTPHC4Impl: HTTP request retry count = 0
2020-07-03 16:17:16,943 INFO o.a.j.s.SampleResult: Note: Sample TimeStamps are START times
2020-07-03 16:17:16,943 INFO o.a.j.s.SampleResult: sampleresult.default.encoding is set to UTF-8
2020-07-03 16:17:16,943 INFO o.a.j.s.SampleResult: sampleresult.useNanoTime=true
2020-07-03 16:17:16,943 INFO o.a.j.s.SampleResult: sampleresult.nanoThreadSleep=5000
2020-07-03 16:17:28,070 INFO o.a.j.JMeter: Command: Shutdown received from /127.0.0.1
2020-07-03 16:17:28,072 INFO o.a.j.t.JMeterThread: Stopping: ipokemon 1-4
2020-07-03 16:17:28,073 INFO o.a.j.t.JMeterThread: Stopping: ipokemon 1-2
2020-07-03 16:17:28,073 INFO o.a.j.t.JMeterThread: Stopping: ipokemon 1-3
2020-07-03 16:17:28,073 INFO o.a.j.t.JMeterThread: Stopping: ipokemon 1-1
2020-07-03 16:17:28,073 INFO o.a.j.t.JMeterThread: Stopping: ipokemon 1-5
2020-07-03 16:17:30,678 INFO o.a.j.t.JMeterThread: Thread finished: ipokemon 1-4
2020-07-03 16:17:33,085 INFO o.a.j.JMeter: Command: StopTestNow received from /127.0.0.1
2020-07-03 16:17:33,087 INFO o.a.j.t.JMeterThread: Stopping: ipokemon 1-2
2020-07-03 16:17:33,087 WARN o.a.j.t.JMeterThread: Interrupting: ipokemon 1-2 sampler: ThinkTime
2020-07-03 16:17:33,087 INFO o.a.j.t.JMeterThread: Stopping: ipokemon 1-3
2020-07-03 16:17:33,087 WARN o.a.j.t.JMeterThread: Interrupting: ipokemon 1-3 sampler: ThinkTime
2020-07-03 16:17:33,087 INFO o.a.j.t.JMeterThread: Stopping: ipokemon 1-1
2020-07-03 16:17:33,087 INFO o.a.j.t.JMeterThread: Thread finished: ipokemon 1-2
2020-07-03 16:17:33,088 WARN o.a.j.t.JMeterThread: Interrupting: ipokemon 1-1 sampler: ThinkTime
2020-07-03 16:17:33,088 INFO o.a.j.t.JMeterThread: Thread finished: ipokemon 1-3
2020-07-03 16:17:33,088 INFO o.a.j.t.JMeterThread: Stopping: ipokemon 1-5
2020-07-03 16:17:33,088 INFO o.a.j.t.JMeterThread: Thread finished: ipokemon 1-1
2020-07-03 16:17:33,088 WARN o.a.j.t.JMeterThread: Interrupting: ipokemon 1-5 sampler: ThinkTime
2020-07-03 16:17:33,088 INFO o.a.j.t.JMeterThread: Thread finished: ipokemon 1-5
2020-07-03 16:17:33,089 INFO o.a.j.e.StandardJMeterEngine: Notifying test listeners of end of test
2020-07-03 16:17:33,090 INFO o.a.j.e.StandardJMeterEngine: Forced JVM shutdown requested at end of test
