2020-06-30 14:04:27,911 INFO o.a.j.u.JMeterUtils: Setting Locale to en_US
2020-06-30 14:04:27,933 INFO o.a.j.JMeter: Loading user properties from: user.properties
2020-06-30 14:04:27,934 INFO o.a.j.JMeter: Loading system properties from: system.properties
2020-06-30 14:04:27,934 INFO o.a.j.JMeter: Loading additional properties from: /home/farooq/DeFog/Experiments/DeFog/jmeter/bin/2020-06-30_14-04-20.264901/jmeter-bzt.properties
2020-06-30 14:04:27,935 INFO o.a.j.JMeter: Copyright (c) 1998-2019 The Apache Software Foundation
2020-06-30 14:04:27,935 INFO o.a.j.JMeter: Version 5.2.1
2020-06-30 14:04:27,935 INFO o.a.j.JMeter: java.version=11.0.7
2020-06-30 14:04:27,935 INFO o.a.j.JMeter: java.vm.name=OpenJDK 64-Bit Server VM
2020-06-30 14:04:27,935 INFO o.a.j.JMeter: os.name=Linux
2020-06-30 14:04:27,936 INFO o.a.j.JMeter: os.arch=amd64
2020-06-30 14:04:27,936 INFO o.a.j.JMeter: os.version=5.3.0-28-generic
2020-06-30 14:04:27,936 INFO o.a.j.JMeter: file.encoding=UTF-8
2020-06-30 14:04:27,936 INFO o.a.j.JMeter: java.awt.headless=true
2020-06-30 14:04:27,936 INFO o.a.j.JMeter: Max memory     =4158652416
2020-06-30 14:04:27,936 INFO o.a.j.JMeter: Available Processors =8
2020-06-30 14:04:27,942 INFO o.a.j.JMeter: Default Locale=English (United States)
2020-06-30 14:04:27,942 INFO o.a.j.JMeter: JMeter  Locale=English (United States)
2020-06-30 14:04:27,942 INFO o.a.j.JMeter: JMeterHome=/home/farooq/.bzt/jmeter-taurus/5.2.1
2020-06-30 14:04:27,942 INFO o.a.j.JMeter: user.dir  =/home/farooq/DeFog/Experiments/DeFog/jmeter/bin
2020-06-30 14:04:27,942 INFO o.a.j.JMeter: PWD       =/home/farooq/DeFog/Experiments/DeFog/jmeter/bin
2020-06-30 14:04:27,943 INFO o.a.j.JMeter: IP: 127.0.1.1 Name: farooq-HP-EliteBook-840-G5 FullName: farooq-HP-EliteBook-840-G5
2020-06-30 14:04:27,943 INFO o.a.j.JMeter: user.classpath=/home/farooq/DeFog/Experiments/DeFog/jmeter/bin/2020-06-30_14-04-20.264901:/home/farooq/DeFog/Experiments/DeFog/assets/ipokemon-assets
2020-06-30 14:04:27,943 INFO o.a.j.JMeter: Adding to classpath and loader: /home/farooq/DeFog/Experiments/DeFog/jmeter/bin/2020-06-30_14-04-20.264901
2020-06-30 14:04:27,944 INFO o.a.j.JMeter: Adding to classpath and loader: /home/farooq/DeFog/Experiments/DeFog/assets/ipokemon-assets
2020-06-30 14:04:27,950 INFO o.a.j.s.FileServer: Default base='/home/farooq/DeFog/Experiments/DeFog/jmeter/bin'
2020-06-30 14:04:27,952 INFO o.a.j.s.FileServer: Set new base='/home/farooq/DeFog/Experiments/DeFog/assets/ipokemon-assets'
2020-06-30 14:04:28,069 INFO o.a.j.s.SaveService: Testplan (JMX) version: 2.2. Testlog (JTL) version: 2.2
2020-06-30 14:04:28,083 INFO o.a.j.s.SaveService: Using SaveService properties version 5.0
2020-06-30 14:04:28,086 INFO o.a.j.s.SaveService: Using SaveService properties file encoding UTF-8
2020-06-30 14:04:28,091 INFO o.a.j.s.SaveService: Loading file: /home/farooq/DeFog/Experiments/DeFog/assets/ipokemon-assets/modified_iPokemon.jmx
2020-06-30 14:04:28,140 INFO o.a.j.p.h.s.HTTPSamplerBase: Parser for text/html is org.apache.jmeter.protocol.http.parser.LagartoBasedHtmlParser
2020-06-30 14:04:28,140 INFO o.a.j.p.h.s.HTTPSamplerBase: Parser for application/xhtml+xml is org.apache.jmeter.protocol.http.parser.LagartoBasedHtmlParser
2020-06-30 14:04:28,140 INFO o.a.j.p.h.s.HTTPSamplerBase: Parser for application/xml is org.apache.jmeter.protocol.http.parser.LagartoBasedHtmlParser
2020-06-30 14:04:28,140 INFO o.a.j.p.h.s.HTTPSamplerBase: Parser for text/xml is org.apache.jmeter.protocol.http.parser.LagartoBasedHtmlParser
2020-06-30 14:04:28,140 INFO o.a.j.p.h.s.HTTPSamplerBase: Parser for text/vnd.wap.wml is org.apache.jmeter.protocol.http.parser.RegexpHTMLParser
2020-06-30 14:04:28,141 INFO o.a.j.p.h.s.HTTPSamplerBase: Parser for text/css is org.apache.jmeter.protocol.http.parser.CssParser
2020-06-30 14:04:28,226 INFO o.a.j.e.StandardJMeterEngine: Running the test!
2020-06-30 14:04:28,230 INFO o.a.j.s.SampleEvent: List of sample_variables: []
2020-06-30 14:04:28,230 INFO o.a.j.s.SampleEvent: List of sample_variables: []
2020-06-30 14:04:28,239 INFO o.a.j.e.u.CompoundVariable: Note: Function class names must contain the string: '.functions.'
2020-06-30 14:04:28,239 INFO o.a.j.e.u.CompoundVariable: Note: Function class names must not contain the string: '.gui.'
2020-06-30 14:04:28,552 INFO o.a.j.JMeter: Running test (1593515068552)
2020-06-30 14:04:28,572 INFO o.a.j.e.StandardJMeterEngine: Starting ThreadGroup: 1 : ipokemon
2020-06-30 14:04:28,572 INFO o.a.j.e.StandardJMeterEngine: Starting 5 threads for group ipokemon.
2020-06-30 14:04:28,572 INFO o.a.j.e.StandardJMeterEngine: Thread will continue on error
2020-06-30 14:04:28,572 INFO o.a.j.t.ThreadGroup: Starting thread group... number=1 threads=5 ramp-up=0 delayedStart=false
2020-06-30 14:04:28,589 INFO o.a.j.t.JMeterThread: Thread started: ipokemon 1-2
2020-06-30 14:04:28,590 INFO o.a.j.t.JMeterThread: Thread started: ipokemon 1-1
2020-06-30 14:04:28,594 INFO o.a.j.t.JMeterThread: Thread started: ipokemon 1-3
2020-06-30 14:04:28,599 INFO o.a.j.t.JMeterThread: Thread started: ipokemon 1-4
2020-06-30 14:04:28,601 INFO o.a.j.t.ThreadGroup: Started thread group number 1
2020-06-30 14:04:28,602 INFO o.a.j.e.StandardJMeterEngine: All thread groups have been started
2020-06-30 14:04:28,607 INFO o.a.j.t.JMeterThread: Thread started: ipokemon 1-5
2020-06-30 14:04:28,626 INFO o.a.j.p.h.s.HTTPHCAbstractImpl: Local host = farooq-HP-EliteBook-840-G5
2020-06-30 14:04:28,632 INFO o.a.j.p.h.s.HTTPHC4Impl: HTTP request retry count = 0
2020-06-30 14:04:28,634 INFO o.a.j.s.SampleResult: Note: Sample TimeStamps are START times
2020-06-30 14:04:28,634 INFO o.a.j.s.SampleResult: sampleresult.default.encoding is set to UTF-8
2020-06-30 14:04:28,634 INFO o.a.j.s.SampleResult: sampleresult.useNanoTime=true
2020-06-30 14:04:28,634 INFO o.a.j.s.SampleResult: sampleresult.nanoThreadSleep=5000
2020-06-30 14:09:28,572 INFO o.a.j.t.JMeterThread: Stopping because end time detected by thread: ipokemon 1-1
2020-06-30 14:09:28,573 INFO o.a.j.t.JMeterThread: Thread finished: ipokemon 1-1
2020-06-30 14:09:28,579 INFO o.a.j.t.JMeterThread: Stopping because end time detected by thread: ipokemon 1-2
2020-06-30 14:09:28,579 INFO o.a.j.t.JMeterThread: Thread finished: ipokemon 1-2
2020-06-30 14:09:28,582 INFO o.a.j.t.JMeterThread: Stopping because end time detected by thread: ipokemon 1-3
2020-06-30 14:09:28,583 INFO o.a.j.t.JMeterThread: Thread finished: ipokemon 1-3
2020-06-30 14:09:28,587 INFO o.a.j.t.JMeterThread: Stopping because end time detected by thread: ipokemon 1-4
2020-06-30 14:09:28,587 INFO o.a.j.t.JMeterThread: Thread finished: ipokemon 1-4
2020-06-30 14:09:28,590 INFO o.a.j.t.JMeterThread: Stopping because end time detected by thread: ipokemon 1-5
2020-06-30 14:09:28,590 INFO o.a.j.t.JMeterThread: Thread finished: ipokemon 1-5
2020-06-30 14:09:28,591 INFO o.a.j.e.StandardJMeterEngine: Notifying test listeners of end of test
2020-06-30 14:09:28,594 INFO o.a.j.e.StandardJMeterEngine: Forced JVM shutdown requested at end of test
