2020-07-03 16:31:17,560 INFO o.a.j.u.JMeterUtils: Setting Locale to en_US
2020-07-03 16:31:17,590 INFO o.a.j.JMeter: Loading user properties from: user.properties
2020-07-03 16:31:17,591 INFO o.a.j.JMeter: Loading system properties from: system.properties
2020-07-03 16:31:17,591 INFO o.a.j.JMeter: Loading additional properties from: /home/farooq/DeFog/Experiments/DeFog/jmeter/bin/2020-07-03_16-31-12.883018/jmeter-bzt.properties
2020-07-03 16:31:17,593 INFO o.a.j.JMeter: Copyright (c) 1998-2019 The Apache Software Foundation
2020-07-03 16:31:17,593 INFO o.a.j.JMeter: Version 5.2.1
2020-07-03 16:31:17,594 INFO o.a.j.JMeter: java.version=11.0.7
2020-07-03 16:31:17,594 INFO o.a.j.JMeter: java.vm.name=OpenJDK 64-Bit Server VM
2020-07-03 16:31:17,594 INFO o.a.j.JMeter: os.name=Linux
2020-07-03 16:31:17,594 INFO o.a.j.JMeter: os.arch=amd64
2020-07-03 16:31:17,594 INFO o.a.j.JMeter: os.version=5.3.0-28-generic
2020-07-03 16:31:17,594 INFO o.a.j.JMeter: file.encoding=UTF-8
2020-07-03 16:31:17,594 INFO o.a.j.JMeter: java.awt.headless=true
2020-07-03 16:31:17,595 INFO o.a.j.JMeter: Max memory     =4158652416
2020-07-03 16:31:17,595 INFO o.a.j.JMeter: Available Processors =8
2020-07-03 16:31:17,604 INFO o.a.j.JMeter: Default Locale=English (United States)
2020-07-03 16:31:17,604 INFO o.a.j.JMeter: JMeter  Locale=English (United States)
2020-07-03 16:31:17,604 INFO o.a.j.JMeter: JMeterHome=/home/farooq/.bzt/jmeter-taurus/5.2.1
2020-07-03 16:31:17,604 INFO o.a.j.JMeter: user.dir  =/home/farooq/DeFog/Experiments/DeFog/jmeter/bin
2020-07-03 16:31:17,604 INFO o.a.j.JMeter: PWD       =/home/farooq/DeFog/Experiments/DeFog/jmeter/bin
2020-07-03 16:31:17,605 INFO o.a.j.JMeter: IP: 127.0.1.1 Name: farooq-HP-EliteBook-840-G5 FullName: farooq-HP-EliteBook-840-G5
2020-07-03 16:31:17,605 INFO o.a.j.JMeter: user.classpath=/home/farooq/DeFog/Experiments/DeFog/jmeter/bin/2020-07-03_16-31-12.883018:/home/farooq/DeFog/Experiments/DeFog/assets/ipokemon-assets
2020-07-03 16:31:17,605 INFO o.a.j.JMeter: Adding to classpath and loader: /home/farooq/DeFog/Experiments/DeFog/jmeter/bin/2020-07-03_16-31-12.883018
2020-07-03 16:31:17,606 INFO o.a.j.JMeter: Adding to classpath and loader: /home/farooq/DeFog/Experiments/DeFog/assets/ipokemon-assets
2020-07-03 16:31:17,614 INFO o.a.j.s.FileServer: Default base='/home/farooq/DeFog/Experiments/DeFog/jmeter/bin'
2020-07-03 16:31:17,617 INFO o.a.j.s.FileServer: Set new base='/home/farooq/DeFog/Experiments/DeFog/assets/ipokemon-assets'
2020-07-03 16:31:17,771 INFO o.a.j.s.SaveService: Testplan (JMX) version: 2.2. Testlog (JTL) version: 2.2
2020-07-03 16:31:17,791 INFO o.a.j.s.SaveService: Using SaveService properties version 5.0
2020-07-03 16:31:17,796 INFO o.a.j.s.SaveService: Using SaveService properties file encoding UTF-8
2020-07-03 16:31:17,804 INFO o.a.j.s.SaveService: Loading file: /home/farooq/DeFog/Experiments/DeFog/assets/ipokemon-assets/modified_iPokemon.jmx
2020-07-03 16:31:17,877 INFO o.a.j.p.h.s.HTTPSamplerBase: Parser for text/html is org.apache.jmeter.protocol.http.parser.LagartoBasedHtmlParser
2020-07-03 16:31:17,877 INFO o.a.j.p.h.s.HTTPSamplerBase: Parser for application/xhtml+xml is org.apache.jmeter.protocol.http.parser.LagartoBasedHtmlParser
2020-07-03 16:31:17,877 INFO o.a.j.p.h.s.HTTPSamplerBase: Parser for application/xml is org.apache.jmeter.protocol.http.parser.LagartoBasedHtmlParser
2020-07-03 16:31:17,877 INFO o.a.j.p.h.s.HTTPSamplerBase: Parser for text/xml is org.apache.jmeter.protocol.http.parser.LagartoBasedHtmlParser
2020-07-03 16:31:17,877 INFO o.a.j.p.h.s.HTTPSamplerBase: Parser for text/vnd.wap.wml is org.apache.jmeter.protocol.http.parser.RegexpHTMLParser
2020-07-03 16:31:17,877 INFO o.a.j.p.h.s.HTTPSamplerBase: Parser for text/css is org.apache.jmeter.protocol.http.parser.CssParser
2020-07-03 16:31:18,004 INFO o.a.j.e.StandardJMeterEngine: Running the test!
2020-07-03 16:31:18,010 INFO o.a.j.s.SampleEvent: List of sample_variables: []
2020-07-03 16:31:18,010 INFO o.a.j.s.SampleEvent: List of sample_variables: []
2020-07-03 16:31:18,023 INFO o.a.j.e.u.CompoundVariable: Note: Function class names must contain the string: '.functions.'
2020-07-03 16:31:18,023 INFO o.a.j.e.u.CompoundVariable: Note: Function class names must not contain the string: '.gui.'
2020-07-03 16:31:18,451 INFO o.a.j.JMeter: Running test (1593783078451)
2020-07-03 16:31:18,482 INFO o.a.j.e.StandardJMeterEngine: Starting ThreadGroup: 1 : ipokemon
2020-07-03 16:31:18,482 INFO o.a.j.e.StandardJMeterEngine: Starting 25 threads for group ipokemon.
2020-07-03 16:31:18,483 INFO o.a.j.e.StandardJMeterEngine: Thread will continue on error
2020-07-03 16:31:18,483 INFO o.a.j.t.ThreadGroup: Starting thread group... number=1 threads=25 ramp-up=0 delayedStart=false
2020-07-03 16:31:18,511 INFO o.a.j.t.JMeterThread: Thread started: ipokemon 1-1
2020-07-03 16:31:18,512 INFO o.a.j.t.JMeterThread: Thread started: ipokemon 1-2
2020-07-03 16:31:18,515 INFO o.a.j.t.JMeterThread: Thread started: ipokemon 1-3
2020-07-03 16:31:18,521 INFO o.a.j.t.JMeterThread: Thread started: ipokemon 1-4
2020-07-03 16:31:18,534 INFO o.a.j.t.JMeterThread: Thread started: ipokemon 1-5
2020-07-03 16:31:18,542 INFO o.a.j.t.JMeterThread: Thread started: ipokemon 1-6
2020-07-03 16:31:18,548 INFO o.a.j.t.JMeterThread: Thread started: ipokemon 1-7
2020-07-03 16:31:18,553 INFO o.a.j.t.JMeterThread: Thread started: ipokemon 1-8
2020-07-03 16:31:18,558 INFO o.a.j.t.JMeterThread: Thread started: ipokemon 1-9
2020-07-03 16:31:18,562 INFO o.a.j.t.JMeterThread: Thread started: ipokemon 1-10
2020-07-03 16:31:18,567 INFO o.a.j.t.JMeterThread: Thread started: ipokemon 1-11
2020-07-03 16:31:18,571 INFO o.a.j.t.JMeterThread: Thread started: ipokemon 1-12
2020-07-03 16:31:18,572 INFO o.a.j.p.h.s.HTTPHCAbstractImpl: Local host = farooq-HP-EliteBook-840-G5
2020-07-03 16:31:18,578 INFO o.a.j.t.JMeterThread: Thread started: ipokemon 1-13
2020-07-03 16:31:18,585 INFO o.a.j.t.JMeterThread: Thread started: ipokemon 1-14
2020-07-03 16:31:18,587 INFO o.a.j.p.h.s.HTTPHC4Impl: HTTP request retry count = 0
2020-07-03 16:31:18,589 INFO o.a.j.t.JMeterThread: Thread started: ipokemon 1-15
2020-07-03 16:31:18,591 INFO o.a.j.s.SampleResult: Note: Sample TimeStamps are START times
2020-07-03 16:31:18,591 INFO o.a.j.s.SampleResult: sampleresult.default.encoding is set to UTF-8
2020-07-03 16:31:18,592 INFO o.a.j.s.SampleResult: sampleresult.useNanoTime=true
2020-07-03 16:31:18,592 INFO o.a.j.s.SampleResult: sampleresult.nanoThreadSleep=5000
2020-07-03 16:31:18,594 INFO o.a.j.t.JMeterThread: Thread started: ipokemon 1-16
2020-07-03 16:31:18,604 INFO o.a.j.t.JMeterThread: Thread started: ipokemon 1-17
2020-07-03 16:31:18,609 INFO o.a.j.t.JMeterThread: Thread started: ipokemon 1-18
2020-07-03 16:31:18,615 INFO o.a.j.t.JMeterThread: Thread started: ipokemon 1-19
2020-07-03 16:31:18,620 INFO o.a.j.t.JMeterThread: Thread started: ipokemon 1-20
2020-07-03 16:31:18,628 INFO o.a.j.t.JMeterThread: Thread started: ipokemon 1-21
2020-07-03 16:31:18,650 INFO o.a.j.t.JMeterThread: Thread started: ipokemon 1-22
2020-07-03 16:31:18,658 INFO o.a.j.t.ThreadGroup: Started thread group number 1
2020-07-03 16:31:18,659 INFO o.a.j.e.StandardJMeterEngine: All thread groups have been started
2020-07-03 16:31:18,658 INFO o.a.j.t.JMeterThread: Thread started: ipokemon 1-23
2020-07-03 16:31:18,661 INFO o.a.j.t.JMeterThread: Thread started: ipokemon 1-24
2020-07-03 16:31:18,664 INFO o.a.j.t.JMeterThread: Thread started: ipokemon 1-25
2020-07-03 16:31:22,303 INFO o.a.j.JMeter: Command: Shutdown received from /127.0.0.1
2020-07-03 16:31:22,305 INFO o.a.j.t.JMeterThread: Stopping: ipokemon 1-18
2020-07-03 16:31:22,305 INFO o.a.j.t.JMeterThread: Stopping: ipokemon 1-7
2020-07-03 16:31:22,305 INFO o.a.j.t.JMeterThread: Stopping: ipokemon 1-16
2020-07-03 16:31:22,306 INFO o.a.j.t.JMeterThread: Stopping: ipokemon 1-12
2020-07-03 16:31:22,306 INFO o.a.j.t.JMeterThread: Stopping: ipokemon 1-23
2020-07-03 16:31:22,306 INFO o.a.j.t.JMeterThread: Stopping: ipokemon 1-20
2020-07-03 16:31:22,306 INFO o.a.j.t.JMeterThread: Stopping: ipokemon 1-19
2020-07-03 16:31:22,306 INFO o.a.j.t.JMeterThread: Stopping: ipokemon 1-11
2020-07-03 16:31:22,306 INFO o.a.j.t.JMeterThread: Stopping: ipokemon 1-15
2020-07-03 16:31:22,306 INFO o.a.j.t.JMeterThread: Stopping: ipokemon 1-1
2020-07-03 16:31:22,306 INFO o.a.j.t.JMeterThread: Stopping: ipokemon 1-22
2020-07-03 16:31:22,306 INFO o.a.j.t.JMeterThread: Stopping: ipokemon 1-2
2020-07-03 16:31:22,306 INFO o.a.j.t.JMeterThread: Stopping: ipokemon 1-8
2020-07-03 16:31:22,307 INFO o.a.j.t.JMeterThread: Stopping: ipokemon 1-13
2020-07-03 16:31:22,307 INFO o.a.j.t.JMeterThread: Stopping: ipokemon 1-9
2020-07-03 16:31:22,307 INFO o.a.j.t.JMeterThread: Stopping: ipokemon 1-6
2020-07-03 16:31:22,307 INFO o.a.j.t.JMeterThread: Stopping: ipokemon 1-14
2020-07-03 16:31:22,307 INFO o.a.j.t.JMeterThread: Stopping: ipokemon 1-25
2020-07-03 16:31:22,307 INFO o.a.j.t.JMeterThread: Stopping: ipokemon 1-4
2020-07-03 16:31:22,307 INFO o.a.j.t.JMeterThread: Stopping: ipokemon 1-21
2020-07-03 16:31:22,307 INFO o.a.j.t.JMeterThread: Stopping: ipokemon 1-3
2020-07-03 16:31:22,307 INFO o.a.j.t.JMeterThread: Stopping: ipokemon 1-24
2020-07-03 16:31:22,308 INFO o.a.j.t.JMeterThread: Stopping: ipokemon 1-10
2020-07-03 16:31:22,308 INFO o.a.j.t.JMeterThread: Stopping: ipokemon 1-17
2020-07-03 16:31:22,308 INFO o.a.j.t.JMeterThread: Stopping: ipokemon 1-5
2020-07-03 16:31:23,326 INFO o.a.j.t.JMeterThread: Thread finished: ipokemon 1-19
2020-07-03 16:31:25,851 INFO o.a.j.t.JMeterThread: Thread finished: ipokemon 1-18
2020-07-03 16:31:26,031 INFO o.a.j.t.JMeterThread: Thread finished: ipokemon 1-17
2020-07-03 16:31:26,079 INFO o.a.j.t.JMeterThread: Thread finished: ipokemon 1-11
2020-07-03 16:31:26,575 INFO o.a.j.t.JMeterThread: Thread finished: ipokemon 1-23
2020-07-03 16:31:26,906 INFO o.a.j.t.JMeterThread: Thread finished: ipokemon 1-24
2020-07-03 16:31:27,092 INFO o.a.j.t.JMeterThread: Thread finished: ipokemon 1-9
2020-07-03 16:31:27,317 INFO o.a.j.JMeter: Command: StopTestNow received from /127.0.0.1
2020-07-03 16:31:27,319 INFO o.a.j.t.JMeterThread: Stopping: ipokemon 1-7
2020-07-03 16:31:27,319 WARN o.a.j.t.JMeterThread: Interrupting: ipokemon 1-7 sampler: ThinkTime
2020-07-03 16:31:27,319 INFO o.a.j.t.JMeterThread: Stopping: ipokemon 1-16
2020-07-03 16:31:27,319 WARN o.a.j.t.JMeterThread: Interrupting: ipokemon 1-16 sampler: ThinkTime
2020-07-03 16:31:27,319 INFO o.a.j.t.JMeterThread: Stopping: ipokemon 1-12
2020-07-03 16:31:27,319 INFO o.a.j.t.JMeterThread: Thread finished: ipokemon 1-7
2020-07-03 16:31:27,320 WARN o.a.j.t.JMeterThread: Interrupting: ipokemon 1-12 sampler: ThinkTime
2020-07-03 16:31:27,320 INFO o.a.j.t.JMeterThread: Thread finished: ipokemon 1-16
2020-07-03 16:31:27,320 INFO o.a.j.t.JMeterThread: Stopping: ipokemon 1-20
2020-07-03 16:31:27,320 INFO o.a.j.t.JMeterThread: Thread finished: ipokemon 1-12
2020-07-03 16:31:27,320 WARN o.a.j.t.JMeterThread: Interrupting: ipokemon 1-20 sampler: ThinkTime
2020-07-03 16:31:27,321 INFO o.a.j.t.JMeterThread: Stopping: ipokemon 1-15
2020-07-03 16:31:27,321 WARN o.a.j.t.JMeterThread: Interrupting: ipokemon 1-15 sampler: ThinkTime
2020-07-03 16:31:27,321 INFO o.a.j.t.JMeterThread: Thread finished: ipokemon 1-20
2020-07-03 16:31:27,321 INFO o.a.j.t.JMeterThread: Stopping: ipokemon 1-1
2020-07-03 16:31:27,321 INFO o.a.j.t.JMeterThread: Thread finished: ipokemon 1-15
2020-07-03 16:31:27,321 WARN o.a.j.t.JMeterThread: Interrupting: ipokemon 1-1 sampler: ThinkTime
2020-07-03 16:31:27,321 INFO o.a.j.t.JMeterThread: Stopping: ipokemon 1-22
2020-07-03 16:31:27,322 WARN o.a.j.t.JMeterThread: Interrupting: ipokemon 1-22 sampler: ThinkTime
2020-07-03 16:31:27,322 INFO o.a.j.t.JMeterThread: Thread finished: ipokemon 1-1
2020-07-03 16:31:27,322 INFO o.a.j.t.JMeterThread: Stopping: ipokemon 1-2
2020-07-03 16:31:27,322 WARN o.a.j.t.JMeterThread: Interrupting: ipokemon 1-2 sampler: ThinkTime
2020-07-03 16:31:27,322 INFO o.a.j.t.JMeterThread: Thread finished: ipokemon 1-22
2020-07-03 16:31:27,322 INFO o.a.j.t.JMeterThread: Stopping: ipokemon 1-8
2020-07-03 16:31:27,322 INFO o.a.j.t.JMeterThread: Thread finished: ipokemon 1-2
2020-07-03 16:31:27,322 WARN o.a.j.t.JMeterThread: Interrupting: ipokemon 1-8 sampler: ThinkTime
2020-07-03 16:31:27,322 INFO o.a.j.t.JMeterThread: Stopping: ipokemon 1-13
2020-07-03 16:31:27,322 WARN o.a.j.t.JMeterThread: Interrupting: ipokemon 1-13 sampler: ThinkTime
2020-07-03 16:31:27,322 INFO o.a.j.t.JMeterThread: Thread finished: ipokemon 1-8
2020-07-03 16:31:27,322 INFO o.a.j.t.JMeterThread: Stopping: ipokemon 1-6
2020-07-03 16:31:27,323 WARN o.a.j.t.JMeterThread: Interrupting: ipokemon 1-6 sampler: ThinkTime
2020-07-03 16:31:27,323 INFO o.a.j.t.JMeterThread: Thread finished: ipokemon 1-13
2020-07-03 16:31:27,323 INFO o.a.j.t.JMeterThread: Stopping: ipokemon 1-14
2020-07-03 16:31:27,323 WARN o.a.j.t.JMeterThread: Interrupting: ipokemon 1-14 sampler: ThinkTime
2020-07-03 16:31:27,323 INFO o.a.j.t.JMeterThread: Thread finished: ipokemon 1-6
2020-07-03 16:31:27,323 INFO o.a.j.t.JMeterThread: Stopping: ipokemon 1-25
2020-07-03 16:31:27,323 WARN o.a.j.t.JMeterThread: Interrupting: ipokemon 1-25 sampler: ThinkTime
2020-07-03 16:31:27,324 INFO o.a.j.t.JMeterThread: Thread finished: ipokemon 1-14
2020-07-03 16:31:27,324 INFO o.a.j.t.JMeterThread: Stopping: ipokemon 1-4
2020-07-03 16:31:27,324 WARN o.a.j.t.JMeterThread: Interrupting: ipokemon 1-4 sampler: ThinkTime
2020-07-03 16:31:27,324 INFO o.a.j.t.JMeterThread: Thread finished: ipokemon 1-25
2020-07-03 16:31:27,324 INFO o.a.j.t.JMeterThread: Stopping: ipokemon 1-21
2020-07-03 16:31:27,324 INFO o.a.j.t.JMeterThread: Thread finished: ipokemon 1-4
2020-07-03 16:31:27,324 WARN o.a.j.t.JMeterThread: Interrupting: ipokemon 1-21 sampler: ThinkTime
2020-07-03 16:31:27,324 INFO o.a.j.t.JMeterThread: Stopping: ipokemon 1-3
2020-07-03 16:31:27,324 WARN o.a.j.t.JMeterThread: Interrupting: ipokemon 1-3 sampler: ThinkTime
2020-07-03 16:31:27,324 INFO o.a.j.t.JMeterThread: Stopping: ipokemon 1-10
2020-07-03 16:31:27,324 INFO o.a.j.t.JMeterThread: Thread finished: ipokemon 1-21
2020-07-03 16:31:27,324 WARN o.a.j.t.JMeterThread: Interrupting: ipokemon 1-10 sampler: ThinkTime
2020-07-03 16:31:27,325 INFO o.a.j.t.JMeterThread: Thread finished: ipokemon 1-3
2020-07-03 16:31:27,325 INFO o.a.j.t.JMeterThread: Stopping: ipokemon 1-5
2020-07-03 16:31:27,325 WARN o.a.j.t.JMeterThread: Interrupting: ipokemon 1-5 sampler: ThinkTime
2020-07-03 16:31:27,325 INFO o.a.j.t.JMeterThread: Thread finished: ipokemon 1-10
2020-07-03 16:31:27,325 INFO o.a.j.t.JMeterThread: Thread finished: ipokemon 1-5
2020-07-03 16:31:27,325 INFO o.a.j.e.StandardJMeterEngine: Notifying test listeners of end of test
2020-07-03 16:31:27,326 INFO o.a.j.e.StandardJMeterEngine: Forced JVM shutdown requested at end of test
