2020-07-03 17:15:50,126 INFO o.a.j.u.JMeterUtils: Setting Locale to en_US
2020-07-03 17:15:50,147 INFO o.a.j.JMeter: Loading user properties from: user.properties
2020-07-03 17:15:50,148 INFO o.a.j.JMeter: Loading system properties from: system.properties
2020-07-03 17:15:50,148 INFO o.a.j.JMeter: Loading additional properties from: /home/farooq/DeFog/Experiments/DeFog/jmeter/bin/2020-07-03_17-15-46.918591/jmeter-bzt.properties
2020-07-03 17:15:50,149 INFO o.a.j.JMeter: Copyright (c) 1998-2019 The Apache Software Foundation
2020-07-03 17:15:50,149 INFO o.a.j.JMeter: Version 5.2.1
2020-07-03 17:15:50,149 INFO o.a.j.JMeter: java.version=11.0.7
2020-07-03 17:15:50,149 INFO o.a.j.JMeter: java.vm.name=OpenJDK 64-Bit Server VM
2020-07-03 17:15:50,149 INFO o.a.j.JMeter: os.name=Linux
2020-07-03 17:15:50,150 INFO o.a.j.JMeter: os.arch=amd64
2020-07-03 17:15:50,150 INFO o.a.j.JMeter: os.version=5.3.0-28-generic
2020-07-03 17:15:50,150 INFO o.a.j.JMeter: file.encoding=UTF-8
2020-07-03 17:15:50,150 INFO o.a.j.JMeter: java.awt.headless=true
2020-07-03 17:15:50,150 INFO o.a.j.JMeter: Max memory     =4158652416
2020-07-03 17:15:50,150 INFO o.a.j.JMeter: Available Processors =8
2020-07-03 17:15:50,156 INFO o.a.j.JMeter: Default Locale=English (United States)
2020-07-03 17:15:50,156 INFO o.a.j.JMeter: JMeter  Locale=English (United States)
2020-07-03 17:15:50,156 INFO o.a.j.JMeter: JMeterHome=/home/farooq/.bzt/jmeter-taurus/5.2.1
2020-07-03 17:15:50,156 INFO o.a.j.JMeter: user.dir  =/home/farooq/DeFog/Experiments/DeFog/jmeter/bin
2020-07-03 17:15:50,156 INFO o.a.j.JMeter: PWD       =/home/farooq/DeFog/Experiments/DeFog/jmeter/bin
2020-07-03 17:15:50,157 INFO o.a.j.JMeter: IP: 127.0.1.1 Name: farooq-HP-EliteBook-840-G5 FullName: farooq-HP-EliteBook-840-G5
2020-07-03 17:15:50,157 INFO o.a.j.JMeter: user.classpath=/home/farooq/DeFog/Experiments/DeFog/jmeter/bin/2020-07-03_17-15-46.918591:/home/farooq/DeFog/Experiments/DeFog/assets/ipokemon-assets
2020-07-03 17:15:50,157 INFO o.a.j.JMeter: Adding to classpath and loader: /home/farooq/DeFog/Experiments/DeFog/jmeter/bin/2020-07-03_17-15-46.918591
2020-07-03 17:15:50,158 INFO o.a.j.JMeter: Adding to classpath and loader: /home/farooq/DeFog/Experiments/DeFog/assets/ipokemon-assets
2020-07-03 17:15:50,163 INFO o.a.j.s.FileServer: Default base='/home/farooq/DeFog/Experiments/DeFog/jmeter/bin'
2020-07-03 17:15:50,165 INFO o.a.j.s.FileServer: Set new base='/home/farooq/DeFog/Experiments/DeFog/assets/ipokemon-assets'
2020-07-03 17:15:50,273 INFO o.a.j.s.SaveService: Testplan (JMX) version: 2.2. Testlog (JTL) version: 2.2
2020-07-03 17:15:50,286 INFO o.a.j.s.SaveService: Using SaveService properties version 5.0
2020-07-03 17:15:50,289 INFO o.a.j.s.SaveService: Using SaveService properties file encoding UTF-8
2020-07-03 17:15:50,294 INFO o.a.j.s.SaveService: Loading file: /home/farooq/DeFog/Experiments/DeFog/assets/ipokemon-assets/modified_iPokemon.jmx
2020-07-03 17:15:50,339 INFO o.a.j.p.h.s.HTTPSamplerBase: Parser for text/html is org.apache.jmeter.protocol.http.parser.LagartoBasedHtmlParser
2020-07-03 17:15:50,339 INFO o.a.j.p.h.s.HTTPSamplerBase: Parser for application/xhtml+xml is org.apache.jmeter.protocol.http.parser.LagartoBasedHtmlParser
2020-07-03 17:15:50,339 INFO o.a.j.p.h.s.HTTPSamplerBase: Parser for application/xml is org.apache.jmeter.protocol.http.parser.LagartoBasedHtmlParser
2020-07-03 17:15:50,339 INFO o.a.j.p.h.s.HTTPSamplerBase: Parser for text/xml is org.apache.jmeter.protocol.http.parser.LagartoBasedHtmlParser
2020-07-03 17:15:50,339 INFO o.a.j.p.h.s.HTTPSamplerBase: Parser for text/vnd.wap.wml is org.apache.jmeter.protocol.http.parser.RegexpHTMLParser
2020-07-03 17:15:50,339 INFO o.a.j.p.h.s.HTTPSamplerBase: Parser for text/css is org.apache.jmeter.protocol.http.parser.CssParser
2020-07-03 17:15:50,422 INFO o.a.j.e.StandardJMeterEngine: Running the test!
2020-07-03 17:15:50,425 INFO o.a.j.s.SampleEvent: List of sample_variables: []
2020-07-03 17:15:50,425 INFO o.a.j.s.SampleEvent: List of sample_variables: []
2020-07-03 17:15:50,436 INFO o.a.j.e.u.CompoundVariable: Note: Function class names must contain the string: '.functions.'
2020-07-03 17:15:50,436 INFO o.a.j.e.u.CompoundVariable: Note: Function class names must not contain the string: '.gui.'
2020-07-03 17:15:50,736 INFO o.a.j.JMeter: Running test (1593785750736)
2020-07-03 17:15:50,756 INFO o.a.j.e.StandardJMeterEngine: Starting ThreadGroup: 1 : ipokemon
2020-07-03 17:15:50,757 INFO o.a.j.e.StandardJMeterEngine: Starting 100 threads for group ipokemon.
2020-07-03 17:15:50,757 INFO o.a.j.e.StandardJMeterEngine: Thread will continue on error
2020-07-03 17:15:50,757 INFO o.a.j.t.ThreadGroup: Starting thread group... number=1 threads=100 ramp-up=0 delayedStart=false
2020-07-03 17:15:50,774 INFO o.a.j.t.JMeterThread: Thread started: ipokemon 1-1
2020-07-03 17:15:50,777 INFO o.a.j.t.JMeterThread: Thread started: ipokemon 1-2
2020-07-03 17:15:50,779 INFO o.a.j.t.JMeterThread: Thread started: ipokemon 1-3
2020-07-03 17:15:50,785 INFO o.a.j.t.JMeterThread: Thread started: ipokemon 1-4
2020-07-03 17:15:50,797 INFO o.a.j.t.JMeterThread: Thread started: ipokemon 1-5
2020-07-03 17:15:50,799 INFO o.a.j.t.JMeterThread: Thread started: ipokemon 1-6
2020-07-03 17:15:50,805 INFO o.a.j.t.JMeterThread: Thread started: ipokemon 1-7
2020-07-03 17:15:50,811 INFO o.a.j.t.JMeterThread: Thread started: ipokemon 1-8
2020-07-03 17:15:50,812 INFO o.a.j.t.JMeterThread: Thread started: ipokemon 1-9
2020-07-03 17:15:50,816 INFO o.a.j.p.h.s.HTTPHCAbstractImpl: Local host = farooq-HP-EliteBook-840-G5
2020-07-03 17:15:50,816 INFO o.a.j.t.JMeterThread: Thread started: ipokemon 1-10
2020-07-03 17:15:50,820 INFO o.a.j.t.JMeterThread: Thread started: ipokemon 1-11
2020-07-03 17:15:50,823 INFO o.a.j.t.JMeterThread: Thread started: ipokemon 1-12
2020-07-03 17:15:50,825 INFO o.a.j.t.JMeterThread: Thread started: ipokemon 1-13
2020-07-03 17:15:50,825 INFO o.a.j.p.h.s.HTTPHC4Impl: HTTP request retry count = 0
2020-07-03 17:15:50,828 INFO o.a.j.s.SampleResult: Note: Sample TimeStamps are START times
2020-07-03 17:15:50,828 INFO o.a.j.s.SampleResult: sampleresult.default.encoding is set to UTF-8
2020-07-03 17:15:50,828 INFO o.a.j.s.SampleResult: sampleresult.useNanoTime=true
2020-07-03 17:15:50,828 INFO o.a.j.s.SampleResult: sampleresult.nanoThreadSleep=5000
2020-07-03 17:15:50,829 INFO o.a.j.t.JMeterThread: Thread started: ipokemon 1-14
2020-07-03 17:15:50,832 INFO o.a.j.t.JMeterThread: Thread started: ipokemon 1-15
2020-07-03 17:15:50,837 INFO o.a.j.t.JMeterThread: Thread started: ipokemon 1-16
2020-07-03 17:15:50,840 INFO o.a.j.t.JMeterThread: Thread started: ipokemon 1-17
2020-07-03 17:15:50,853 INFO o.a.j.t.JMeterThread: Thread started: ipokemon 1-18
2020-07-03 17:15:50,861 INFO o.a.j.t.JMeterThread: Thread started: ipokemon 1-19
2020-07-03 17:15:50,883 INFO o.a.j.t.JMeterThread: Thread started: ipokemon 1-20
2020-07-03 17:15:50,885 INFO o.a.j.t.JMeterThread: Thread started: ipokemon 1-21
2020-07-03 17:15:50,897 INFO o.a.j.t.JMeterThread: Thread started: ipokemon 1-22
2020-07-03 17:15:50,898 INFO o.a.j.t.JMeterThread: Thread started: ipokemon 1-23
2020-07-03 17:15:50,899 INFO o.a.j.t.JMeterThread: Thread started: ipokemon 1-24
2020-07-03 17:15:50,901 INFO o.a.j.t.JMeterThread: Thread started: ipokemon 1-25
2020-07-03 17:15:50,903 INFO o.a.j.t.JMeterThread: Thread started: ipokemon 1-26
2020-07-03 17:15:50,906 INFO o.a.j.t.JMeterThread: Thread started: ipokemon 1-27
2020-07-03 17:15:50,909 INFO o.a.j.t.JMeterThread: Thread started: ipokemon 1-28
2020-07-03 17:15:50,910 INFO o.a.j.t.JMeterThread: Thread started: ipokemon 1-29
2020-07-03 17:15:50,913 INFO o.a.j.t.JMeterThread: Thread started: ipokemon 1-30
2020-07-03 17:15:50,916 INFO o.a.j.t.JMeterThread: Thread started: ipokemon 1-31
2020-07-03 17:15:50,920 INFO o.a.j.t.JMeterThread: Thread started: ipokemon 1-32
2020-07-03 17:15:50,928 INFO o.a.j.t.JMeterThread: Thread started: ipokemon 1-33
2020-07-03 17:15:50,932 INFO o.a.j.t.JMeterThread: Thread started: ipokemon 1-34
2020-07-03 17:15:50,936 INFO o.a.j.t.JMeterThread: Thread started: ipokemon 1-35
2020-07-03 17:15:50,937 INFO o.a.j.t.JMeterThread: Thread started: ipokemon 1-36
2020-07-03 17:15:50,940 INFO o.a.j.t.JMeterThread: Thread started: ipokemon 1-37
2020-07-03 17:15:50,952 INFO o.a.j.t.JMeterThread: Thread started: ipokemon 1-38
2020-07-03 17:15:50,955 INFO o.a.j.t.JMeterThread: Thread started: ipokemon 1-39
2020-07-03 17:15:50,956 INFO o.a.j.t.JMeterThread: Thread started: ipokemon 1-40
2020-07-03 17:15:50,961 INFO o.a.j.t.JMeterThread: Thread started: ipokemon 1-41
2020-07-03 17:15:50,963 INFO o.a.j.t.JMeterThread: Thread started: ipokemon 1-42
2020-07-03 17:15:50,965 INFO o.a.j.t.JMeterThread: Thread started: ipokemon 1-43
2020-07-03 17:15:50,979 INFO o.a.j.t.JMeterThread: Thread started: ipokemon 1-44
2020-07-03 17:15:50,989 INFO o.a.j.t.JMeterThread: Thread started: ipokemon 1-45
2020-07-03 17:15:50,991 INFO o.a.j.t.JMeterThread: Thread started: ipokemon 1-46
2020-07-03 17:15:50,995 INFO o.a.j.t.JMeterThread: Thread started: ipokemon 1-47
2020-07-03 17:15:51,008 INFO o.a.j.t.JMeterThread: Thread started: ipokemon 1-48
2020-07-03 17:15:51,012 INFO o.a.j.t.JMeterThread: Thread started: ipokemon 1-49
2020-07-03 17:15:51,018 INFO o.a.j.t.JMeterThread: Thread started: ipokemon 1-50
2020-07-03 17:15:51,024 INFO o.a.j.t.JMeterThread: Thread started: ipokemon 1-51
2020-07-03 17:15:51,039 INFO o.a.j.t.JMeterThread: Thread started: ipokemon 1-52
2020-07-03 17:15:51,054 INFO o.a.j.t.JMeterThread: Thread started: ipokemon 1-53
2020-07-03 17:15:51,067 INFO o.a.j.t.JMeterThread: Thread started: ipokemon 1-54
2020-07-03 17:15:51,077 INFO o.a.j.t.JMeterThread: Thread started: ipokemon 1-55
2020-07-03 17:15:51,082 INFO o.a.j.t.JMeterThread: Thread started: ipokemon 1-57
2020-07-03 17:15:51,082 INFO o.a.j.t.JMeterThread: Thread started: ipokemon 1-56
2020-07-03 17:15:51,107 INFO o.a.j.t.JMeterThread: Thread started: ipokemon 1-58
2020-07-03 17:15:51,111 INFO o.a.j.t.JMeterThread: Thread started: ipokemon 1-59
2020-07-03 17:15:51,113 INFO o.a.j.t.JMeterThread: Thread started: ipokemon 1-61
2020-07-03 17:15:51,113 INFO o.a.j.t.JMeterThread: Thread started: ipokemon 1-60
2020-07-03 17:15:51,118 INFO o.a.j.t.JMeterThread: Thread started: ipokemon 1-62
2020-07-03 17:15:51,127 INFO o.a.j.t.JMeterThread: Thread started: ipokemon 1-63
2020-07-03 17:15:51,129 INFO o.a.j.t.JMeterThread: Thread started: ipokemon 1-64
2020-07-03 17:15:51,129 INFO o.a.j.t.JMeterThread: Thread started: ipokemon 1-65
2020-07-03 17:15:51,143 INFO o.a.j.t.JMeterThread: Thread started: ipokemon 1-66
2020-07-03 17:15:51,145 INFO o.a.j.t.JMeterThread: Thread started: ipokemon 1-67
2020-07-03 17:15:51,150 INFO o.a.j.t.JMeterThread: Thread started: ipokemon 1-69
2020-07-03 17:15:51,151 INFO o.a.j.t.JMeterThread: Thread started: ipokemon 1-68
2020-07-03 17:15:51,158 INFO o.a.j.t.JMeterThread: Thread started: ipokemon 1-70
2020-07-03 17:15:51,165 INFO o.a.j.t.JMeterThread: Thread started: ipokemon 1-71
2020-07-03 17:15:51,169 INFO o.a.j.t.JMeterThread: Thread started: ipokemon 1-72
2020-07-03 17:15:51,173 INFO o.a.j.t.JMeterThread: Thread started: ipokemon 1-73
2020-07-03 17:15:51,173 INFO o.a.j.t.JMeterThread: Thread started: ipokemon 1-74
2020-07-03 17:15:51,177 INFO o.a.j.t.JMeterThread: Thread started: ipokemon 1-75
2020-07-03 17:15:51,179 INFO o.a.j.t.JMeterThread: Thread started: ipokemon 1-76
2020-07-03 17:15:51,182 INFO o.a.j.t.JMeterThread: Thread started: ipokemon 1-77
2020-07-03 17:15:51,184 INFO o.a.j.t.JMeterThread: Thread started: ipokemon 1-78
2020-07-03 17:15:51,187 INFO o.a.j.t.JMeterThread: Thread started: ipokemon 1-79
2020-07-03 17:15:51,190 INFO o.a.j.t.JMeterThread: Thread started: ipokemon 1-81
2020-07-03 17:15:51,190 INFO o.a.j.t.JMeterThread: Thread started: ipokemon 1-80
2020-07-03 17:15:51,193 INFO o.a.j.t.JMeterThread: Thread started: ipokemon 1-82
2020-07-03 17:15:51,195 INFO o.a.j.t.JMeterThread: Thread started: ipokemon 1-83
2020-07-03 17:15:51,196 INFO o.a.j.t.JMeterThread: Thread started: ipokemon 1-84
2020-07-03 17:15:51,198 INFO o.a.j.t.JMeterThread: Thread started: ipokemon 1-85
2020-07-03 17:15:51,201 INFO o.a.j.t.JMeterThread: Thread started: ipokemon 1-86
2020-07-03 17:15:51,202 INFO o.a.j.t.JMeterThread: Thread started: ipokemon 1-87
2020-07-03 17:15:51,203 INFO o.a.j.t.JMeterThread: Thread started: ipokemon 1-88
2020-07-03 17:15:51,206 INFO o.a.j.t.JMeterThread: Thread started: ipokemon 1-90
2020-07-03 17:15:51,208 INFO o.a.j.t.JMeterThread: Thread started: ipokemon 1-89
2020-07-03 17:15:51,209 INFO o.a.j.t.JMeterThread: Thread started: ipokemon 1-91
2020-07-03 17:15:51,210 INFO o.a.j.t.JMeterThread: Thread started: ipokemon 1-92
2020-07-03 17:15:51,215 INFO o.a.j.t.JMeterThread: Thread started: ipokemon 1-93
2020-07-03 17:15:51,216 INFO o.a.j.t.JMeterThread: Thread started: ipokemon 1-94
2020-07-03 17:15:51,218 INFO o.a.j.t.JMeterThread: Thread started: ipokemon 1-95
2020-07-03 17:15:51,219 INFO o.a.j.t.JMeterThread: Thread started: ipokemon 1-96
2020-07-03 17:15:51,222 INFO o.a.j.t.JMeterThread: Thread started: ipokemon 1-98
2020-07-03 17:15:51,223 INFO o.a.j.t.JMeterThread: Thread started: ipokemon 1-97
2020-07-03 17:15:51,225 INFO o.a.j.t.JMeterThread: Thread started: ipokemon 1-99
2020-07-03 17:15:51,225 INFO o.a.j.t.ThreadGroup: Started thread group number 1
2020-07-03 17:15:51,225 INFO o.a.j.e.StandardJMeterEngine: All thread groups have been started
2020-07-03 17:15:51,227 INFO o.a.j.t.JMeterThread: Thread started: ipokemon 1-100
2020-07-03 17:15:57,069 INFO o.a.j.JMeter: Command: Shutdown received from /127.0.0.1
2020-07-03 17:15:57,071 INFO o.a.j.t.JMeterThread: Stopping: ipokemon 1-31
2020-07-03 17:15:57,071 INFO o.a.j.t.JMeterThread: Stopping: ipokemon 1-94
2020-07-03 17:15:57,071 INFO o.a.j.t.JMeterThread: Stopping: ipokemon 1-6
2020-07-03 17:15:57,071 INFO o.a.j.t.JMeterThread: Stopping: ipokemon 1-99
2020-07-03 17:15:57,072 INFO o.a.j.t.JMeterThread: Stopping: ipokemon 1-76
2020-07-03 17:15:57,072 INFO o.a.j.t.JMeterThread: Stopping: ipokemon 1-100
2020-07-03 17:15:57,072 INFO o.a.j.t.JMeterThread: Stopping: ipokemon 1-23
2020-07-03 17:15:57,072 INFO o.a.j.t.JMeterThread: Stopping: ipokemon 1-44
2020-07-03 17:15:57,072 INFO o.a.j.t.JMeterThread: Stopping: ipokemon 1-85
2020-07-03 17:15:57,072 INFO o.a.j.t.JMeterThread: Stopping: ipokemon 1-62
2020-07-03 17:15:57,072 INFO o.a.j.t.JMeterThread: Stopping: ipokemon 1-35
2020-07-03 17:15:57,072 INFO o.a.j.t.JMeterThread: Stopping: ipokemon 1-5
2020-07-03 17:15:57,072 INFO o.a.j.t.JMeterThread: Stopping: ipokemon 1-17
2020-07-03 17:15:57,072 INFO o.a.j.t.JMeterThread: Stopping: ipokemon 1-65
2020-07-03 17:15:57,072 INFO o.a.j.t.JMeterThread: Stopping: ipokemon 1-1
2020-07-03 17:15:57,072 INFO o.a.j.t.JMeterThread: Stopping: ipokemon 1-54
2020-07-03 17:15:57,072 INFO o.a.j.t.JMeterThread: Stopping: ipokemon 1-19
2020-07-03 17:15:57,072 INFO o.a.j.t.JMeterThread: Stopping: ipokemon 1-72
2020-07-03 17:15:57,072 INFO o.a.j.t.JMeterThread: Stopping: ipokemon 1-74
2020-07-03 17:15:57,072 INFO o.a.j.t.JMeterThread: Stopping: ipokemon 1-82
2020-07-03 17:15:57,072 INFO o.a.j.t.JMeterThread: Stopping: ipokemon 1-15
2020-07-03 17:15:57,072 INFO o.a.j.t.JMeterThread: Stopping: ipokemon 1-34
2020-07-03 17:15:57,073 INFO o.a.j.t.JMeterThread: Stopping: ipokemon 1-87
2020-07-03 17:15:57,073 INFO o.a.j.t.JMeterThread: Stopping: ipokemon 1-13
2020-07-03 17:15:57,073 INFO o.a.j.t.JMeterThread: Stopping: ipokemon 1-8
2020-07-03 17:15:57,073 INFO o.a.j.t.JMeterThread: Stopping: ipokemon 1-56
2020-07-03 17:15:57,073 INFO o.a.j.t.JMeterThread: Stopping: ipokemon 1-59
2020-07-03 17:15:57,073 INFO o.a.j.t.JMeterThread: Stopping: ipokemon 1-50
2020-07-03 17:15:57,073 INFO o.a.j.t.JMeterThread: Stopping: ipokemon 1-42
2020-07-03 17:15:57,073 INFO o.a.j.t.JMeterThread: Stopping: ipokemon 1-68
2020-07-03 17:15:57,073 INFO o.a.j.t.JMeterThread: Stopping: ipokemon 1-83
2020-07-03 17:15:57,073 INFO o.a.j.t.JMeterThread: Stopping: ipokemon 1-10
2020-07-03 17:15:57,073 INFO o.a.j.t.JMeterThread: Stopping: ipokemon 1-79
2020-07-03 17:15:57,073 INFO o.a.j.t.JMeterThread: Stopping: ipokemon 1-14
2020-07-03 17:15:57,073 INFO o.a.j.t.JMeterThread: Stopping: ipokemon 1-73
2020-07-03 17:15:57,073 INFO o.a.j.t.JMeterThread: Stopping: ipokemon 1-12
2020-07-03 17:15:57,073 INFO o.a.j.t.JMeterThread: Stopping: ipokemon 1-58
2020-07-03 17:15:57,073 INFO o.a.j.t.JMeterThread: Stopping: ipokemon 1-97
2020-07-03 17:15:57,073 INFO o.a.j.t.JMeterThread: Stopping: ipokemon 1-3
2020-07-03 17:15:57,073 INFO o.a.j.t.JMeterThread: Stopping: ipokemon 1-88
2020-07-03 17:15:57,074 INFO o.a.j.t.JMeterThread: Stopping: ipokemon 1-70
2020-07-03 17:15:57,074 INFO o.a.j.t.JMeterThread: Stopping: ipokemon 1-81
2020-07-03 17:15:57,074 INFO o.a.j.t.JMeterThread: Stopping: ipokemon 1-86
2020-07-03 17:15:57,074 INFO o.a.j.t.JMeterThread: Stopping: ipokemon 1-41
2020-07-03 17:15:57,074 INFO o.a.j.t.JMeterThread: Stopping: ipokemon 1-45
2020-07-03 17:15:57,074 INFO o.a.j.t.JMeterThread: Stopping: ipokemon 1-57
2020-07-03 17:15:57,074 INFO o.a.j.t.JMeterThread: Stopping: ipokemon 1-63
2020-07-03 17:15:57,074 INFO o.a.j.t.JMeterThread: Stopping: ipokemon 1-69
2020-07-03 17:15:57,074 INFO o.a.j.t.JMeterThread: Stopping: ipokemon 1-36
2020-07-03 17:15:57,074 INFO o.a.j.t.JMeterThread: Stopping: ipokemon 1-40
2020-07-03 17:15:57,074 INFO o.a.j.t.JMeterThread: Stopping: ipokemon 1-61
2020-07-03 17:15:57,074 INFO o.a.j.t.JMeterThread: Stopping: ipokemon 1-89
2020-07-03 17:15:57,074 INFO o.a.j.t.JMeterThread: Stopping: ipokemon 1-2
2020-07-03 17:15:57,074 INFO o.a.j.t.JMeterThread: Stopping: ipokemon 1-55
2020-07-03 17:15:57,074 INFO o.a.j.t.JMeterThread: Stopping: ipokemon 1-93
2020-07-03 17:15:57,074 INFO o.a.j.t.JMeterThread: Stopping: ipokemon 1-98
2020-07-03 17:15:57,074 INFO o.a.j.t.JMeterThread: Stopping: ipokemon 1-46
2020-07-03 17:15:57,074 INFO o.a.j.t.JMeterThread: Stopping: ipokemon 1-53
2020-07-03 17:15:57,075 INFO o.a.j.t.JMeterThread: Stopping: ipokemon 1-33
2020-07-03 17:15:57,075 INFO o.a.j.t.JMeterThread: Stopping: ipokemon 1-84
2020-07-03 17:15:57,075 INFO o.a.j.t.JMeterThread: Stopping: ipokemon 1-30
2020-07-03 17:15:57,075 INFO o.a.j.t.JMeterThread: Stopping: ipokemon 1-4
2020-07-03 17:15:57,075 INFO o.a.j.t.JMeterThread: Stopping: ipokemon 1-37
2020-07-03 17:15:57,075 INFO o.a.j.t.JMeterThread: Stopping: ipokemon 1-91
2020-07-03 17:15:57,075 INFO o.a.j.t.JMeterThread: Stopping: ipokemon 1-96
2020-07-03 17:15:57,075 INFO o.a.j.t.JMeterThread: Stopping: ipokemon 1-22
2020-07-03 17:15:57,075 INFO o.a.j.t.JMeterThread: Stopping: ipokemon 1-66
2020-07-03 17:15:57,075 INFO o.a.j.t.JMeterThread: Stopping: ipokemon 1-48
2020-07-03 17:15:57,075 INFO o.a.j.t.JMeterThread: Stopping: ipokemon 1-7
2020-07-03 17:15:57,075 INFO o.a.j.t.JMeterThread: Stopping: ipokemon 1-39
2020-07-03 17:15:57,075 INFO o.a.j.t.JMeterThread: Stopping: ipokemon 1-24
2020-07-03 17:15:57,075 INFO o.a.j.t.JMeterThread: Stopping: ipokemon 1-27
2020-07-03 17:15:57,075 INFO o.a.j.t.JMeterThread: Stopping: ipokemon 1-95
2020-07-03 17:15:57,075 INFO o.a.j.t.JMeterThread: Stopping: ipokemon 1-28
2020-07-03 17:15:57,075 INFO o.a.j.t.JMeterThread: Stopping: ipokemon 1-64
2020-07-03 17:15:57,075 INFO o.a.j.t.JMeterThread: Stopping: ipokemon 1-67
2020-07-03 17:15:57,075 INFO o.a.j.t.JMeterThread: Stopping: ipokemon 1-29
2020-07-03 17:15:57,075 INFO o.a.j.t.JMeterThread: Stopping: ipokemon 1-32
2020-07-03 17:15:57,076 INFO o.a.j.t.JMeterThread: Stopping: ipokemon 1-21
2020-07-03 17:15:57,076 INFO o.a.j.t.JMeterThread: Stopping: ipokemon 1-49
2020-07-03 17:15:57,076 INFO o.a.j.t.JMeterThread: Stopping: ipokemon 1-71
2020-07-03 17:15:57,076 INFO o.a.j.t.JMeterThread: Stopping: ipokemon 1-11
2020-07-03 17:15:57,076 INFO o.a.j.t.JMeterThread: Stopping: ipokemon 1-16
2020-07-03 17:15:57,076 INFO o.a.j.t.JMeterThread: Stopping: ipokemon 1-25
2020-07-03 17:15:57,076 INFO o.a.j.t.JMeterThread: Stopping: ipokemon 1-80
2020-07-03 17:15:57,076 INFO o.a.j.t.JMeterThread: Stopping: ipokemon 1-51
2020-07-03 17:15:57,076 INFO o.a.j.t.JMeterThread: Stopping: ipokemon 1-38
2020-07-03 17:15:57,076 INFO o.a.j.t.JMeterThread: Stopping: ipokemon 1-26
2020-07-03 17:15:57,076 INFO o.a.j.t.JMeterThread: Stopping: ipokemon 1-9
2020-07-03 17:15:57,076 INFO o.a.j.t.JMeterThread: Stopping: ipokemon 1-77
2020-07-03 17:15:57,076 INFO o.a.j.t.JMeterThread: Stopping: ipokemon 1-20
2020-07-03 17:15:57,076 INFO o.a.j.t.JMeterThread: Stopping: ipokemon 1-78
2020-07-03 17:15:57,076 INFO o.a.j.t.JMeterThread: Stopping: ipokemon 1-92
2020-07-03 17:15:57,076 INFO o.a.j.t.JMeterThread: Stopping: ipokemon 1-47
2020-07-03 17:15:57,076 INFO o.a.j.t.JMeterThread: Stopping: ipokemon 1-60
2020-07-03 17:15:57,076 INFO o.a.j.t.JMeterThread: Stopping: ipokemon 1-52
2020-07-03 17:15:57,076 INFO o.a.j.t.JMeterThread: Stopping: ipokemon 1-90
2020-07-03 17:15:57,076 INFO o.a.j.t.JMeterThread: Stopping: ipokemon 1-43
2020-07-03 17:15:57,076 INFO o.a.j.t.JMeterThread: Stopping: ipokemon 1-18
2020-07-03 17:15:57,076 INFO o.a.j.t.JMeterThread: Stopping: ipokemon 1-75
2020-07-03 17:15:57,979 INFO o.a.j.t.JMeterThread: Thread finished: ipokemon 1-35
2020-07-03 17:15:58,267 INFO o.a.j.t.JMeterThread: Thread finished: ipokemon 1-97
2020-07-03 17:15:58,268 INFO o.a.j.t.JMeterThread: Thread finished: ipokemon 1-99
2020-07-03 17:15:58,539 INFO o.a.j.t.JMeterThread: Thread finished: ipokemon 1-79
2020-07-03 17:15:58,688 INFO o.a.j.t.JMeterThread: Thread finished: ipokemon 1-45
2020-07-03 17:15:58,707 INFO o.a.j.t.JMeterThread: Thread finished: ipokemon 1-48
2020-07-03 17:15:58,803 INFO o.a.j.t.JMeterThread: Thread finished: ipokemon 1-56
2020-07-03 17:15:58,804 INFO o.a.j.t.JMeterThread: Thread finished: ipokemon 1-32
2020-07-03 17:15:58,828 INFO o.a.j.t.JMeterThread: Thread finished: ipokemon 1-64
2020-07-03 17:15:58,861 INFO o.a.j.t.JMeterThread: Thread finished: ipokemon 1-22
2020-07-03 17:15:59,200 INFO o.a.j.t.JMeterThread: Thread finished: ipokemon 1-59
2020-07-03 17:15:59,319 INFO o.a.j.t.JMeterThread: Thread finished: ipokemon 1-12
2020-07-03 17:15:59,524 INFO o.a.j.t.JMeterThread: Thread finished: ipokemon 1-92
2020-07-03 17:15:59,711 INFO o.a.j.t.JMeterThread: Thread finished: ipokemon 1-93
2020-07-03 17:15:59,767 INFO o.a.j.t.JMeterThread: Thread finished: ipokemon 1-57
2020-07-03 17:16:00,068 INFO o.a.j.t.JMeterThread: Thread finished: ipokemon 1-65
2020-07-03 17:16:00,374 INFO o.a.j.t.JMeterThread: Thread finished: ipokemon 1-70
2020-07-03 17:16:00,578 INFO o.a.j.t.JMeterThread: Thread finished: ipokemon 1-9
2020-07-03 17:16:01,173 INFO o.a.j.t.JMeterThread: Thread finished: ipokemon 1-96
2020-07-03 17:16:01,207 INFO o.a.j.t.JMeterThread: Thread finished: ipokemon 1-13
2020-07-03 17:16:01,220 INFO o.a.j.t.JMeterThread: Thread finished: ipokemon 1-51
2020-07-03 17:16:01,337 INFO o.a.j.t.JMeterThread: Thread finished: ipokemon 1-39
2020-07-03 17:16:01,543 INFO o.a.j.t.JMeterThread: Thread finished: ipokemon 1-24
2020-07-03 17:16:01,566 INFO o.a.j.t.JMeterThread: Thread finished: ipokemon 1-78
2020-07-03 17:16:01,577 INFO o.a.j.t.JMeterThread: Thread finished: ipokemon 1-83
2020-07-03 17:16:01,951 INFO o.a.j.t.JMeterThread: Thread finished: ipokemon 1-29
2020-07-03 17:16:02,093 INFO o.a.j.JMeter: Command: StopTestNow received from /127.0.0.1
2020-07-03 17:16:02,094 INFO o.a.j.t.JMeterThread: Stopping: ipokemon 1-31
2020-07-03 17:16:02,094 WARN o.a.j.t.JMeterThread: Interrupting: ipokemon 1-31 sampler: ThinkTime
2020-07-03 17:16:02,095 INFO o.a.j.t.JMeterThread: Stopping: ipokemon 1-94
2020-07-03 17:16:02,095 WARN o.a.j.t.JMeterThread: Interrupting: ipokemon 1-94 sampler: ThinkTime
2020-07-03 17:16:02,095 INFO o.a.j.t.JMeterThread: Thread finished: ipokemon 1-31
2020-07-03 17:16:02,095 INFO o.a.j.t.JMeterThread: Stopping: ipokemon 1-6
2020-07-03 17:16:02,095 WARN o.a.j.t.JMeterThread: Interrupting: ipokemon 1-6 sampler: ThinkTime
2020-07-03 17:16:02,095 INFO o.a.j.t.JMeterThread: Thread finished: ipokemon 1-94
2020-07-03 17:16:02,095 INFO o.a.j.t.JMeterThread: Stopping: ipokemon 1-76
2020-07-03 17:16:02,095 WARN o.a.j.t.JMeterThread: Interrupting: ipokemon 1-76 sampler: ThinkTime
2020-07-03 17:16:02,095 INFO o.a.j.t.JMeterThread: Thread finished: ipokemon 1-6
2020-07-03 17:16:02,095 INFO o.a.j.t.JMeterThread: Stopping: ipokemon 1-100
2020-07-03 17:16:02,095 WARN o.a.j.t.JMeterThread: Interrupting: ipokemon 1-100 sampler: ThinkTime
2020-07-03 17:16:02,095 INFO o.a.j.t.JMeterThread: Thread finished: ipokemon 1-76
2020-07-03 17:16:02,095 INFO o.a.j.t.JMeterThread: Stopping: ipokemon 1-23
2020-07-03 17:16:02,095 INFO o.a.j.t.JMeterThread: Thread finished: ipokemon 1-100
2020-07-03 17:16:02,096 WARN o.a.j.t.JMeterThread: Interrupting: ipokemon 1-23 sampler: ThinkTime
2020-07-03 17:16:02,096 INFO o.a.j.t.JMeterThread: Stopping: ipokemon 1-44
2020-07-03 17:16:02,096 WARN o.a.j.t.JMeterThread: Interrupting: ipokemon 1-44 sampler: ThinkTime
2020-07-03 17:16:02,096 INFO o.a.j.t.JMeterThread: Thread finished: ipokemon 1-23
2020-07-03 17:16:02,096 INFO o.a.j.t.JMeterThread: Stopping: ipokemon 1-85
2020-07-03 17:16:02,096 WARN o.a.j.t.JMeterThread: Interrupting: ipokemon 1-85 sampler: ThinkTime
2020-07-03 17:16:02,096 INFO o.a.j.t.JMeterThread: Thread finished: ipokemon 1-44
2020-07-03 17:16:02,096 INFO o.a.j.t.JMeterThread: Stopping: ipokemon 1-62
2020-07-03 17:16:02,096 WARN o.a.j.t.JMeterThread: Interrupting: ipokemon 1-62 sampler: ThinkTime
2020-07-03 17:16:02,096 INFO o.a.j.t.JMeterThread: Thread finished: ipokemon 1-85
2020-07-03 17:16:02,096 INFO o.a.j.t.JMeterThread: Stopping: ipokemon 1-5
2020-07-03 17:16:02,096 WARN o.a.j.t.JMeterThread: Interrupting: ipokemon 1-5 sampler: ThinkTime
2020-07-03 17:16:02,096 INFO o.a.j.t.JMeterThread: Thread finished: ipokemon 1-62
2020-07-03 17:16:02,096 INFO o.a.j.t.JMeterThread: Stopping: ipokemon 1-17
2020-07-03 17:16:02,097 WARN o.a.j.t.JMeterThread: Interrupting: ipokemon 1-17 sampler: ThinkTime
2020-07-03 17:16:02,097 INFO o.a.j.t.JMeterThread: Thread finished: ipokemon 1-5
2020-07-03 17:16:02,097 INFO o.a.j.t.JMeterThread: Stopping: ipokemon 1-1
2020-07-03 17:16:02,097 INFO o.a.j.t.JMeterThread: Thread finished: ipokemon 1-17
2020-07-03 17:16:02,097 WARN o.a.j.t.JMeterThread: Interrupting: ipokemon 1-1 sampler: ThinkTime
2020-07-03 17:16:02,097 INFO o.a.j.t.JMeterThread: Stopping: ipokemon 1-54
2020-07-03 17:16:02,097 WARN o.a.j.t.JMeterThread: Interrupting: ipokemon 1-54 sampler: ThinkTime
2020-07-03 17:16:02,097 INFO o.a.j.t.JMeterThread: Thread finished: ipokemon 1-1
2020-07-03 17:16:02,097 INFO o.a.j.t.JMeterThread: Stopping: ipokemon 1-19
2020-07-03 17:16:02,097 WARN o.a.j.t.JMeterThread: Interrupting: ipokemon 1-19 sampler: ThinkTime
2020-07-03 17:16:02,097 INFO o.a.j.t.JMeterThread: Thread finished: ipokemon 1-54
2020-07-03 17:16:02,097 INFO o.a.j.t.JMeterThread: Stopping: ipokemon 1-72
2020-07-03 17:16:02,097 INFO o.a.j.t.JMeterThread: Thread finished: ipokemon 1-19
2020-07-03 17:16:02,097 WARN o.a.j.t.JMeterThread: Interrupting: ipokemon 1-72 sampler: ThinkTime
2020-07-03 17:16:02,098 INFO o.a.j.t.JMeterThread: Stopping: ipokemon 1-74
2020-07-03 17:16:02,098 INFO o.a.j.t.JMeterThread: Thread finished: ipokemon 1-72
2020-07-03 17:16:02,098 WARN o.a.j.t.JMeterThread: Interrupting: ipokemon 1-74 sampler: ThinkTime
2020-07-03 17:16:02,098 INFO o.a.j.t.JMeterThread: Stopping: ipokemon 1-82
2020-07-03 17:16:02,098 WARN o.a.j.t.JMeterThread: Interrupting: ipokemon 1-82 sampler: ThinkTime
2020-07-03 17:16:02,098 INFO o.a.j.t.JMeterThread: Thread finished: ipokemon 1-74
2020-07-03 17:16:02,098 INFO o.a.j.t.JMeterThread: Stopping: ipokemon 1-15
2020-07-03 17:16:02,098 WARN o.a.j.t.JMeterThread: Interrupting: ipokemon 1-15 sampler: ThinkTime
2020-07-03 17:16:02,098 INFO o.a.j.t.JMeterThread: Thread finished: ipokemon 1-82
2020-07-03 17:16:02,098 INFO o.a.j.t.JMeterThread: Stopping: ipokemon 1-34
2020-07-03 17:16:02,098 WARN o.a.j.t.JMeterThread: Interrupting: ipokemon 1-34 sampler: ThinkTime
2020-07-03 17:16:02,098 INFO o.a.j.t.JMeterThread: Thread finished: ipokemon 1-15
2020-07-03 17:16:02,099 INFO o.a.j.t.JMeterThread: Stopping: ipokemon 1-87
2020-07-03 17:16:02,099 INFO o.a.j.t.JMeterThread: Thread finished: ipokemon 1-34
2020-07-03 17:16:02,099 WARN o.a.j.t.JMeterThread: Interrupting: ipokemon 1-87 sampler: ThinkTime
2020-07-03 17:16:02,099 INFO o.a.j.t.JMeterThread: Stopping: ipokemon 1-8
2020-07-03 17:16:02,099 INFO o.a.j.t.JMeterThread: Thread finished: ipokemon 1-87
2020-07-03 17:16:02,099 WARN o.a.j.t.JMeterThread: Interrupting: ipokemon 1-8 sampler: ThinkTime
2020-07-03 17:16:02,099 INFO o.a.j.t.JMeterThread: Stopping: ipokemon 1-50
2020-07-03 17:16:02,100 WARN o.a.j.t.JMeterThread: Interrupting: ipokemon 1-50 sampler: ThinkTime
2020-07-03 17:16:02,100 INFO o.a.j.t.JMeterThread: Thread finished: ipokemon 1-8
2020-07-03 17:16:02,100 INFO o.a.j.t.JMeterThread: Stopping: ipokemon 1-42
2020-07-03 17:16:02,100 WARN o.a.j.t.JMeterThread: Interrupting: ipokemon 1-42 sampler: ThinkTime
2020-07-03 17:16:02,100 INFO o.a.j.t.JMeterThread: Thread finished: ipokemon 1-50
2020-07-03 17:16:02,100 INFO o.a.j.t.JMeterThread: Stopping: ipokemon 1-68
2020-07-03 17:16:02,100 INFO o.a.j.t.JMeterThread: Thread finished: ipokemon 1-42
2020-07-03 17:16:02,100 WARN o.a.j.t.JMeterThread: Interrupting: ipokemon 1-68 sampler: ThinkTime
2020-07-03 17:16:02,100 INFO o.a.j.t.JMeterThread: Stopping: ipokemon 1-10
2020-07-03 17:16:02,100 WARN o.a.j.t.JMeterThread: Interrupting: ipokemon 1-10 sampler: ThinkTime
2020-07-03 17:16:02,100 INFO o.a.j.t.JMeterThread: Stopping: ipokemon 1-14
2020-07-03 17:16:02,100 INFO o.a.j.t.JMeterThread: Thread finished: ipokemon 1-68
2020-07-03 17:16:02,100 WARN o.a.j.t.JMeterThread: Interrupting: ipokemon 1-14 sampler: ThinkTime
2020-07-03 17:16:02,100 INFO o.a.j.t.JMeterThread: Thread finished: ipokemon 1-10
2020-07-03 17:16:02,100 INFO o.a.j.t.JMeterThread: Stopping: ipokemon 1-73
2020-07-03 17:16:02,100 WARN o.a.j.t.JMeterThread: Interrupting: ipokemon 1-73 sampler: ThinkTime
2020-07-03 17:16:02,100 INFO o.a.j.t.JMeterThread: Thread finished: ipokemon 1-14
2020-07-03 17:16:02,101 INFO o.a.j.t.JMeterThread: Stopping: ipokemon 1-58
2020-07-03 17:16:02,101 INFO o.a.j.t.JMeterThread: Thread finished: ipokemon 1-73
2020-07-03 17:16:02,101 WARN o.a.j.t.JMeterThread: Interrupting: ipokemon 1-58 sampler: ThinkTime
2020-07-03 17:16:02,101 INFO o.a.j.t.JMeterThread: Stopping: ipokemon 1-3
2020-07-03 17:16:02,101 WARN o.a.j.t.JMeterThread: Interrupting: ipokemon 1-3 sampler: ThinkTime
2020-07-03 17:16:02,101 INFO o.a.j.t.JMeterThread: Thread finished: ipokemon 1-58
2020-07-03 17:16:02,101 INFO o.a.j.t.JMeterThread: Stopping: ipokemon 1-88
2020-07-03 17:16:02,101 WARN o.a.j.t.JMeterThread: Interrupting: ipokemon 1-88 sampler: ThinkTime
2020-07-03 17:16:02,101 INFO o.a.j.t.JMeterThread: Stopping: ipokemon 1-81
2020-07-03 17:16:02,101 INFO o.a.j.t.JMeterThread: Thread finished: ipokemon 1-3
2020-07-03 17:16:02,101 WARN o.a.j.t.JMeterThread: Interrupting: ipokemon 1-81 sampler: ThinkTime
2020-07-03 17:16:02,101 INFO o.a.j.t.JMeterThread: Thread finished: ipokemon 1-88
2020-07-03 17:16:02,101 INFO o.a.j.t.JMeterThread: Stopping: ipokemon 1-86
2020-07-03 17:16:02,101 WARN o.a.j.t.JMeterThread: Interrupting: ipokemon 1-86 sampler: ThinkTime
2020-07-03 17:16:02,101 INFO o.a.j.t.JMeterThread: Stopping: ipokemon 1-41
2020-07-03 17:16:02,101 INFO o.a.j.t.JMeterThread: Thread finished: ipokemon 1-81
2020-07-03 17:16:02,101 WARN o.a.j.t.JMeterThread: Interrupting: ipokemon 1-41 sampler: ThinkTime
2020-07-03 17:16:02,101 INFO o.a.j.t.JMeterThread: Thread finished: ipokemon 1-86
2020-07-03 17:16:02,101 INFO o.a.j.t.JMeterThread: Stopping: ipokemon 1-63
2020-07-03 17:16:02,101 INFO o.a.j.t.JMeterThread: Thread finished: ipokemon 1-41
2020-07-03 17:16:02,101 WARN o.a.j.t.JMeterThread: Interrupting: ipokemon 1-63 sampler: ThinkTime
2020-07-03 17:16:02,101 INFO o.a.j.t.JMeterThread: Stopping: ipokemon 1-69
2020-07-03 17:16:02,101 INFO o.a.j.t.JMeterThread: Thread finished: ipokemon 1-63
2020-07-03 17:16:02,102 WARN o.a.j.t.JMeterThread: Interrupting: ipokemon 1-69 sampler: ThinkTime
2020-07-03 17:16:02,102 INFO o.a.j.t.JMeterThread: Stopping: ipokemon 1-36
2020-07-03 17:16:02,102 WARN o.a.j.t.JMeterThread: Interrupting: ipokemon 1-36 sampler: ThinkTime
2020-07-03 17:16:02,102 INFO o.a.j.t.JMeterThread: Thread finished: ipokemon 1-69
2020-07-03 17:16:02,102 INFO o.a.j.t.JMeterThread: Stopping: ipokemon 1-40
2020-07-03 17:16:02,102 WARN o.a.j.t.JMeterThread: Interrupting: ipokemon 1-40 sampler: ThinkTime
2020-07-03 17:16:02,102 INFO o.a.j.t.JMeterThread: Thread finished: ipokemon 1-36
2020-07-03 17:16:02,102 INFO o.a.j.t.JMeterThread: Stopping: ipokemon 1-61
2020-07-03 17:16:02,102 WARN o.a.j.t.JMeterThread: Interrupting: ipokemon 1-61 sampler: ThinkTime
2020-07-03 17:16:02,102 INFO o.a.j.t.JMeterThread: Thread finished: ipokemon 1-40
2020-07-03 17:16:02,102 INFO o.a.j.t.JMeterThread: Stopping: ipokemon 1-89
2020-07-03 17:16:02,102 WARN o.a.j.t.JMeterThread: Interrupting: ipokemon 1-89 sampler: ThinkTime
2020-07-03 17:16:02,102 INFO o.a.j.t.JMeterThread: Thread finished: ipokemon 1-61
2020-07-03 17:16:02,102 INFO o.a.j.t.JMeterThread: Stopping: ipokemon 1-2
2020-07-03 17:16:02,102 WARN o.a.j.t.JMeterThread: Interrupting: ipokemon 1-2 sampler: ThinkTime
2020-07-03 17:16:02,102 INFO o.a.j.t.JMeterThread: Thread finished: ipokemon 1-89
2020-07-03 17:16:02,102 INFO o.a.j.t.JMeterThread: Stopping: ipokemon 1-55
2020-07-03 17:16:02,102 WARN o.a.j.t.JMeterThread: Interrupting: ipokemon 1-55 sampler: ThinkTime
2020-07-03 17:16:02,102 INFO o.a.j.t.JMeterThread: Thread finished: ipokemon 1-2
2020-07-03 17:16:02,102 INFO o.a.j.t.JMeterThread: Stopping: ipokemon 1-98
2020-07-03 17:16:02,102 WARN o.a.j.t.JMeterThread: Interrupting: ipokemon 1-98 sampler: ThinkTime
2020-07-03 17:16:02,102 INFO o.a.j.t.JMeterThread: Thread finished: ipokemon 1-55
2020-07-03 17:16:02,102 INFO o.a.j.t.JMeterThread: Stopping: ipokemon 1-46
2020-07-03 17:16:02,102 INFO o.a.j.t.JMeterThread: Thread finished: ipokemon 1-98
2020-07-03 17:16:02,103 WARN o.a.j.t.JMeterThread: Interrupting: ipokemon 1-46 sampler: ThinkTime
2020-07-03 17:16:02,103 INFO o.a.j.t.JMeterThread: Stopping: ipokemon 1-53
2020-07-03 17:16:02,103 WARN o.a.j.t.JMeterThread: Interrupting: ipokemon 1-53 sampler: ThinkTime
2020-07-03 17:16:02,103 INFO o.a.j.t.JMeterThread: Thread finished: ipokemon 1-46
2020-07-03 17:16:02,103 INFO o.a.j.t.JMeterThread: Stopping: ipokemon 1-33
2020-07-03 17:16:02,103 INFO o.a.j.t.JMeterThread: Thread finished: ipokemon 1-53
2020-07-03 17:16:02,103 WARN o.a.j.t.JMeterThread: Interrupting: ipokemon 1-33 sampler: ThinkTime
2020-07-03 17:16:02,103 INFO o.a.j.t.JMeterThread: Stopping: ipokemon 1-84
2020-07-03 17:16:02,103 WARN o.a.j.t.JMeterThread: Interrupting: ipokemon 1-84 sampler: ThinkTime
2020-07-03 17:16:02,103 INFO o.a.j.t.JMeterThread: Thread finished: ipokemon 1-33
2020-07-03 17:16:02,103 INFO o.a.j.t.JMeterThread: Stopping: ipokemon 1-30
2020-07-03 17:16:02,103 WARN o.a.j.t.JMeterThread: Interrupting: ipokemon 1-30 sampler: ThinkTime
2020-07-03 17:16:02,103 INFO o.a.j.t.JMeterThread: Thread finished: ipokemon 1-84
2020-07-03 17:16:02,103 INFO o.a.j.t.JMeterThread: Stopping: ipokemon 1-4
2020-07-03 17:16:02,103 WARN o.a.j.t.JMeterThread: Interrupting: ipokemon 1-4 sampler: ThinkTime
2020-07-03 17:16:02,103 INFO o.a.j.t.JMeterThread: Thread finished: ipokemon 1-30
2020-07-03 17:16:02,103 INFO o.a.j.t.JMeterThread: Stopping: ipokemon 1-37
2020-07-03 17:16:02,103 WARN o.a.j.t.JMeterThread: Interrupting: ipokemon 1-37 sampler: ThinkTime
2020-07-03 17:16:02,103 INFO o.a.j.t.JMeterThread: Thread finished: ipokemon 1-4
2020-07-03 17:16:02,103 INFO o.a.j.t.JMeterThread: Stopping: ipokemon 1-91
2020-07-03 17:16:02,103 WARN o.a.j.t.JMeterThread: Interrupting: ipokemon 1-91 sampler: ThinkTime
2020-07-03 17:16:02,103 INFO o.a.j.t.JMeterThread: Thread finished: ipokemon 1-37
2020-07-03 17:16:02,104 INFO o.a.j.t.JMeterThread: Stopping: ipokemon 1-66
2020-07-03 17:16:02,104 WARN o.a.j.t.JMeterThread: Interrupting: ipokemon 1-66 sampler: ThinkTime
2020-07-03 17:16:02,104 INFO o.a.j.t.JMeterThread: Thread finished: ipokemon 1-91
2020-07-03 17:16:02,104 INFO o.a.j.t.JMeterThread: Stopping: ipokemon 1-7
2020-07-03 17:16:02,104 WARN o.a.j.t.JMeterThread: Interrupting: ipokemon 1-7 sampler: ThinkTime
2020-07-03 17:16:02,104 INFO o.a.j.t.JMeterThread: Thread finished: ipokemon 1-66
2020-07-03 17:16:02,104 INFO o.a.j.t.JMeterThread: Stopping: ipokemon 1-27
2020-07-03 17:16:02,104 WARN o.a.j.t.JMeterThread: Interrupting: ipokemon 1-27 sampler: ThinkTime
2020-07-03 17:16:02,104 INFO o.a.j.t.JMeterThread: Thread finished: ipokemon 1-7
2020-07-03 17:16:02,104 INFO o.a.j.t.JMeterThread: Stopping: ipokemon 1-95
2020-07-03 17:16:02,104 WARN o.a.j.t.JMeterThread: Interrupting: ipokemon 1-95 sampler: ThinkTime
2020-07-03 17:16:02,104 INFO o.a.j.t.JMeterThread: Thread finished: ipokemon 1-27
2020-07-03 17:16:02,104 INFO o.a.j.t.JMeterThread: Stopping: ipokemon 1-28
2020-07-03 17:16:02,104 WARN o.a.j.t.JMeterThread: Interrupting: ipokemon 1-28 sampler: ThinkTime
2020-07-03 17:16:02,104 INFO o.a.j.t.JMeterThread: Thread finished: ipokemon 1-95
2020-07-03 17:16:02,104 INFO o.a.j.t.JMeterThread: Stopping: ipokemon 1-67
2020-07-03 17:16:02,104 INFO o.a.j.t.JMeterThread: Thread finished: ipokemon 1-28
2020-07-03 17:16:02,104 WARN o.a.j.t.JMeterThread: Interrupting: ipokemon 1-67 sampler: ThinkTime
2020-07-03 17:16:02,104 INFO o.a.j.t.JMeterThread: Stopping: ipokemon 1-21
2020-07-03 17:16:02,104 WARN o.a.j.t.JMeterThread: Interrupting: ipokemon 1-21 sampler: ThinkTime
2020-07-03 17:16:02,104 INFO o.a.j.t.JMeterThread: Thread finished: ipokemon 1-67
2020-07-03 17:16:02,105 INFO o.a.j.t.JMeterThread: Stopping: ipokemon 1-49
2020-07-03 17:16:02,105 WARN o.a.j.t.JMeterThread: Interrupting: ipokemon 1-49 sampler: ThinkTime
2020-07-03 17:16:02,105 INFO o.a.j.t.JMeterThread: Thread finished: ipokemon 1-21
2020-07-03 17:16:02,105 INFO o.a.j.t.JMeterThread: Stopping: ipokemon 1-71
2020-07-03 17:16:02,105 WARN o.a.j.t.JMeterThread: Interrupting: ipokemon 1-71 sampler: ThinkTime
2020-07-03 17:16:02,105 INFO o.a.j.t.JMeterThread: Thread finished: ipokemon 1-49
2020-07-03 17:16:02,105 INFO o.a.j.t.JMeterThread: Stopping: ipokemon 1-11
2020-07-03 17:16:02,105 WARN o.a.j.t.JMeterThread: Interrupting: ipokemon 1-11 sampler: ThinkTime
2020-07-03 17:16:02,105 INFO o.a.j.t.JMeterThread: Thread finished: ipokemon 1-71
2020-07-03 17:16:02,105 INFO o.a.j.t.JMeterThread: Stopping: ipokemon 1-16
2020-07-03 17:16:02,105 WARN o.a.j.t.JMeterThread: Interrupting: ipokemon 1-16 sampler: ThinkTime
2020-07-03 17:16:02,105 INFO o.a.j.t.JMeterThread: Stopping: ipokemon 1-25
2020-07-03 17:16:02,105 INFO o.a.j.t.JMeterThread: Thread finished: ipokemon 1-11
2020-07-03 17:16:02,105 WARN o.a.j.t.JMeterThread: Interrupting: ipokemon 1-25 sampler: ThinkTime
2020-07-03 17:16:02,105 INFO o.a.j.t.JMeterThread: Thread finished: ipokemon 1-16
2020-07-03 17:16:02,105 INFO o.a.j.t.JMeterThread: Stopping: ipokemon 1-80
2020-07-03 17:16:02,105 WARN o.a.j.t.JMeterThread: Interrupting: ipokemon 1-80 sampler: ThinkTime
2020-07-03 17:16:02,105 INFO o.a.j.t.JMeterThread: Thread finished: ipokemon 1-25
2020-07-03 17:16:02,105 INFO o.a.j.t.JMeterThread: Stopping: ipokemon 1-38
2020-07-03 17:16:02,105 INFO o.a.j.t.JMeterThread: Thread finished: ipokemon 1-80
2020-07-03 17:16:02,105 WARN o.a.j.t.JMeterThread: Interrupting: ipokemon 1-38 sampler: ThinkTime
2020-07-03 17:16:02,105 INFO o.a.j.t.JMeterThread: Stopping: ipokemon 1-26
2020-07-03 17:16:02,105 WARN o.a.j.t.JMeterThread: Interrupting: ipokemon 1-26 sampler: ThinkTime
2020-07-03 17:16:02,105 INFO o.a.j.t.JMeterThread: Thread finished: ipokemon 1-38
2020-07-03 17:16:02,106 INFO o.a.j.t.JMeterThread: Stopping: ipokemon 1-77
2020-07-03 17:16:02,106 INFO o.a.j.t.JMeterThread: Thread finished: ipokemon 1-26
2020-07-03 17:16:02,106 WARN o.a.j.t.JMeterThread: Interrupting: ipokemon 1-77 sampler: ThinkTime
2020-07-03 17:16:02,106 INFO o.a.j.t.JMeterThread: Stopping: ipokemon 1-20
2020-07-03 17:16:02,106 INFO o.a.j.t.JMeterThread: Thread finished: ipokemon 1-77
2020-07-03 17:16:02,106 WARN o.a.j.t.JMeterThread: Interrupting: ipokemon 1-20 sampler: ThinkTime
2020-07-03 17:16:02,106 INFO o.a.j.t.JMeterThread: Stopping: ipokemon 1-47
2020-07-03 17:16:02,106 WARN o.a.j.t.JMeterThread: Interrupting: ipokemon 1-47 sampler: ThinkTime
2020-07-03 17:16:02,106 INFO o.a.j.t.JMeterThread: Thread finished: ipokemon 1-20
2020-07-03 17:16:02,106 INFO o.a.j.t.JMeterThread: Stopping: ipokemon 1-60
2020-07-03 17:16:02,106 WARN o.a.j.t.JMeterThread: Interrupting: ipokemon 1-60 sampler: ThinkTime
2020-07-03 17:16:02,106 INFO o.a.j.t.JMeterThread: Thread finished: ipokemon 1-47
2020-07-03 17:16:02,106 INFO o.a.j.t.JMeterThread: Stopping: ipokemon 1-52
2020-07-03 17:16:02,106 WARN o.a.j.t.JMeterThread: Interrupting: ipokemon 1-52 sampler: ThinkTime
2020-07-03 17:16:02,106 INFO o.a.j.t.JMeterThread: Thread finished: ipokemon 1-60
2020-07-03 17:16:02,106 INFO o.a.j.t.JMeterThread: Stopping: ipokemon 1-90
2020-07-03 17:16:02,106 WARN o.a.j.t.JMeterThread: Interrupting: ipokemon 1-90 sampler: ThinkTime
2020-07-03 17:16:02,106 INFO o.a.j.t.JMeterThread: Thread finished: ipokemon 1-52
2020-07-03 17:16:02,106 INFO o.a.j.t.JMeterThread: Stopping: ipokemon 1-43
2020-07-03 17:16:02,106 WARN o.a.j.t.JMeterThread: Interrupting: ipokemon 1-43 sampler: ThinkTime
2020-07-03 17:16:02,106 INFO o.a.j.t.JMeterThread: Thread finished: ipokemon 1-90
2020-07-03 17:16:02,106 INFO o.a.j.t.JMeterThread: Stopping: ipokemon 1-18
2020-07-03 17:16:02,107 WARN o.a.j.t.JMeterThread: Interrupting: ipokemon 1-18 sampler: ThinkTime
2020-07-03 17:16:02,107 INFO o.a.j.t.JMeterThread: Thread finished: ipokemon 1-43
2020-07-03 17:16:02,107 INFO o.a.j.t.JMeterThread: Stopping: ipokemon 1-75
2020-07-03 17:16:02,107 WARN o.a.j.t.JMeterThread: Interrupting: ipokemon 1-75 sampler: ThinkTime
2020-07-03 17:16:02,107 INFO o.a.j.t.JMeterThread: Thread finished: ipokemon 1-18
2020-07-03 17:16:02,107 INFO o.a.j.t.JMeterThread: Thread finished: ipokemon 1-75
2020-07-03 17:16:02,107 INFO o.a.j.e.StandardJMeterEngine: Notifying test listeners of end of test
2020-07-03 17:16:02,108 INFO o.a.j.e.StandardJMeterEngine: Forced JVM shutdown requested at end of test
