2020-07-03 14:50:08,483 INFO o.a.j.u.JMeterUtils: Setting Locale to en_US
2020-07-03 14:50:08,515 INFO o.a.j.JMeter: Loading user properties from: user.properties
2020-07-03 14:50:08,516 INFO o.a.j.JMeter: Loading system properties from: system.properties
2020-07-03 14:50:08,516 INFO o.a.j.JMeter: Loading additional properties from: /home/farooq/DeFog/Experiments/DeFog/jmeter/bin/2020-07-03_14-50-01.236902/jmeter-bzt.properties
2020-07-03 14:50:08,518 INFO o.a.j.JMeter: Copyright (c) 1998-2019 The Apache Software Foundation
2020-07-03 14:50:08,518 INFO o.a.j.JMeter: Version 5.2.1
2020-07-03 14:50:08,519 INFO o.a.j.JMeter: java.version=11.0.7
2020-07-03 14:50:08,519 INFO o.a.j.JMeter: java.vm.name=OpenJDK 64-Bit Server VM
2020-07-03 14:50:08,519 INFO o.a.j.JMeter: os.name=Linux
2020-07-03 14:50:08,519 INFO o.a.j.JMeter: os.arch=amd64
2020-07-03 14:50:08,519 INFO o.a.j.JMeter: os.version=5.3.0-28-generic
2020-07-03 14:50:08,519 INFO o.a.j.JMeter: file.encoding=UTF-8
2020-07-03 14:50:08,519 INFO o.a.j.JMeter: java.awt.headless=true
2020-07-03 14:50:08,519 INFO o.a.j.JMeter: Max memory     =4158652416
2020-07-03 14:50:08,520 INFO o.a.j.JMeter: Available Processors =8
2020-07-03 14:50:08,528 INFO o.a.j.JMeter: Default Locale=English (United States)
2020-07-03 14:50:08,528 INFO o.a.j.JMeter: JMeter  Locale=English (United States)
2020-07-03 14:50:08,528 INFO o.a.j.JMeter: JMeterHome=/home/farooq/.bzt/jmeter-taurus/5.2.1
2020-07-03 14:50:08,528 INFO o.a.j.JMeter: user.dir  =/home/farooq/DeFog/Experiments/DeFog/jmeter/bin
2020-07-03 14:50:08,529 INFO o.a.j.JMeter: PWD       =/home/farooq/DeFog/Experiments/DeFog/jmeter/bin
2020-07-03 14:50:08,529 INFO o.a.j.JMeter: IP: 127.0.1.1 Name: farooq-HP-EliteBook-840-G5 FullName: farooq-HP-EliteBook-840-G5
2020-07-03 14:50:08,529 INFO o.a.j.JMeter: user.classpath=/home/farooq/DeFog/Experiments/DeFog/jmeter/bin/2020-07-03_14-50-01.236902:/home/farooq/DeFog/Experiments/DeFog/assets/ipokemon-assets
2020-07-03 14:50:08,529 INFO o.a.j.JMeter: Adding to classpath and loader: /home/farooq/DeFog/Experiments/DeFog/jmeter/bin/2020-07-03_14-50-01.236902
2020-07-03 14:50:08,530 INFO o.a.j.JMeter: Adding to classpath and loader: /home/farooq/DeFog/Experiments/DeFog/assets/ipokemon-assets
2020-07-03 14:50:08,539 INFO o.a.j.s.FileServer: Default base='/home/farooq/DeFog/Experiments/DeFog/jmeter/bin'
2020-07-03 14:50:08,543 INFO o.a.j.s.FileServer: Set new base='/home/farooq/DeFog/Experiments/DeFog/assets/ipokemon-assets'
2020-07-03 14:50:08,704 INFO o.a.j.s.SaveService: Testplan (JMX) version: 2.2. Testlog (JTL) version: 2.2
2020-07-03 14:50:08,723 INFO o.a.j.s.SaveService: Using SaveService properties version 5.0
2020-07-03 14:50:08,729 INFO o.a.j.s.SaveService: Using SaveService properties file encoding UTF-8
2020-07-03 14:50:08,735 INFO o.a.j.s.SaveService: Loading file: /home/farooq/DeFog/Experiments/DeFog/assets/ipokemon-assets/modified_iPokemon.jmx
2020-07-03 14:50:08,805 INFO o.a.j.p.h.s.HTTPSamplerBase: Parser for text/html is org.apache.jmeter.protocol.http.parser.LagartoBasedHtmlParser
2020-07-03 14:50:08,806 INFO o.a.j.p.h.s.HTTPSamplerBase: Parser for application/xhtml+xml is org.apache.jmeter.protocol.http.parser.LagartoBasedHtmlParser
2020-07-03 14:50:08,806 INFO o.a.j.p.h.s.HTTPSamplerBase: Parser for application/xml is org.apache.jmeter.protocol.http.parser.LagartoBasedHtmlParser
2020-07-03 14:50:08,806 INFO o.a.j.p.h.s.HTTPSamplerBase: Parser for text/xml is org.apache.jmeter.protocol.http.parser.LagartoBasedHtmlParser
2020-07-03 14:50:08,806 INFO o.a.j.p.h.s.HTTPSamplerBase: Parser for text/vnd.wap.wml is org.apache.jmeter.protocol.http.parser.RegexpHTMLParser
2020-07-03 14:50:08,806 INFO o.a.j.p.h.s.HTTPSamplerBase: Parser for text/css is org.apache.jmeter.protocol.http.parser.CssParser
2020-07-03 14:50:08,933 INFO o.a.j.e.StandardJMeterEngine: Running the test!
2020-07-03 14:50:08,939 INFO o.a.j.s.SampleEvent: List of sample_variables: []
2020-07-03 14:50:08,940 INFO o.a.j.s.SampleEvent: List of sample_variables: []
2020-07-03 14:50:08,952 INFO o.a.j.e.u.CompoundVariable: Note: Function class names must contain the string: '.functions.'
2020-07-03 14:50:08,952 INFO o.a.j.e.u.CompoundVariable: Note: Function class names must not contain the string: '.gui.'
2020-07-03 14:50:09,386 INFO o.a.j.JMeter: Running test (1593777009386)
2020-07-03 14:50:09,415 INFO o.a.j.e.StandardJMeterEngine: Starting ThreadGroup: 1 : ipokemon
2020-07-03 14:50:09,416 INFO o.a.j.e.StandardJMeterEngine: Starting 5 threads for group ipokemon.
2020-07-03 14:50:09,416 INFO o.a.j.e.StandardJMeterEngine: Thread will continue on error
2020-07-03 14:50:09,416 INFO o.a.j.t.ThreadGroup: Starting thread group... number=1 threads=5 ramp-up=0 delayedStart=false
2020-07-03 14:50:09,443 INFO o.a.j.t.JMeterThread: Thread started: ipokemon 1-1
2020-07-03 14:50:09,448 INFO o.a.j.t.JMeterThread: Thread started: ipokemon 1-2
2020-07-03 14:50:09,452 INFO o.a.j.t.JMeterThread: Thread started: ipokemon 1-3
2020-07-03 14:50:09,463 INFO o.a.j.t.ThreadGroup: Started thread group number 1
2020-07-03 14:50:09,463 INFO o.a.j.e.StandardJMeterEngine: All thread groups have been started
2020-07-03 14:50:09,468 INFO o.a.j.t.JMeterThread: Thread started: ipokemon 1-4
2020-07-03 14:50:09,474 INFO o.a.j.t.JMeterThread: Thread started: ipokemon 1-5
2020-07-03 14:50:09,490 INFO o.a.j.p.h.s.HTTPHCAbstractImpl: Local host = farooq-HP-EliteBook-840-G5
2020-07-03 14:50:09,499 INFO o.a.j.p.h.s.HTTPHC4Impl: HTTP request retry count = 0
2020-07-03 14:50:09,501 INFO o.a.j.s.SampleResult: Note: Sample TimeStamps are START times
2020-07-03 14:50:09,502 INFO o.a.j.s.SampleResult: sampleresult.default.encoding is set to UTF-8
2020-07-03 14:50:09,502 INFO o.a.j.s.SampleResult: sampleresult.useNanoTime=true
2020-07-03 14:50:09,502 INFO o.a.j.s.SampleResult: sampleresult.nanoThreadSleep=5000
2020-07-03 14:55:09,418 INFO o.a.j.t.JMeterThread: Stopping because end time detected by thread: ipokemon 1-1
2020-07-03 14:55:09,418 INFO o.a.j.t.JMeterThread: Thread finished: ipokemon 1-1
2020-07-03 14:55:09,427 INFO o.a.j.t.JMeterThread: Stopping because end time detected by thread: ipokemon 1-2
2020-07-03 14:55:09,427 INFO o.a.j.t.JMeterThread: Thread finished: ipokemon 1-2
2020-07-03 14:55:09,437 INFO o.a.j.t.JMeterThread: Stopping because end time detected by thread: ipokemon 1-3
2020-07-03 14:55:09,437 INFO o.a.j.t.JMeterThread: Thread finished: ipokemon 1-3
2020-07-03 14:55:09,443 INFO o.a.j.t.JMeterThread: Stopping because end time detected by thread: ipokemon 1-4
2020-07-03 14:55:09,443 INFO o.a.j.t.JMeterThread: Thread finished: ipokemon 1-4
2020-07-03 14:55:09,458 INFO o.a.j.t.JMeterThread: Stopping because end time detected by thread: ipokemon 1-5
2020-07-03 14:55:09,458 INFO o.a.j.t.JMeterThread: Thread finished: ipokemon 1-5
2020-07-03 14:55:09,459 INFO o.a.j.e.StandardJMeterEngine: Notifying test listeners of end of test
2020-07-03 14:55:09,460 INFO o.a.j.e.StandardJMeterEngine: Forced JVM shutdown requested at end of test
