2020-07-08 12:50:11,355 INFO o.a.j.u.JMeterUtils: Setting Locale to en_US
2020-07-08 12:50:11,376 INFO o.a.j.JMeter: Loading user properties from: user.properties
2020-07-08 12:50:11,376 INFO o.a.j.JMeter: Loading system properties from: system.properties
2020-07-08 12:50:11,376 INFO o.a.j.JMeter: Loading additional properties from: /home/farooq/DeFog/Experiments/DeFog/jmeter/bin/2020-07-08_12-50-06.099052/jmeter-bzt.properties
2020-07-08 12:50:11,378 INFO o.a.j.JMeter: Copyright (c) 1998-2019 The Apache Software Foundation
2020-07-08 12:50:11,378 INFO o.a.j.JMeter: Version 5.2.1
2020-07-08 12:50:11,378 INFO o.a.j.JMeter: java.version=11.0.7
2020-07-08 12:50:11,378 INFO o.a.j.JMeter: java.vm.name=OpenJDK 64-Bit Server VM
2020-07-08 12:50:11,378 INFO o.a.j.JMeter: os.name=Linux
2020-07-08 12:50:11,378 INFO o.a.j.JMeter: os.arch=amd64
2020-07-08 12:50:11,378 INFO o.a.j.JMeter: os.version=5.3.0-28-generic
2020-07-08 12:50:11,378 INFO o.a.j.JMeter: file.encoding=UTF-8
2020-07-08 12:50:11,378 INFO o.a.j.JMeter: java.awt.headless=true
2020-07-08 12:50:11,379 INFO o.a.j.JMeter: Max memory     =4158652416
2020-07-08 12:50:11,379 INFO o.a.j.JMeter: Available Processors =8
2020-07-08 12:50:11,385 INFO o.a.j.JMeter: Default Locale=English (United States)
2020-07-08 12:50:11,385 INFO o.a.j.JMeter: JMeter  Locale=English (United States)
2020-07-08 12:50:11,385 INFO o.a.j.JMeter: JMeterHome=/home/farooq/.bzt/jmeter-taurus/5.2.1
2020-07-08 12:50:11,385 INFO o.a.j.JMeter: user.dir  =/home/farooq/DeFog/Experiments/DeFog/jmeter/bin
2020-07-08 12:50:11,385 INFO o.a.j.JMeter: PWD       =/home/farooq/DeFog/Experiments/DeFog/jmeter/bin
2020-07-08 12:50:11,386 INFO o.a.j.JMeter: IP: 127.0.1.1 Name: farooq-HP-EliteBook-840-G5 FullName: farooq-HP-EliteBook-840-G5
2020-07-08 12:50:11,386 INFO o.a.j.JMeter: user.classpath=/home/farooq/DeFog/Experiments/DeFog/jmeter/bin/2020-07-08_12-50-06.099052:/home/farooq/DeFog/Experiments/DeFog/assets/ipokemon-assets
2020-07-08 12:50:11,386 INFO o.a.j.JMeter: Adding to classpath and loader: /home/farooq/DeFog/Experiments/DeFog/jmeter/bin/2020-07-08_12-50-06.099052
2020-07-08 12:50:11,387 INFO o.a.j.JMeter: Adding to classpath and loader: /home/farooq/DeFog/Experiments/DeFog/assets/ipokemon-assets
2020-07-08 12:50:11,393 INFO o.a.j.s.FileServer: Default base='/home/farooq/DeFog/Experiments/DeFog/jmeter/bin'
2020-07-08 12:50:11,395 INFO o.a.j.s.FileServer: Set new base='/home/farooq/DeFog/Experiments/DeFog/assets/ipokemon-assets'
2020-07-08 12:50:11,505 INFO o.a.j.s.SaveService: Testplan (JMX) version: 2.2. Testlog (JTL) version: 2.2
2020-07-08 12:50:11,517 INFO o.a.j.s.SaveService: Using SaveService properties version 5.0
2020-07-08 12:50:11,521 INFO o.a.j.s.SaveService: Using SaveService properties file encoding UTF-8
2020-07-08 12:50:11,524 INFO o.a.j.s.SaveService: Loading file: /home/farooq/DeFog/Experiments/DeFog/assets/ipokemon-assets/modified_iPokemon.jmx
2020-07-08 12:50:11,575 INFO o.a.j.p.h.s.HTTPSamplerBase: Parser for text/html is org.apache.jmeter.protocol.http.parser.LagartoBasedHtmlParser
2020-07-08 12:50:11,575 INFO o.a.j.p.h.s.HTTPSamplerBase: Parser for application/xhtml+xml is org.apache.jmeter.protocol.http.parser.LagartoBasedHtmlParser
2020-07-08 12:50:11,575 INFO o.a.j.p.h.s.HTTPSamplerBase: Parser for application/xml is org.apache.jmeter.protocol.http.parser.LagartoBasedHtmlParser
2020-07-08 12:50:11,575 INFO o.a.j.p.h.s.HTTPSamplerBase: Parser for text/xml is org.apache.jmeter.protocol.http.parser.LagartoBasedHtmlParser
2020-07-08 12:50:11,575 INFO o.a.j.p.h.s.HTTPSamplerBase: Parser for text/vnd.wap.wml is org.apache.jmeter.protocol.http.parser.RegexpHTMLParser
2020-07-08 12:50:11,575 INFO o.a.j.p.h.s.HTTPSamplerBase: Parser for text/css is org.apache.jmeter.protocol.http.parser.CssParser
2020-07-08 12:50:11,665 INFO o.a.j.e.StandardJMeterEngine: Running the test!
2020-07-08 12:50:11,669 INFO o.a.j.s.SampleEvent: List of sample_variables: []
2020-07-08 12:50:11,669 INFO o.a.j.s.SampleEvent: List of sample_variables: []
2020-07-08 12:50:11,679 INFO o.a.j.e.u.CompoundVariable: Note: Function class names must contain the string: '.functions.'
2020-07-08 12:50:11,679 INFO o.a.j.e.u.CompoundVariable: Note: Function class names must not contain the string: '.gui.'
2020-07-08 12:50:11,957 INFO o.a.j.JMeter: Running test (1594201811957)
2020-07-08 12:50:11,976 INFO o.a.j.e.StandardJMeterEngine: Starting ThreadGroup: 1 : ipokemon
2020-07-08 12:50:11,977 INFO o.a.j.e.StandardJMeterEngine: Starting 10 threads for group ipokemon.
2020-07-08 12:50:11,977 INFO o.a.j.e.StandardJMeterEngine: Thread will continue on error
2020-07-08 12:50:11,977 INFO o.a.j.t.ThreadGroup: Starting thread group... number=1 threads=10 ramp-up=0 delayedStart=false
2020-07-08 12:50:11,997 INFO o.a.j.t.JMeterThread: Thread started: ipokemon 1-2
2020-07-08 12:50:11,997 INFO o.a.j.t.JMeterThread: Thread started: ipokemon 1-1
2020-07-08 12:50:11,999 INFO o.a.j.t.JMeterThread: Thread started: ipokemon 1-3
2020-07-08 12:50:12,007 INFO o.a.j.t.JMeterThread: Thread started: ipokemon 1-4
2020-07-08 12:50:12,015 INFO o.a.j.t.JMeterThread: Thread started: ipokemon 1-5
2020-07-08 12:50:12,021 INFO o.a.j.t.JMeterThread: Thread started: ipokemon 1-6
2020-07-08 12:50:12,025 INFO o.a.j.t.JMeterThread: Thread started: ipokemon 1-7
2020-07-08 12:50:12,028 INFO o.a.j.t.JMeterThread: Thread started: ipokemon 1-8
2020-07-08 12:50:12,029 INFO o.a.j.p.h.s.HTTPHCAbstractImpl: Local host = farooq-HP-EliteBook-840-G5
2020-07-08 12:50:12,030 INFO o.a.j.t.JMeterThread: Thread started: ipokemon 1-9
2020-07-08 12:50:12,032 INFO o.a.j.t.ThreadGroup: Started thread group number 1
2020-07-08 12:50:12,032 INFO o.a.j.e.StandardJMeterEngine: All thread groups have been started
2020-07-08 12:50:12,034 INFO o.a.j.t.JMeterThread: Thread started: ipokemon 1-10
2020-07-08 12:50:12,038 INFO o.a.j.p.h.s.HTTPHC4Impl: HTTP request retry count = 0
2020-07-08 12:50:12,040 INFO o.a.j.s.SampleResult: Note: Sample TimeStamps are START times
2020-07-08 12:50:12,040 INFO o.a.j.s.SampleResult: sampleresult.default.encoding is set to UTF-8
2020-07-08 12:50:12,040 INFO o.a.j.s.SampleResult: sampleresult.useNanoTime=true
2020-07-08 12:50:12,040 INFO o.a.j.s.SampleResult: sampleresult.nanoThreadSleep=5000
2020-07-08 12:51:11,978 INFO o.a.j.t.JMeterThread: Stopping because end time detected by thread: ipokemon 1-1
2020-07-08 12:51:11,978 INFO o.a.j.t.JMeterThread: Thread finished: ipokemon 1-1
2020-07-08 12:51:11,984 INFO o.a.j.t.JMeterThread: Stopping because end time detected by thread: ipokemon 1-2
2020-07-08 12:51:11,984 INFO o.a.j.t.JMeterThread: Thread finished: ipokemon 1-2
2020-07-08 12:51:11,987 INFO o.a.j.t.JMeterThread: Stopping because end time detected by thread: ipokemon 1-3
2020-07-08 12:51:11,988 INFO o.a.j.t.JMeterThread: Thread finished: ipokemon 1-3
2020-07-08 12:51:11,992 INFO o.a.j.t.JMeterThread: Stopping because end time detected by thread: ipokemon 1-4
2020-07-08 12:51:11,993 INFO o.a.j.t.JMeterThread: Thread finished: ipokemon 1-4
2020-07-08 12:51:12,002 INFO o.a.j.t.JMeterThread: Stopping because end time detected by thread: ipokemon 1-5
2020-07-08 12:51:12,002 INFO o.a.j.t.JMeterThread: Thread finished: ipokemon 1-5
2020-07-08 12:51:12,011 INFO o.a.j.t.JMeterThread: Stopping because end time detected by thread: ipokemon 1-6
2020-07-08 12:51:12,011 INFO o.a.j.t.JMeterThread: Thread finished: ipokemon 1-6
2020-07-08 12:51:12,018 INFO o.a.j.t.JMeterThread: Stopping because end time detected by thread: ipokemon 1-7
2020-07-08 12:51:12,018 INFO o.a.j.t.JMeterThread: Thread finished: ipokemon 1-7
2020-07-08 12:51:12,022 INFO o.a.j.t.JMeterThread: Stopping because end time detected by thread: ipokemon 1-8
2020-07-08 12:51:12,022 INFO o.a.j.t.JMeterThread: Thread finished: ipokemon 1-8
2020-07-08 12:51:12,024 INFO o.a.j.t.JMeterThread: Stopping because end time detected by thread: ipokemon 1-9
2020-07-08 12:51:12,025 INFO o.a.j.t.JMeterThread: Thread finished: ipokemon 1-9
2020-07-08 12:51:12,027 INFO o.a.j.t.JMeterThread: Stopping because end time detected by thread: ipokemon 1-10
2020-07-08 12:51:12,028 INFO o.a.j.t.JMeterThread: Thread finished: ipokemon 1-10
2020-07-08 12:51:12,028 INFO o.a.j.e.StandardJMeterEngine: Notifying test listeners of end of test
2020-07-08 12:51:12,031 INFO o.a.j.e.StandardJMeterEngine: Forced JVM shutdown requested at end of test
