2020-07-03 16:05:15,278 INFO o.a.j.u.JMeterUtils: Setting Locale to en_US
2020-07-03 16:05:15,308 INFO o.a.j.JMeter: Loading user properties from: user.properties
2020-07-03 16:05:15,308 INFO o.a.j.JMeter: Loading system properties from: system.properties
2020-07-03 16:05:15,309 INFO o.a.j.JMeter: Loading additional properties from: /home/farooq/DeFog/Experiments/DeFog/jmeter/bin/2020-07-03_16-05-10.599985/jmeter-bzt.properties
2020-07-03 16:05:15,310 INFO o.a.j.JMeter: Copyright (c) 1998-2019 The Apache Software Foundation
2020-07-03 16:05:15,311 INFO o.a.j.JMeter: Version 5.2.1
2020-07-03 16:05:15,311 INFO o.a.j.JMeter: java.version=11.0.7
2020-07-03 16:05:15,311 INFO o.a.j.JMeter: java.vm.name=OpenJDK 64-Bit Server VM
2020-07-03 16:05:15,311 INFO o.a.j.JMeter: os.name=Linux
2020-07-03 16:05:15,311 INFO o.a.j.JMeter: os.arch=amd64
2020-07-03 16:05:15,311 INFO o.a.j.JMeter: os.version=5.3.0-28-generic
2020-07-03 16:05:15,311 INFO o.a.j.JMeter: file.encoding=UTF-8
2020-07-03 16:05:15,312 INFO o.a.j.JMeter: java.awt.headless=true
2020-07-03 16:05:15,312 INFO o.a.j.JMeter: Max memory     =4158652416
2020-07-03 16:05:15,312 INFO o.a.j.JMeter: Available Processors =8
2020-07-03 16:05:15,320 INFO o.a.j.JMeter: Default Locale=English (United States)
2020-07-03 16:05:15,321 INFO o.a.j.JMeter: JMeter  Locale=English (United States)
2020-07-03 16:05:15,321 INFO o.a.j.JMeter: JMeterHome=/home/farooq/.bzt/jmeter-taurus/5.2.1
2020-07-03 16:05:15,321 INFO o.a.j.JMeter: user.dir  =/home/farooq/DeFog/Experiments/DeFog/jmeter/bin
2020-07-03 16:05:15,321 INFO o.a.j.JMeter: PWD       =/home/farooq/DeFog/Experiments/DeFog/jmeter/bin
2020-07-03 16:05:15,322 INFO o.a.j.JMeter: IP: 127.0.1.1 Name: farooq-HP-EliteBook-840-G5 FullName: farooq-HP-EliteBook-840-G5
2020-07-03 16:05:15,322 INFO o.a.j.JMeter: user.classpath=/home/farooq/DeFog/Experiments/DeFog/jmeter/bin/2020-07-03_16-05-10.599985:/home/farooq/DeFog/Experiments/DeFog/assets/ipokemon-assets
2020-07-03 16:05:15,322 INFO o.a.j.JMeter: Adding to classpath and loader: /home/farooq/DeFog/Experiments/DeFog/jmeter/bin/2020-07-03_16-05-10.599985
2020-07-03 16:05:15,323 INFO o.a.j.JMeter: Adding to classpath and loader: /home/farooq/DeFog/Experiments/DeFog/assets/ipokemon-assets
2020-07-03 16:05:15,331 INFO o.a.j.s.FileServer: Default base='/home/farooq/DeFog/Experiments/DeFog/jmeter/bin'
2020-07-03 16:05:15,334 INFO o.a.j.s.FileServer: Set new base='/home/farooq/DeFog/Experiments/DeFog/assets/ipokemon-assets'
2020-07-03 16:05:15,490 INFO o.a.j.s.SaveService: Testplan (JMX) version: 2.2. Testlog (JTL) version: 2.2
2020-07-03 16:05:15,509 INFO o.a.j.s.SaveService: Using SaveService properties version 5.0
2020-07-03 16:05:15,514 INFO o.a.j.s.SaveService: Using SaveService properties file encoding UTF-8
2020-07-03 16:05:15,521 INFO o.a.j.s.SaveService: Loading file: /home/farooq/DeFog/Experiments/DeFog/assets/ipokemon-assets/modified_iPokemon.jmx
2020-07-03 16:05:15,590 INFO o.a.j.p.h.s.HTTPSamplerBase: Parser for text/html is org.apache.jmeter.protocol.http.parser.LagartoBasedHtmlParser
2020-07-03 16:05:15,590 INFO o.a.j.p.h.s.HTTPSamplerBase: Parser for application/xhtml+xml is org.apache.jmeter.protocol.http.parser.LagartoBasedHtmlParser
2020-07-03 16:05:15,590 INFO o.a.j.p.h.s.HTTPSamplerBase: Parser for application/xml is org.apache.jmeter.protocol.http.parser.LagartoBasedHtmlParser
2020-07-03 16:05:15,591 INFO o.a.j.p.h.s.HTTPSamplerBase: Parser for text/xml is org.apache.jmeter.protocol.http.parser.LagartoBasedHtmlParser
2020-07-03 16:05:15,591 INFO o.a.j.p.h.s.HTTPSamplerBase: Parser for text/vnd.wap.wml is org.apache.jmeter.protocol.http.parser.RegexpHTMLParser
2020-07-03 16:05:15,591 INFO o.a.j.p.h.s.HTTPSamplerBase: Parser for text/css is org.apache.jmeter.protocol.http.parser.CssParser
2020-07-03 16:05:15,718 INFO o.a.j.e.StandardJMeterEngine: Running the test!
2020-07-03 16:05:15,723 INFO o.a.j.s.SampleEvent: List of sample_variables: []
2020-07-03 16:05:15,724 INFO o.a.j.s.SampleEvent: List of sample_variables: []
2020-07-03 16:05:15,742 INFO o.a.j.e.u.CompoundVariable: Note: Function class names must contain the string: '.functions.'
2020-07-03 16:05:15,742 INFO o.a.j.e.u.CompoundVariable: Note: Function class names must not contain the string: '.gui.'
2020-07-03 16:05:16,187 INFO o.a.j.JMeter: Running test (1593781516186)
2020-07-03 16:05:16,218 INFO o.a.j.e.StandardJMeterEngine: Starting ThreadGroup: 1 : ipokemon
2020-07-03 16:05:16,218 INFO o.a.j.e.StandardJMeterEngine: Starting 1 threads for group ipokemon.
2020-07-03 16:05:16,219 INFO o.a.j.e.StandardJMeterEngine: Thread will continue on error
2020-07-03 16:05:16,219 INFO o.a.j.t.ThreadGroup: Starting thread group... number=1 threads=1 ramp-up=0 delayedStart=false
2020-07-03 16:05:16,231 INFO o.a.j.t.ThreadGroup: Started thread group number 1
2020-07-03 16:05:16,232 INFO o.a.j.e.StandardJMeterEngine: All thread groups have been started
2020-07-03 16:05:16,244 INFO o.a.j.t.JMeterThread: Thread started: ipokemon 1-1
2020-07-03 16:05:19,549 INFO o.a.j.p.h.s.HTTPHCAbstractImpl: Local host = farooq-HP-EliteBook-840-G5
2020-07-03 16:05:19,557 INFO o.a.j.p.h.s.HTTPHC4Impl: HTTP request retry count = 0
2020-07-03 16:05:19,559 INFO o.a.j.s.SampleResult: Note: Sample TimeStamps are START times
2020-07-03 16:05:19,559 INFO o.a.j.s.SampleResult: sampleresult.default.encoding is set to UTF-8
2020-07-03 16:05:19,559 INFO o.a.j.s.SampleResult: sampleresult.useNanoTime=true
2020-07-03 16:05:19,559 INFO o.a.j.s.SampleResult: sampleresult.nanoThreadSleep=5000
2020-07-03 16:10:16,219 INFO o.a.j.t.JMeterThread: Stopping because end time detected by thread: ipokemon 1-1
2020-07-03 16:10:16,220 INFO o.a.j.t.JMeterThread: Thread finished: ipokemon 1-1
2020-07-03 16:10:16,221 INFO o.a.j.e.StandardJMeterEngine: Notifying test listeners of end of test
2020-07-03 16:10:16,223 INFO o.a.j.e.StandardJMeterEngine: Forced JVM shutdown requested at end of test
