2020-07-03 16:37:38,079 INFO o.a.j.u.JMeterUtils: Setting Locale to en_US
2020-07-03 16:37:38,111 INFO o.a.j.JMeter: Loading user properties from: user.properties
2020-07-03 16:37:38,112 INFO o.a.j.JMeter: Loading system properties from: system.properties
2020-07-03 16:37:38,112 INFO o.a.j.JMeter: Loading additional properties from: /home/farooq/DeFog/Experiments/DeFog/jmeter/bin/2020-07-03_16-37-33.033777/jmeter-bzt.properties
2020-07-03 16:37:38,114 INFO o.a.j.JMeter: Copyright (c) 1998-2019 The Apache Software Foundation
2020-07-03 16:37:38,114 INFO o.a.j.JMeter: Version 5.2.1
2020-07-03 16:37:38,114 INFO o.a.j.JMeter: java.version=11.0.7
2020-07-03 16:37:38,114 INFO o.a.j.JMeter: java.vm.name=OpenJDK 64-Bit Server VM
2020-07-03 16:37:38,115 INFO o.a.j.JMeter: os.name=Linux
2020-07-03 16:37:38,115 INFO o.a.j.JMeter: os.arch=amd64
2020-07-03 16:37:38,115 INFO o.a.j.JMeter: os.version=5.3.0-28-generic
2020-07-03 16:37:38,115 INFO o.a.j.JMeter: file.encoding=UTF-8
2020-07-03 16:37:38,115 INFO o.a.j.JMeter: java.awt.headless=true
2020-07-03 16:37:38,115 INFO o.a.j.JMeter: Max memory     =4158652416
2020-07-03 16:37:38,116 INFO o.a.j.JMeter: Available Processors =8
2020-07-03 16:37:38,124 INFO o.a.j.JMeter: Default Locale=English (United States)
2020-07-03 16:37:38,124 INFO o.a.j.JMeter: JMeter  Locale=English (United States)
2020-07-03 16:37:38,125 INFO o.a.j.JMeter: JMeterHome=/home/farooq/.bzt/jmeter-taurus/5.2.1
2020-07-03 16:37:38,125 INFO o.a.j.JMeter: user.dir  =/home/farooq/DeFog/Experiments/DeFog/jmeter/bin
2020-07-03 16:37:38,125 INFO o.a.j.JMeter: PWD       =/home/farooq/DeFog/Experiments/DeFog/jmeter/bin
2020-07-03 16:37:38,125 INFO o.a.j.JMeter: IP: 127.0.1.1 Name: farooq-HP-EliteBook-840-G5 FullName: farooq-HP-EliteBook-840-G5
2020-07-03 16:37:38,125 INFO o.a.j.JMeter: user.classpath=/home/farooq/DeFog/Experiments/DeFog/jmeter/bin/2020-07-03_16-37-33.033777:/home/farooq/DeFog/Experiments/DeFog/assets/ipokemon-assets
2020-07-03 16:37:38,126 INFO o.a.j.JMeter: Adding to classpath and loader: /home/farooq/DeFog/Experiments/DeFog/jmeter/bin/2020-07-03_16-37-33.033777
2020-07-03 16:37:38,127 INFO o.a.j.JMeter: Adding to classpath and loader: /home/farooq/DeFog/Experiments/DeFog/assets/ipokemon-assets
2020-07-03 16:37:38,135 INFO o.a.j.s.FileServer: Default base='/home/farooq/DeFog/Experiments/DeFog/jmeter/bin'
2020-07-03 16:37:38,137 INFO o.a.j.s.FileServer: Set new base='/home/farooq/DeFog/Experiments/DeFog/assets/ipokemon-assets'
2020-07-03 16:37:38,306 INFO o.a.j.s.SaveService: Testplan (JMX) version: 2.2. Testlog (JTL) version: 2.2
2020-07-03 16:37:38,326 INFO o.a.j.s.SaveService: Using SaveService properties version 5.0
2020-07-03 16:37:38,331 INFO o.a.j.s.SaveService: Using SaveService properties file encoding UTF-8
2020-07-03 16:37:38,338 INFO o.a.j.s.SaveService: Loading file: /home/farooq/DeFog/Experiments/DeFog/assets/ipokemon-assets/modified_iPokemon.jmx
2020-07-03 16:37:38,409 INFO o.a.j.p.h.s.HTTPSamplerBase: Parser for text/html is org.apache.jmeter.protocol.http.parser.LagartoBasedHtmlParser
2020-07-03 16:37:38,410 INFO o.a.j.p.h.s.HTTPSamplerBase: Parser for application/xhtml+xml is org.apache.jmeter.protocol.http.parser.LagartoBasedHtmlParser
2020-07-03 16:37:38,410 INFO o.a.j.p.h.s.HTTPSamplerBase: Parser for application/xml is org.apache.jmeter.protocol.http.parser.LagartoBasedHtmlParser
2020-07-03 16:37:38,410 INFO o.a.j.p.h.s.HTTPSamplerBase: Parser for text/xml is org.apache.jmeter.protocol.http.parser.LagartoBasedHtmlParser
2020-07-03 16:37:38,410 INFO o.a.j.p.h.s.HTTPSamplerBase: Parser for text/vnd.wap.wml is org.apache.jmeter.protocol.http.parser.RegexpHTMLParser
2020-07-03 16:37:38,410 INFO o.a.j.p.h.s.HTTPSamplerBase: Parser for text/css is org.apache.jmeter.protocol.http.parser.CssParser
2020-07-03 16:37:38,538 INFO o.a.j.e.StandardJMeterEngine: Running the test!
2020-07-03 16:37:38,544 INFO o.a.j.s.SampleEvent: List of sample_variables: []
2020-07-03 16:37:38,544 INFO o.a.j.s.SampleEvent: List of sample_variables: []
2020-07-03 16:37:38,556 INFO o.a.j.e.u.CompoundVariable: Note: Function class names must contain the string: '.functions.'
2020-07-03 16:37:38,556 INFO o.a.j.e.u.CompoundVariable: Note: Function class names must not contain the string: '.gui.'
2020-07-03 16:37:38,974 INFO o.a.j.JMeter: Running test (1593783458974)
2020-07-03 16:37:39,002 INFO o.a.j.e.StandardJMeterEngine: Starting ThreadGroup: 1 : ipokemon
2020-07-03 16:37:39,002 INFO o.a.j.e.StandardJMeterEngine: Starting 50 threads for group ipokemon.
2020-07-03 16:37:39,003 INFO o.a.j.e.StandardJMeterEngine: Thread will continue on error
2020-07-03 16:37:39,003 INFO o.a.j.t.ThreadGroup: Starting thread group... number=1 threads=50 ramp-up=0 delayedStart=false
2020-07-03 16:37:39,028 INFO o.a.j.t.JMeterThread: Thread started: ipokemon 1-1
2020-07-03 16:37:39,031 INFO o.a.j.t.JMeterThread: Thread started: ipokemon 1-2
2020-07-03 16:37:39,036 INFO o.a.j.t.JMeterThread: Thread started: ipokemon 1-3
2020-07-03 16:37:39,047 INFO o.a.j.t.JMeterThread: Thread started: ipokemon 1-4
2020-07-03 16:37:39,054 INFO o.a.j.t.JMeterThread: Thread started: ipokemon 1-5
2020-07-03 16:37:39,057 INFO o.a.j.t.JMeterThread: Thread started: ipokemon 1-6
2020-07-03 16:37:39,064 INFO o.a.j.t.JMeterThread: Thread started: ipokemon 1-7
2020-07-03 16:37:39,068 INFO o.a.j.t.JMeterThread: Thread started: ipokemon 1-8
2020-07-03 16:37:39,074 INFO o.a.j.t.JMeterThread: Thread started: ipokemon 1-9
2020-07-03 16:37:39,078 INFO o.a.j.t.JMeterThread: Thread started: ipokemon 1-10
2020-07-03 16:37:39,081 INFO o.a.j.p.h.s.HTTPHCAbstractImpl: Local host = farooq-HP-EliteBook-840-G5
2020-07-03 16:37:39,085 INFO o.a.j.t.JMeterThread: Thread started: ipokemon 1-11
2020-07-03 16:37:39,094 INFO o.a.j.t.JMeterThread: Thread started: ipokemon 1-12
2020-07-03 16:37:39,095 INFO o.a.j.t.JMeterThread: Thread started: ipokemon 1-13
2020-07-03 16:37:39,097 INFO o.a.j.p.h.s.HTTPHC4Impl: HTTP request retry count = 0
2020-07-03 16:37:39,101 INFO o.a.j.s.SampleResult: Note: Sample TimeStamps are START times
2020-07-03 16:37:39,101 INFO o.a.j.s.SampleResult: sampleresult.default.encoding is set to UTF-8
2020-07-03 16:37:39,101 INFO o.a.j.s.SampleResult: sampleresult.useNanoTime=true
2020-07-03 16:37:39,101 INFO o.a.j.s.SampleResult: sampleresult.nanoThreadSleep=5000
2020-07-03 16:37:39,102 INFO o.a.j.t.JMeterThread: Thread started: ipokemon 1-14
2020-07-03 16:37:39,108 INFO o.a.j.t.JMeterThread: Thread started: ipokemon 1-16
2020-07-03 16:37:39,109 INFO o.a.j.t.JMeterThread: Thread started: ipokemon 1-15
2020-07-03 16:37:39,114 INFO o.a.j.t.JMeterThread: Thread started: ipokemon 1-17
2020-07-03 16:37:39,117 INFO o.a.j.t.JMeterThread: Thread started: ipokemon 1-18
2020-07-03 16:37:39,118 INFO o.a.j.t.JMeterThread: Thread started: ipokemon 1-19
2020-07-03 16:37:39,137 INFO o.a.j.t.JMeterThread: Thread started: ipokemon 1-20
2020-07-03 16:37:39,140 INFO o.a.j.t.JMeterThread: Thread started: ipokemon 1-21
2020-07-03 16:37:39,144 INFO o.a.j.t.JMeterThread: Thread started: ipokemon 1-22
2020-07-03 16:37:39,148 INFO o.a.j.t.JMeterThread: Thread started: ipokemon 1-23
2020-07-03 16:37:39,162 INFO o.a.j.t.JMeterThread: Thread started: ipokemon 1-24
2020-07-03 16:37:39,171 INFO o.a.j.t.JMeterThread: Thread started: ipokemon 1-26
2020-07-03 16:37:39,165 INFO o.a.j.t.JMeterThread: Thread started: ipokemon 1-25
2020-07-03 16:37:39,177 INFO o.a.j.t.JMeterThread: Thread started: ipokemon 1-27
2020-07-03 16:37:39,181 INFO o.a.j.t.JMeterThread: Thread started: ipokemon 1-28
2020-07-03 16:37:39,187 INFO o.a.j.t.JMeterThread: Thread started: ipokemon 1-29
2020-07-03 16:37:39,191 INFO o.a.j.t.JMeterThread: Thread started: ipokemon 1-30
2020-07-03 16:37:39,194 INFO o.a.j.t.JMeterThread: Thread started: ipokemon 1-31
2020-07-03 16:37:39,199 INFO o.a.j.t.JMeterThread: Thread started: ipokemon 1-32
2020-07-03 16:37:39,201 INFO o.a.j.t.JMeterThread: Thread started: ipokemon 1-33
2020-07-03 16:37:39,207 INFO o.a.j.t.JMeterThread: Thread started: ipokemon 1-34
2020-07-03 16:37:39,214 INFO o.a.j.t.JMeterThread: Thread started: ipokemon 1-35
2020-07-03 16:37:39,234 INFO o.a.j.t.JMeterThread: Thread started: ipokemon 1-36
2020-07-03 16:37:39,236 INFO o.a.j.t.JMeterThread: Thread started: ipokemon 1-37
2020-07-03 16:37:39,241 INFO o.a.j.t.JMeterThread: Thread started: ipokemon 1-38
2020-07-03 16:37:39,246 INFO o.a.j.t.JMeterThread: Thread started: ipokemon 1-39
2020-07-03 16:37:39,250 INFO o.a.j.t.JMeterThread: Thread started: ipokemon 1-40
2020-07-03 16:37:39,252 INFO o.a.j.t.JMeterThread: Thread started: ipokemon 1-41
2020-07-03 16:37:39,257 INFO o.a.j.t.JMeterThread: Thread started: ipokemon 1-42
2020-07-03 16:37:39,259 INFO o.a.j.t.JMeterThread: Thread started: ipokemon 1-43
2020-07-03 16:37:39,264 INFO o.a.j.t.JMeterThread: Thread started: ipokemon 1-44
2020-07-03 16:37:39,266 INFO o.a.j.t.JMeterThread: Thread started: ipokemon 1-45
2020-07-03 16:37:39,269 INFO o.a.j.t.JMeterThread: Thread started: ipokemon 1-46
2020-07-03 16:37:39,278 INFO o.a.j.t.JMeterThread: Thread started: ipokemon 1-48
2020-07-03 16:37:39,286 INFO o.a.j.t.JMeterThread: Thread started: ipokemon 1-47
2020-07-03 16:37:39,287 INFO o.a.j.t.JMeterThread: Thread started: ipokemon 1-49
2020-07-03 16:37:39,307 INFO o.a.j.t.ThreadGroup: Started thread group number 1
2020-07-03 16:37:39,307 INFO o.a.j.e.StandardJMeterEngine: All thread groups have been started
2020-07-03 16:37:39,312 INFO o.a.j.t.JMeterThread: Thread started: ipokemon 1-50
2020-07-03 16:39:25,523 INFO o.a.j.JMeter: Command: Shutdown received from /127.0.0.1
2020-07-03 16:39:25,529 INFO o.a.j.t.JMeterThread: Stopping: ipokemon 1-41
2020-07-03 16:39:25,530 INFO o.a.j.t.JMeterThread: Stopping: ipokemon 1-1
2020-07-03 16:39:25,530 INFO o.a.j.t.JMeterThread: Stopping: ipokemon 1-4
2020-07-03 16:39:25,530 INFO o.a.j.t.JMeterThread: Stopping: ipokemon 1-5
2020-07-03 16:39:25,530 INFO o.a.j.t.JMeterThread: Stopping: ipokemon 1-12
2020-07-03 16:39:25,530 INFO o.a.j.t.JMeterThread: Stopping: ipokemon 1-48
2020-07-03 16:39:25,530 INFO o.a.j.t.JMeterThread: Stopping: ipokemon 1-33
2020-07-03 16:39:25,530 INFO o.a.j.t.JMeterThread: Stopping: ipokemon 1-13
2020-07-03 16:39:25,531 INFO o.a.j.t.JMeterThread: Stopping: ipokemon 1-21
2020-07-03 16:39:25,531 INFO o.a.j.t.JMeterThread: Stopping: ipokemon 1-45
2020-07-03 16:39:25,531 INFO o.a.j.t.JMeterThread: Stopping: ipokemon 1-40
2020-07-03 16:39:25,531 INFO o.a.j.t.JMeterThread: Stopping: ipokemon 1-42
2020-07-03 16:39:25,531 INFO o.a.j.t.JMeterThread: Stopping: ipokemon 1-6
2020-07-03 16:39:25,531 INFO o.a.j.t.JMeterThread: Stopping: ipokemon 1-27
2020-07-03 16:39:25,531 INFO o.a.j.t.JMeterThread: Stopping: ipokemon 1-46
2020-07-03 16:39:25,531 INFO o.a.j.t.JMeterThread: Stopping: ipokemon 1-39
2020-07-03 16:39:25,531 INFO o.a.j.t.JMeterThread: Stopping: ipokemon 1-10
2020-07-03 16:39:25,531 INFO o.a.j.t.JMeterThread: Stopping: ipokemon 1-3
2020-07-03 16:39:25,532 INFO o.a.j.t.JMeterThread: Stopping: ipokemon 1-38
2020-07-03 16:39:25,532 INFO o.a.j.t.JMeterThread: Stopping: ipokemon 1-24
2020-07-03 16:39:25,532 INFO o.a.j.t.JMeterThread: Stopping: ipokemon 1-34
2020-07-03 16:39:25,532 INFO o.a.j.t.JMeterThread: Stopping: ipokemon 1-25
2020-07-03 16:39:25,532 INFO o.a.j.t.JMeterThread: Stopping: ipokemon 1-32
2020-07-03 16:39:25,532 INFO o.a.j.t.JMeterThread: Stopping: ipokemon 1-16
2020-07-03 16:39:25,532 INFO o.a.j.t.JMeterThread: Stopping: ipokemon 1-28
2020-07-03 16:39:25,532 INFO o.a.j.t.JMeterThread: Stopping: ipokemon 1-37
2020-07-03 16:39:25,532 INFO o.a.j.t.JMeterThread: Stopping: ipokemon 1-50
2020-07-03 16:39:25,532 INFO o.a.j.t.JMeterThread: Stopping: ipokemon 1-18
2020-07-03 16:39:25,533 INFO o.a.j.t.JMeterThread: Stopping: ipokemon 1-47
2020-07-03 16:39:25,533 INFO o.a.j.t.JMeterThread: Stopping: ipokemon 1-23
2020-07-03 16:39:25,533 INFO o.a.j.t.JMeterThread: Stopping: ipokemon 1-8
2020-07-03 16:39:25,533 INFO o.a.j.t.JMeterThread: Stopping: ipokemon 1-2
2020-07-03 16:39:25,533 INFO o.a.j.t.JMeterThread: Stopping: ipokemon 1-20
2020-07-03 16:39:25,533 INFO o.a.j.t.JMeterThread: Stopping: ipokemon 1-22
2020-07-03 16:39:25,533 INFO o.a.j.t.JMeterThread: Stopping: ipokemon 1-31
2020-07-03 16:39:25,533 INFO o.a.j.t.JMeterThread: Stopping: ipokemon 1-35
2020-07-03 16:39:25,534 INFO o.a.j.t.JMeterThread: Stopping: ipokemon 1-29
2020-07-03 16:39:25,534 INFO o.a.j.t.JMeterThread: Stopping: ipokemon 1-7
2020-07-03 16:39:25,534 INFO o.a.j.t.JMeterThread: Stopping: ipokemon 1-17
2020-07-03 16:39:25,534 INFO o.a.j.t.JMeterThread: Stopping: ipokemon 1-14
2020-07-03 16:39:25,534 INFO o.a.j.t.JMeterThread: Stopping: ipokemon 1-19
2020-07-03 16:39:25,534 INFO o.a.j.t.JMeterThread: Stopping: ipokemon 1-15
2020-07-03 16:39:25,534 INFO o.a.j.t.JMeterThread: Stopping: ipokemon 1-43
2020-07-03 16:39:25,534 INFO o.a.j.t.JMeterThread: Stopping: ipokemon 1-9
2020-07-03 16:39:25,534 INFO o.a.j.t.JMeterThread: Stopping: ipokemon 1-11
2020-07-03 16:39:25,534 INFO o.a.j.t.JMeterThread: Stopping: ipokemon 1-26
2020-07-03 16:39:25,534 INFO o.a.j.t.JMeterThread: Stopping: ipokemon 1-36
2020-07-03 16:39:25,534 INFO o.a.j.t.JMeterThread: Stopping: ipokemon 1-49
2020-07-03 16:39:25,534 INFO o.a.j.t.JMeterThread: Stopping: ipokemon 1-44
2020-07-03 16:39:25,534 INFO o.a.j.t.JMeterThread: Stopping: ipokemon 1-30
2020-07-03 16:39:25,773 INFO o.a.j.t.JMeterThread: Thread finished: ipokemon 1-14
2020-07-03 16:39:25,933 INFO o.a.j.t.JMeterThread: Thread finished: ipokemon 1-15
2020-07-03 16:39:25,960 INFO o.a.j.t.JMeterThread: Thread finished: ipokemon 1-43
2020-07-03 16:39:26,030 INFO o.a.j.t.JMeterThread: Thread finished: ipokemon 1-24
2020-07-03 16:39:26,153 INFO o.a.j.t.JMeterThread: Thread finished: ipokemon 1-37
2020-07-03 16:39:26,435 INFO o.a.j.t.JMeterThread: Thread finished: ipokemon 1-5
2020-07-03 16:39:26,643 INFO o.a.j.t.JMeterThread: Thread finished: ipokemon 1-36
2020-07-03 16:39:27,109 INFO o.a.j.t.JMeterThread: Thread finished: ipokemon 1-49
2020-07-03 16:39:27,488 INFO o.a.j.t.JMeterThread: Thread finished: ipokemon 1-9
2020-07-03 16:39:27,729 INFO o.a.j.t.JMeterThread: Thread finished: ipokemon 1-11
2020-07-03 16:39:28,239 INFO o.a.j.t.JMeterThread: Thread finished: ipokemon 1-38
2020-07-03 16:39:28,593 INFO o.a.j.t.JMeterThread: Thread finished: ipokemon 1-6
2020-07-03 16:39:28,766 INFO o.a.j.t.JMeterThread: Thread finished: ipokemon 1-7
2020-07-03 16:39:29,120 INFO o.a.j.t.JMeterThread: Thread finished: ipokemon 1-41
2020-07-03 16:39:29,481 INFO o.a.j.t.JMeterThread: Thread finished: ipokemon 1-2
2020-07-03 16:39:30,292 INFO o.a.j.t.JMeterThread: Thread finished: ipokemon 1-27
2020-07-03 16:39:30,539 INFO o.a.j.JMeter: Command: StopTestNow received from /127.0.0.1
2020-07-03 16:39:30,540 INFO o.a.j.t.JMeterThread: Stopping: ipokemon 1-1
2020-07-03 16:39:30,540 WARN o.a.j.t.JMeterThread: Interrupting: ipokemon 1-1 sampler: ThinkTime
2020-07-03 16:39:30,540 INFO o.a.j.t.JMeterThread: Stopping: ipokemon 1-4
2020-07-03 16:39:30,540 WARN o.a.j.t.JMeterThread: Interrupting: ipokemon 1-4 sampler: ThinkTime
2020-07-03 16:39:30,540 INFO o.a.j.t.JMeterThread: Stopping: ipokemon 1-12
2020-07-03 16:39:30,540 WARN o.a.j.t.JMeterThread: Interrupting: ipokemon 1-12 sampler: ThinkTime
2020-07-03 16:39:30,540 INFO o.a.j.t.JMeterThread: Thread finished: ipokemon 1-1
2020-07-03 16:39:30,540 INFO o.a.j.t.JMeterThread: Thread finished: ipokemon 1-4
2020-07-03 16:39:30,541 INFO o.a.j.t.JMeterThread: Stopping: ipokemon 1-48
2020-07-03 16:39:30,541 WARN o.a.j.t.JMeterThread: Interrupting: ipokemon 1-48 sampler: ThinkTime
2020-07-03 16:39:30,541 INFO o.a.j.t.JMeterThread: Thread finished: ipokemon 1-12
2020-07-03 16:39:30,542 INFO o.a.j.t.JMeterThread: Stopping: ipokemon 1-33
2020-07-03 16:39:30,542 INFO o.a.j.t.JMeterThread: Thread finished: ipokemon 1-48
2020-07-03 16:39:30,542 WARN o.a.j.t.JMeterThread: Interrupting: ipokemon 1-33 sampler: ThinkTime
2020-07-03 16:39:30,542 INFO o.a.j.t.JMeterThread: Stopping: ipokemon 1-13
2020-07-03 16:39:30,542 INFO o.a.j.t.JMeterThread: Thread finished: ipokemon 1-33
2020-07-03 16:39:30,542 WARN o.a.j.t.JMeterThread: Interrupting: ipokemon 1-13 sampler: ThinkTime
2020-07-03 16:39:30,542 INFO o.a.j.t.JMeterThread: Stopping: ipokemon 1-21
2020-07-03 16:39:30,542 INFO o.a.j.t.JMeterThread: Thread finished: ipokemon 1-13
2020-07-03 16:39:30,542 WARN o.a.j.t.JMeterThread: Interrupting: ipokemon 1-21 sampler: ThinkTime
2020-07-03 16:39:30,542 INFO o.a.j.t.JMeterThread: Stopping: ipokemon 1-45
2020-07-03 16:39:30,543 INFO o.a.j.t.JMeterThread: Thread finished: ipokemon 1-21
2020-07-03 16:39:30,543 WARN o.a.j.t.JMeterThread: Interrupting: ipokemon 1-45 sampler: ThinkTime
2020-07-03 16:39:30,543 INFO o.a.j.t.JMeterThread: Stopping: ipokemon 1-40
2020-07-03 16:39:30,543 WARN o.a.j.t.JMeterThread: Interrupting: ipokemon 1-40 sampler: ThinkTime
2020-07-03 16:39:30,543 INFO o.a.j.t.JMeterThread: Thread finished: ipokemon 1-45
2020-07-03 16:39:30,543 INFO o.a.j.t.JMeterThread: Stopping: ipokemon 1-42
2020-07-03 16:39:30,543 INFO o.a.j.t.JMeterThread: Thread finished: ipokemon 1-40
2020-07-03 16:39:30,543 WARN o.a.j.t.JMeterThread: Interrupting: ipokemon 1-42 sampler: ThinkTime
2020-07-03 16:39:30,543 INFO o.a.j.t.JMeterThread: Stopping: ipokemon 1-46
2020-07-03 16:39:30,543 INFO o.a.j.t.JMeterThread: Thread finished: ipokemon 1-42
2020-07-03 16:39:30,543 WARN o.a.j.t.JMeterThread: Interrupting: ipokemon 1-46 sampler: ThinkTime
2020-07-03 16:39:30,543 INFO o.a.j.t.JMeterThread: Stopping: ipokemon 1-39
2020-07-03 16:39:30,544 WARN o.a.j.t.JMeterThread: Interrupting: ipokemon 1-39 sampler: ThinkTime
2020-07-03 16:39:30,544 INFO o.a.j.t.JMeterThread: Thread finished: ipokemon 1-46
2020-07-03 16:39:30,544 INFO o.a.j.t.JMeterThread: Stopping: ipokemon 1-10
2020-07-03 16:39:30,544 INFO o.a.j.t.JMeterThread: Thread finished: ipokemon 1-39
2020-07-03 16:39:30,544 WARN o.a.j.t.JMeterThread: Interrupting: ipokemon 1-10 sampler: ThinkTime
2020-07-03 16:39:30,544 INFO o.a.j.t.JMeterThread: Stopping: ipokemon 1-3
2020-07-03 16:39:30,544 INFO o.a.j.t.JMeterThread: Thread finished: ipokemon 1-10
2020-07-03 16:39:30,544 WARN o.a.j.t.JMeterThread: Interrupting: ipokemon 1-3 sampler: ThinkTime
2020-07-03 16:39:30,544 INFO o.a.j.t.JMeterThread: Stopping: ipokemon 1-34
2020-07-03 16:39:30,544 WARN o.a.j.t.JMeterThread: Interrupting: ipokemon 1-34 sampler: ThinkTime
2020-07-03 16:39:30,544 INFO o.a.j.t.JMeterThread: Thread finished: ipokemon 1-3
2020-07-03 16:39:30,544 INFO o.a.j.t.JMeterThread: Stopping: ipokemon 1-25
2020-07-03 16:39:30,544 INFO o.a.j.t.JMeterThread: Thread finished: ipokemon 1-34
2020-07-03 16:39:30,544 WARN o.a.j.t.JMeterThread: Interrupting: ipokemon 1-25 sampler: ThinkTime
2020-07-03 16:39:30,545 INFO o.a.j.t.JMeterThread: Stopping: ipokemon 1-32
2020-07-03 16:39:30,545 INFO o.a.j.t.JMeterThread: Thread finished: ipokemon 1-25
2020-07-03 16:39:30,545 WARN o.a.j.t.JMeterThread: Interrupting: ipokemon 1-32 sampler: ThinkTime
2020-07-03 16:39:30,545 INFO o.a.j.t.JMeterThread: Stopping: ipokemon 1-16
2020-07-03 16:39:30,545 INFO o.a.j.t.JMeterThread: Thread finished: ipokemon 1-32
2020-07-03 16:39:30,545 WARN o.a.j.t.JMeterThread: Interrupting: ipokemon 1-16 sampler: ThinkTime
2020-07-03 16:39:30,545 INFO o.a.j.t.JMeterThread: Stopping: ipokemon 1-28
2020-07-03 16:39:30,545 INFO o.a.j.t.JMeterThread: Thread finished: ipokemon 1-16
2020-07-03 16:39:30,545 WARN o.a.j.t.JMeterThread: Interrupting: ipokemon 1-28 sampler: ThinkTime
2020-07-03 16:39:30,545 INFO o.a.j.t.JMeterThread: Stopping: ipokemon 1-50
2020-07-03 16:39:30,545 INFO o.a.j.t.JMeterThread: Thread finished: ipokemon 1-28
2020-07-03 16:39:30,545 WARN o.a.j.t.JMeterThread: Interrupting: ipokemon 1-50 sampler: ThinkTime
2020-07-03 16:39:30,546 INFO o.a.j.t.JMeterThread: Stopping: ipokemon 1-18
2020-07-03 16:39:30,546 INFO o.a.j.t.JMeterThread: Thread finished: ipokemon 1-50
2020-07-03 16:39:30,546 WARN o.a.j.t.JMeterThread: Interrupting: ipokemon 1-18 sampler: ThinkTime
2020-07-03 16:39:30,546 INFO o.a.j.t.JMeterThread: Stopping: ipokemon 1-47
2020-07-03 16:39:30,546 INFO o.a.j.t.JMeterThread: Thread finished: ipokemon 1-18
2020-07-03 16:39:30,546 WARN o.a.j.t.JMeterThread: Interrupting: ipokemon 1-47 sampler: ThinkTime
2020-07-03 16:39:30,546 INFO o.a.j.t.JMeterThread: Stopping: ipokemon 1-23
2020-07-03 16:39:30,546 INFO o.a.j.t.JMeterThread: Thread finished: ipokemon 1-47
2020-07-03 16:39:30,546 WARN o.a.j.t.JMeterThread: Interrupting: ipokemon 1-23 sampler: ThinkTime
2020-07-03 16:39:30,546 INFO o.a.j.t.JMeterThread: Stopping: ipokemon 1-8
2020-07-03 16:39:30,546 WARN o.a.j.t.JMeterThread: Interrupting: ipokemon 1-8 sampler: ThinkTime
2020-07-03 16:39:30,546 INFO o.a.j.t.JMeterThread: Thread finished: ipokemon 1-23
2020-07-03 16:39:30,547 INFO o.a.j.t.JMeterThread: Stopping: ipokemon 1-20
2020-07-03 16:39:30,547 INFO o.a.j.t.JMeterThread: Thread finished: ipokemon 1-8
2020-07-03 16:39:30,547 WARN o.a.j.t.JMeterThread: Interrupting: ipokemon 1-20 sampler: ThinkTime
2020-07-03 16:39:30,547 INFO o.a.j.t.JMeterThread: Stopping: ipokemon 1-22
2020-07-03 16:39:30,547 INFO o.a.j.t.JMeterThread: Thread finished: ipokemon 1-20
2020-07-03 16:39:30,547 WARN o.a.j.t.JMeterThread: Interrupting: ipokemon 1-22 sampler: ThinkTime
2020-07-03 16:39:30,547 INFO o.a.j.t.JMeterThread: Stopping: ipokemon 1-31
2020-07-03 16:39:30,547 INFO o.a.j.t.JMeterThread: Thread finished: ipokemon 1-22
2020-07-03 16:39:30,547 WARN o.a.j.t.JMeterThread: Interrupting: ipokemon 1-31 sampler: ThinkTime
2020-07-03 16:39:30,548 INFO o.a.j.t.JMeterThread: Stopping: ipokemon 1-35
2020-07-03 16:39:30,548 INFO o.a.j.t.JMeterThread: Thread finished: ipokemon 1-31
2020-07-03 16:39:30,548 WARN o.a.j.t.JMeterThread: Interrupting: ipokemon 1-35 sampler: ThinkTime
2020-07-03 16:39:30,548 INFO o.a.j.t.JMeterThread: Stopping: ipokemon 1-29
2020-07-03 16:39:30,548 INFO o.a.j.t.JMeterThread: Thread finished: ipokemon 1-35
2020-07-03 16:39:30,548 WARN o.a.j.t.JMeterThread: Interrupting: ipokemon 1-29 sampler: ThinkTime
2020-07-03 16:39:30,549 INFO o.a.j.t.JMeterThread: Stopping: ipokemon 1-17
2020-07-03 16:39:30,549 INFO o.a.j.t.JMeterThread: Thread finished: ipokemon 1-29
2020-07-03 16:39:30,549 WARN o.a.j.t.JMeterThread: Interrupting: ipokemon 1-17 sampler: ThinkTime
2020-07-03 16:39:30,549 INFO o.a.j.t.JMeterThread: Stopping: ipokemon 1-19
2020-07-03 16:39:30,549 INFO o.a.j.t.JMeterThread: Thread finished: ipokemon 1-17
2020-07-03 16:39:30,549 WARN o.a.j.t.JMeterThread: Interrupting: ipokemon 1-19 sampler: ThinkTime
2020-07-03 16:39:30,549 INFO o.a.j.t.JMeterThread: Stopping: ipokemon 1-26
2020-07-03 16:39:30,549 INFO o.a.j.t.JMeterThread: Thread finished: ipokemon 1-19
2020-07-03 16:39:30,549 WARN o.a.j.t.JMeterThread: Interrupting: ipokemon 1-26 sampler: ThinkTime
2020-07-03 16:39:30,550 INFO o.a.j.t.JMeterThread: Stopping: ipokemon 1-44
2020-07-03 16:39:30,550 WARN o.a.j.t.JMeterThread: Interrupting: ipokemon 1-44 sampler: ThinkTime
2020-07-03 16:39:30,550 INFO o.a.j.t.JMeterThread: Stopping: ipokemon 1-30
2020-07-03 16:39:30,550 INFO o.a.j.t.JMeterThread: Thread finished: ipokemon 1-26
2020-07-03 16:39:30,550 INFO o.a.j.t.JMeterThread: Thread finished: ipokemon 1-44
2020-07-03 16:39:30,550 WARN o.a.j.t.JMeterThread: Interrupting: ipokemon 1-30 sampler: ThinkTime
2020-07-03 16:39:30,550 INFO o.a.j.t.JMeterThread: Thread finished: ipokemon 1-30
2020-07-03 16:39:30,551 INFO o.a.j.e.StandardJMeterEngine: Notifying test listeners of end of test
2020-07-03 16:39:30,552 INFO o.a.j.e.StandardJMeterEngine: Forced JVM shutdown requested at end of test
